[16:07:42.475] Created Window
[16:07:42.517] Setup Shaders
[16:07:43.161] Setup Player
[16:07:43.431] Setup Scene Graph
[16:07:43.444] Entering Render Loop
[16:07:43.501] Vector3f[-67.5, 5.0, 0.0]
[16:07:43.502] Vector3f[-67.5, 4.99, 0.0]
[16:07:43.503] Vector3f[-67.5, 4.97, 0.0]
[16:07:43.503] Vector3f[-67.5, 4.9399996, 0.0]
[16:07:43.511] Vector3f[-67.5, 4.8999996, 0.0]
[16:07:43.529] Vector3f[-67.5, 4.8499994, 0.0]
[16:07:43.545] Vector3f[-67.5, 4.7899995, 0.0]
[16:07:43.562] Vector3f[-67.5, 4.7199993, 0.0]
[16:07:43.579] Vector3f[-67.5, 4.6399994, 0.0]
[16:07:43.596] Vector3f[-67.5, 4.549999, 0.0]
[16:07:43.613] Vector3f[-67.5, 4.4499993, 0.0]
[16:07:43.630] Vector3f[-67.5, 4.339999, 0.0]
[16:07:43.726] Vector3f[-67.5, 4.2199993, 0.0]
[16:07:43.726] Vector3f[-67.5, 4.089999, 0.0]
[16:07:43.727] Vector3f[-67.5, 3.949999, 0.0]
[16:07:43.727] Vector3f[-67.5, 3.799999, 0.0]
[16:07:43.728] Vector3f[-67.5, 3.639999, 0.0]
[16:07:43.731] Vector3f[-67.5, 3.4699988, 0.0]
[16:07:43.748] Vector3f[-67.5, 3.2899988, 0.0]
[16:07:43.765] Vector3f[-67.5, 3.0999987, 0.0]
[16:07:43.784] Vector3f[-67.5, 2.8999987, 0.0]
[16:07:43.800] Vector3f[-67.5, 2.6899986, 0.0]
[16:07:43.818] Vector3f[-67.5, 2.4699986, 0.0]
[16:07:43.835] Vector3f[-67.5, 2.2399986, 0.0]
[16:07:43.851] Vector3f[-67.5, 1.9999986, 0.0]
[16:07:43.868] Vector3f[-67.5, 1.7499986, 0.0]
[16:07:43.884] Vector3f[-67.5, 1.4899986, 0.0]
[16:07:43.902] Vector3f[-67.5, 1.2199986, 0.0]
[16:07:43.919] Vector3f[-67.5, 0.93999857, 0.0]
[16:07:43.936] Vector3f[-67.5, 0.64999855, 0.0]
[16:07:43.953] Vector3f[-67.5, 0.34999853, 0.0]
[16:07:43.970] Vector3f[-67.5, 0.03999853, 0.0]
[16:07:43.987] Vector3f[-67.5, -0.28000146, 0.0]
[16:07:44.004] Vector3f[-67.5, -0.61000144, 0.0]
[16:07:44.022] Vector3f[-67.5, -0.9500014, 0.0]
[16:07:44.038] Vector3f[-67.5, -1.3000014, 0.0]
[16:07:44.056] Vector3f[-67.5, -1.6600013, 0.0]
[16:07:44.072] Vector3f[-67.5, -2.0300012, 0.0]
[16:07:44.089] Vector3f[-67.5, -2.410001, 0.0]
[16:07:44.107] Vector3f[-67.5, -2.800001, 0.0]
[16:07:44.123] Vector3f[-67.5, -3.2000008, 0.0]
[16:07:44.140] Vector3f[-67.5, -3.6100006, 0.0]
[16:07:44.157] Vector3f[-67.5, -4.0300007, 0.0]
[16:07:44.175] Vector3f[-67.5, -4.4600005, 0.0]
[16:07:44.190] Vector3f[-67.5, -4.9000006, 0.0]
[16:07:44.208] Vector3f[-67.5, -5.3500004, 0.0]
[16:07:44.225] Vector3f[-67.5, -5.8100004, 0.0]
[16:07:44.241] Vector3f[-67.5, -6.28, 0.0]
[16:07:44.259] Vector3f[-67.5, -6.76, 0.0]
[16:07:44.275] Vector3f[-67.5, -7.25, 0.0]
[16:07:44.293] Vector3f[-67.5, -7.75, 0.0]
[16:07:44.309] Vector3f[-67.5, -8.26, 0.0]
[16:07:44.326] Vector3f[-67.5, -8.78, 0.0]
[16:07:44.343] Vector3f[-67.5, -9.309999, 0.0]
[16:07:44.360] Vector3f[-67.5, -9.849999, 0.0]
[16:07:44.377] Vector3f[-67.5, -10.4, 0.0]
[16:07:44.394] Vector3f[-67.5, -10.959999, 0.0]
[16:07:44.411] Vector3f[-67.5, -11.529999, 0.0]
[16:07:44.428] Vector3f[-67.5, -12.109999, 0.0]
[16:07:44.445] Vector3f[-67.5, -12.699999, 0.0]
[16:07:44.462] Vector3f[-67.5, -13.299998, 0.0]
[16:07:44.479] Vector3f[-67.5, -13.909998, 0.0]
[16:07:44.496] Vector3f[-67.5, -14.529998, 0.0]
[16:07:44.513] Vector3f[-67.5, -15.159998, 0.0]
[16:07:44.530] Vector3f[-67.5, -15.799997, 0.0]
[16:07:44.548] Vector3f[-67.5, -16.449997, 0.0]
[16:07:44.564] Vector3f[-67.5, -17.109997, 0.0]
[16:07:44.581] Vector3f[-67.5, -17.779997, 0.0]
[16:07:44.598] Vector3f[-67.5, -18.459997, 0.0]
[16:07:44.615] Vector3f[-67.5, -19.149998, 0.0]
[16:07:44.632] Vector3f[-67.5, -19.849997, 0.0]
[16:07:44.649] Vector3f[-67.5, -20.559996, 0.0]
[16:07:44.668] Vector3f[-67.5, -21.279995, 0.0]
[16:07:44.683] Vector3f[-67.5, -22.009995, 0.0]
[16:07:44.700] Vector3f[-67.5, -22.749994, 0.0]
[16:07:44.717] Vector3f[-67.5, -23.499994, 0.0]
[16:07:44.735] Vector3f[-67.5, -24.259995, 0.0]
[16:07:44.751] Vector3f[-67.5, -25.029995, 0.0]
[16:07:44.768] Vector3f[-67.5, -25.809994, 0.0]
[16:07:44.785] Vector3f[-67.5, -26.599993, 0.0]
[16:07:44.802] Vector3f[-67.5, -27.399992, 0.0]
[16:07:44.820] Vector3f[-67.5, -28.209991, 0.0]
[16:07:44.836] Vector3f[-67.5, -29.029991, 0.0]
[16:07:44.853] Vector3f[-67.5, -29.859991, 0.0]
[16:07:44.874] Vector3f[-67.5, -30.699991, 0.0]
[16:07:44.888] Vector3f[-67.5, -31.549992, 0.0]
[16:07:44.905] Vector3f[-67.5, -32.409992, 0.0]
[16:07:44.922] Vector3f[-67.5, -33.27999, 0.0]
[16:07:44.939] Vector3f[-67.5, -34.159992, 0.0]
[16:07:44.956] Vector3f[-67.5, -35.04999, 0.0]
[16:07:44.973] Vector3f[-67.5, -35.94999, 0.0]
[16:07:44.990] Vector3f[-67.5, -36.85999, 0.0]
[16:07:45.007] Vector3f[-67.5, -37.779987, 0.0]
[16:07:45.024] Vector3f[-67.5, -38.709988, 0.0]
[16:07:45.042] Vector3f[-67.5, -39.649986, 0.0]
[16:07:45.058] Vector3f[-67.5, -40.599987, 0.0]
[16:07:45.076] Vector3f[-67.5, -41.559986, 0.0]
[16:07:45.092] Vector3f[-67.5, -42.529987, 0.0]
[16:07:45.109] Vector3f[-67.5, -43.509987, 0.0]
[16:07:45.126] Vector3f[-67.5, -44.499985, 0.0]
[16:07:45.143] Vector3f[-67.5, -45.499985, 0.0]
[16:07:45.160] Vector3f[-67.5, -46.509983, 0.0]
[16:07:45.177] Vector3f[-67.5, -47.529984, 0.0]
[16:07:45.195] Vector3f[-67.5, -48.559982, 0.0]
[16:07:45.212] Vector3f[-67.5, -49.599983, 0.0]
[16:07:45.228] Vector3f[-67.5, -50.649982, 0.0]
[16:07:45.245] Vector3f[-67.5, -51.70998, 0.0]
[16:07:45.262] Vector3f[-67.5, -52.77998, 0.0]
[16:07:45.279] Vector3f[-67.5, -53.859978, 0.0]
[16:07:45.296] Vector3f[-67.5, -54.949978, 0.0]
[16:07:45.313] Vector3f[-67.5, -56.049976, 0.0]
[16:07:45.330] Vector3f[-67.5, -57.159977, 0.0]
[16:07:45.347] Vector3f[-67.5, -58.279976, 0.0]
[16:07:45.364] Vector3f[-67.5, -59.409977, 0.0]
[16:07:45.381] Vector3f[-67.5, -60.549976, 0.0]
[16:07:45.398] Vector3f[-67.5, -61.699974, 0.0]
[16:07:45.415] Vector3f[-67.5, -62.859974, 0.0]
[16:07:45.432] Vector3f[-67.5, -64.029976, 0.0]
[16:07:45.449] Vector3f[-67.5, -65.20998, 0.0]
[16:07:45.466] Vector3f[-67.5, -66.39998, 0.0]
[16:07:45.483] Vector3f[-67.5, -67.599976, 0.0]
[16:07:45.501] Vector3f[-67.5, -68.809975, 0.0]
[16:07:45.518] Vector3f[-67.5, -70.029976, 0.0]
[16:07:45.534] Vector3f[-67.5, -71.25997, 0.0]
[16:07:45.551] Vector3f[-67.5, -72.49997, 0.0]
[16:07:45.568] Vector3f[-67.5, -73.74997, 0.0]
[16:07:45.586] Vector3f[-67.5, -75.00997, 0.0]
[16:07:45.603] Vector3f[-67.5, -76.27997, 0.0]
[16:07:45.619] Vector3f[-67.5, -77.55997, 0.0]
[16:07:45.636] Vector3f[-67.5, -78.84997, 0.0]
[16:07:45.652] Vector3f[-67.5, -80.14996, 0.0]
[16:07:45.669] Vector3f[-67.5, -81.45996, 0.0]
[16:07:45.686] Vector3f[-67.5, -82.77996, 0.0]
[16:07:45.703] Vector3f[-67.5, -84.10996, 0.0]
[16:07:45.720] Vector3f[-67.5, -85.44996, 0.0]
[16:07:45.737] Vector3f[-67.5, -86.79996, 0.0]
[16:07:45.754] Vector3f[-67.5, -88.15996, 0.0]
[16:07:45.771] Vector3f[-67.5, -89.52996, 0.0]
[16:07:45.788] Vector3f[-67.5, -90.90996, 0.0]
[16:07:45.805] Vector3f[-67.5, -92.29996, 0.0]
[16:07:45.823] Vector3f[-67.5, -93.69996, 0.0]
[16:07:45.839] Vector3f[-67.5, -95.109955, 0.0]
[16:07:45.856] Vector3f[-67.5, -96.52995, 0.0]
[16:07:45.875] Vector3f[-67.5, -97.95995, 0.0]
[16:07:45.890] Vector3f[-67.5, -99.399956, 0.0]
[16:07:45.907] Vector3f[-67.5, -100.84995, 0.0]
[16:07:45.928] Vector3f[-67.5, -102.30995, 0.0]
[16:07:45.941] Vector3f[-67.5, -103.77995, 0.0]
[16:07:45.958] Vector3f[-67.5, -105.25995, 0.0]
[16:07:45.975] Vector3f[-67.5, -106.74995, 0.0]
[16:07:45.992] Vector3f[-67.5, -108.24995, 0.0]
[16:07:46.009] Vector3f[-67.5, -109.75995, 0.0]
[16:07:46.026] Vector3f[-67.5, -111.279945, 0.0]
[16:07:46.043] Vector3f[-67.5, -112.809944, 0.0]
[16:07:46.061] Vector3f[-67.5, -114.349945, 0.0]
[16:07:46.078] Vector3f[-67.5, -115.89994, 0.0]
[16:07:46.096] Vector3f[-67.5, -117.45994, 0.0]
[16:07:46.112] Vector3f[-67.5, -119.02994, 0.0]
[16:07:46.129] Vector3f[-67.5, -120.60994, 0.0]
[16:07:46.147] Vector3f[-67.5, -122.199936, 0.0]
[16:07:46.163] Vector3f[-67.5, -123.799934, 0.0]
[16:07:46.180] Vector3f[-67.5, -125.409935, 0.0]
[16:07:46.197] Vector3f[-67.5, -127.02993, 0.0]
[16:07:46.214] Vector3f[-67.5, -128.65993, 0.0]
[16:07:46.230] Vector3f[-67.5, -130.29993, 0.0]
[16:07:46.247] Vector3f[-67.5, -131.94992, 0.0]
[16:07:46.265] Vector3f[-67.5, -133.60992, 0.0]
[16:07:46.282] Vector3f[-67.5, -135.27992, 0.0]
[16:07:46.300] Vector3f[-67.5, -136.95992, 0.0]
[16:07:46.316] Vector3f[-67.5, -138.64992, 0.0]
[16:07:46.333] Vector3f[-67.5, -140.34991, 0.0]
[16:07:46.350] Vector3f[-67.5, -142.0599, 0.0]
[16:07:46.367] Vector3f[-67.5, -143.7799, 0.0]
[16:07:46.384] Vector3f[-67.5, -145.5099, 0.0]
[16:07:46.401] Vector3f[-67.5, -147.24991, 0.0]
[16:07:46.418] Vector3f[-67.5, -148.99991, 0.0]
[16:07:46.435] Vector3f[-67.5, -150.7599, 0.0]
[16:07:46.452] Vector3f[-67.5, -152.5299, 0.0]
[16:07:46.469] Vector3f[-67.5, -154.3099, 0.0]
[16:07:46.486] Vector3f[-67.5, -156.0999, 0.0]
[16:07:46.502] Vector3f[-67.5, -157.8999, 0.0]
[16:07:46.519] Vector3f[-67.5, -159.7099, 0.0]
[16:07:46.536] Vector3f[-67.5, -161.52989, 0.0]
[16:07:46.553] Vector3f[-67.5, -163.3599, 0.0]
[16:07:46.570] Vector3f[-67.5, -165.19989, 0.0]
[16:07:46.587] Vector3f[-67.5, -167.0499, 0.0]
