[16:03:37.331] Created Window
[16:03:37.355] Setup Shaders
[16:03:37.941] Setup Player
[16:03:38.200] Setup Scene Graph
[16:03:38.222] Vector3f[-67.5, 5.0, 0.0]
[16:03:38.230] Entering Render Loop
[16:03:38.237] Vector3f[-67.5, 4.9, 0.0]
[16:03:38.257] Vector3f[-67.5, 4.8, 0.0]
[16:03:38.271] Vector3f[-67.5, 4.7000003, 0.0]
[16:03:38.287] Vector3f[-67.5, 4.6000004, 0.0]
[16:03:38.305] Vector3f[-67.5, 4.5000005, 0.0]
[16:03:38.322] Vector3f[-67.5, 4.4000006, 0.0]
[16:03:38.338] Vector3f[-67.5, 4.3000007, 0.0]
[16:03:38.358] Vector3f[-67.5, 4.200001, 0.0]
[16:03:38.392] Vector3f[-67.5, 4.100001, 0.0]
[16:03:38.394] Vector3f[-67.5, 4.000001, 0.0]
[16:03:38.416] Vector3f[-67.5, 3.900001, 0.0]
[16:03:38.425] Vector3f[-67.5, 3.8000011, 0.0]
[16:03:38.441] Vector3f[-67.5, 3.7000012, 0.0]
[16:03:38.458] Vector3f[-67.5, 3.6000013, 0.0]
[16:03:38.475] Vector3f[-67.5, 3.5000014, 0.0]
[16:03:38.491] Vector3f[-67.5, 3.4000015, 0.0]
[16:03:38.509] Vector3f[-67.5, 3.3000016, 0.0]
[16:03:38.525] Vector3f[-67.5, 3.2000017, 0.0]
[16:03:38.543] Vector3f[-67.5, 3.1000018, 0.0]
[16:03:38.560] Vector3f[-67.5, 3.000002, 0.0]
[16:03:38.577] Vector3f[-67.5, 2.900002, 0.0]
[16:03:38.593] Vector3f[-67.5, 2.800002, 0.0]
[16:03:38.610] Vector3f[-67.5, 2.7000022, 0.0]
[16:03:38.628] Vector3f[-67.5, 2.6000023, 0.0]
[16:03:38.644] Vector3f[-67.5, 2.5000024, 0.0]
[16:03:38.662] Vector3f[-67.5, 2.4000025, 0.0]
[16:03:38.679] Vector3f[-67.5, 2.3000026, 0.0]
[16:03:38.697] Vector3f[-67.5, 2.2000027, 0.0]
[16:03:38.712] Vector3f[-67.5, 2.1000028, 0.0]
[16:03:38.729] Vector3f[-67.5, 2.4000027, 0.0]
[16:03:38.747] Vector3f[-67.5, 3.1000028, 0.0]
[16:03:38.765] Vector3f[-67.5, 4.2000027, 0.0]
[16:03:38.781] Vector3f[-67.5, 5.7000027, 0.0]
[16:03:38.799] Vector3f[-67.5, 7.600003, 0.0]
[16:03:38.815] Vector3f[-67.5, 9.500003, 0.0]
[16:03:38.832] Vector3f[-67.5, 11.4000025, 0.0]
[16:03:38.849] Vector3f[-67.5, 13.300002, 0.0]
[16:03:38.865] Vector3f[-67.5, 15.200002, 0.0]
[16:03:38.883] Vector3f[-67.5, 17.100002, 0.0]
[16:03:38.900] Vector3f[-67.5, 19.000002, 0.0]
[16:03:38.916] Vector3f[-67.5, 20.900002, 0.0]
[16:03:38.935] Vector3f[-67.5, 22.800001, 0.0]
[16:03:38.950] Vector3f[-67.5, 24.7, 0.0]
[16:03:38.968] Vector3f[-67.5, 26.6, 0.0]
[16:03:38.984] Vector3f[-67.5, 28.5, 0.0]
[16:03:39.001] Vector3f[-67.5, 30.4, 0.0]
[16:03:39.019] Vector3f[-67.5, 32.3, 0.0]
[16:03:39.036] Vector3f[-67.5, 34.2, 0.0]
[16:03:39.052] Vector3f[-67.5, 36.100002, 0.0]
[16:03:39.071] Vector3f[-67.5, 38.000004, 0.0]
[16:03:39.086] Vector3f[-67.5, 39.900005, 0.0]
[16:03:39.103] Vector3f[-67.5, 41.800007, 0.0]
[16:03:39.120] Vector3f[-67.5, 43.70001, 0.0]
[16:03:39.140] Vector3f[-67.5, 45.60001, 0.0]
[16:03:39.155] Vector3f[-67.5, 47.50001, 0.0]
[16:03:39.176] Vector3f[-67.5, 49.400013, 0.0]
[16:03:39.189] Vector3f[-67.5, 51.300014, 0.0]
[16:03:39.206] Vector3f[-67.5, 53.200016, 0.0]
[16:03:39.223] Vector3f[-67.5, 55.100018, 0.0]
[16:03:39.240] Vector3f[-67.5, 57.00002, 0.0]
[16:03:39.257] Vector3f[-67.5, 58.90002, 0.0]
[16:03:39.274] Vector3f[-67.5, 60.800022, 0.0]
[16:03:39.292] Vector3f[-67.5, 62.700024, 0.0]
[16:03:39.308] Vector3f[-67.5, 64.60002, 0.0]
[16:03:39.325] Vector3f[-67.5, 66.50002, 0.0]
[16:03:39.342] Vector3f[-67.5, 68.400024, 0.0]
[16:03:39.359] Vector3f[-67.5, 70.300026, 0.0]
[16:03:39.376] Vector3f[-67.5, 72.20003, 0.0]
[16:03:39.393] Vector3f[-67.5, 74.10003, 0.0]
[16:03:39.410] Vector3f[-67.5, 76.00003, 0.0]
[16:03:39.426] Vector3f[-67.5, 77.90003, 0.0]
[16:03:39.443] Vector3f[-67.5, 79.80003, 0.0]
[16:03:39.460] Vector3f[-67.5, 81.700035, 0.0]
[16:03:39.477] Vector3f[-67.5, 83.60004, 0.0]
[16:03:39.495] Vector3f[-67.5, 85.50004, 0.0]
[16:03:39.513] Vector3f[-67.5, 87.40004, 0.0]
[16:03:39.529] Vector3f[-67.5, 89.30004, 0.0]
[16:03:39.546] Vector3f[-67.5, 91.20004, 0.0]
[16:03:39.563] Vector3f[-67.5, 93.100044, 0.0]
[16:03:39.581] Vector3f[-67.5, 95.000046, 0.0]
[16:03:39.598] Vector3f[-67.5, 96.90005, 0.0]
[16:03:39.614] Vector3f[-67.5, 98.80005, 0.0]
[16:03:39.631] Vector3f[-67.5, 100.70005, 0.0]
[16:03:39.649] Vector3f[-67.5, 102.60005, 0.0]
[16:03:39.665] Vector3f[-67.5, 104.50005, 0.0]
[16:03:39.682] Vector3f[-67.5, 106.400055, 0.0]
[16:03:39.699] Vector3f[-67.5, 108.30006, 0.0]
[16:03:39.716] Vector3f[-67.5, 110.20006, 0.0]
[16:03:39.732] Vector3f[-67.5, 112.10006, 0.0]
[16:03:39.749] Vector3f[-67.5, 114.00006, 0.0]
[16:03:39.767] Vector3f[-67.5, 115.90006, 0.0]
[16:03:39.784] Vector3f[-67.5, 117.800064, 0.0]
[16:03:39.801] Vector3f[-67.5, 119.700066, 0.0]
[16:03:39.818] Vector3f[-67.5, 121.60007, 0.0]
[16:03:39.835] Vector3f[-67.5, 123.50007, 0.0]
[16:03:39.851] Vector3f[-67.5, 125.40007, 0.0]
[16:03:39.868] Vector3f[-67.5, 127.30007, 0.0]
[16:03:39.885] Vector3f[-67.5, 129.20007, 0.0]
[16:03:39.902] Vector3f[-67.5, 131.10007, 0.0]
[16:03:39.920] Vector3f[-67.5, 133.00006, 0.0]
[16:03:39.937] Vector3f[-67.5, 134.90005, 0.0]
[16:03:39.953] Vector3f[-67.5, 136.80005, 0.0]
[16:03:39.970] Vector3f[-67.5, 138.70004, 0.0]
[16:03:39.987] Vector3f[-67.5, 140.60004, 0.0]
[16:03:40.005] Vector3f[-67.5, 142.50003, 0.0]
[16:03:40.021] Vector3f[-67.5, 144.40002, 0.0]
[16:03:40.040] Vector3f[-67.5, 146.30002, 0.0]
[16:03:40.057] Vector3f[-67.5, 148.20001, 0.0]
[16:03:40.074] Vector3f[-67.5, 150.1, 0.0]
[16:03:40.089] Vector3f[-67.5, 152.0, 0.0]
[16:03:40.106] Vector3f[-67.5, 153.9, 0.0]
[16:03:40.124] Vector3f[-67.5, 155.79999, 0.0]
[16:03:40.140] Vector3f[-67.5, 157.69998, 0.0]
[16:03:40.158] Vector3f[-67.5, 159.59998, 0.0]
[16:03:40.174] Vector3f[-67.5, 161.49997, 0.0]
[16:03:40.191] Vector3f[-67.5, 163.39996, 0.0]
[16:03:40.209] Vector3f[-67.5, 165.29996, 0.0]
[16:03:40.226] Vector3f[-67.5, 167.19995, 0.0]
[16:03:40.243] Vector3f[-67.5, 169.09995, 0.0]
[16:03:40.260] Vector3f[-67.5, 170.99994, 0.0]
[16:03:40.278] Vector3f[-67.5, 172.89993, 0.0]
[16:03:40.295] Vector3f[-67.5, 174.79993, 0.0]
[16:03:40.311] Vector3f[-67.5, 176.69992, 0.0]
[16:03:40.328] Vector3f[-67.5, 178.59991, 0.0]
[16:03:40.346] Vector3f[-67.5, 180.49991, 0.0]
[16:03:40.362] Vector3f[-67.5, 182.3999, 0.0]
[16:03:40.381] Vector3f[-67.5, 184.2999, 0.0]
[16:03:40.397] Vector3f[-67.5, 186.19989, 0.0]
[16:03:40.413] Vector3f[-67.5, 188.09988, 0.0]
[16:03:40.430] Vector3f[-67.5, 189.99988, 0.0]
[16:03:40.446] Vector3f[-67.5, 191.89987, 0.0]
[16:03:40.463] Vector3f[-67.5, 193.79987, 0.0]
[16:03:40.481] Vector3f[-67.5, 195.69986, 0.0]
[16:03:40.497] Vector3f[-67.5, 197.59985, 0.0]
[16:03:40.514] Vector3f[-67.5, 199.49985, 0.0]
[16:03:40.531] Vector3f[-67.5, 201.39984, 0.0]
[16:03:40.549] Vector3f[-67.5, 203.29984, 0.0]
[16:03:40.565] Vector3f[-67.5, 205.19983, 0.0]
[16:03:40.582] Vector3f[-67.5, 207.09982, 0.0]
[16:03:40.600] Vector3f[-67.5, 208.99982, 0.0]
[16:03:40.616] Vector3f[-67.5, 210.89981, 0.0]
[16:03:40.633] Vector3f[-67.5, 212.7998, 0.0]
[16:03:40.650] Vector3f[-67.5, 214.6998, 0.0]
[16:03:40.667] Vector3f[-67.5, 216.5998, 0.0]
[16:03:40.685] Vector3f[-67.5, 218.49979, 0.0]
