[16:02:24.486] Created Window
[16:02:24.549] Setup Shaders
[16:02:25.126] Setup Player
[16:02:25.773] Setup Scene Graph
[16:02:25.779] Vector3f[-67.5, 5.0, 0.0]
[16:02:25.796] Vector3f[-67.5, 4.98, 0.0]
[16:02:25.811] Entering Render Loop
[16:02:25.814] Vector3f[-67.5, 4.96, 0.0]
[16:02:25.830] Vector3f[-67.5, 4.94, 0.0]
[16:02:25.847] Vector3f[-67.5, 4.92, 0.0]
[16:02:25.864] Vector3f[-67.5, 4.9, 0.0]
[16:02:25.881] Vector3f[-67.5, 4.88, 0.0]
[16:02:25.898] Vector3f[-67.5, 4.86, 0.0]
[16:02:25.916] Vector3f[-67.5, 4.84, 0.0]
[16:02:25.934] Vector3f[-67.5, 4.82, 0.0]
[16:02:25.951] Vector3f[-67.5, 4.8, 0.0]
[16:02:25.968] Vector3f[-67.5, 4.78, 0.0]
[16:02:25.984] Vector3f[-67.5, 4.76, 0.0]
[16:02:26.001] Vector3f[-67.5, 4.7400002, 0.0]
[16:02:26.018] Vector3f[-67.5, 4.7200003, 0.0]
[16:02:26.035] Vector3f[-67.5, 4.7000003, 0.0]
[16:02:26.052] Vector3f[-67.5, 4.6800003, 0.0]
[16:02:26.069] Vector3f[-67.5, 4.6600003, 0.0]
[16:02:26.087] Vector3f[-67.5, 4.6400003, 0.0]
[16:02:26.102] Vector3f[-67.5, 4.6200004, 0.0]
[16:02:26.120] Vector3f[-67.5, 4.6000004, 0.0]
[16:02:26.137] Vector3f[-67.5, 4.5800004, 0.0]
[16:02:26.154] Vector3f[-67.5, 4.5600004, 0.0]
[16:02:26.170] Vector3f[-67.5, 4.5400004, 0.0]
[16:02:26.187] Vector3f[-67.5, 4.5200005, 0.0]
[16:02:26.204] Vector3f[-67.5, 4.5000005, 0.0]
[16:02:26.221] Vector3f[-67.5, 4.4800005, 0.0]
[16:02:26.238] Vector3f[-67.5, 4.4600005, 0.0]
[16:02:26.255] Vector3f[-67.5, 4.4400005, 0.0]
[16:02:26.272] Vector3f[-67.5, 4.4200006, 0.0]
[16:02:26.289] Vector3f[-67.5, 4.4000006, 0.0]
[16:02:26.307] Vector3f[-67.5, 4.3800006, 0.0]
[16:02:26.323] Vector3f[-67.5, 4.3600006, 0.0]
[16:02:26.340] Vector3f[-67.5, 4.3400006, 0.0]
[16:02:26.357] Vector3f[-67.5, 4.3200006, 0.0]
[16:02:26.374] Vector3f[-67.5, 4.3000007, 0.0]
[16:02:26.392] Vector3f[-67.5, 4.2800007, 0.0]
[16:02:26.411] Vector3f[-67.5, 4.2600007, 0.0]
[16:02:26.425] Vector3f[-67.5, 4.2400007, 0.0]
[16:02:26.443] Vector3f[-67.5, 4.2200007, 0.0]
[16:02:26.460] Vector3f[-67.5, 4.200001, 0.0]
[16:02:26.476] Vector3f[-67.5, 4.180001, 0.0]
[16:02:26.494] Vector3f[-67.5, 4.160001, 0.0]
[16:02:26.511] Vector3f[-67.5, 4.140001, 0.0]
[16:02:26.528] Vector3f[-67.5, 4.120001, 0.0]
[16:02:26.545] Vector3f[-67.5, 4.100001, 0.0]
[16:02:26.563] Vector3f[-67.5, 4.080001, 0.0]
[16:02:26.579] Vector3f[-67.5, 4.060001, 0.0]
[16:02:26.596] Vector3f[-67.5, 4.040001, 0.0]
[16:02:26.612] Vector3f[-67.5, 4.020001, 0.0]
[16:02:26.630] Vector3f[-67.5, 4.000001, 0.0]
[16:02:26.647] Vector3f[-67.5, 3.980001, 0.0]
[16:02:26.664] Vector3f[-67.5, 3.960001, 0.0]
[16:02:26.681] Vector3f[-67.5, 3.940001, 0.0]
[16:02:26.698] Vector3f[-67.5, 3.920001, 0.0]
[16:02:26.715] Vector3f[-67.5, 3.900001, 0.0]
[16:02:26.732] Vector3f[-67.5, 3.880001, 0.0]
[16:02:26.747] Vector3f[-67.5, 3.860001, 0.0]
[16:02:26.765] Vector3f[-67.5, 3.840001, 0.0]
[16:02:26.782] Vector3f[-67.5, 3.8200011, 0.0]
[16:02:26.799] Vector3f[-67.5, 3.8000011, 0.0]
[16:02:26.816] Vector3f[-67.5, 3.7800012, 0.0]
[16:02:26.834] Vector3f[-67.5, 3.7600012, 0.0]
[16:02:26.851] Vector3f[-67.5, 3.7400012, 0.0]
[16:02:26.867] Vector3f[-67.5, 3.7200012, 0.0]
[16:02:26.884] Vector3f[-67.5, 3.7000012, 0.0]
[16:02:26.903] Vector3f[-67.5, 3.6800013, 0.0]
[16:02:26.919] Vector3f[-67.5, 3.6600013, 0.0]
[16:02:26.935] Vector3f[-67.5, 3.6400013, 0.0]
[16:02:26.952] Vector3f[-67.5, 3.6200013, 0.0]
[16:02:26.970] Vector3f[-67.5, 3.6000013, 0.0]
[16:02:26.987] Vector3f[-67.5, 3.5800014, 0.0]
[16:02:27.005] Vector3f[-67.5, 3.5600014, 0.0]
[16:02:27.021] Vector3f[-67.5, 3.5400014, 0.0]
[16:02:27.037] Vector3f[-67.5, 3.5200014, 0.0]
[16:02:27.054] Vector3f[-67.5, 3.5000014, 0.0]
[16:02:27.072] Vector3f[-67.5, 3.4800014, 0.0]
[16:02:27.088] Vector3f[-67.5, 3.4600015, 0.0]
[16:02:27.106] Vector3f[-67.5, 3.4400015, 0.0]
[16:02:27.122] Vector3f[-67.5, 3.4200015, 0.0]
[16:02:27.139] Vector3f[-67.5, 3.4000015, 0.0]
[16:02:27.156] Vector3f[-67.5, 3.3800015, 0.0]
[16:02:27.173] Vector3f[-67.5, 3.3600016, 0.0]
[16:02:27.190] Vector3f[-67.5, 3.3400016, 0.0]
[16:02:27.209] Vector3f[-67.5, 3.3200016, 0.0]
[16:02:27.224] Vector3f[-67.5, 3.3000016, 0.0]
[16:02:27.241] Vector3f[-67.5, 3.2800016, 0.0]
[16:02:27.258] Vector3f[-67.5, 3.2600017, 0.0]
[16:02:27.276] Vector3f[-67.5, 3.2400017, 0.0]
[16:02:27.292] Vector3f[-67.5, 3.2200017, 0.0]
[16:02:27.310] Vector3f[-67.5, 3.2000017, 0.0]
[16:02:27.326] Vector3f[-67.5, 3.1800017, 0.0]
[16:02:27.343] Vector3f[-67.5, 3.1600018, 0.0]
[16:02:27.360] Vector3f[-67.5, 3.1400018, 0.0]
[16:02:27.377] Vector3f[-67.5, 3.1200018, 0.0]
[16:02:27.395] Vector3f[-67.5, 3.1000018, 0.0]
[16:02:27.411] Vector3f[-67.5, 3.0800018, 0.0]
[16:02:27.428] Vector3f[-67.5, 3.0600019, 0.0]
[16:02:27.445] Vector3f[-67.5, 3.0400019, 0.0]
[16:02:27.462] Vector3f[-67.5, 3.020002, 0.0]
[16:02:27.479] Vector3f[-67.5, 3.000002, 0.0]
[16:02:27.496] Vector3f[-67.5, 2.980002, 0.0]
[16:02:27.513] Vector3f[-67.5, 2.960002, 0.0]
[16:02:27.531] Vector3f[-67.5, 2.940002, 0.0]
[16:02:27.547] Vector3f[-67.5, 2.920002, 0.0]
[16:02:27.564] Vector3f[-67.5, 2.900002, 0.0]
[16:02:27.581] Vector3f[-67.5, 2.880002, 0.0]
[16:02:27.598] Vector3f[-67.5, 2.860002, 0.0]
[16:02:27.615] Vector3f[-67.5, 2.840002, 0.0]
[16:02:27.632] Vector3f[-67.5, 2.820002, 0.0]
[16:02:27.649] Vector3f[-67.5, 2.800002, 0.0]
[16:02:27.666] Vector3f[-67.5, 2.780002, 0.0]
[16:02:27.683] Vector3f[-67.5, 2.7600021, 0.0]
[16:02:27.702] Vector3f[-67.5, 2.7400022, 0.0]
[16:02:27.717] Vector3f[-67.5, 2.7200022, 0.0]
[16:02:27.734] Vector3f[-67.5, 2.7000022, 0.0]
[16:02:27.751] Vector3f[-67.5, 2.6800022, 0.0]
[16:02:27.768] Vector3f[-67.5, 2.6600022, 0.0]
[16:02:27.785] Vector3f[-67.5, 2.6400023, 0.0]
[16:02:27.802] Vector3f[-67.5, 2.6200023, 0.0]
[16:02:27.820] Vector3f[-67.5, 2.6000023, 0.0]
[16:02:27.837] Vector3f[-67.5, 2.5800023, 0.0]
[16:02:27.854] Vector3f[-67.5, 2.5600023, 0.0]
[16:02:27.869] Vector3f[-67.5, 2.5400023, 0.0]
[16:02:27.887] Vector3f[-67.5, 2.5200024, 0.0]
[16:02:27.904] Vector3f[-67.5, 2.5000024, 0.0]
[16:02:27.923] Vector3f[-67.5, 2.4800024, 0.0]
[16:02:27.938] Vector3f[-67.5, 2.4600024, 0.0]
[16:02:27.955] Vector3f[-67.5, 2.4400024, 0.0]
[16:02:27.972] Vector3f[-67.5, 2.4200025, 0.0]
[16:02:27.989] Vector3f[-67.5, 2.4000025, 0.0]
[16:02:28.006] Vector3f[-67.5, 2.3800025, 0.0]
[16:02:28.024] Vector3f[-67.5, 2.3600025, 0.0]
[16:02:28.040] Vector3f[-67.5, 2.3400025, 0.0]
[16:02:28.056] Vector3f[-67.5, 2.3200026, 0.0]
[16:02:28.074] Vector3f[-67.5, 2.3000026, 0.0]
[16:02:28.091] Vector3f[-67.5, 2.2800026, 0.0]
[16:02:28.109] Vector3f[-67.5, 2.2600026, 0.0]
[16:02:28.126] Vector3f[-67.5, 2.2400026, 0.0]
[16:02:28.143] Vector3f[-67.5, 2.2200027, 0.0]
[16:02:28.161] Vector3f[-67.5, 2.2000027, 0.0]
[16:02:28.177] Vector3f[-67.5, 2.1800027, 0.0]
[16:02:28.194] Vector3f[-67.5, 2.1600027, 0.0]
[16:02:28.211] Vector3f[-67.5, 2.1400027, 0.0]
[16:02:28.228] Vector3f[-67.5, 2.1200027, 0.0]
[16:02:28.246] Vector3f[-67.5, 2.1000028, 0.0]
[16:02:28.262] Vector3f[-67.5, 2.0800028, 0.0]
[16:02:28.279] Vector3f[-67.5, 2.0600028, 0.0]
[16:02:28.297] Vector3f[-67.5, 2.0400028, 0.0]
[16:02:28.313] Vector3f[-67.5, 2.0200028, 0.0]
[16:02:28.329] Vector3f[-67.5, 2.0000029, 0.0]
[16:02:28.347] Vector3f[-67.5, 1.9800029, 0.0]
[16:02:28.363] Vector3f[-67.5, 1.9600029, 0.0]
[16:02:28.380] Vector3f[-67.5, 1.9400029, 0.0]
[16:02:28.397] Vector3f[-67.5, 1.9200029, 0.0]
[16:02:28.415] Vector3f[-67.5, 1.900003, 0.0]
[16:02:28.431] Vector3f[-67.5, 1.880003, 0.0]
[16:02:28.448] Vector3f[-67.5, 1.860003, 0.0]
[16:02:28.466] Vector3f[-67.5, 1.840003, 0.0]
[16:02:28.483] Vector3f[-67.5, 1.820003, 0.0]
[16:02:28.499] Vector3f[-67.5, 1.800003, 0.0]
[16:02:28.515] Vector3f[-67.5, 1.7800031, 0.0]
[16:02:28.534] Vector3f[-67.5, 1.7600031, 0.0]
[16:02:28.551] Vector3f[-67.5, 1.7400031, 0.0]
[16:02:28.567] Vector3f[-67.5, 1.7200031, 0.0]
[16:02:28.584] Vector3f[-67.5, 1.7000031, 0.0]
[16:02:28.601] Vector3f[-67.5, 1.6800032, 0.0]
[16:02:28.618] Vector3f[-67.5, 1.6600032, 0.0]
[16:02:28.635] Vector3f[-67.5, 1.6400032, 0.0]
[16:02:28.652] Vector3f[-67.5, 1.6200032, 0.0]
[16:02:28.669] Vector3f[-67.5, 1.6000032, 0.0]
[16:02:28.686] Vector3f[-67.5, 1.5800033, 0.0]
[16:02:28.704] Vector3f[-67.5, 1.5600033, 0.0]
[16:02:28.720] Vector3f[-67.5, 1.5400033, 0.0]
[16:02:28.738] Vector3f[-67.5, 1.5200033, 0.0]
[16:02:28.754] Vector3f[-67.5, 1.5000033, 0.0]
[16:02:28.772] Vector3f[-67.5, 1.4800034, 0.0]
[16:02:28.789] Vector3f[-67.5, 1.4600034, 0.0]
[16:02:28.805] Vector3f[-67.5, 1.4400034, 0.0]
[16:02:28.824] Vector3f[-67.5, 1.4200034, 0.0]
[16:02:28.840] Vector3f[-67.5, 1.4000034, 0.0]
[16:02:28.857] Vector3f[-67.5, 1.3800035, 0.0]
[16:02:28.874] Vector3f[-67.5, 1.3600035, 0.0]
[16:02:28.890] Vector3f[-67.5, 1.3400035, 0.0]
[16:02:28.908] Vector3f[-67.5, 1.3200035, 0.0]
[16:02:28.925] Vector3f[-67.5, 1.3000035, 0.0]
[16:02:28.942] Vector3f[-67.5, 1.2800035, 0.0]
[16:02:28.959] Vector3f[-67.5, 1.2600036, 0.0]
[16:02:28.975] Vector3f[-67.5, 1.2400036, 0.0]
[16:02:28.992] Vector3f[-67.5, 1.2200036, 0.0]
[16:02:29.009] Vector3f[-67.5, 1.2000036, 0.0]
[16:02:29.026] Vector3f[-67.5, 1.1800036, 0.0]
[16:02:29.044] Vector3f[-67.5, 1.1600037, 0.0]
[16:02:29.061] Vector3f[-67.5, 1.1400037, 0.0]
[16:02:29.077] Vector3f[-67.5, 1.1200037, 0.0]
[16:02:29.094] Vector3f[-67.5, 1.1000037, 0.0]
[16:02:29.111] Vector3f[-67.5, 1.0800037, 0.0]
[16:02:29.128] Vector3f[-67.5, 1.0600038, 0.0]
[16:02:29.147] Vector3f[-67.5, 1.0400038, 0.0]
[16:02:29.162] Vector3f[-67.5, 1.0200038, 0.0]
[16:02:29.179] Vector3f[-67.5, 1.0000038, 0.0]
[16:02:29.196] Vector3f[-67.5, 0.98000383, 0.0]
[16:02:29.212] Vector3f[-67.5, 0.96000385, 0.0]
[16:02:29.230] Vector3f[-67.5, 0.9400039, 0.0]
[16:02:29.249] Vector3f[-67.5, 0.9200039, 0.0]
[16:02:29.264] Vector3f[-67.5, 0.9000039, 0.0]
[16:02:29.282] Vector3f[-67.5, 0.8800039, 0.0]
[16:02:29.298] Vector3f[-67.5, 0.86000395, 0.0]
[16:02:29.317] Vector3f[-66.5, 0.84000397, 0.0]
[16:02:29.332] Vector3f[-65.5, 0.820004, 0.0]
[16:02:29.350] Vector3f[-64.5, 0.800004, 0.0]
[16:02:29.366] Vector3f[-63.5, 0.780004, 0.0]
[16:02:29.383] Vector3f[-62.5, 0.76000404, 0.0]
[16:02:29.400] Vector3f[-61.5, 0.74000406, 0.0]
[16:02:29.417] Vector3f[-60.5, 0.7200041, 0.0]
[16:02:29.435] Vector3f[-59.5, 0.7000041, 0.0]
[16:02:29.451] Vector3f[-58.5, 0.6800041, 0.0]
[16:02:29.469] Vector3f[-57.5, 0.66000414, 0.0]
[16:02:29.485] Vector3f[-56.5, 0.64000416, 0.0]
[16:02:29.502] Vector3f[-55.5, 0.6200042, 0.0]
[16:02:29.519] Vector3f[-55.5, 0.6000042, 0.0]
[16:02:29.536] Vector3f[-55.5, 0.5800042, 0.0]
[16:02:29.554] Vector3f[-55.5, 0.56000423, 0.0]
[16:02:29.571] Vector3f[-55.5, 0.54000425, 0.0]
[16:02:29.587] Vector3f[-55.5, 0.5200043, 0.0]
[16:02:29.604] Vector3f[-55.5, 0.5000043, 0.0]
[16:02:29.621] Vector3f[-55.5, 0.48000428, 0.0]
[16:02:29.638] Vector3f[-55.5, 0.46000427, 0.0]
[16:02:29.655] Vector3f[-55.5, 0.44000426, 0.0]
[16:02:29.672] Vector3f[-55.5, 0.42000425, 0.0]
[16:02:29.689] Vector3f[-55.5, 0.40000424, 0.0]
[16:02:29.707] Vector3f[-55.5, 0.38000423, 0.0]
[16:02:29.723] Vector3f[-55.5, 0.36000422, 0.0]
[16:02:29.741] Vector3f[-55.5, 0.3400042, 0.0]
[16:02:29.758] Vector3f[-55.5, 0.3200042, 0.0]
[16:02:29.775] Vector3f[-55.5, 0.30000418, 0.0]
[16:02:29.793] Vector3f[-55.5, 0.28000417, 0.0]
[16:02:29.810] Vector3f[-55.5, 0.26000416, 0.0]
[16:02:29.827] Vector3f[-55.5, 0.24000417, 0.0]
[16:02:29.843] Vector3f[-55.5, 0.22000417, 0.0]
[16:02:29.859] Vector3f[-55.5, 0.20000418, 0.0]
[16:02:29.876] Vector3f[-55.5, 0.18000418, 0.0]
[16:02:29.893] Vector3f[-55.5, 0.16000418, 0.0]
[16:02:29.911] Vector3f[-55.5, 0.14000419, 0.0]
[16:02:29.928] Vector3f[-55.5, 0.12000419, 0.0]
[16:02:29.944] Vector3f[-55.5, 0.100004196, 0.0]
[16:02:29.962] Vector3f[-55.5, 0.0800042, 0.0]
[16:02:29.978] Vector3f[-55.5, 0.0600042, 0.0]
[16:02:29.995] Vector3f[-56.5, 0.0400042, 0.0]
[16:02:30.012] Vector3f[-57.5, 0.020004202, 0.0]
[16:02:30.030] Vector3f[-58.5, 4.2021275E-6, 0.0]
[16:02:30.046] Vector3f[-59.5, -0.019995797, 0.0]
[16:02:30.063] Vector3f[-60.5, -0.039995797, 0.0]
[16:02:30.081] Vector3f[-61.5, -0.059995797, 0.0]
[16:02:30.099] Vector3f[-62.5, -0.079995796, 0.0]
[16:02:30.115] Vector3f[-63.5, -0.09999579, 0.0]
[16:02:30.131] Vector3f[-64.5, -0.11999579, 0.0]
[16:02:30.149] Vector3f[-65.5, -0.13999578, 0.0]
[16:02:30.167] Vector3f[-66.5, -0.15999578, 0.0]
[16:02:30.183] Vector3f[-67.5, -0.17999578, 0.0]
[16:02:30.200] Vector3f[-68.5, -0.19999577, 0.0]
[16:02:30.216] Vector3f[-69.5, -0.21999577, 0.0]
[16:02:30.233] Vector3f[-70.5, -0.23999576, 0.0]
[16:02:30.251] Vector3f[-71.5, -0.25999576, 0.0]
[16:02:30.267] Vector3f[-71.5, -0.27999577, 0.0]
[16:02:30.284] Vector3f[-71.5, -0.29999578, 0.0]
[16:02:30.301] Vector3f[-71.5, -0.3199958, 0.0]
[16:02:30.318] Vector3f[-71.5, -0.3399958, 0.0]
[16:02:30.335] Vector3f[-71.5, -0.3599958, 0.0]
[16:02:30.352] Vector3f[-71.5, -0.37999582, 0.0]
[16:02:30.369] Vector3f[-70.5, -0.39999583, 0.0]
[16:02:30.386] Vector3f[-69.5, -0.41999584, 0.0]
[16:02:30.403] Vector3f[-68.5, -0.43999586, 0.0]
[16:02:30.420] Vector3f[-67.5, -0.45999587, 0.0]
[16:02:30.437] Vector3f[-66.5, -0.47999588, 0.0]
[16:02:30.454] Vector3f[-65.5, -0.4999959, 0.0]
[16:02:30.472] Vector3f[-64.5, -0.51999587, 0.0]
[16:02:30.492] Vector3f[-63.5, -0.53999585, 0.0]
[16:02:30.506] Vector3f[-62.5, -0.55999583, 0.0]
[16:02:30.522] Vector3f[-61.5, -0.5799958, 0.0]
[16:02:30.539] Vector3f[-60.5, -0.5999958, 0.0]
[16:02:30.557] Vector3f[-59.5, -0.6199958, 0.0]
[16:02:30.573] Vector3f[-58.5, -0.63999575, 0.0]
[16:02:30.594] Vector3f[-57.5, -0.65999573, 0.0]
[16:02:30.608] Vector3f[-56.5, -0.6799957, 0.0]
[16:02:30.624] Vector3f[-55.5, -0.6999957, 0.0]
[16:02:30.642] Vector3f[-54.5, -0.7199957, 0.0]
[16:02:30.658] Vector3f[-53.5, -0.73999566, 0.0]
[16:02:30.675] Vector3f[-53.5, -0.75999564, 0.0]
[16:02:30.692] Vector3f[-53.5, -0.7799956, 0.0]
[16:02:30.709] Vector3f[-53.5, -0.7999956, 0.0]
[16:02:30.726] Vector3f[-53.5, -0.8199956, 0.0]
[16:02:30.743] Vector3f[-53.5, -0.83999556, 0.0]
[16:02:30.762] Vector3f[-53.5, -0.85999554, 0.0]
[16:02:30.777] Vector3f[-53.5, -0.8799955, 0.0]
[16:02:30.798] Vector3f[-53.5, -0.8999955, 0.0]
[16:02:30.811] Vector3f[-53.5, -0.9199955, 0.0]
[16:02:30.829] Vector3f[-53.5, -0.93999547, 0.0]
[16:02:30.846] Vector3f[-53.5, -0.95999545, 0.0]
[16:02:30.862] Vector3f[-53.5, -0.9799954, 0.0]
[16:02:30.879] Vector3f[-53.5, -0.9999954, 0.0]
[16:02:30.896] Vector3f[-53.5, -1.0199955, 0.0]
[16:02:30.913] Vector3f[-53.5, -1.0399954, 0.0]
[16:02:30.930] Vector3f[-53.5, -1.0599954, 0.0]
[16:02:30.947] Vector3f[-53.5, -1.0799954, 0.0]
[16:02:30.964] Vector3f[-53.5, -1.0999954, 0.0]
[16:02:30.981] Vector3f[-53.5, -1.1199954, 0.0]
[16:02:30.999] Vector3f[-53.5, -1.1399953, 0.0]
[16:02:31.015] Vector3f[-53.5, -1.1599953, 0.0]
[16:02:31.033] Vector3f[-53.5, -1.1799953, 0.0]
[16:02:31.049] Vector3f[-53.5, -1.1999953, 0.0]
[16:02:31.067] Vector3f[-53.5, -1.2199953, 0.0]
[16:02:31.084] Vector3f[-53.5, -1.2399952, 0.0]
[16:02:31.100] Vector3f[-53.5, -1.2599952, 0.0]
[16:02:31.117] Vector3f[-53.5, -1.2799952, 0.0]
[16:02:31.135] Vector3f[-53.5, -1.2999952, 0.0]
[16:02:31.151] Vector3f[-53.5, -1.3199952, 0.0]
[16:02:31.169] Vector3f[-53.5, -1.3399951, 0.0]
[16:02:31.185] Vector3f[-53.5, -1.3599951, 0.0]
[16:02:31.204] Vector3f[-53.5, -1.3799951, 0.0]
[16:02:31.219] Vector3f[-53.5, -1.3999951, 0.0]
[16:02:31.237] Vector3f[-53.5, -1.4199951, 0.0]
[16:02:31.254] Vector3f[-53.5, -1.439995, 0.0]
[16:02:31.271] Vector3f[-53.5, -1.459995, 0.0]
[16:02:31.287] Vector3f[-53.5, -1.479995, 0.0]
[16:02:31.304] Vector3f[-53.5, -1.499995, 0.0]
[16:02:31.322] Vector3f[-53.5, -1.519995, 0.0]
[16:02:31.338] Vector3f[-53.5, -1.539995, 0.0]
[16:02:31.355] Vector3f[-53.5, -1.5599949, 0.0]
[16:02:31.372] Vector3f[-53.5, -1.5799949, 0.0]
[16:02:31.390] Vector3f[-53.5, -1.5999949, 0.0]
[16:02:31.406] Vector3f[-53.5, -1.6199949, 0.0]
[16:02:31.424] Vector3f[-53.5, -1.6399949, 0.0]
[16:02:31.440] Vector3f[-53.5, -1.6599948, 0.0]
[16:02:31.458] Vector3f[-53.5, -1.6799948, 0.0]
[16:02:31.476] Vector3f[-53.5, -1.6999948, 0.0]
[16:02:31.493] Vector3f[-53.5, -1.7199948, 0.0]
[16:02:31.509] Vector3f[-53.5, -1.7399948, 0.0]
[16:02:31.526] Vector3f[-53.5, -1.7599947, 0.0]
[16:02:31.543] Vector3f[-53.5, -1.7799947, 0.0]
[16:02:31.559] Vector3f[-53.5, -1.7999947, 0.0]
[16:02:31.576] Vector3f[-53.5, -1.8199947, 0.0]
[16:02:31.593] Vector3f[-53.5, -1.8399947, 0.0]
[16:02:31.610] Vector3f[-53.5, -1.8599946, 0.0]
[16:02:31.627] Vector3f[-53.5, -1.8799946, 0.0]
[16:02:31.645] Vector3f[-53.5, -1.8999946, 0.0]
[16:02:31.661] Vector3f[-53.5, -1.9199946, 0.0]
[16:02:31.679] Vector3f[-53.5, -1.9399946, 0.0]
[16:02:31.696] Vector3f[-53.5, -1.9599946, 0.0]
[16:02:31.714] Vector3f[-53.5, -1.9799945, 0.0]
[16:02:31.731] Vector3f[-53.5, -1.9999945, 0.0]
[16:02:31.747] Vector3f[-53.5, -2.0199945, 0.0]
[16:02:31.763] Vector3f[-53.5, -2.0399945, 0.0]
[16:02:31.780] Vector3f[-53.5, -2.0599945, 0.0]
[16:02:31.798] Vector3f[-53.5, -2.0799944, 0.0]
[16:02:31.814] Vector3f[-53.5, -2.0999944, 0.0]
[16:02:31.831] Vector3f[-53.5, -2.1199944, 0.0]
[16:02:31.849] Vector3f[-53.5, -2.1399944, 0.0]
[16:02:31.867] Vector3f[-53.5, -2.1599944, 0.0]
[16:02:31.882] Vector3f[-53.5, -2.1799943, 0.0]
[16:02:31.899] Vector3f[-53.5, -2.1999943, 0.0]
[16:02:31.916] Vector3f[-53.5, -2.2199943, 0.0]
[16:02:31.934] Vector3f[-53.5, -2.2399943, 0.0]
[16:02:31.951] Vector3f[-53.5, -2.2599943, 0.0]
[16:02:31.967] Vector3f[-53.5, -2.2799942, 0.0]
[16:02:31.984] Vector3f[-53.5, -2.2999942, 0.0]
[16:02:32.002] Vector3f[-53.5, -2.3199942, 0.0]
[16:02:32.019] Vector3f[-53.5, -2.3399942, 0.0]
[16:02:32.035] Vector3f[-53.5, -2.3599942, 0.0]
[16:02:32.053] Vector3f[-53.5, -2.3799942, 0.0]
[16:02:32.071] Vector3f[-53.5, -2.3999941, 0.0]
[16:02:32.087] Vector3f[-53.5, -2.419994, 0.0]
[16:02:32.104] Vector3f[-53.5, -2.439994, 0.0]
[16:02:32.120] Vector3f[-53.5, -2.459994, 0.0]
[16:02:32.137] Vector3f[-53.5, -2.479994, 0.0]
[16:02:32.154] Vector3f[-53.5, -2.499994, 0.0]
[16:02:32.171] Vector3f[-53.5, -2.519994, 0.0]
[16:02:32.188] Vector3f[-53.5, -2.539994, 0.0]
[16:02:32.204] Vector3f[-53.5, -2.559994, 0.0]
[16:02:32.223] Vector3f[-53.5, -2.579994, 0.0]
[16:02:32.239] Vector3f[-53.5, -2.599994, 0.0]
[16:02:32.257] Vector3f[-53.5, -2.619994, 0.0]
[16:02:32.274] Vector3f[-53.5, -2.639994, 0.0]
[16:02:32.290] Vector3f[-53.5, -2.659994, 0.0]
[16:02:32.307] Vector3f[-53.5, -2.6799939, 0.0]
[16:02:32.326] Vector3f[-53.5, -2.6999938, 0.0]
[16:02:32.343] Vector3f[-53.5, -2.7199938, 0.0]
[16:02:32.359] Vector3f[-53.5, -2.7399938, 0.0]
[16:02:32.375] Vector3f[-53.5, -2.7599938, 0.0]
[16:02:32.393] Vector3f[-53.5, -2.7799938, 0.0]
[16:02:32.410] Vector3f[-53.5, -2.7999938, 0.0]
[16:02:32.426] Vector3f[-53.5, -2.8199937, 0.0]
[16:02:32.443] Vector3f[-53.5, -2.8399937, 0.0]
[16:02:32.461] Vector3f[-53.5, -2.8599937, 0.0]
[16:02:32.477] Vector3f[-53.5, -2.8799937, 0.0]
[16:02:32.495] Vector3f[-53.5, -2.8999937, 0.0]
[16:02:32.511] Vector3f[-53.5, -2.9199936, 0.0]
[16:02:32.528] Vector3f[-53.5, -2.9399936, 0.0]
[16:02:32.546] Vector3f[-53.5, -2.9599936, 0.0]
[16:02:32.562] Vector3f[-53.5, -2.9799936, 0.0]
[16:02:32.579] Vector3f[-53.5, -2.0199935, 0.0]
[16:02:32.596] Vector3f[-53.5, -0.07999349, 0.0]
[16:02:32.613] Vector3f[-53.5, 2.8400066, 0.0]
[16:02:32.630] Vector3f[-53.5, 5.760007, 0.0]
[16:02:32.647] Vector3f[-53.5, 8.680007, 0.0]
[16:02:32.665] Vector3f[-53.5, 11.600007, 0.0]
[16:02:32.681] Vector3f[-53.5, 14.520007, 0.0]
[16:02:32.699] Vector3f[-53.5, 17.440006, 0.0]
[16:02:32.715] Vector3f[-53.5, 20.360006, 0.0]
[16:02:32.732] Vector3f[-53.5, 23.280006, 0.0]
[16:02:32.749] Vector3f[-53.5, 26.200006, 0.0]
[16:02:32.766] Vector3f[-53.5, 29.120007, 0.0]
[16:02:32.783] Vector3f[-53.5, 32.04001, 0.0]
[16:02:32.801] Vector3f[-53.5, 34.960007, 0.0]
[16:02:32.817] Vector3f[-53.5, 37.880005, 0.0]
[16:02:32.834] Vector3f[-53.5, 40.800003, 0.0]
[16:02:32.851] Vector3f[-53.5, 43.72, 0.0]
[16:02:32.868] Vector3f[-53.5, 46.64, 0.0]
[16:02:32.886] Vector3f[-53.5, 49.559998, 0.0]
[16:02:32.902] Vector3f[-53.5, 52.479996, 0.0]
[16:02:32.920] Vector3f[-53.5, 55.399994, 0.0]
[16:02:32.936] Vector3f[-53.5, 58.319992, 0.0]
[16:02:32.953] Vector3f[-53.5, 61.23999, 0.0]
[16:02:32.970] Vector3f[-53.5, 64.15999, 0.0]
[16:02:32.987] Vector3f[-53.5, 67.07999, 0.0]
[16:02:33.004] Vector3f[-53.5, 69.999985, 0.0]
[16:02:33.021] Vector3f[-53.5, 72.91998, 0.0]
[16:02:33.038] Vector3f[-53.5, 75.83998, 0.0]
[16:02:33.055] Vector3f[-53.5, 78.75998, 0.0]
[16:02:33.072] Vector3f[-53.5, 81.67998, 0.0]
[16:02:33.089] Vector3f[-53.5, 84.599976, 0.0]
[16:02:33.106] Vector3f[-53.5, 87.51997, 0.0]
[16:02:33.123] Vector3f[-53.5, 90.43997, 0.0]
[16:02:33.141] Vector3f[-53.5, 93.35997, 0.0]
[16:02:33.157] Vector3f[-53.5, 96.27997, 0.0]
[16:02:33.174] Vector3f[-53.5, 99.19997, 0.0]
[16:02:33.192] Vector3f[-53.5, 102.119965, 0.0]
[16:02:33.208] Vector3f[-53.5, 105.03996, 0.0]
[16:02:33.226] Vector3f[-53.5, 107.95996, 0.0]
[16:02:33.243] Vector3f[-53.5, 110.87996, 0.0]
[16:02:33.260] Vector3f[-53.5, 113.79996, 0.0]
[16:02:33.276] Vector3f[-53.5, 116.719955, 0.0]
[16:02:33.293] Vector3f[-53.5, 119.63995, 0.0]
[16:02:33.310] Vector3f[-53.5, 122.55995, 0.0]
[16:02:33.328] Vector3f[-53.5, 125.47995, 0.0]
[16:02:33.345] Vector3f[-53.5, 128.39995, 0.0]
[16:02:33.361] Vector3f[-53.5, 131.31995, 0.0]
[16:02:33.378] Vector3f[-53.5, 134.23994, 0.0]
[16:02:33.395] Vector3f[-53.5, 137.15994, 0.0]
[16:02:33.412] Vector3f[-53.5, 140.07994, 0.0]
[16:02:33.429] Vector3f[-53.5, 142.99994, 0.0]
[16:02:33.447] Vector3f[-53.5, 145.91994, 0.0]
[16:02:33.463] Vector3f[-53.5, 148.83994, 0.0]
[16:02:33.481] Vector3f[-53.5, 151.75993, 0.0]
[16:02:33.497] Vector3f[-53.5, 154.67993, 0.0]
[16:02:33.514] Vector3f[-53.5, 157.59993, 0.0]
[16:02:33.531] Vector3f[-53.5, 160.51993, 0.0]
[16:02:33.548] Vector3f[-53.5, 163.43993, 0.0]
[16:02:33.567] Vector3f[-53.5, 166.35992, 0.0]
[16:02:33.584] Vector3f[-53.5, 169.27992, 0.0]
[16:02:33.600] Vector3f[-53.5, 172.19992, 0.0]
[16:02:33.616] Vector3f[-53.5, 175.11992, 0.0]
[16:02:33.634] Vector3f[-53.5, 178.03992, 0.0]
[16:02:33.651] Vector3f[-53.5, 180.95992, 0.0]
[16:02:33.667] Vector3f[-53.5, 183.87991, 0.0]
[16:02:33.685] Vector3f[-53.5, 186.79991, 0.0]
[16:02:33.702] Vector3f[-53.5, 189.71991, 0.0]
[16:02:33.719] Vector3f[-53.5, 192.63991, 0.0]
[16:02:33.736] Vector3f[-53.5, 195.5599, 0.0]
[16:02:33.752] Vector3f[-53.5, 198.4799, 0.0]
[16:02:33.769] Vector3f[-53.5, 201.3999, 0.0]
[16:02:33.786] Vector3f[-53.5, 204.3199, 0.0]
[16:02:33.805] Vector3f[-53.5, 207.2399, 0.0]
[16:02:33.820] Vector3f[-53.5, 210.1599, 0.0]
[16:02:33.837] Vector3f[-53.5, 213.0799, 0.0]
[16:02:33.854] Vector3f[-53.5, 215.9999, 0.0]
[16:02:33.872] Vector3f[-53.5, 218.91989, 0.0]
[16:02:33.888] Vector3f[-53.5, 221.83989, 0.0]
[16:02:33.905] Vector3f[-53.5, 224.75989, 0.0]
[16:02:33.922] Vector3f[-53.5, 227.67989, 0.0]
[16:02:33.939] Vector3f[-53.5, 230.59988, 0.0]
[16:02:33.956] Vector3f[-53.5, 233.51988, 0.0]
[16:02:33.973] Vector3f[-53.5, 236.43988, 0.0]
[16:02:33.991] Vector3f[-53.5, 239.35988, 0.0]
[16:02:34.008] Vector3f[-53.5, 242.27988, 0.0]
[16:02:34.025] Vector3f[-53.5, 245.19987, 0.0]
[16:02:34.042] Vector3f[-53.5, 248.11987, 0.0]
[16:02:34.059] Vector3f[-53.5, 251.03987, 0.0]
[16:02:34.075] Vector3f[-53.5, 253.95987, 0.0]
[16:02:34.093] Vector3f[-53.5, 256.87988, 0.0]
[16:02:34.109] Vector3f[-53.5, 259.7999, 0.0]
[16:02:34.126] Vector3f[-53.5, 262.7199, 0.0]
[16:02:34.144] Vector3f[-53.5, 265.63992, 0.0]
[16:02:34.159] Vector3f[-53.5, 268.55994, 0.0]
[16:02:34.177] Vector3f[-53.5, 271.47995, 0.0]
[16:02:34.194] Vector3f[-53.5, 274.39996, 0.0]
[16:02:34.212] Vector3f[-53.5, 277.31998, 0.0]
[16:02:34.229] Vector3f[-53.5, 280.24, 0.0]
[16:02:34.245] Vector3f[-53.5, 283.16, 0.0]
[16:02:34.265] Vector3f[-53.5, 286.08002, 0.0]
[16:02:34.279] Vector3f[-53.5, 289.00003, 0.0]
[16:02:34.298] Vector3f[-53.5, 291.92004, 0.0]
[16:02:34.313] Vector3f[-53.5, 294.84006, 0.0]
[16:02:34.330] Vector3f[-53.5, 297.76007, 0.0]
[16:02:34.347] Vector3f[-53.5, 300.68008, 0.0]
[16:02:34.364] Vector3f[-53.5, 303.6001, 0.0]
[16:02:34.381] Vector3f[-53.5, 306.5201, 0.0]
[16:02:34.398] Vector3f[-53.5, 309.44012, 0.0]
[16:02:34.415] Vector3f[-53.5, 312.36014, 0.0]
[16:02:34.432] Vector3f[-53.5, 315.28015, 0.0]
[16:02:34.450] Vector3f[-53.5, 318.20016, 0.0]
[16:02:34.467] Vector3f[-53.5, 321.12018, 0.0]
[16:02:34.483] Vector3f[-53.5, 324.0402, 0.0]
[16:02:34.500] Vector3f[-53.5, 326.9602, 0.0]
[16:02:34.517] Vector3f[-53.5, 329.88022, 0.0]
[16:02:34.534] Vector3f[-53.5, 332.80023, 0.0]
[16:02:34.551] Vector3f[-53.5, 335.72025, 0.0]
[16:02:34.568] Vector3f[-53.5, 338.64026, 0.0]
[16:02:34.585] Vector3f[-53.5, 341.56027, 0.0]
[16:02:34.602] Vector3f[-53.5, 344.4803, 0.0]
[16:02:34.619] Vector3f[-53.5, 347.4003, 0.0]
[16:02:34.637] Vector3f[-53.5, 350.3203, 0.0]
[16:02:34.653] Vector3f[-53.5, 353.24033, 0.0]
[16:02:34.670] Vector3f[-53.5, 356.16034, 0.0]
[16:02:34.688] Vector3f[-53.5, 359.08035, 0.0]
[16:02:34.704] Vector3f[-53.5, 362.00037, 0.0]
[16:02:34.722] Vector3f[-53.5, 364.92038, 0.0]
[16:02:34.738] Vector3f[-53.5, 367.8404, 0.0]
[16:02:34.757] Vector3f[-53.5, 370.7604, 0.0]
[16:02:34.772] Vector3f[-53.5, 373.68042, 0.0]
[16:02:34.789] Vector3f[-53.5, 376.60043, 0.0]
[16:02:34.807] Vector3f[-53.5, 379.52045, 0.0]
[16:02:34.823] Vector3f[-53.5, 382.44046, 0.0]
[16:02:34.840] Vector3f[-53.5, 385.36047, 0.0]
[16:02:34.858] Vector3f[-53.5, 388.2805, 0.0]
[16:02:34.874] Vector3f[-53.5, 391.2005, 0.0]
[16:02:34.892] Vector3f[-53.5, 394.1205, 0.0]
[16:02:34.910] Vector3f[-53.5, 397.04053, 0.0]
[16:02:34.926] Vector3f[-53.5, 399.96054, 0.0]
[16:02:34.943] Vector3f[-53.5, 402.88055, 0.0]
[16:02:34.959] Vector3f[-53.5, 405.80057, 0.0]
[16:02:34.977] Vector3f[-53.5, 408.72058, 0.0]
[16:02:34.993] Vector3f[-53.5, 411.6406, 0.0]
[16:02:35.010] Vector3f[-53.5, 414.5606, 0.0]
[16:02:35.027] Vector3f[-53.5, 417.48062, 0.0]
[16:02:35.044] Vector3f[-53.5, 420.40063, 0.0]
[16:02:35.061] Vector3f[-53.5, 423.32065, 0.0]
[16:02:35.078] Vector3f[-53.5, 426.24066, 0.0]
[16:02:35.095] Vector3f[-53.5, 429.16068, 0.0]
[16:02:35.113] Vector3f[-53.5, 432.0807, 0.0]
[16:02:35.129] Vector3f[-53.5, 435.0007, 0.0]
[16:02:35.146] Vector3f[-53.5, 437.92072, 0.0]
[16:02:35.164] Vector3f[-53.5, 440.84073, 0.0]
[16:02:35.181] Vector3f[-53.5, 443.76074, 0.0]
[16:02:35.197] Vector3f[-53.5, 446.68076, 0.0]
[16:02:35.215] Vector3f[-53.5, 449.60077, 0.0]
[16:02:35.231] Vector3f[-53.5, 452.52078, 0.0]
[16:02:35.248] Vector3f[-53.5, 455.4408, 0.0]
[16:02:35.265] Vector3f[-53.5, 458.3608, 0.0]
[16:02:35.283] Vector3f[-53.5, 461.28082, 0.0]
[16:02:35.299] Vector3f[-53.5, 464.20084, 0.0]
[16:02:35.315] Vector3f[-53.5, 467.12085, 0.0]
[16:02:35.333] Vector3f[-53.5, 470.04086, 0.0]
[16:02:35.351] Vector3f[-53.5, 472.96088, 0.0]
[16:02:35.368] Vector3f[-53.5, 475.8809, 0.0]
[16:02:35.384] Vector3f[-53.5, 478.8009, 0.0]
[16:02:35.401] Vector3f[-53.5, 481.72092, 0.0]
[16:02:35.418] Vector3f[-53.5, 484.64093, 0.0]
[16:02:35.435] Vector3f[-53.5, 487.56094, 0.0]
[16:02:35.452] Vector3f[-53.5, 490.48096, 0.0]
[16:02:35.470] Vector3f[-53.5, 493.40097, 0.0]
[16:02:35.486] Vector3f[-53.5, 496.32098, 0.0]
[16:02:35.503] Vector3f[-53.5, 499.241, 0.0]
[16:02:35.521] Vector3f[-53.5, 502.161, 0.0]
[16:02:35.538] Vector3f[-53.5, 505.08102, 0.0]
[16:02:35.554] Vector3f[-53.5, 508.00104, 0.0]
[16:02:35.571] Vector3f[-53.5, 510.92105, 0.0]
[16:02:35.588] Vector3f[-53.5, 513.84106, 0.0]
[16:02:35.605] Vector3f[-53.5, 516.76105, 0.0]
[16:02:35.622] Vector3f[-53.5, 519.681, 0.0]
[16:02:35.639] Vector3f[-53.5, 522.601, 0.0]
[16:02:35.656] Vector3f[-53.5, 525.521, 0.0]
[16:02:35.673] Vector3f[-53.5, 528.441, 0.0]
[16:02:35.690] Vector3f[-53.5, 531.36096, 0.0]
[16:02:35.708] Vector3f[-53.5, 534.28094, 0.0]
[16:02:35.725] Vector3f[-53.5, 537.2009, 0.0]
[16:02:35.741] Vector3f[-53.5, 540.1209, 0.0]
[16:02:35.759] Vector3f[-53.5, 543.0409, 0.0]
[16:02:35.776] Vector3f[-53.5, 545.9609, 0.0]
[16:02:35.792] Vector3f[-53.5, 548.88086, 0.0]
[16:02:35.810] Vector3f[-53.5, 551.80084, 0.0]
[16:02:35.826] Vector3f[-53.5, 554.7208, 0.0]
[16:02:35.843] Vector3f[-53.5, 557.6408, 0.0]
[16:02:35.861] Vector3f[-53.5, 560.5608, 0.0]
[16:02:35.879] Vector3f[-53.5, 563.4808, 0.0]
[16:02:35.895] Vector3f[-53.5, 566.40076, 0.0]
[16:02:35.912] Vector3f[-53.5, 569.32074, 0.0]
[16:02:35.929] Vector3f[-53.5, 572.2407, 0.0]
[16:02:35.946] Vector3f[-53.5, 575.1607, 0.0]
[16:02:35.963] Vector3f[-53.5, 578.0807, 0.0]
[16:02:35.980] Vector3f[-53.5, 581.0007, 0.0]
[16:02:35.997] Vector3f[-53.5, 583.92065, 0.0]
[16:02:36.013] Vector3f[-53.5, 586.84064, 0.0]
[16:02:36.030] Vector3f[-53.5, 589.7606, 0.0]
[16:02:36.047] Vector3f[-53.5, 592.6806, 0.0]
[16:02:36.065] Vector3f[-53.5, 595.6006, 0.0]
[16:02:36.081] Vector3f[-53.5, 598.52057, 0.0]
[16:02:36.100] Vector3f[-53.5, 601.44055, 0.0]
[16:02:36.116] Vector3f[-53.5, 604.36053, 0.0]
[16:02:36.133] Vector3f[-53.5, 607.2805, 0.0]
[16:02:36.150] Vector3f[-53.5, 610.2005, 0.0]
[16:02:36.167] Vector3f[-53.5, 613.1205, 0.0]
[16:02:36.184] Vector3f[-53.5, 616.04047, 0.0]
[16:02:36.200] Vector3f[-53.5, 618.96045, 0.0]
[16:02:36.218] Vector3f[-53.5, 621.88043, 0.0]
[16:02:36.234] Vector3f[-53.5, 624.8004, 0.0]
[16:02:36.251] Vector3f[-53.5, 627.7204, 0.0]
[16:02:36.268] Vector3f[-53.5, 630.6404, 0.0]
[16:02:36.286] Vector3f[-53.5, 633.56036, 0.0]
[16:02:36.302] Vector3f[-53.5, 636.48035, 0.0]
[16:02:36.319] Vector3f[-53.5, 639.4003, 0.0]
[16:02:36.336] Vector3f[-53.5, 642.3203, 0.0]
[16:02:36.353] Vector3f[-53.5, 645.2403, 0.0]
[16:02:36.370] Vector3f[-53.5, 648.1603, 0.0]
[16:02:36.387] Vector3f[-53.5, 651.08026, 0.0]
[16:02:36.405] Vector3f[-53.5, 654.00024, 0.0]
[16:02:36.423] Vector3f[-53.5, 656.9202, 0.0]
[16:02:36.439] Vector3f[-53.5, 659.8402, 0.0]
[16:02:36.457] Vector3f[-53.5, 662.7602, 0.0]
[16:02:36.473] Vector3f[-53.5, 665.6802, 0.0]
[16:02:36.490] Vector3f[-53.5, 668.60016, 0.0]
[16:02:36.507] Vector3f[-53.5, 671.52014, 0.0]
[16:02:36.523] Vector3f[-53.5, 674.4401, 0.0]
[16:02:36.540] Vector3f[-53.5, 677.3601, 0.0]
[16:02:36.558] Vector3f[-53.5, 680.2801, 0.0]
[16:02:36.574] Vector3f[-53.5, 683.2001, 0.0]
[16:02:36.591] Vector3f[-53.5, 686.12006, 0.0]
[16:02:36.610] Vector3f[-53.5, 689.04004, 0.0]
[16:02:36.627] Vector3f[-53.5, 691.96, 0.0]
[16:02:36.643] Vector3f[-53.5, 694.88, 0.0]
[16:02:36.661] Vector3f[-53.5, 697.8, 0.0]
[16:02:36.676] Vector3f[-53.5, 700.72, 0.0]
[16:02:36.693] Vector3f[-53.5, 703.63995, 0.0]
[16:02:36.711] Vector3f[-53.5, 706.55994, 0.0]
[16:02:36.727] Vector3f[-53.5, 709.4799, 0.0]
[16:02:36.744] Vector3f[-53.5, 712.3999, 0.0]
[16:02:36.761] Vector3f[-53.5, 715.3199, 0.0]
[16:02:36.778] Vector3f[-53.5, 718.23987, 0.0]
[16:02:36.797] Vector3f[-53.5, 721.15985, 0.0]
[16:02:36.813] Vector3f[-53.5, 724.07983, 0.0]
[16:02:36.830] Vector3f[-53.5, 726.9998, 0.0]
[16:02:36.847] Vector3f[-53.5, 729.9198, 0.0]
[16:02:36.863] Vector3f[-53.5, 732.8398, 0.0]
[16:02:36.880] Vector3f[-53.5, 735.75977, 0.0]
[16:02:36.898] Vector3f[-53.5, 738.67975, 0.0]
[16:02:36.914] Vector3f[-53.5, 741.59973, 0.0]
[16:02:36.931] Vector3f[-53.5, 744.5197, 0.0]
[16:02:36.949] Vector3f[-53.5, 747.4397, 0.0]
[16:02:36.965] Vector3f[-53.5, 750.3597, 0.0]
[16:02:36.983] Vector3f[-53.5, 753.27966, 0.0]
[16:02:36.999] Vector3f[-53.5, 756.19965, 0.0]
[16:02:37.016] Vector3f[-53.5, 759.1196, 0.0]
[16:02:37.033] Vector3f[-53.5, 762.0396, 0.0]
[16:02:37.050] Vector3f[-53.5, 764.9596, 0.0]
[16:02:37.067] Vector3f[-53.5, 767.8796, 0.0]
[16:02:37.083] Vector3f[-53.5, 770.79956, 0.0]
[16:02:37.101] Vector3f[-53.5, 773.71954, 0.0]
[16:02:37.118] Vector3f[-53.5, 776.6395, 0.0]
[16:02:37.135] Vector3f[-53.5, 779.5595, 0.0]
[16:02:37.152] Vector3f[-53.5, 782.4795, 0.0]
[16:02:37.169] Vector3f[-53.5, 785.3995, 0.0]
[16:02:37.186] Vector3f[-53.5, 788.31946, 0.0]
[16:02:37.203] Vector3f[-53.5, 791.23944, 0.0]
[16:02:37.221] Vector3f[-53.5, 794.1594, 0.0]
[16:02:37.237] Vector3f[-53.5, 797.0794, 0.0]
[16:02:37.254] Vector3f[-53.5, 799.9994, 0.0]
[16:02:37.271] Vector3f[-53.5, 802.9194, 0.0]
[16:02:37.288] Vector3f[-53.5, 805.83936, 0.0]
[16:02:37.306] Vector3f[-53.5, 808.75934, 0.0]
[16:02:37.323] Vector3f[-53.5, 811.6793, 0.0]
[16:02:37.340] Vector3f[-53.5, 814.5993, 0.0]
[16:02:37.357] Vector3f[-53.5, 817.5193, 0.0]
[16:02:37.373] Vector3f[-53.5, 820.4393, 0.0]
[16:02:37.391] Vector3f[-53.5, 823.35925, 0.0]
[16:02:37.407] Vector3f[-53.5, 826.27924, 0.0]
[16:02:37.424] Vector3f[-53.5, 829.1992, 0.0]
[16:02:37.442] Vector3f[-53.5, 832.1192, 0.0]
[16:02:37.458] Vector3f[-53.5, 835.0392, 0.0]
[16:02:37.475] Vector3f[-53.5, 837.95917, 0.0]
[16:02:37.493] Vector3f[-53.5, 840.87915, 0.0]
[16:02:37.509] Vector3f[-53.5, 843.79913, 0.0]
[16:02:37.527] Vector3f[-53.5, 846.7191, 0.0]
[16:02:37.543] Vector3f[-53.5, 849.6391, 0.0]
[16:02:37.561] Vector3f[-53.5, 852.5591, 0.0]
[16:02:37.577] Vector3f[-53.5, 855.47906, 0.0]
[16:02:37.595] Vector3f[-53.5, 858.39905, 0.0]
[16:02:37.612] Vector3f[-53.5, 861.31903, 0.0]
[16:02:37.629] Vector3f[-53.5, 864.239, 0.0]
[16:02:37.647] Vector3f[-53.5, 867.159, 0.0]
[16:02:37.662] Vector3f[-53.5, 870.079, 0.0]
[16:02:37.681] Vector3f[-53.5, 872.99896, 0.0]
[16:02:37.696] Vector3f[-53.5, 875.91895, 0.0]
[16:02:37.713] Vector3f[-53.5, 878.8389, 0.0]
[16:02:37.731] Vector3f[-53.5, 881.7589, 0.0]
[16:02:37.747] Vector3f[-53.5, 884.6789, 0.0]
[16:02:37.764] Vector3f[-53.5, 887.5989, 0.0]
[16:02:37.781] Vector3f[-53.5, 890.51886, 0.0]
[16:02:37.798] Vector3f[-53.5, 893.43884, 0.0]
[16:02:37.816] Vector3f[-53.5, 896.3588, 0.0]
[16:02:37.832] Vector3f[-53.5, 899.2788, 0.0]
[16:02:37.850] Vector3f[-53.5, 902.1988, 0.0]
[16:02:37.866] Vector3f[-53.5, 905.1188, 0.0]
[16:02:37.884] Vector3f[-53.5, 908.03876, 0.0]
[16:02:37.901] Vector3f[-53.5, 910.95874, 0.0]
[16:02:37.917] Vector3f[-53.5, 913.8787, 0.0]
[16:02:37.935] Vector3f[-53.5, 916.7987, 0.0]
[16:02:37.952] Vector3f[-53.5, 919.7187, 0.0]
[16:02:37.968] Vector3f[-53.5, 922.6387, 0.0]
[16:02:37.985] Vector3f[-53.5, 925.55865, 0.0]
[16:02:38.002] Vector3f[-53.5, 928.47864, 0.0]
[16:02:38.019] Vector3f[-53.5, 931.3986, 0.0]
[16:02:38.036] Vector3f[-53.5, 934.3186, 0.0]
[16:02:38.053] Vector3f[-53.5, 937.2386, 0.0]
[16:02:38.070] Vector3f[-53.5, 940.15857, 0.0]
[16:02:38.087] Vector3f[-53.5, 943.07855, 0.0]
[16:02:38.104] Vector3f[-53.5, 945.99854, 0.0]
[16:02:38.121] Vector3f[-53.5, 948.9185, 0.0]
[16:02:38.138] Vector3f[-53.5, 951.8385, 0.0]
[16:02:38.157] Vector3f[-53.5, 954.7585, 0.0]
[16:02:38.174] Vector3f[-53.5, 957.67847, 0.0]
[16:02:38.189] Vector3f[-53.5, 960.59845, 0.0]
[16:02:38.206] Vector3f[-53.5, 963.51843, 0.0]
[16:02:38.223] Vector3f[-53.5, 966.4384, 0.0]
[16:02:38.242] Vector3f[-53.5, 969.3584, 0.0]
[16:02:38.258] Vector3f[-53.5, 972.2784, 0.0]
[16:02:38.274] Vector3f[-53.5, 975.19836, 0.0]
[16:02:38.291] Vector3f[-53.5, 978.11835, 0.0]
[16:02:38.309] Vector3f[-53.5, 981.0383, 0.0]
[16:02:38.325] Vector3f[-53.5, 983.9583, 0.0]
[16:02:38.342] Vector3f[-53.5, 986.8783, 0.0]
[16:02:38.360] Vector3f[-53.5, 989.7983, 0.0]
[16:02:38.376] Vector3f[-53.5, 992.71826, 0.0]
[16:02:38.393] Vector3f[-53.5, 995.63824, 0.0]
[16:02:38.410] Vector3f[-53.5, 998.5582, 0.0]
[16:02:38.428] Vector3f[-53.5, 1001.4782, 0.0]
[16:02:38.445] Vector3f[-53.5, 1004.3982, 0.0]
[16:02:38.461] Vector3f[-53.5, 1007.3182, 0.0]
[16:02:38.479] Vector3f[-53.5, 1010.23816, 0.0]
[16:02:38.496] Vector3f[-53.5, 1013.15814, 0.0]
[16:02:38.513] Vector3f[-53.5, 1016.0781, 0.0]
[16:02:38.529] Vector3f[-53.5, 1018.9981, 0.0]
[16:02:38.547] Vector3f[-53.5, 1021.9181, 0.0]
[16:02:38.563] Vector3f[-53.5, 1024.8381, 0.0]
[16:02:38.580] Vector3f[-53.5, 1027.7582, 0.0]
[16:02:38.597] Vector3f[-53.5, 1030.6782, 0.0]
[16:02:38.614] Vector3f[-53.5, 1033.5983, 0.0]
[16:02:38.632] Vector3f[-53.5, 1036.5183, 0.0]
[16:02:38.649] Vector3f[-53.5, 1039.4384, 0.0]
[16:02:38.665] Vector3f[-53.5, 1042.3584, 0.0]
[16:02:38.683] Vector3f[-53.5, 1045.2784, 0.0]
[16:02:38.699] Vector3f[-53.5, 1048.1985, 0.0]
[16:02:38.716] Vector3f[-53.5, 1051.1185, 0.0]
[16:02:38.734] Vector3f[-53.5, 1054.0386, 0.0]
[16:02:38.750] Vector3f[-53.5, 1056.9586, 0.0]
[16:02:38.767] Vector3f[-53.5, 1059.8787, 0.0]
[16:02:38.784] Vector3f[-53.5, 1062.7987, 0.0]
[16:02:38.801] Vector3f[-53.5, 1065.7188, 0.0]
[16:02:38.818] Vector3f[-53.5, 1068.6388, 0.0]
[16:02:38.836] Vector3f[-53.5, 1071.5588, 0.0]
[16:02:38.852] Vector3f[-53.5, 1074.4789, 0.0]
[16:02:38.869] Vector3f[-53.5, 1077.3989, 0.0]
[16:02:38.886] Vector3f[-53.5, 1080.319, 0.0]
[16:02:38.905] Vector3f[-53.5, 1083.239, 0.0]
[16:02:38.920] Vector3f[-53.5, 1086.159, 0.0]
[16:02:38.937] Vector3f[-53.5, 1089.0791, 0.0]
[16:02:38.955] Vector3f[-53.5, 1091.9991, 0.0]
[16:02:38.972] Vector3f[-53.5, 1094.9192, 0.0]
[16:02:38.989] Vector3f[-53.5, 1097.8392, 0.0]
[16:02:39.005] Vector3f[-53.5, 1100.7593, 0.0]
[16:02:39.022] Vector3f[-53.5, 1103.6793, 0.0]
[16:02:39.039] Vector3f[-53.5, 1106.5994, 0.0]
[16:02:39.056] Vector3f[-53.5, 1109.5194, 0.0]
[16:02:39.073] Vector3f[-53.5, 1112.4395, 0.0]
[16:02:39.091] Vector3f[-53.5, 1115.3595, 0.0]
[16:02:39.109] Vector3f[-53.5, 1118.2795, 0.0]
[16:02:39.124] Vector3f[-53.5, 1121.1996, 0.0]
[16:02:39.141] Vector3f[-53.5, 1124.1196, 0.0]
[16:02:39.158] Vector3f[-53.5, 1127.0397, 0.0]
[16:02:39.175] Vector3f[-53.5, 1129.9597, 0.0]
[16:02:39.193] Vector3f[-53.5, 1132.8798, 0.0]
[16:02:39.210] Vector3f[-53.5, 1135.7998, 0.0]
[16:02:39.227] Vector3f[-53.5, 1138.7198, 0.0]
[16:02:39.243] Vector3f[-53.5, 1141.6399, 0.0]
[16:02:39.261] Vector3f[-53.5, 1144.5599, 0.0]
[16:02:39.277] Vector3f[-53.5, 1147.48, 0.0]
[16:02:39.295] Vector3f[-53.5, 1150.4, 0.0]
[16:02:39.311] Vector3f[-53.5, 1153.3201, 0.0]
[16:02:39.328] Vector3f[-53.5, 1156.2401, 0.0]
[16:02:39.345] Vector3f[-53.5, 1159.1602, 0.0]
[16:02:39.363] Vector3f[-53.5, 1162.0802, 0.0]
[16:02:39.380] Vector3f[-53.5, 1165.0002, 0.0]
[16:02:39.397] Vector3f[-53.5, 1167.9203, 0.0]
[16:02:39.414] Vector3f[-53.5, 1170.8403, 0.0]
[16:02:39.432] Vector3f[-53.5, 1173.7604, 0.0]
[16:02:39.448] Vector3f[-53.5, 1176.6804, 0.0]
[16:02:39.464] Vector3f[-53.5, 1179.6005, 0.0]
[16:02:39.482] Vector3f[-53.5, 1182.5205, 0.0]
[16:02:39.498] Vector3f[-53.5, 1185.4406, 0.0]
[16:02:39.516] Vector3f[-53.5, 1188.3606, 0.0]
[16:02:39.533] Vector3f[-53.5, 1191.2806, 0.0]
[16:02:39.550] Vector3f[-53.5, 1194.2007, 0.0]
[16:02:39.567] Vector3f[-53.5, 1197.1207, 0.0]
[16:02:39.584] Vector3f[-53.5, 1200.0408, 0.0]
[16:02:39.601] Vector3f[-53.5, 1202.9608, 0.0]
[16:02:39.617] Vector3f[-53.5, 1205.8809, 0.0]
[16:02:39.634] Vector3f[-53.5, 1208.8009, 0.0]
[16:02:39.651] Vector3f[-53.5, 1211.721, 0.0]
