[16:08:36.824] Created Window
[16:08:36.868] Setup Shaders
[16:08:37.551] Setup Player
[16:08:37.917] Setup Scene Graph
[16:08:37.926] Vector3f[-67.5, 5.0, 0.0]
[16:08:37.926] Entering Render Loop
[16:08:37.943] Vector3f[-67.5, 4.99, 0.0]
[16:08:37.960] Vector3f[-67.5, 4.97, 0.0]
[16:08:37.977] Vector3f[-67.5, 4.9399996, 0.0]
[16:08:37.994] Vector3f[-67.5, 4.8999996, 0.0]
[16:08:38.011] Vector3f[-67.5, 4.8499994, 0.0]
[16:08:38.028] Vector3f[-67.5, 4.7899995, 0.0]
[16:08:38.045] Vector3f[-67.5, 4.7199993, 0.0]
[16:08:38.063] Vector3f[-67.5, 4.6399994, 0.0]
[16:08:38.079] Vector3f[-67.5, 4.549999, 0.0]
[16:08:38.096] Vector3f[-67.5, 4.4499993, 0.0]
[16:08:38.113] Vector3f[-67.5, 4.339999, 0.0]
[16:08:38.130] Vector3f[-67.5, 4.2199993, 0.0]
[16:08:38.147] Vector3f[-67.5, 4.089999, 0.0]
[16:08:38.164] Vector3f[-67.5, 3.949999, 0.0]
[16:08:38.181] Vector3f[-67.5, 3.799999, 0.0]
[16:08:38.198] Vector3f[-67.5, 3.639999, 0.0]
[16:08:38.215] Vector3f[-67.5, 3.4699988, 0.0]
[16:08:38.233] Vector3f[-67.5, 3.2899988, 0.0]
[16:08:38.249] Vector3f[-67.5, 3.0999987, 0.0]
[16:08:38.266] Vector3f[-67.5, 2.8999987, 0.0]
[16:08:38.283] Vector3f[-67.5, 2.6899986, 0.0]
[16:08:38.300] Vector3f[-67.5, 2.4699986, 0.0]
[16:08:38.319] Vector3f[-67.5, 2.2399986, 0.0]
[16:08:38.334] Vector3f[-67.5, 1.9999986, 0.0]
[16:08:38.351] Vector3f[-67.5, 1.7499986, 0.0]
[16:08:38.368] Vector3f[-67.5, 1.4899986, 0.0]
[16:08:38.386] Vector3f[-67.5, 1.2199986, 0.0]
[16:08:38.403] Vector3f[-67.5, 0.93999857, 0.0]
[16:08:38.420] Vector3f[-67.5, 0.64999855, 0.0]
[16:08:38.436] Vector3f[-67.5, 0.34999853, 0.0]
[16:08:38.453] Vector3f[-67.5, 0.03999853, 0.0]
[16:08:38.470] Vector3f[-67.5, -0.28000146, 0.0]
[16:08:38.486] Vector3f[-67.5, -0.61000144, 0.0]
[16:08:38.504] Vector3f[-67.5, -0.9500014, 0.0]
[16:08:38.521] Vector3f[-67.5, -1.3000014, 0.0]
[16:08:38.538] Vector3f[-67.5, -1.6600013, 0.0]
[16:08:38.556] Vector3f[-67.5, -2.0300012, 0.0]
[16:08:38.572] Vector3f[-67.5, -2.410001, 0.0]
[16:08:38.589] Vector3f[-67.5, -2.800001, 0.0]
[16:08:38.606] Vector3f[-67.5, -3.2000008, 0.0]
[16:08:38.623] Vector3f[-67.5, -3.6100006, 0.0]
[16:08:38.640] Vector3f[-67.5, -4.0300007, 0.0]
[16:08:38.658] Vector3f[-67.5, -4.4600005, 0.0]
[16:08:38.674] Vector3f[-67.5, -4.9000006, 0.0]
[16:08:38.692] Vector3f[-67.5, -5.3500004, 0.0]
[16:08:38.708] Vector3f[-67.5, -5.8100004, 0.0]
[16:08:38.725] Vector3f[-67.5, -6.28, 0.0]
[16:08:38.742] Vector3f[-67.5, -6.76, 0.0]
[16:08:38.759] Vector3f[-67.5, -7.25, 0.0]
[16:08:38.776] Vector3f[-67.5, -7.75, 0.0]
[16:08:38.795] Vector3f[-67.5, -8.26, 0.0]
[16:08:38.811] Vector3f[-67.5, -8.78, 0.0]
[16:08:38.827] Vector3f[-67.5, -9.309999, 0.0]
[16:08:38.844] Vector3f[-67.5, -9.849999, 0.0]
[16:08:38.861] Vector3f[-67.5, -10.4, 0.0]
[16:08:38.879] Vector3f[-67.5, -10.959999, 0.0]
[16:08:38.895] Vector3f[-67.5, -11.529999, 0.0]
[16:08:38.912] Vector3f[-67.5, -12.109999, 0.0]
[16:08:38.929] Vector3f[-67.5, -12.699999, 0.0]
[16:08:38.947] Vector3f[-67.5, -13.299998, 0.0]
[16:08:38.963] Vector3f[-67.5, -13.909998, 0.0]
[16:08:38.981] Vector3f[-67.5, -14.529998, 0.0]
[16:08:38.997] Vector3f[-67.5, -15.159998, 0.0]
[16:08:39.014] Vector3f[-67.5, -15.799997, 0.0]
[16:08:39.031] Vector3f[-67.5, -16.449997, 0.0]
[16:08:39.047] Vector3f[-67.5, -17.109997, 0.0]
[16:08:39.065] Vector3f[-67.5, -17.779997, 0.0]
[16:08:39.082] Vector3f[-67.5, -18.459997, 0.0]
[16:08:39.099] Vector3f[-67.5, -19.149998, 0.0]
[16:08:39.115] Vector3f[-67.5, -19.849997, 0.0]
[16:08:39.133] Vector3f[-67.5, -20.559996, 0.0]
[16:08:39.150] Vector3f[-67.5, -20.559996, 0.0]
[16:08:39.167] Vector3f[-67.5, -20.559996, 0.0]
[16:08:39.184] Vector3f[-67.5, -20.559996, 0.0]
[16:08:39.201] Vector3f[-67.5, -20.559996, 0.0]
[16:08:39.219] Vector3f[-67.5, -20.559996, 0.0]
[16:08:39.235] Vector3f[-67.5, -20.559996, 0.0]
[16:08:39.252] Vector3f[-67.5, -20.559996, 0.0]
[16:08:39.269] Vector3f[-67.5, -20.559996, 0.0]
[16:08:39.286] Vector3f[-67.5, -20.559996, 0.0]
[16:08:39.303] Vector3f[-67.5, -20.559996, 0.0]
[16:08:39.321] Vector3f[-67.5, -20.559996, 0.0]
[16:08:39.337] Vector3f[-67.5, -20.559996, 0.0]
[16:08:39.356] Vector3f[-67.5, -20.559996, 0.0]
[16:08:39.371] Vector3f[-67.5, -20.559996, 0.0]
[16:08:39.388] Vector3f[-67.5, -20.559996, 0.0]
[16:08:39.405] Vector3f[-67.5, -20.559996, 0.0]
[16:08:39.422] Vector3f[-67.5, -20.559996, 0.0]
[16:08:39.439] Vector3f[-67.5, -20.559996, 0.0]
[16:08:39.456] Vector3f[-67.5, -20.559996, 0.0]
[16:08:39.473] Vector3f[-67.5, -20.559996, 0.0]
[16:08:39.490] Vector3f[-67.5, -20.559996, 0.0]
[16:08:39.507] Vector3f[-67.5, -20.559996, 0.0]
[16:08:39.524] Vector3f[-67.5, -20.559996, 0.0]
[16:08:39.542] Vector3f[-67.5, -20.559996, 0.0]
[16:08:39.558] Vector3f[-67.5, -20.559996, 0.0]
[16:08:39.576] Vector3f[-67.5, -19.569996, 0.0]
[16:08:39.592] Vector3f[-67.5, -18.589996, 0.0]
[16:08:39.609] Vector3f[-67.5, -17.619997, 0.0]
[16:08:39.627] Vector3f[-67.5, -16.659996, 0.0]
[16:08:39.643] Vector3f[-67.5, -15.709996, 0.0]
[16:08:39.661] Vector3f[-67.5, -14.769997, 0.0]
[16:08:39.677] Vector3f[-67.5, -13.839996, 0.0]
[16:08:39.694] Vector3f[-67.5, -12.919996, 0.0]
[16:08:39.711] Vector3f[-67.5, -12.009996, 0.0]
[16:08:39.729] Vector3f[-67.5, -11.109997, 0.0]
[16:08:39.746] Vector3f[-67.5, -10.219996, 0.0]
[16:08:39.763] Vector3f[-67.5, -9.339996, 0.0]
[16:08:39.779] Vector3f[-67.5, -8.469996, 0.0]
[16:08:39.796] Vector3f[-67.5, -7.6099963, 0.0]
[16:08:39.813] Vector3f[-67.5, -6.7599964, 0.0]
[16:08:39.830] Vector3f[-67.5, -5.9199963, 0.0]
[16:08:39.847] Vector3f[-67.5, -5.0899963, 0.0]
[16:08:39.864] Vector3f[-67.5, -4.269996, 0.0]
[16:08:39.881] Vector3f[-67.5, -3.459996, 0.0]
[16:08:39.898] Vector3f[-67.5, -2.6599958, 0.0]
[16:08:39.915] Vector3f[-67.5, -1.8699956, 0.0]
[16:08:39.932] Vector3f[-67.5, -1.0899954, 0.0]
[16:08:39.949] Vector3f[-67.5, -0.31999516, 0.0]
[16:08:39.967] Vector3f[-67.5, 0.44000506, 0.0]
[16:08:39.983] Vector3f[-67.5, 1.1900053, 0.0]
[16:08:40] Vector3f[-67.5, 1.9300056, 0.0]
[16:08:40.018] Vector3f[-67.5, 2.6600058, 0.0]
[16:08:40.035] Vector3f[-67.5, 3.380006, 0.0]
[16:08:40.051] Vector3f[-67.5, 4.0900064, 0.0]
[16:08:40.069] Vector3f[-67.5, 4.7900066, 0.0]
[16:08:40.085] Vector3f[-67.5, 5.480007, 0.0]
[16:08:40.103] Vector3f[-67.5, 6.1600075, 0.0]
[16:08:40.119] Vector3f[-67.5, 6.8300076, 0.0]
[16:08:40.136] Vector3f[-67.5, 7.490008, 0.0]
[16:08:40.153] Vector3f[-67.5, 8.140008, 0.0]
[16:08:40.170] Vector3f[-67.5, 8.780008, 0.0]
[16:08:40.188] Vector3f[-67.5, 9.410008, 0.0]
[16:08:40.204] Vector3f[-67.5, 10.030008, 0.0]
[16:08:40.222] Vector3f[-67.5, 10.640009, 0.0]
[16:08:40.238] Vector3f[-67.5, 11.240009, 0.0]
[16:08:40.255] Vector3f[-67.5, 11.830009, 0.0]
[16:08:40.272] Vector3f[-67.5, 12.410009, 0.0]
[16:08:40.289] Vector3f[-67.5, 12.98001, 0.0]
[16:08:40.307] Vector3f[-67.5, 13.54001, 0.0]
[16:08:40.323] Vector3f[-67.5, 14.090011, 0.0]
[16:08:40.340] Vector3f[-66.5, 14.630011, 0.0]
[16:08:40.357] Vector3f[-65.5, 15.160011, 0.0]
[16:08:40.374] Vector3f[-64.5, 15.680012, 0.0]
[16:08:40.392] Vector3f[-63.5, 16.190012, 0.0]
[16:08:40.409] Vector3f[-62.5, 16.690012, 0.0]
[16:08:40.425] Vector3f[-61.5, 17.180012, 0.0]
[16:08:40.442] Vector3f[-60.5, 17.660011, 0.0]
[16:08:40.459] Vector3f[-59.5, 18.130013, 0.0]
[16:08:40.476] Vector3f[-58.5, 18.590014, 0.0]
[16:08:40.493] Vector3f[-57.5, 19.040014, 0.0]
[16:08:40.511] Vector3f[-56.5, 19.480015, 0.0]
[16:08:40.527] Vector3f[-55.5, 19.910015, 0.0]
[16:08:40.545] Vector3f[-54.5, 20.330015, 0.0]
[16:08:40.561] Vector3f[-53.5, 20.740015, 0.0]
[16:08:40.578] Vector3f[-52.5, 21.140015, 0.0]
[16:08:40.595] Vector3f[-51.5, 21.530016, 0.0]
[16:08:40.612] Vector3f[-50.5, 21.910017, 0.0]
[16:08:40.629] Vector3f[-49.5, 22.280018, 0.0]
[16:08:40.646] Vector3f[-48.5, 22.640018, 0.0]
[16:08:40.663] Vector3f[-47.5, 22.990019, 0.0]
[16:08:40.680] Vector3f[-46.5, 23.330019, 0.0]
[16:08:40.698] Vector3f[-45.5, 23.660019, 0.0]
[16:08:40.714] Vector3f[-44.5, 23.980019, 0.0]
[16:08:40.731] Vector3f[-43.5, 24.29002, 0.0]
[16:08:40.747] Vector3f[-42.5, 24.590021, 0.0]
[16:08:40.765] Vector3f[-41.5, 24.880022, 0.0]
[16:08:40.782] Vector3f[-40.5, 25.160023, 0.0]
[16:08:40.799] Vector3f[-39.5, 25.430023, 0.0]
[16:08:40.815] Vector3f[-38.5, 25.690023, 0.0]
[16:08:40.834] Vector3f[-37.5, 25.940023, 0.0]
[16:08:40.850] Vector3f[-36.5, 26.180023, 0.0]
[16:08:40.867] Vector3f[-35.5, 26.410025, 0.0]
[16:08:40.885] Vector3f[-34.5, 26.630026, 0.0]
[16:08:40.901] Vector3f[-33.5, 26.840027, 0.0]
[16:08:40.918] Vector3f[-32.5, 27.040028, 0.0]
[16:08:40.936] Vector3f[-31.5, 27.230028, 0.0]
[16:08:40.952] Vector3f[-30.5, 27.410028, 0.0]
[16:08:40.969] Vector3f[-29.5, 27.580029, 0.0]
[16:08:40.986] Vector3f[-28.5, 27.740028, 0.0]
[16:08:41.004] Vector3f[-27.5, 27.89003, 0.0]
[16:08:41.020] Vector3f[-26.5, 28.030031, 0.0]
[16:08:41.037] Vector3f[-25.5, 28.160032, 0.0]
[16:08:41.055] Vector3f[-24.5, 28.280033, 0.0]
[16:08:41.070] Vector3f[-23.5, 28.390034, 0.0]
[16:08:41.088] Vector3f[-22.5, 28.490034, 0.0]
[16:08:41.105] Vector3f[-21.5, 28.580034, 0.0]
[16:08:41.122] Vector3f[-20.5, 28.660034, 0.0]
[16:08:41.139] Vector3f[-19.5, 28.730036, 0.0]
[16:08:41.157] Vector3f[-18.5, 28.790037, 0.0]
[16:08:41.173] Vector3f[-17.5, 28.840038, 0.0]
[16:08:41.190] Vector3f[-16.5, 28.88004, 0.0]
[16:08:41.207] Vector3f[-15.5, 28.91004, 0.0]
[16:08:41.224] Vector3f[-14.5, 28.93004, 0.0]
[16:08:41.241] Vector3f[-13.5, 28.94004, 0.0]
[16:08:41.258] Vector3f[-12.5, 28.94004, 0.0]
[16:08:41.276] Vector3f[-11.5, 28.93004, 0.0]
[16:08:41.292] Vector3f[-10.5, 28.910042, 0.0]
[16:08:41.309] Vector3f[-9.5, 28.880043, 0.0]
[16:08:41.326] Vector3f[-8.5, 28.840044, 0.0]
[16:08:41.343] Vector3f[-7.5, 28.790045, 0.0]
[16:08:41.360] Vector3f[-6.5, 28.730045, 0.0]
[16:08:41.377] Vector3f[-5.5, 28.660046, 0.0]
[16:08:41.395] Vector3f[-4.5, 28.580046, 0.0]
[16:08:41.411] Vector3f[-3.5, 28.490046, 0.0]
[16:08:41.428] Vector3f[-2.5, 28.390047, 0.0]
[16:08:41.445] Vector3f[-1.5, 28.280048, 0.0]
[16:08:41.462] Vector3f[-0.5, 28.16005, 0.0]
[16:08:41.479] Vector3f[0.5, 28.03005, 0.0]
[16:08:41.496] Vector3f[1.5, 27.89005, 0.0]
[16:08:41.513] Vector3f[2.5, 27.740051, 0.0]
[16:08:41.530] Vector3f[3.5, 27.580051, 0.0]
[16:08:41.547] Vector3f[4.5, 27.410051, 0.0]
[16:08:41.564] Vector3f[5.5, 27.230051, 0.0]
[16:08:41.581] Vector3f[6.5, 27.040052, 0.0]
[16:08:41.598] Vector3f[7.5, 26.840054, 0.0]
[16:08:41.615] Vector3f[8.5, 26.630054, 0.0]
[16:08:41.633] Vector3f[9.5, 26.410055, 0.0]
[16:08:41.649] Vector3f[10.5, 26.180056, 0.0]
[16:08:41.666] Vector3f[11.5, 25.940056, 0.0]
[16:08:41.684] Vector3f[12.5, 25.690056, 0.0]
[16:08:41.700] Vector3f[13.5, 25.430056, 0.0]
[16:08:41.716] Vector3f[14.5, 25.160057, 0.0]
[16:08:41.735] Vector3f[15.5, 24.880058, 0.0]
[16:08:41.751] Vector3f[16.5, 24.59006, 0.0]
[16:08:41.767] Vector3f[17.5, 24.29006, 0.0]
[16:08:41.785] Vector3f[18.5, 23.98006, 0.0]
[16:08:41.802] Vector3f[19.5, 23.66006, 0.0]
[16:08:41.819] Vector3f[20.5, 23.330061, 0.0]
[16:08:41.836] Vector3f[21.5, 22.99006, 0.0]
[16:08:41.854] Vector3f[22.5, 22.640062, 0.0]
[16:08:41.870] Vector3f[23.5, 22.280064, 0.0]
[16:08:41.888] Vector3f[24.5, 21.910065, 0.0]
[16:08:41.904] Vector3f[25.5, 21.530066, 0.0]
[16:08:41.921] Vector3f[26.5, 21.140066, 0.0]
[16:08:41.938] Vector3f[27.5, 20.740067, 0.0]
[16:08:41.955] Vector3f[28.5, 20.330067, 0.0]
[16:08:41.973] Vector3f[29.5, 19.910067, 0.0]
[16:08:41.990] Vector3f[30.5, 19.480068, 0.0]
[16:08:42.006] Vector3f[31.5, 19.04007, 0.0]
[16:08:42.023] Vector3f[32.5, 18.59007, 0.0]
[16:08:42.040] Vector3f[33.5, 18.130072, 0.0]
[16:08:42.057] Vector3f[34.5, 17.660072, 0.0]
[16:08:42.074] Vector3f[35.5, 17.180073, 0.0]
[16:08:42.091] Vector3f[36.5, 16.690073, 0.0]
[16:08:42.108] Vector3f[37.5, 16.190073, 0.0]
[16:08:42.125] Vector3f[38.5, 15.680074, 0.0]
[16:08:42.143] Vector3f[39.5, 15.160074, 0.0]
[16:08:42.159] Vector3f[40.5, 14.630075, 0.0]
[16:08:42.176] Vector3f[41.5, 14.090076, 0.0]
[16:08:42.193] Vector3f[42.5, 13.540077, 0.0]
[16:08:42.210] Vector3f[43.5, 12.980078, 0.0]
[16:08:42.227] Vector3f[44.5, 12.410079, 0.0]
[16:08:42.244] Vector3f[45.5, 11.83008, 0.0]
[16:08:42.261] Vector3f[46.5, 11.240081, 0.0]
[16:08:42.278] Vector3f[47.5, 10.640081, 0.0]
[16:08:42.295] Vector3f[48.5, 10.030083, 0.0]
[16:08:42.313] Vector3f[48.5, 9.410084, 0.0]
[16:08:42.329] Vector3f[48.5, 8.780085, 0.0]
[16:08:42.347] Vector3f[48.5, 8.140085, 0.0]
[16:08:42.363] Vector3f[48.5, 7.490086, 0.0]
[16:08:42.380] Vector3f[48.5, 6.830087, 0.0]
[16:08:42.396] Vector3f[48.5, 6.160088, 0.0]
[16:08:42.414] Vector3f[48.5, 5.480089, 0.0]
[16:08:42.431] Vector3f[48.5, 4.79009, 0.0]
[16:08:42.448] Vector3f[48.5, 4.090091, 0.0]
[16:08:42.465] Vector3f[48.5, 3.3800921, 0.0]
[16:08:42.482] Vector3f[48.5, 2.6600933, 0.0]
[16:08:42.499] Vector3f[48.5, 1.9300944, 0.0]
[16:08:42.516] Vector3f[48.5, 1.1900954, 0.0]
[16:08:42.533] Vector3f[48.5, 0.4400965, 0.0]
[16:08:42.550] Vector3f[48.5, -0.31990242, 0.0]
[16:08:42.567] Vector3f[48.5, -1.0899013, 0.0]
[16:08:42.584] Vector3f[48.5, -1.8699002, 0.0]
[16:08:42.601] Vector3f[48.5, -2.6598992, 0.0]
[16:08:42.618] Vector3f[48.5, -3.459898, 0.0]
[16:08:42.635] Vector3f[48.5, -4.269897, 0.0]
[16:08:42.652] Vector3f[48.5, -5.0898957, 0.0]
[16:08:42.669] Vector3f[48.5, -5.9198947, 0.0]
[16:08:42.686] Vector3f[47.5, -6.7598934, 0.0]
[16:08:42.703] Vector3f[46.5, -7.6098924, 0.0]
[16:08:42.720] Vector3f[45.5, -8.469892, 0.0]
[16:08:42.737] Vector3f[44.5, -9.3398905, 0.0]
[16:08:42.754] Vector3f[43.5, -10.21989, 0.0]
[16:08:42.771] Vector3f[42.5, -11.109888, 0.0]
[16:08:42.789] Vector3f[41.5, -12.009887, 0.0]
[16:08:42.805] Vector3f[40.5, -12.919886, 0.0]
[16:08:42.822] Vector3f[39.5, -13.839885, 0.0]
[16:08:42.839] Vector3f[38.5, -14.769883, 0.0]
[16:08:42.856] Vector3f[37.5, -15.709882, 0.0]
[16:08:42.874] Vector3f[36.5, -16.65988, 0.0]
[16:08:42.890] Vector3f[35.5, -17.619879, 0.0]
[16:08:42.907] Vector3f[34.5, -18.589878, 0.0]
[16:08:42.924] Vector3f[33.5, -19.569878, 0.0]
[16:08:42.941] Vector3f[32.5, -20.559875, 0.0]
[16:08:42.958] Vector3f[31.5, -21.559874, 0.0]
[16:08:42.975] Vector3f[30.5, -22.569872, 0.0]
[16:08:42.993] Vector3f[29.5, -23.58987, 0.0]
[16:08:43.009] Vector3f[28.5, -24.61987, 0.0]
[16:08:43.026] Vector3f[27.5, -25.659868, 0.0]
[16:08:43.044] Vector3f[26.5, -26.709867, 0.0]
[16:08:43.060] Vector3f[25.5, -27.769867, 0.0]
[16:08:43.077] Vector3f[24.5, -28.839865, 0.0]
[16:08:43.093] Vector3f[23.5, -29.919863, 0.0]
[16:08:43.111] Vector3f[22.5, -31.009861, 0.0]
[16:08:43.128] Vector3f[21.5, -32.10986, 0.0]
[16:08:43.144] Vector3f[20.5, -33.219856, 0.0]
[16:08:43.162] Vector3f[19.5, -34.339855, 0.0]
[16:08:43.180] Vector3f[18.5, -35.469852, 0.0]
[16:08:43.197] Vector3f[17.5, -36.60985, 0.0]
[16:08:43.213] Vector3f[16.5, -37.75985, 0.0]
[16:08:43.230] Vector3f[15.5, -38.91985, 0.0]
[16:08:43.247] Vector3f[14.5, -40.089848, 0.0]
[16:08:43.265] Vector3f[13.5, -41.269848, 0.0]
[16:08:43.281] Vector3f[12.5, -42.459846, 0.0]
[16:08:43.298] Vector3f[11.5, -43.659843, 0.0]
[16:08:43.315] Vector3f[10.5, -44.869843, 0.0]
[16:08:43.334] Vector3f[9.5, -46.08984, 0.0]
[16:08:43.350] Vector3f[8.5, -47.31984, 0.0]
[16:08:43.367] Vector3f[7.5, -48.559837, 0.0]
[16:08:43.383] Vector3f[6.5, -49.809837, 0.0]
[16:08:43.400] Vector3f[5.5, -51.069836, 0.0]
[16:08:43.418] Vector3f[4.5, -52.339832, 0.0]
[16:08:43.434] Vector3f[3.5, -53.61983, 0.0]
[16:08:43.451] Vector3f[2.5, -54.90983, 0.0]
[16:08:43.469] Vector3f[1.5, -56.209827, 0.0]
[16:08:43.485] Vector3f[0.5, -57.519825, 0.0]
[16:08:43.503] Vector3f[-0.5, -58.839825, 0.0]
[16:08:43.519] Vector3f[-1.5, -60.169823, 0.0]
[16:08:43.536] Vector3f[-2.5, -61.509823, 0.0]
[16:08:43.553] Vector3f[-3.5, -62.85982, 0.0]
[16:08:43.570] Vector3f[-4.5, -64.21982, 0.0]
[16:08:43.587] Vector3f[-5.5, -65.58981, 0.0]
[16:08:43.604] Vector3f[-6.5, -66.96981, 0.0]
[16:08:43.621] Vector3f[-7.5, -68.35981, 0.0]
[16:08:43.638] Vector3f[-8.5, -69.75981, 0.0]
[16:08:43.655] Vector3f[-9.5, -71.16981, 0.0]
[16:08:43.672] Vector3f[-10.5, -72.589806, 0.0]
[16:08:43.689] Vector3f[-11.5, -74.019806, 0.0]
[16:08:43.706] Vector3f[-12.5, -75.4598, 0.0]
[16:08:43.723] Vector3f[-13.5, -76.9098, 0.0]
[16:08:43.741] Vector3f[-14.5, -78.3698, 0.0]
[16:08:43.757] Vector3f[-15.5, -79.8398, 0.0]
[16:08:43.774] Vector3f[-15.5, -81.31979, 0.0]
[16:08:43.792] Vector3f[-15.5, -82.80979, 0.0]
[16:08:43.808] Vector3f[-15.5, -84.30979, 0.0]
[16:08:43.825] Vector3f[-15.5, -85.819786, 0.0]
[16:08:43.842] Vector3f[-15.5, -87.33978, 0.0]
[16:08:43.859] Vector3f[-15.5, -88.86978, 0.0]
[16:08:43.877] Vector3f[-15.5, -90.40978, 0.0]
[16:08:43.894] Vector3f[-15.5, -91.95978, 0.0]
[16:08:43.909] Vector3f[-15.5, -93.519775, 0.0]
[16:08:43.927] Vector3f[-15.5, -95.089775, 0.0]
[16:08:43.945] Vector3f[-15.5, -96.66978, 0.0]
[16:08:43.961] Vector3f[-15.5, -98.25977, 0.0]
[16:08:43.979] Vector3f[-15.5, -99.85977, 0.0]
[16:08:43.995] Vector3f[-15.5, -101.46977, 0.0]
[16:08:44.012] Vector3f[-15.5, -103.08977, 0.0]
[16:08:44.029] Vector3f[-15.5, -104.719765, 0.0]
[16:08:44.046] Vector3f[-15.5, -106.359764, 0.0]
[16:08:44.064] Vector3f[-15.5, -108.009766, 0.0]
[16:08:44.081] Vector3f[-15.5, -109.66976, 0.0]
[16:08:44.097] Vector3f[-15.5, -111.33976, 0.0]
[16:08:44.114] Vector3f[-15.5, -113.01976, 0.0]
[16:08:44.131] Vector3f[-15.5, -114.709755, 0.0]
[16:08:44.148] Vector3f[-15.5, -116.40975, 0.0]
[16:08:44.165] Vector3f[-15.5, -118.11975, 0.0]
[16:08:44.182] Vector3f[-15.5, -119.83975, 0.0]
[16:08:44.199] Vector3f[-15.5, -121.56975, 0.0]
[16:08:44.216] Vector3f[-15.5, -123.309746, 0.0]
[16:08:44.233] Vector3f[-15.5, -125.059746, 0.0]
[16:08:44.250] Vector3f[-15.5, -126.81974, 0.0]
[16:08:44.268] Vector3f[-15.5, -128.58974, 0.0]
[16:08:44.284] Vector3f[-15.5, -130.36974, 0.0]
[16:08:44.301] Vector3f[-15.5, -132.15973, 0.0]
[16:08:44.317] Vector3f[-15.5, -133.95973, 0.0]
[16:08:44.334] Vector3f[-15.5, -135.76973, 0.0]
[16:08:44.352] Vector3f[-15.5, -137.58972, 0.0]
[16:08:44.368] Vector3f[-15.5, -139.41972, 0.0]
[16:08:44.386] Vector3f[-15.5, -141.25972, 0.0]
[16:08:44.403] Vector3f[-15.5, -143.10971, 0.0]
[16:08:44.420] Vector3f[-15.5, -144.96971, 0.0]
[16:08:44.438] Vector3f[-15.5, -146.8397, 0.0]
[16:08:44.455] Vector3f[-15.5, -148.71971, 0.0]
[16:08:44.472] Vector3f[-15.5, -150.60971, 0.0]
[16:08:44.489] Vector3f[-15.5, -152.5097, 0.0]
[16:08:44.505] Vector3f[-15.5, -154.41971, 0.0]
[16:08:44.522] Vector3f[-15.5, -156.3397, 0.0]
[16:08:44.540] Vector3f[-15.5, -158.2697, 0.0]
[16:08:44.557] Vector3f[-15.5, -160.2097, 0.0]
[16:08:44.573] Vector3f[-15.5, -162.1597, 0.0]
[16:08:44.590] Vector3f[-15.5, -164.11969, 0.0]
[16:08:44.607] Vector3f[-15.5, -166.08969, 0.0]
[16:08:44.625] Vector3f[-15.5, -168.06969, 0.0]
[16:08:44.641] Vector3f[-15.5, -170.05968, 0.0]
[16:08:44.658] Vector3f[-15.5, -172.05968, 0.0]
[16:08:44.675] Vector3f[-15.5, -174.06967, 0.0]
[16:08:44.692] Vector3f[-15.5, -176.08968, 0.0]
[16:08:44.709] Vector3f[-15.5, -178.11967, 0.0]
[16:08:44.726] Vector3f[-15.5, -180.15967, 0.0]
[16:08:44.744] Vector3f[-15.5, -182.20967, 0.0]
[16:08:44.760] Vector3f[-15.5, -184.26967, 0.0]
[16:08:44.777] Vector3f[-15.5, -186.33966, 0.0]
[16:08:44.793] Vector3f[-15.5, -188.41966, 0.0]
[16:08:44.811] Vector3f[-15.5, -190.50966, 0.0]
[16:08:44.828] Vector3f[-15.5, -192.60965, 0.0]
[16:08:44.845] Vector3f[-15.5, -194.71965, 0.0]
[16:08:44.863] Vector3f[-15.5, -196.83965, 0.0]
[16:08:44.879] Vector3f[-15.5, -198.96965, 0.0]
[16:08:44.896] Vector3f[-15.5, -201.10965, 0.0]
[16:08:44.913] Vector3f[-15.5, -203.25964, 0.0]
[16:08:44.930] Vector3f[-15.5, -205.41965, 0.0]
[16:08:44.948] Vector3f[-15.5, -207.58965, 0.0]
[16:08:44.964] Vector3f[-15.5, -209.76964, 0.0]
[16:08:44.981] Vector3f[-15.5, -211.95964, 0.0]
[16:08:44.999] Vector3f[-15.5, -214.15964, 0.0]
[16:08:45.015] Vector3f[-15.5, -216.36963, 0.0]
[16:08:45.032] Vector3f[-15.5, -218.58963, 0.0]
[16:08:45.049] Vector3f[-15.5, -220.81963, 0.0]
[16:08:45.066] Vector3f[-15.5, -223.05962, 0.0]
[16:08:45.083] Vector3f[-15.5, -225.30962, 0.0]
[16:08:45.100] Vector3f[-15.5, -227.56961, 0.0]
[16:08:45.117] Vector3f[-15.5, -229.83961, 0.0]
[16:08:45.134] Vector3f[-15.5, -232.11961, 0.0]
[16:08:45.151] Vector3f[-15.5, -234.4096, 0.0]
[16:08:45.168] Vector3f[-15.5, -236.70961, 0.0]
[16:08:45.185] Vector3f[-15.5, -239.0196, 0.0]
[16:08:45.203] Vector3f[-15.5, -241.3396, 0.0]
[16:08:45.220] Vector3f[-15.5, -243.6696, 0.0]
[16:08:45.236] Vector3f[-15.5, -246.0096, 0.0]
[16:08:45.253] Vector3f[-15.5, -248.35959, 0.0]
[16:08:45.270] Vector3f[-15.5, -250.71959, 0.0]
[16:08:45.287] Vector3f[-15.5, -253.08958, 0.0]
[16:08:45.305] Vector3f[-15.5, -255.46959, 0.0]
[16:08:45.321] Vector3f[-15.5, -257.8596, 0.0]
[16:08:45.338] Vector3f[-15.5, -260.25958, 0.0]
[16:08:45.355] Vector3f[-15.5, -262.6696, 0.0]
[16:08:45.373] Vector3f[-15.5, -265.08957, 0.0]
[16:08:45.389] Vector3f[-15.5, -267.51956, 0.0]
[16:08:45.406] Vector3f[-15.5, -269.95956, 0.0]
[16:08:45.423] Vector3f[-15.5, -272.40958, 0.0]
