[16:08:12.962] Created Window
[16:08:13.013] Setup Shaders
[16:08:13.584] Setup Player
[16:08:14.089] Setup Scene Graph
[16:08:14.099] Entering Render Loop
[16:08:14.099] Vector3f[-67.5, 5.0, 0.0]
[16:08:14.119] Vector3f[-67.5, 4.99, 0.0]
[16:08:14.133] Vector3f[-67.5, 4.97, 0.0]
[16:08:14.148] Vector3f[-67.5, 4.9399996, 0.0]
[16:08:14.165] Vector3f[-67.5, 4.8999996, 0.0]
[16:08:14.182] Vector3f[-67.5, 4.8499994, 0.0]
[16:08:14.199] Vector3f[-67.5, 4.7899995, 0.0]
[16:08:14.217] Vector3f[-67.5, 4.7199993, 0.0]
[16:08:14.233] Vector3f[-67.5, 4.6399994, 0.0]
[16:08:14.251] Vector3f[-67.5, 4.549999, 0.0]
[16:08:14.268] Vector3f[-67.5, 4.4499993, 0.0]
[16:08:14.285] Vector3f[-67.5, 4.339999, 0.0]
[16:08:14.302] Vector3f[-67.5, 4.2199993, 0.0]
[16:08:14.319] Vector3f[-67.5, 4.089999, 0.0]
[16:08:14.336] Vector3f[-67.5, 3.949999, 0.0]
[16:08:14.353] Vector3f[-67.5, 3.799999, 0.0]
[16:08:14.370] Vector3f[-67.5, 3.639999, 0.0]
[16:08:14.388] Vector3f[-67.5, 3.4699988, 0.0]
[16:08:14.404] Vector3f[-67.5, 3.2899988, 0.0]
[16:08:14.421] Vector3f[-67.5, 3.0999987, 0.0]
[16:08:14.438] Vector3f[-67.5, 2.8999987, 0.0]
[16:08:14.455] Vector3f[-67.5, 2.6899986, 0.0]
[16:08:14.472] Vector3f[-67.5, 2.4699986, 0.0]
[16:08:14.489] Vector3f[-67.5, 2.2399986, 0.0]
[16:08:14.507] Vector3f[-67.5, 1.9999986, 0.0]
[16:08:14.523] Vector3f[-67.5, 1.7499986, 0.0]
[16:08:14.540] Vector3f[-67.5, 1.4899986, 0.0]
[16:08:14.557] Vector3f[-67.5, 1.2199986, 0.0]
[16:08:14.574] Vector3f[-67.5, 0.93999857, 0.0]
[16:08:14.591] Vector3f[-67.5, 0.64999855, 0.0]
[16:08:14.607] Vector3f[-67.5, 0.34999853, 0.0]
[16:08:14.625] Vector3f[-67.5, 0.03999853, 0.0]
[16:08:14.643] Vector3f[-67.5, -0.28000146, 0.0]
[16:08:14.659] Vector3f[-67.5, -0.61000144, 0.0]
[16:08:14.676] Vector3f[-67.5, -0.9500014, 0.0]
[16:08:14.694] Vector3f[-67.5, -1.3000014, 0.0]
[16:08:14.710] Vector3f[-67.5, -1.6600013, 0.0]
[16:08:14.727] Vector3f[-67.5, -2.0300012, 0.0]
[16:08:14.744] Vector3f[-67.5, -2.410001, 0.0]
[16:08:14.761] Vector3f[-67.5, -2.800001, 0.0]
[16:08:14.778] Vector3f[-67.5, -3.2000008, 0.0]
[16:08:14.794] Vector3f[-67.5, -3.6100006, 0.0]
[16:08:14.812] Vector3f[-67.5, -4.0300007, 0.0]
[16:08:14.829] Vector3f[-67.5, -4.4600005, 0.0]
[16:08:14.845] Vector3f[-67.5, -4.9000006, 0.0]
[16:08:14.863] Vector3f[-67.5, -5.3500004, 0.0]
[16:08:14.880] Vector3f[-67.5, -5.8100004, 0.0]
[16:08:14.898] Vector3f[-67.5, -6.28, 0.0]
[16:08:14.916] Vector3f[-67.5, -6.76, 0.0]
[16:08:14.931] Vector3f[-67.5, -7.25, 0.0]
[16:08:14.947] Vector3f[-67.5, -7.75, 0.0]
[16:08:14.965] Vector3f[-67.5, -8.26, 0.0]
[16:08:14.982] Vector3f[-67.5, -8.78, 0.0]
[16:08:14.999] Vector3f[-67.5, -9.309999, 0.0]
[16:08:15.016] Vector3f[-67.5, -9.849999, 0.0]
[16:08:15.034] Vector3f[-67.5, -10.4, 0.0]
[16:08:15.050] Vector3f[-67.5, -10.959999, 0.0]
[16:08:15.067] Vector3f[-67.5, -11.529999, 0.0]
[16:08:15.085] Vector3f[-67.5, -12.109999, 0.0]
[16:08:15.101] Vector3f[-67.5, -12.699999, 0.0]
[16:08:15.118] Vector3f[-67.5, -13.299998, 0.0]
[16:08:15.135] Vector3f[-67.5, -13.909998, 0.0]
[16:08:15.152] Vector3f[-67.5, -14.529998, 0.0]
[16:08:15.169] Vector3f[-67.5, -15.159998, 0.0]
[16:08:15.186] Vector3f[-67.5, -15.799997, 0.0]
[16:08:15.204] Vector3f[-67.5, -16.449997, 0.0]
[16:08:15.221] Vector3f[-67.5, -17.109997, 0.0]
[16:08:15.237] Vector3f[-67.5, -17.779997, 0.0]
[16:08:15.254] Vector3f[-67.5, -18.459997, 0.0]
[16:08:15.271] Vector3f[-67.5, -19.149998, 0.0]
[16:08:15.288] Vector3f[-67.5, -19.849997, 0.0]
[16:08:15.305] Vector3f[-67.5, -20.559996, 0.0]
[16:08:15.322] Vector3f[-67.5, -20.559996, 0.0]
[16:08:15.339] Vector3f[-67.5, -20.559996, 0.0]
[16:08:15.356] Vector3f[-67.5, -20.559996, 0.0]
[16:08:15.373] Vector3f[-67.5, -20.559996, 0.0]
[16:08:15.392] Vector3f[-67.5, -20.559996, 0.0]
[16:08:15.407] Vector3f[-67.5, -20.559996, 0.0]
[16:08:15.424] Vector3f[-67.5, -20.559996, 0.0]
[16:08:15.442] Vector3f[-67.5, -20.559996, 0.0]
[16:08:15.458] Vector3f[-67.5, -20.559996, 0.0]
[16:08:15.475] Vector3f[-67.5, -20.559996, 0.0]
[16:08:15.492] Vector3f[-67.5, -20.559996, 0.0]
[16:08:15.509] Vector3f[-67.5, -20.559996, 0.0]
[16:08:15.527] Vector3f[-67.5, -20.559996, 0.0]
[16:08:15.544] Vector3f[-67.5, -20.559996, 0.0]
[16:08:15.560] Vector3f[-67.5, -20.559996, 0.0]
[16:08:15.577] Vector3f[-67.5, -20.559996, 0.0]
[16:08:15.595] Vector3f[-67.5, -20.559996, 0.0]
[16:08:15.611] Vector3f[-67.5, -20.559996, 0.0]
[16:08:15.629] Vector3f[-67.5, -20.559996, 0.0]
[16:08:15.645] Vector3f[-67.5, -20.559996, 0.0]
[16:08:15.662] Vector3f[-67.5, -20.559996, 0.0]
[16:08:15.679] Vector3f[-67.5, -20.559996, 0.0]
[16:08:15.697] Vector3f[-67.5, -20.559996, 0.0]
[16:08:15.713] Vector3f[-67.5, -20.559996, 0.0]
[16:08:15.730] Vector3f[-67.5, -20.559996, 0.0]
[16:08:15.747] Vector3f[-67.5, -20.559996, 0.0]
[16:08:15.765] Vector3f[-67.5, -20.559996, 0.0]
[16:08:15.781] Vector3f[-67.5, -20.559996, 0.0]
[16:08:15.798] Vector3f[-67.5, -20.559996, 0.0]
[16:08:15.816] Vector3f[-67.5, -20.559996, 0.0]
[16:08:15.832] Vector3f[-67.5, -20.559996, 0.0]
[16:08:15.849] Vector3f[-67.5, -20.559996, 0.0]
[16:08:15.866] Vector3f[-67.5, -20.559996, 0.0]
[16:08:15.882] Vector3f[-67.5, -20.559996, 0.0]
[16:08:15.900] Vector3f[-67.5, -20.559996, 0.0]
[16:08:15.918] Vector3f[-67.5, -20.559996, 0.0]
[16:08:15.934] Vector3f[-67.5, -20.069996, 0.0]
[16:08:15.951] Vector3f[-67.5, -19.579996, 0.0]
[16:08:15.968] Vector3f[-67.5, -19.099997, 0.0]
[16:08:15.985] Vector3f[-67.5, -18.629997, 0.0]
[16:08:16.002] Vector3f[-67.5, -18.169998, 0.0]
[16:08:16.019] Vector3f[-67.5, -17.719997, 0.0]
[16:08:16.035] Vector3f[-67.5, -17.279997, 0.0]
[16:08:16.053] Vector3f[-67.5, -16.849997, 0.0]
[16:08:16.070] Vector3f[-67.5, -16.429996, 0.0]
[16:08:16.088] Vector3f[-67.5, -16.019997, 0.0]
[16:08:16.104] Vector3f[-67.5, -15.619997, 0.0]
[16:08:16.121] Vector3f[-67.5, -15.229997, 0.0]
[16:08:16.139] Vector3f[-67.5, -14.849997, 0.0]
[16:08:16.155] Vector3f[-67.5, -14.479997, 0.0]
[16:08:16.172] Vector3f[-67.5, -14.119997, 0.0]
[16:08:16.189] Vector3f[-67.5, -13.769997, 0.0]
[16:08:16.206] Vector3f[-67.5, -13.4299965, 0.0]
[16:08:16.223] Vector3f[-67.5, -13.099997, 0.0]
[16:08:16.241] Vector3f[-67.5, -12.779997, 0.0]
[16:08:16.257] Vector3f[-67.5, -12.469996, 0.0]
[16:08:16.274] Vector3f[-67.5, -12.169996, 0.0]
[16:08:16.292] Vector3f[-67.5, -11.879996, 0.0]
[16:08:16.308] Vector3f[-67.5, -11.599997, 0.0]
[16:08:16.325] Vector3f[-67.5, -11.329996, 0.0]
[16:08:16.342] Vector3f[-67.5, -11.069996, 0.0]
[16:08:16.359] Vector3f[-67.5, -10.819996, 0.0]
[16:08:16.376] Vector3f[-67.5, -10.579996, 0.0]
[16:08:16.393] Vector3f[-67.5, -10.349996, 0.0]
[16:08:16.411] Vector3f[-67.5, -10.129995, 0.0]
[16:08:16.427] Vector3f[-67.5, -9.919995, 0.0]
[16:08:16.445] Vector3f[-67.5, -9.7199955, 0.0]
[16:08:16.461] Vector3f[-67.5, -9.529995, 0.0]
[16:08:16.479] Vector3f[-67.5, -9.349995, 0.0]
[16:08:16.495] Vector3f[-67.5, -9.179995, 0.0]
[16:08:16.513] Vector3f[-67.5, -9.019995, 0.0]
[16:08:16.529] Vector3f[-67.5, -8.869994, 0.0]
[16:08:16.546] Vector3f[-67.5, -8.729994, 0.0]
[16:08:16.563] Vector3f[-67.5, -8.599994, 0.0]
[16:08:16.580] Vector3f[-67.5, -8.479994, 0.0]
[16:08:16.597] Vector3f[-67.5, -8.369993, 0.0]
[16:08:16.614] Vector3f[-67.5, -8.269993, 0.0]
[16:08:16.632] Vector3f[-67.5, -8.179993, 0.0]
[16:08:16.648] Vector3f[-67.5, -8.099993, 0.0]
[16:08:16.665] Vector3f[-67.5, -8.029992, 0.0]
[16:08:16.682] Vector3f[-67.5, -7.9699917, 0.0]
[16:08:16.700] Vector3f[-67.5, -7.9199915, 0.0]
[16:08:16.716] Vector3f[-67.5, -7.8799915, 0.0]
[16:08:16.732] Vector3f[-67.5, -7.8499913, 0.0]
[16:08:16.750] Vector3f[-67.5, -7.8299913, 0.0]
[16:08:16.768] Vector3f[-67.5, -7.819991, 0.0]
[16:08:16.784] Vector3f[-67.5, -7.819991, 0.0]
[16:08:16.801] Vector3f[-67.5, -7.829991, 0.0]
[16:08:16.819] Vector3f[-67.5, -7.849991, 0.0]
[16:08:16.835] Vector3f[-67.5, -7.8799906, 0.0]
[16:08:16.852] Vector3f[-67.5, -7.9199905, 0.0]
[16:08:16.869] Vector3f[-67.5, -7.9699903, 0.0]
[16:08:16.887] Vector3f[-67.5, -8.02999, 0.0]
[16:08:16.903] Vector3f[-67.5, -8.09999, 0.0]
[16:08:16.920] Vector3f[-67.5, -8.17999, 0.0]
[16:08:16.939] Vector3f[-67.5, -8.26999, 0.0]
[16:08:16.954] Vector3f[-67.5, -8.369989, 0.0]
[16:08:16.971] Vector3f[-67.5, -8.479989, 0.0]
[16:08:16.988] Vector3f[-67.5, -8.599989, 0.0]
[16:08:17.005] Vector3f[-67.5, -8.729989, 0.0]
[16:08:17.023] Vector3f[-67.5, -8.869988, 0.0]
[16:08:17.038] Vector3f[-67.5, -9.019988, 0.0]
[16:08:17.055] Vector3f[-67.5, -9.179988, 0.0]
[16:08:17.073] Vector3f[-67.5, -9.349988, 0.0]
[16:08:17.089] Vector3f[-67.5, -9.529988, 0.0]
[16:08:17.106] Vector3f[-67.5, -9.719988, 0.0]
[16:08:17.123] Vector3f[-67.5, -9.919988, 0.0]
[16:08:17.141] Vector3f[-67.5, -10.129988, 0.0]
[16:08:17.158] Vector3f[-67.5, -10.349988, 0.0]
[16:08:17.175] Vector3f[-67.5, -10.579988, 0.0]
[16:08:17.192] Vector3f[-67.5, -10.819987, 0.0]
[16:08:17.210] Vector3f[-67.5, -11.069987, 0.0]
[16:08:17.226] Vector3f[-67.5, -11.329988, 0.0]
[16:08:17.243] Vector3f[-67.5, -11.599987, 0.0]
[16:08:17.260] Vector3f[-67.5, -11.879987, 0.0]
[16:08:17.277] Vector3f[-67.5, -12.169987, 0.0]
[16:08:17.295] Vector3f[-67.5, -12.469987, 0.0]
[16:08:17.312] Vector3f[-67.5, -12.779986, 0.0]
[16:08:17.328] Vector3f[-67.5, -13.099986, 0.0]
[16:08:17.345] Vector3f[-67.5, -13.429986, 0.0]
[16:08:17.363] Vector3f[-67.5, -13.769986, 0.0]
[16:08:17.380] Vector3f[-67.5, -14.119986, 0.0]
[16:08:17.396] Vector3f[-67.5, -14.479985, 0.0]
[16:08:17.413] Vector3f[-67.5, -14.849985, 0.0]
[16:08:17.431] Vector3f[-67.5, -15.229985, 0.0]
[16:08:17.447] Vector3f[-67.5, -15.619985, 0.0]
[16:08:17.464] Vector3f[-67.5, -16.019985, 0.0]
[16:08:17.481] Vector3f[-67.5, -16.429985, 0.0]
[16:08:17.498] Vector3f[-67.5, -16.849985, 0.0]
[16:08:17.515] Vector3f[-67.5, -17.279985, 0.0]
[16:08:17.533] Vector3f[-67.5, -17.719986, 0.0]
[16:08:17.549] Vector3f[-67.5, -18.169985, 0.0]
[16:08:17.566] Vector3f[-67.5, -18.629984, 0.0]
[16:08:17.584] Vector3f[-67.5, -19.099983, 0.0]
[16:08:17.600] Vector3f[-67.5, -19.579983, 0.0]
[16:08:17.617] Vector3f[-67.5, -20.069983, 0.0]
[16:08:17.635] Vector3f[-67.5, -20.069983, 0.0]
[16:08:17.651] Vector3f[-67.5, -20.069983, 0.0]
[16:08:17.669] Vector3f[-67.5, -20.069983, 0.0]
[16:08:17.685] Vector3f[-67.5, -20.069983, 0.0]
[16:08:17.702] Vector3f[-67.5, -20.069983, 0.0]
[16:08:17.720] Vector3f[-67.5, -20.069983, 0.0]
[16:08:17.736] Vector3f[-67.5, -20.069983, 0.0]
[16:08:17.753] Vector3f[-67.5, -20.069983, 0.0]
[16:08:17.771] Vector3f[-67.5, -20.069983, 0.0]
[16:08:17.787] Vector3f[-67.5, -20.069983, 0.0]
[16:08:17.804] Vector3f[-67.5, -20.069983, 0.0]
[16:08:17.821] Vector3f[-67.5, -20.069983, 0.0]
[16:08:17.838] Vector3f[-67.5, -20.069983, 0.0]
[16:08:17.855] Vector3f[-67.5, -20.069983, 0.0]
[16:08:17.872] Vector3f[-67.5, -20.069983, 0.0]
[16:08:17.889] Vector3f[-67.5, -20.069983, 0.0]
[16:08:17.906] Vector3f[-67.5, -20.069983, 0.0]
[16:08:17.923] Vector3f[-67.5, -20.069983, 0.0]
[16:08:17.939] Vector3f[-67.5, -20.069983, 0.0]
[16:08:17.957] Vector3f[-67.5, -20.069983, 0.0]
[16:08:17.975] Vector3f[-67.5, -20.069983, 0.0]
[16:08:17.991] Vector3f[-67.5, -20.069983, 0.0]
[16:08:18.008] Vector3f[-67.5, -20.069983, 0.0]
[16:08:18.025] Vector3f[-67.5, -20.069983, 0.0]
[16:08:18.042] Vector3f[-66.5, -19.579983, 0.0]
[16:08:18.059] Vector3f[-65.5, -19.099983, 0.0]
[16:08:18.076] Vector3f[-64.5, -18.629984, 0.0]
[16:08:18.093] Vector3f[-63.5, -18.169983, 0.0]
[16:08:18.110] Vector3f[-62.5, -17.719982, 0.0]
[16:08:18.127] Vector3f[-61.5, -17.279982, 0.0]
[16:08:18.144] Vector3f[-60.5, -16.849981, 0.0]
[16:08:18.161] Vector3f[-59.5, -16.429981, 0.0]
[16:08:18.178] Vector3f[-58.5, -16.019981, 0.0]
[16:08:18.195] Vector3f[-57.5, -15.619982, 0.0]
[16:08:18.212] Vector3f[-56.5, -15.229981, 0.0]
[16:08:18.230] Vector3f[-55.5, -14.849981, 0.0]
[16:08:18.245] Vector3f[-54.5, -14.479981, 0.0]
[16:08:18.263] Vector3f[-53.5, -14.119982, 0.0]
[16:08:18.279] Vector3f[-53.5, -13.769981, 0.0]
[16:08:18.297] Vector3f[-53.5, -13.429981, 0.0]
[16:08:18.313] Vector3f[-53.5, -13.099981, 0.0]
[16:08:18.331] Vector3f[-53.5, -12.779982, 0.0]
[16:08:18.348] Vector3f[-53.5, -12.469981, 0.0]
[16:08:18.365] Vector3f[-53.5, -12.169981, 0.0]
[16:08:18.382] Vector3f[-53.5, -11.879981, 0.0]
[16:08:18.398] Vector3f[-53.5, -11.599981, 0.0]
[16:08:18.415] Vector3f[-53.5, -11.329981, 0.0]
[16:08:18.433] Vector3f[-53.5, -11.069981, 0.0]
[16:08:18.450] Vector3f[-53.5, -10.819981, 0.0]
[16:08:18.467] Vector3f[-53.5, -10.579981, 0.0]
[16:08:18.484] Vector3f[-53.5, -10.34998, 0.0]
[16:08:18.501] Vector3f[-53.5, -10.12998, 0.0]
[16:08:18.518] Vector3f[-53.5, -9.91998, 0.0]
[16:08:18.535] Vector3f[-53.5, -9.71998, 0.0]
[16:08:18.552] Vector3f[-53.5, -9.52998, 0.0]
[16:08:18.569] Vector3f[-53.5, -9.349979, 0.0]
[16:08:18.586] Vector3f[-53.5, -9.179979, 0.0]
[16:08:18.603] Vector3f[-53.5, -9.0199795, 0.0]
[16:08:18.620] Vector3f[-53.5, -8.869979, 0.0]
[16:08:18.637] Vector3f[-53.5, -8.729979, 0.0]
[16:08:18.655] Vector3f[-53.5, -8.599978, 0.0]
[16:08:18.672] Vector3f[-53.5, -8.479979, 0.0]
[16:08:18.688] Vector3f[-53.5, -8.369978, 0.0]
[16:08:18.705] Vector3f[-53.5, -8.269978, 0.0]
[16:08:18.722] Vector3f[-53.5, -8.179977, 0.0]
[16:08:18.739] Vector3f[-53.5, -8.0999775, 0.0]
[16:08:18.756] Vector3f[-53.5, -8.029977, 0.0]
[16:08:18.773] Vector3f[-52.5, -7.9699764, 0.0]
[16:08:18.791] Vector3f[-51.5, -7.919976, 0.0]
[16:08:18.807] Vector3f[-50.5, -7.8799763, 0.0]
[16:08:18.824] Vector3f[-49.5, -7.849976, 0.0]
[16:08:18.843] Vector3f[-48.5, -7.829976, 0.0]
[16:08:18.858] Vector3f[-47.5, -7.819976, 0.0]
[16:08:18.875] Vector3f[-46.5, -7.819976, 0.0]
[16:08:18.893] Vector3f[-45.5, -7.8299756, 0.0]
[16:08:18.909] Vector3f[-44.5, -7.8499756, 0.0]
[16:08:18.926] Vector3f[-43.5, -7.8799753, 0.0]
[16:08:18.943] Vector3f[-42.5, -7.9199753, 0.0]
[16:08:18.960] Vector3f[-41.5, -7.969975, 0.0]
[16:08:18.977] Vector3f[-40.5, -8.029975, 0.0]
[16:08:18.994] Vector3f[-39.5, -8.099975, 0.0]
[16:08:19.011] Vector3f[-38.5, -8.179975, 0.0]
[16:08:19.028] Vector3f[-37.5, -8.269975, 0.0]
[16:08:19.045] Vector3f[-36.5, -8.369974, 0.0]
[16:08:19.063] Vector3f[-35.5, -8.479974, 0.0]
[16:08:19.079] Vector3f[-34.5, -8.599974, 0.0]
[16:08:19.097] Vector3f[-33.5, -8.729974, 0.0]
[16:08:19.113] Vector3f[-32.5, -8.869973, 0.0]
[16:08:19.131] Vector3f[-31.5, -9.019973, 0.0]
[16:08:19.148] Vector3f[-30.5, -9.179973, 0.0]
[16:08:19.164] Vector3f[-30.5, -9.349973, 0.0]
[16:08:19.182] Vector3f[-30.5, -9.529973, 0.0]
[16:08:19.198] Vector3f[-30.5, -9.719973, 0.0]
[16:08:19.215] Vector3f[-30.5, -9.919972, 0.0]
[16:08:19.231] Vector3f[-30.5, -10.129972, 0.0]
[16:08:19.248] Vector3f[-30.5, -10.349973, 0.0]
[16:08:19.265] Vector3f[-30.5, -10.579972, 0.0]
[16:08:19.284] Vector3f[-30.5, -10.819972, 0.0]
[16:08:19.299] Vector3f[-30.5, -11.069972, 0.0]
[16:08:19.317] Vector3f[-30.5, -11.329972, 0.0]
[16:08:19.334] Vector3f[-30.5, -11.599972, 0.0]
[16:08:19.351] Vector3f[-30.5, -11.8799715, 0.0]
[16:08:19.368] Vector3f[-30.5, -12.169971, 0.0]
[16:08:19.385] Vector3f[-30.5, -12.469972, 0.0]
[16:08:19.403] Vector3f[-30.5, -12.779971, 0.0]
[16:08:19.419] Vector3f[-30.5, -13.099971, 0.0]
[16:08:19.436] Vector3f[-30.5, -13.429971, 0.0]
[16:08:19.455] Vector3f[-30.5, -13.769971, 0.0]
[16:08:19.469] Vector3f[-30.5, -14.11997, 0.0]
[16:08:19.487] Vector3f[-30.5, -14.47997, 0.0]
[16:08:19.503] Vector3f[-31.5, -14.84997, 0.0]
[16:08:19.520] Vector3f[-32.5, -15.22997, 0.0]
[16:08:19.537] Vector3f[-33.5, -15.619969, 0.0]
[16:08:19.554] Vector3f[-34.5, -16.01997, 0.0]
[16:08:19.571] Vector3f[-35.5, -16.42997, 0.0]
[16:08:19.588] Vector3f[-36.5, -16.84997, 0.0]
[16:08:19.606] Vector3f[-37.5, -17.27997, 0.0]
[16:08:19.624] Vector3f[-38.5, -17.71997, 0.0]
[16:08:19.640] Vector3f[-39.5, -18.16997, 0.0]
[16:08:19.657] Vector3f[-40.5, -18.629969, 0.0]
[16:08:19.674] Vector3f[-41.5, -19.099968, 0.0]
[16:08:19.691] Vector3f[-41.5, -19.579967, 0.0]
[16:08:19.708] Vector3f[-41.5, -20.069967, 0.0]
[16:08:19.726] Vector3f[-41.5, -20.069967, 0.0]
[16:08:19.742] Vector3f[-41.5, -20.069967, 0.0]
[16:08:19.760] Vector3f[-41.5, -20.069967, 0.0]
[16:08:19.776] Vector3f[-41.5, -20.069967, 0.0]
[16:08:19.793] Vector3f[-41.5, -20.069967, 0.0]
[16:08:19.810] Vector3f[-41.5, -20.069967, 0.0]
[16:08:19.827] Vector3f[-41.5, -20.069967, 0.0]
[16:08:19.844] Vector3f[-41.5, -20.069967, 0.0]
[16:08:19.861] Vector3f[-41.5, -20.069967, 0.0]
[16:08:19.878] Vector3f[-41.5, -20.069967, 0.0]
[16:08:19.895] Vector3f[-41.5, -20.069967, 0.0]
[16:08:19.912] Vector3f[-41.5, -20.069967, 0.0]
[16:08:19.930] Vector3f[-41.5, -20.069967, 0.0]
[16:08:19.946] Vector3f[-41.5, -20.069967, 0.0]
[16:08:19.963] Vector3f[-41.5, -20.069967, 0.0]
[16:08:19.980] Vector3f[-41.5, -20.069967, 0.0]
[16:08:19.997] Vector3f[-41.5, -20.069967, 0.0]
[16:08:20.014] Vector3f[-41.5, -20.069967, 0.0]
[16:08:20.032] Vector3f[-41.5, -20.069967, 0.0]
[16:08:20.049] Vector3f[-41.5, -20.069967, 0.0]
[16:08:20.065] Vector3f[-41.5, -20.069967, 0.0]
[16:08:20.082] Vector3f[-41.5, -20.069967, 0.0]
[16:08:20.099] Vector3f[-41.5, -20.069967, 0.0]
[16:08:20.116] Vector3f[-41.5, -20.069967, 0.0]
[16:08:20.133] Vector3f[-41.5, -20.069967, 0.0]
[16:08:20.150] Vector3f[-41.5, -20.069967, 0.0]
[16:08:20.168] Vector3f[-42.5, -19.579967, 0.0]
[16:08:20.185] Vector3f[-43.5, -19.099968, 0.0]
[16:08:20.201] Vector3f[-44.5, -18.629969, 0.0]
[16:08:20.218] Vector3f[-45.5, -18.169968, 0.0]
[16:08:20.236] Vector3f[-46.5, -17.719967, 0.0]
[16:08:20.252] Vector3f[-47.5, -17.279966, 0.0]
[16:08:20.269] Vector3f[-48.5, -16.849966, 0.0]
[16:08:20.286] Vector3f[-49.5, -16.429966, 0.0]
[16:08:20.303] Vector3f[-50.5, -16.019966, 0.0]
[16:08:20.320] Vector3f[-51.5, -15.6199665, 0.0]
[16:08:20.337] Vector3f[-52.5, -15.229966, 0.0]
[16:08:20.354] Vector3f[-53.5, -14.849966, 0.0]
[16:08:20.371] Vector3f[-54.5, -14.479966, 0.0]
[16:08:20.388] Vector3f[-55.5, -14.1199665, 0.0]
[16:08:20.405] Vector3f[-56.5, -13.769966, 0.0]
[16:08:20.421] Vector3f[-57.5, -13.429966, 0.0]
[16:08:20.439] Vector3f[-58.5, -13.099966, 0.0]
[16:08:20.456] Vector3f[-59.5, -12.779966, 0.0]
[16:08:20.473] Vector3f[-60.5, -12.469966, 0.0]
[16:08:20.490] Vector3f[-61.5, -12.169966, 0.0]
[16:08:20.507] Vector3f[-62.5, -11.879966, 0.0]
[16:08:20.525] Vector3f[-63.5, -11.599966, 0.0]
[16:08:20.541] Vector3f[-64.5, -11.329966, 0.0]
[16:08:20.558] Vector3f[-65.5, -11.069965, 0.0]
[16:08:20.574] Vector3f[-66.5, -10.819965, 0.0]
[16:08:20.592] Vector3f[-67.5, -10.579966, 0.0]
[16:08:20.609] Vector3f[-68.5, -10.349965, 0.0]
[16:08:20.626] Vector3f[-69.5, -10.129965, 0.0]
[16:08:20.643] Vector3f[-70.5, -9.919965, 0.0]
[16:08:20.660] Vector3f[-71.5, -9.719965, 0.0]
[16:08:20.677] Vector3f[-71.5, -9.529964, 0.0]
[16:08:20.693] Vector3f[-71.5, -9.349964, 0.0]
[16:08:20.710] Vector3f[-71.5, -9.179964, 0.0]
[16:08:20.727] Vector3f[-71.5, -9.019964, 0.0]
[16:08:20.744] Vector3f[-71.5, -8.869964, 0.0]
[16:08:20.761] Vector3f[-71.5, -8.729963, 0.0]
[16:08:20.779] Vector3f[-71.5, -8.599963, 0.0]
[16:08:20.796] Vector3f[-70.5, -8.479963, 0.0]
[16:08:20.814] Vector3f[-69.5, -8.369963, 0.0]
[16:08:20.830] Vector3f[-68.5, -8.269962, 0.0]
[16:08:20.847] Vector3f[-67.5, -8.179962, 0.0]
[16:08:20.864] Vector3f[-66.5, -8.099962, 0.0]
[16:08:20.881] Vector3f[-65.5, -8.029962, 0.0]
[16:08:20.899] Vector3f[-64.5, -7.969961, 0.0]
[16:08:20.915] Vector3f[-63.5, -7.919961, 0.0]
[16:08:20.932] Vector3f[-62.5, -7.879961, 0.0]
[16:08:20.949] Vector3f[-61.5, -7.849961, 0.0]
[16:08:20.966] Vector3f[-60.5, -7.829961, 0.0]
[16:08:20.983] Vector3f[-59.5, -7.8199606, 0.0]
[16:08:21] Vector3f[-58.5, -7.8199606, 0.0]
[16:08:21.017] Vector3f[-57.5, -7.8299603, 0.0]
[16:08:21.034] Vector3f[-56.5, -7.8499603, 0.0]
[16:08:21.053] Vector3f[-55.5, -7.87996, 0.0]
[16:08:21.068] Vector3f[-54.5, -7.91996, 0.0]
[16:08:21.085] Vector3f[-53.5, -7.9699597, 0.0]
[16:08:21.102] Vector3f[-52.5, -8.02996, 0.0]
[16:08:21.120] Vector3f[-51.5, -8.099959, 0.0]
[16:08:21.136] Vector3f[-50.5, -8.179959, 0.0]
[16:08:21.152] Vector3f[-49.5, -8.269959, 0.0]
[16:08:21.170] Vector3f[-48.5, -8.369959, 0.0]
[16:08:21.186] Vector3f[-47.5, -8.479959, 0.0]
[16:08:21.203] Vector3f[-46.5, -8.599958, 0.0]
[16:08:21.221] Vector3f[-45.5, -8.729959, 0.0]
[16:08:21.238] Vector3f[-44.5, -8.869958, 0.0]
[16:08:21.256] Vector3f[-43.5, -9.019958, 0.0]
[16:08:21.272] Vector3f[-42.5, -9.179957, 0.0]
[16:08:21.289] Vector3f[-41.5, -9.349957, 0.0]
[16:08:21.306] Vector3f[-40.5, -9.529958, 0.0]
[16:08:21.324] Vector3f[-39.5, -9.719957, 0.0]
[16:08:21.340] Vector3f[-38.5, -9.919957, 0.0]
[16:08:21.358] Vector3f[-38.5, -10.129957, 0.0]
[16:08:21.374] Vector3f[-38.5, -10.349957, 0.0]
[16:08:21.391] Vector3f[-38.5, -10.579957, 0.0]
[16:08:21.408] Vector3f[-38.5, -10.819957, 0.0]
[16:08:21.426] Vector3f[-38.5, -11.069957, 0.0]
[16:08:21.442] Vector3f[-38.5, -11.329957, 0.0]
[16:08:21.460] Vector3f[-38.5, -11.5999565, 0.0]
[16:08:21.476] Vector3f[-38.5, -11.879956, 0.0]
[16:08:21.493] Vector3f[-38.5, -12.169956, 0.0]
[16:08:21.510] Vector3f[-38.5, -12.469956, 0.0]
[16:08:21.527] Vector3f[-38.5, -12.779956, 0.0]
[16:08:21.544] Vector3f[-38.5, -13.099956, 0.0]
[16:08:21.561] Vector3f[-38.5, -13.4299555, 0.0]
[16:08:21.578] Vector3f[-38.5, -13.769956, 0.0]
[16:08:21.595] Vector3f[-38.5, -14.119955, 0.0]
[16:08:21.612] Vector3f[-38.5, -14.479955, 0.0]
[16:08:21.629] Vector3f[-38.5, -14.849955, 0.0]
[16:08:21.646] Vector3f[-38.5, -15.229955, 0.0]
[16:08:21.664] Vector3f[-38.5, -15.619954, 0.0]
[16:08:21.680] Vector3f[-38.5, -16.019955, 0.0]
[16:08:21.697] Vector3f[-38.5, -16.429955, 0.0]
[16:08:21.715] Vector3f[-38.5, -16.849955, 0.0]
[16:08:21.731] Vector3f[-38.5, -17.279955, 0.0]
[16:08:21.748] Vector3f[-38.5, -17.719955, 0.0]
[16:08:21.765] Vector3f[-38.5, -18.169954, 0.0]
[16:08:21.782] Vector3f[-38.5, -18.629953, 0.0]
[16:08:21.800] Vector3f[-38.5, -19.099953, 0.0]
[16:08:21.817] Vector3f[-38.5, -19.579952, 0.0]
[16:08:21.833] Vector3f[-38.5, -20.069952, 0.0]
[16:08:21.850] Vector3f[-38.5, -20.069952, 0.0]
[16:08:21.867] Vector3f[-38.5, -20.069952, 0.0]
[16:08:21.884] Vector3f[-38.5, -20.069952, 0.0]
[16:08:21.901] Vector3f[-38.5, -20.069952, 0.0]
[16:08:21.918] Vector3f[-38.5, -20.069952, 0.0]
[16:08:21.935] Vector3f[-38.5, -20.069952, 0.0]
[16:08:21.952] Vector3f[-38.5, -20.069952, 0.0]
[16:08:21.969] Vector3f[-38.5, -20.069952, 0.0]
[16:08:21.987] Vector3f[-38.5, -20.069952, 0.0]
[16:08:22.003] Vector3f[-38.5, -20.069952, 0.0]
[16:08:22.020] Vector3f[-38.5, -20.069952, 0.0]
[16:08:22.038] Vector3f[-38.5, -20.069952, 0.0]
[16:08:22.054] Vector3f[-38.5, -20.069952, 0.0]
[16:08:22.070] Vector3f[-38.5, -20.069952, 0.0]
[16:08:22.088] Vector3f[-38.5, -20.069952, 0.0]
[16:08:22.105] Vector3f[-38.5, -20.069952, 0.0]
[16:08:22.122] Vector3f[-38.5, -20.069952, 0.0]
[16:08:22.139] Vector3f[-38.5, -20.069952, 0.0]
[16:08:22.157] Vector3f[-38.5, -20.069952, 0.0]
[16:08:22.173] Vector3f[-38.5, -20.069952, 0.0]
[16:08:22.190] Vector3f[-38.5, -20.069952, 0.0]
[16:08:22.207] Vector3f[-38.5, -20.069952, 0.0]
[16:08:22.224] Vector3f[-38.5, -20.069952, 0.0]
[16:08:22.241] Vector3f[-38.5, -20.069952, 0.0]
[16:08:22.258] Vector3f[-38.5, -20.069952, 0.0]
[16:08:22.275] Vector3f[-38.5, -20.069952, 0.0]
[16:08:22.292] Vector3f[-38.5, -20.069952, 0.0]
[16:08:22.309] Vector3f[-38.5, -20.069952, 0.0]
[16:08:22.326] Vector3f[-38.5, -20.069952, 0.0]
[16:08:22.343] Vector3f[-38.5, -20.069952, 0.0]
[16:08:22.360] Vector3f[-38.5, -20.069952, 0.0]
[16:08:22.377] Vector3f[-38.5, -20.069952, 0.0]
[16:08:22.394] Vector3f[-38.5, -20.069952, 0.0]
[16:08:22.411] Vector3f[-38.5, -20.069952, 0.0]
[16:08:22.428] Vector3f[-38.5, -20.069952, 0.0]
[16:08:22.445] Vector3f[-38.5, -20.069952, 0.0]
[16:08:22.462] Vector3f[-38.5, -20.069952, 0.0]
[16:08:22.479] Vector3f[-38.5, -20.069952, 0.0]
[16:08:22.496] Vector3f[-38.5, -20.069952, 0.0]
[16:08:22.513] Vector3f[-38.5, -20.069952, 0.0]
[16:08:22.530] Vector3f[-38.5, -20.069952, 0.0]
[16:08:22.547] Vector3f[-38.5, -20.069952, 0.0]
[16:08:22.564] Vector3f[-38.5, -20.069952, 0.0]
[16:08:22.581] Vector3f[-38.5, -20.069952, 0.0]
[16:08:22.598] Vector3f[-38.5, -20.069952, 0.0]
[16:08:22.615] Vector3f[-38.5, -20.069952, 0.0]
[16:08:22.634] Vector3f[-38.5, -20.069952, 0.0]
[16:08:22.649] Vector3f[-38.5, -20.069952, 0.0]
[16:08:22.666] Vector3f[-38.5, -20.069952, 0.0]
[16:08:22.683] Vector3f[-38.5, -20.069952, 0.0]
[16:08:22.700] Vector3f[-38.5, -20.069952, 0.0]
[16:08:22.717] Vector3f[-38.5, -20.069952, 0.0]
[16:08:22.734] Vector3f[-38.5, -20.069952, 0.0]
[16:08:22.751] Vector3f[-38.5, -20.069952, 0.0]
[16:08:22.768] Vector3f[-38.5, -20.069952, 0.0]
[16:08:22.785] Vector3f[-38.5, -20.069952, 0.0]
[16:08:22.802] Vector3f[-38.5, -20.069952, 0.0]
[16:08:22.819] Vector3f[-38.5, -20.069952, 0.0]
[16:08:22.837] Vector3f[-38.5, -20.069952, 0.0]
[16:08:22.853] Vector3f[-38.5, -20.069952, 0.0]
[16:08:22.870] Vector3f[-38.5, -20.069952, 0.0]
[16:08:22.887] Vector3f[-38.5, -20.069952, 0.0]
[16:08:22.903] Vector3f[-38.5, -20.069952, 0.0]
[16:08:22.921] Vector3f[-38.5, -20.069952, 0.0]
