[16:05:20.859] Created Window
[16:05:20.889] Setup Shaders
[16:05:21.488] Setup Player
[16:05:21.769] Setup Scene Graph
[16:05:21.782] Vector3f[-67.5, 5.0, 0.0]
[16:05:21.782] Entering Render Loop
[16:05:21.797] Vector3f[-67.5, 4.99, 0.0]
[16:05:21.815] Vector3f[-67.5, 4.97, 0.0]
[16:05:21.832] Vector3f[-67.5, 4.9399996, 0.0]
[16:05:21.849] Vector3f[-67.5, 4.8999996, 0.0]
[16:05:21.866] Vector3f[-67.5, 4.8499994, 0.0]
[16:05:21.883] Vector3f[-67.5, 4.7899995, 0.0]
[16:05:21.901] Vector3f[-67.5, 4.7199993, 0.0]
[16:05:21.917] Vector3f[-67.5, 4.6399994, 0.0]
[16:05:21.933] Vector3f[-67.5, 4.549999, 0.0]
[16:05:21.950] Vector3f[-67.5, 4.4499993, 0.0]
[16:05:21.967] Vector3f[-67.5, 4.339999, 0.0]
[16:05:21.984] Vector3f[-67.5, 4.2199993, 0.0]
[16:05:22.001] Vector3f[-67.5, 4.089999, 0.0]
[16:05:22.018] Vector3f[-67.5, 3.949999, 0.0]
[16:05:22.035] Vector3f[-67.5, 3.799999, 0.0]
[16:05:22.052] Vector3f[-67.5, 3.639999, 0.0]
[16:05:22.071] Vector3f[-67.5, 3.4699988, 0.0]
[16:05:22.086] Vector3f[-67.5, 3.2899988, 0.0]
[16:05:22.104] Vector3f[-67.5, 3.0999987, 0.0]
[16:05:22.121] Vector3f[-67.5, 2.8999987, 0.0]
[16:05:22.138] Vector3f[-67.5, 2.6899986, 0.0]
[16:05:22.156] Vector3f[-67.5, 2.4699986, 0.0]
[16:05:22.173] Vector3f[-67.5, 2.2399986, 0.0]
[16:05:22.189] Vector3f[-67.5, 1.9999986, 0.0]
[16:05:22.207] Vector3f[-67.5, 1.7499986, 0.0]
[16:05:22.222] Vector3f[-67.5, 1.4899986, 0.0]
[16:05:22.239] Vector3f[-67.5, 1.2199986, 0.0]
[16:05:22.257] Vector3f[-67.5, 0.93999857, 0.0]
[16:05:22.274] Vector3f[-67.5, 0.64999855, 0.0]
[16:05:22.291] Vector3f[-67.5, 0.34999853, 0.0]
[16:05:22.308] Vector3f[-67.5, 0.03999853, 0.0]
[16:05:22.325] Vector3f[-67.5, -0.28000146, 0.0]
[16:05:22.341] Vector3f[-67.5, -0.61000144, 0.0]
[16:05:22.358] Vector3f[-67.5, -0.9500014, 0.0]
[16:05:22.375] Vector3f[-67.5, -1.3000014, 0.0]
[16:05:22.393] Vector3f[-67.5, -1.6600013, 0.0]
[16:05:22.410] Vector3f[-67.5, -2.0300012, 0.0]
[16:05:22.427] Vector3f[-67.5, -2.410001, 0.0]
[16:05:22.444] Vector3f[-67.5, -2.800001, 0.0]
[16:05:22.461] Vector3f[-67.5, -3.2000008, 0.0]
[16:05:22.479] Vector3f[-67.5, -3.6100006, 0.0]
[16:05:22.495] Vector3f[-67.5, -4.0300007, 0.0]
[16:05:22.512] Vector3f[-67.5, -4.4600005, 0.0]
[16:05:22.529] Vector3f[-67.5, -4.9000006, 0.0]
[16:05:22.547] Vector3f[-67.5, -5.3500004, 0.0]
[16:05:22.563] Vector3f[-67.5, -5.8100004, 0.0]
[16:05:22.580] Vector3f[-67.5, -6.28, 0.0]
[16:05:22.596] Vector3f[-67.5, -6.76, 0.0]
[16:05:22.613] Vector3f[-67.5, -7.25, 0.0]
[16:05:22.631] Vector3f[-67.5, -7.75, 0.0]
[16:05:22.648] Vector3f[-67.5, -8.26, 0.0]
[16:05:22.665] Vector3f[-67.5, -8.78, 0.0]
[16:05:22.682] Vector3f[-67.5, -9.309999, 0.0]
[16:05:22.699] Vector3f[-67.5, -9.849999, 0.0]
[16:05:22.716] Vector3f[-67.5, -10.4, 0.0]
[16:05:22.732] Vector3f[-67.5, -10.959999, 0.0]
[16:05:22.749] Vector3f[-67.5, -11.529999, 0.0]
[16:05:22.766] Vector3f[-67.5, -12.109999, 0.0]
[16:05:22.783] Vector3f[-67.5, -12.699999, 0.0]
[16:05:22.801] Vector3f[-67.5, -13.299998, 0.0]
[16:05:22.817] Vector3f[-67.5, -13.909998, 0.0]
[16:05:22.834] Vector3f[-67.5, -14.529998, 0.0]
[16:05:22.851] Vector3f[-67.5, -15.159998, 0.0]
[16:05:22.869] Vector3f[-67.5, -15.799997, 0.0]
[16:05:22.887] Vector3f[-67.5, -16.449997, 0.0]
[16:05:22.904] Vector3f[-67.5, -17.109997, 0.0]
[16:05:22.920] Vector3f[-67.5, -17.779997, 0.0]
[16:05:22.937] Vector3f[-67.5, -18.459997, 0.0]
[16:05:22.954] Vector3f[-67.5, -19.149998, 0.0]
[16:05:22.971] Vector3f[-67.5, -19.849997, 0.0]
[16:05:22.987] Vector3f[-67.5, -20.559996, 0.0]
[16:05:23.004] Vector3f[-67.5, -21.279995, 0.0]
[16:05:23.021] Vector3f[-67.5, -22.009995, 0.0]
[16:05:23.038] Vector3f[-67.5, -22.749994, 0.0]
[16:05:23.055] Vector3f[-67.5, -23.499994, 0.0]
[16:05:23.074] Vector3f[-67.5, -24.259995, 0.0]
[16:05:23.089] Vector3f[-67.5, -25.029995, 0.0]
[16:05:23.106] Vector3f[-67.5, -25.809994, 0.0]
[16:05:23.125] Vector3f[-67.5, -26.599993, 0.0]
[16:05:23.141] Vector3f[-67.5, -27.399992, 0.0]
[16:05:23.157] Vector3f[-67.5, -28.209991, 0.0]
[16:05:23.176] Vector3f[-67.5, -29.029991, 0.0]
[16:05:23.192] Vector3f[-67.5, -29.859991, 0.0]
[16:05:23.208] Vector3f[-67.5, -30.699991, 0.0]
[16:05:23.226] Vector3f[-67.5, -31.549992, 0.0]
[16:05:23.242] Vector3f[-67.5, -32.409992, 0.0]
[16:05:23.260] Vector3f[-67.5, -33.27999, 0.0]
[16:05:23.276] Vector3f[-67.5, -34.159992, 0.0]
[16:05:23.294] Vector3f[-67.5, -35.04999, 0.0]
[16:05:23.311] Vector3f[-67.5, -35.94999, 0.0]
[16:05:23.327] Vector3f[-67.5, -36.85999, 0.0]
[16:05:23.344] Vector3f[-67.5, -37.779987, 0.0]
[16:05:23.361] Vector3f[-67.5, -38.709988, 0.0]
[16:05:23.379] Vector3f[-67.5, -39.649986, 0.0]
[16:05:23.396] Vector3f[-67.5, -40.599987, 0.0]
[16:05:23.413] Vector3f[-67.5, -41.559986, 0.0]
[16:05:23.430] Vector3f[-67.5, -42.529987, 0.0]
[16:05:23.447] Vector3f[-67.5, -43.509987, 0.0]
[16:05:23.463] Vector3f[-67.5, -44.499985, 0.0]
[16:05:23.481] Vector3f[-67.5, -45.499985, 0.0]
[16:05:23.497] Vector3f[-67.5, -46.509983, 0.0]
[16:05:23.515] Vector3f[-67.5, -47.529984, 0.0]
[16:05:23.532] Vector3f[-67.5, -48.559982, 0.0]
[16:05:23.548] Vector3f[-67.5, -49.599983, 0.0]
[16:05:23.567] Vector3f[-67.5, -50.649982, 0.0]
[16:05:23.584] Vector3f[-67.5, -51.70998, 0.0]
[16:05:23.601] Vector3f[-67.5, -52.77998, 0.0]
[16:05:23.617] Vector3f[-67.5, -53.859978, 0.0]
[16:05:23.633] Vector3f[-67.5, -54.949978, 0.0]
[16:05:23.651] Vector3f[-67.5, -56.049976, 0.0]
[16:05:23.668] Vector3f[-67.5, -57.159977, 0.0]
[16:05:23.684] Vector3f[-67.5, -58.279976, 0.0]
[16:05:23.701] Vector3f[-67.5, -59.409977, 0.0]
[16:05:23.718] Vector3f[-67.5, -60.549976, 0.0]
[16:05:23.736] Vector3f[-67.5, -61.699974, 0.0]
[16:05:23.753] Vector3f[-67.5, -62.859974, 0.0]
[16:05:23.769] Vector3f[-67.5, -64.029976, 0.0]
[16:05:23.787] Vector3f[-67.5, -65.20998, 0.0]
[16:05:23.803] Vector3f[-67.5, -66.39998, 0.0]
[16:05:23.820] Vector3f[-67.5, -67.599976, 0.0]
[16:05:23.837] Vector3f[-67.5, -68.809975, 0.0]
[16:05:23.854] Vector3f[-67.5, -70.029976, 0.0]
[16:05:23.872] Vector3f[-67.5, -71.25997, 0.0]
[16:05:23.889] Vector3f[-67.5, -72.49997, 0.0]
[16:05:23.905] Vector3f[-67.5, -73.74997, 0.0]
[16:05:23.924] Vector3f[-67.5, -75.00997, 0.0]
[16:05:23.940] Vector3f[-67.5, -76.27997, 0.0]
[16:05:23.957] Vector3f[-67.5, -77.55997, 0.0]
[16:05:23.974] Vector3f[-67.5, -78.84997, 0.0]
[16:05:23.990] Vector3f[-67.5, -80.14996, 0.0]
[16:05:24.007] Vector3f[-67.5, -81.45996, 0.0]
[16:05:24.026] Vector3f[-67.5, -82.77996, 0.0]
[16:05:24.042] Vector3f[-67.5, -84.10996, 0.0]
[16:05:24.059] Vector3f[-67.5, -85.44996, 0.0]
[16:05:24.077] Vector3f[-67.5, -86.79996, 0.0]
[16:05:24.093] Vector3f[-67.5, -88.15996, 0.0]
[16:05:24.110] Vector3f[-67.5, -89.52996, 0.0]
[16:05:24.127] Vector3f[-67.5, -90.90996, 0.0]
[16:05:24.144] Vector3f[-67.5, -92.29996, 0.0]
[16:05:24.162] Vector3f[-67.5, -93.69996, 0.0]
[16:05:24.178] Vector3f[-67.5, -95.109955, 0.0]
[16:05:24.195] Vector3f[-67.5, -96.52995, 0.0]
[16:05:24.211] Vector3f[-67.5, -97.95995, 0.0]
[16:05:24.228] Vector3f[-67.5, -99.399956, 0.0]
[16:05:24.245] Vector3f[-67.5, -100.84995, 0.0]
[16:05:24.263] Vector3f[-67.5, -102.30995, 0.0]
[16:05:24.280] Vector3f[-67.5, -103.77995, 0.0]
[16:05:24.297] Vector3f[-67.5, -105.25995, 0.0]
[16:05:24.314] Vector3f[-67.5, -106.74995, 0.0]
[16:05:24.330] Vector3f[-67.5, -108.24995, 0.0]
[16:05:24.347] Vector3f[-67.5, -109.75995, 0.0]
[16:05:24.364] Vector3f[-67.5, -111.279945, 0.0]
[16:05:24.381] Vector3f[-67.5, -112.809944, 0.0]
[16:05:24.399] Vector3f[-67.5, -114.349945, 0.0]
[16:05:24.416] Vector3f[-67.5, -115.89994, 0.0]
[16:05:24.433] Vector3f[-67.5, -117.45994, 0.0]
[16:05:24.450] Vector3f[-67.5, -119.02994, 0.0]
[16:05:24.466] Vector3f[-67.5, -120.60994, 0.0]
[16:05:24.483] Vector3f[-67.5, -122.199936, 0.0]
[16:05:24.501] Vector3f[-67.5, -123.799934, 0.0]
[16:05:24.517] Vector3f[-67.5, -125.409935, 0.0]
[16:05:24.534] Vector3f[-67.5, -127.02993, 0.0]
[16:05:24.551] Vector3f[-67.5, -128.65993, 0.0]
[16:05:24.569] Vector3f[-67.5, -130.29993, 0.0]
[16:05:24.586] Vector3f[-67.5, -131.94992, 0.0]
[16:05:24.604] Vector3f[-67.5, -133.60992, 0.0]
[16:05:24.621] Vector3f[-67.5, -135.27992, 0.0]
[16:05:24.637] Vector3f[-67.5, -136.95992, 0.0]
[16:05:24.655] Vector3f[-67.5, -138.64992, 0.0]
[16:05:24.672] Vector3f[-67.5, -140.34991, 0.0]
[16:05:24.687] Vector3f[-67.5, -142.0599, 0.0]
[16:05:24.704] Vector3f[-67.5, -143.7799, 0.0]
[16:05:24.722] Vector3f[-67.5, -145.5099, 0.0]
[16:05:24.740] Vector3f[-67.5, -147.24991, 0.0]
[16:05:24.755] Vector3f[-67.5, -148.99991, 0.0]
[16:05:24.772] Vector3f[-67.5, -150.7599, 0.0]
[16:05:24.790] Vector3f[-67.5, -152.5299, 0.0]
[16:05:24.806] Vector3f[-67.5, -154.3099, 0.0]
[16:05:24.823] Vector3f[-67.5, -156.0999, 0.0]
[16:05:24.840] Vector3f[-67.5, -157.8999, 0.0]
[16:05:24.857] Vector3f[-67.5, -159.7099, 0.0]
[16:05:24.874] Vector3f[-67.5, -161.52989, 0.0]
[16:05:24.892] Vector3f[-67.5, -163.3599, 0.0]
[16:05:24.908] Vector3f[-67.5, -165.19989, 0.0]
[16:05:24.925] Vector3f[-67.5, -167.0499, 0.0]
[16:05:24.942] Vector3f[-67.5, -168.9099, 0.0]
[16:05:24.960] Vector3f[-67.5, -170.77989, 0.0]
[16:05:24.977] Vector3f[-67.5, -172.6599, 0.0]
[16:05:24.993] Vector3f[-67.5, -174.5499, 0.0]
[16:05:25.012] Vector3f[-67.5, -176.44989, 0.0]
[16:05:25.029] Vector3f[-67.5, -178.3599, 0.0]
[16:05:25.045] Vector3f[-67.5, -180.27989, 0.0]
[16:05:25.062] Vector3f[-67.5, -182.20988, 0.0]
[16:05:25.078] Vector3f[-67.5, -184.14989, 0.0]
[16:05:25.095] Vector3f[-67.5, -186.09988, 0.0]
[16:05:25.113] Vector3f[-67.5, -188.05988, 0.0]
[16:05:25.130] Vector3f[-67.5, -190.02988, 0.0]
[16:05:25.148] Vector3f[-67.5, -192.00987, 0.0]
[16:05:25.163] Vector3f[-67.5, -193.99988, 0.0]
[16:05:25.180] Vector3f[-67.5, -195.99988, 0.0]
[16:05:25.197] Vector3f[-67.5, -198.00987, 0.0]
[16:05:25.214] Vector3f[-67.5, -200.02988, 0.0]
[16:05:25.232] Vector3f[-67.5, -202.05988, 0.0]
[16:05:25.248] Vector3f[-67.5, -204.09987, 0.0]
[16:05:25.267] Vector3f[-67.5, -206.14987, 0.0]
[16:05:25.284] Vector3f[-67.5, -208.20987, 0.0]
[16:05:25.300] Vector3f[-67.5, -210.27986, 0.0]
[16:05:25.318] Vector3f[-67.5, -212.35986, 0.0]
[16:05:25.333] Vector3f[-67.5, -214.44986, 0.0]
[16:05:25.351] Vector3f[-67.5, -216.54987, 0.0]
[16:05:25.368] Vector3f[-67.5, -218.65987, 0.0]
[16:05:25.384] Vector3f[-67.5, -220.77986, 0.0]
[16:05:25.402] Vector3f[-67.5, -222.90987, 0.0]
[16:05:25.418] Vector3f[-67.5, -225.04987, 0.0]
[16:05:25.436] Vector3f[-67.5, -227.19986, 0.0]
