[16:03:08.027] Created Window
[16:03:08.057] Setup Shaders
[16:03:08.520] Setup Player
[16:03:08.776] Setup Scene Graph
[16:03:08.818] Vector3f[-67.5, 5.0, 0.0]
[16:03:08.823] Entering Render Loop
[16:03:08.841] Vector3f[-67.5, 4.95, 0.0]
[16:03:08.855] Vector3f[-67.5, 4.8999996, 0.0]
[16:03:08.868] Vector3f[-67.5, 4.8499994, 0.0]
[16:03:08.878] Vector3f[-67.5, 4.799999, 0.0]
[16:03:08.895] Vector3f[-67.5, 4.749999, 0.0]
[16:03:08.913] Vector3f[-67.5, 4.699999, 0.0]
[16:03:08.929] Vector3f[-67.5, 4.6499987, 0.0]
[16:03:08.947] Vector3f[-67.5, 4.5999985, 0.0]
[16:03:08.963] Vector3f[-67.5, 4.5499983, 0.0]
[16:03:08.980] Vector3f[-67.5, 4.499998, 0.0]
[16:03:08.997] Vector3f[-67.5, 4.449998, 0.0]
[16:03:09.014] Vector3f[-67.5, 4.3999977, 0.0]
[16:03:09.031] Vector3f[-67.5, 4.3499975, 0.0]
[16:03:09.048] Vector3f[-67.5, 4.2999973, 0.0]
[16:03:09.065] Vector3f[-67.5, 4.249997, 0.0]
[16:03:09.082] Vector3f[-67.5, 4.199997, 0.0]
[16:03:09.099] Vector3f[-67.5, 4.1499968, 0.0]
[16:03:09.116] Vector3f[-67.5, 4.0999966, 0.0]
[16:03:09.133] Vector3f[-67.5, 4.0499964, 0.0]
[16:03:09.151] Vector3f[-67.5, 3.9999964, 0.0]
[16:03:09.167] Vector3f[-67.5, 3.9499965, 0.0]
[16:03:09.184] Vector3f[-67.5, 3.8999965, 0.0]
[16:03:09.201] Vector3f[-67.5, 3.8499966, 0.0]
[16:03:09.220] Vector3f[-67.5, 3.7999966, 0.0]
[16:03:09.235] Vector3f[-67.5, 3.7499967, 0.0]
[16:03:09.252] Vector3f[-67.5, 3.6999967, 0.0]
[16:03:09.269] Vector3f[-67.5, 3.6499968, 0.0]
[16:03:09.286] Vector3f[-67.5, 3.5999968, 0.0]
[16:03:09.304] Vector3f[-67.5, 3.5499969, 0.0]
[16:03:09.321] Vector3f[-67.5, 3.499997, 0.0]
[16:03:09.339] Vector3f[-67.5, 3.449997, 0.0]
[16:03:09.359] Vector3f[-67.5, 3.399997, 0.0]
[16:03:09.372] Vector3f[-67.5, 3.349997, 0.0]
[16:03:09.389] Vector3f[-67.5, 3.299997, 0.0]
[16:03:09.405] Vector3f[-67.5, 3.2499971, 0.0]
[16:03:09.424] Vector3f[-67.5, 3.1999972, 0.0]
[16:03:09.439] Vector3f[-67.5, 3.1499972, 0.0]
[16:03:09.459] Vector3f[-67.5, 3.0999973, 0.0]
[16:03:09.473] Vector3f[-67.5, 3.0499973, 0.0]
[16:03:09.490] Vector3f[-67.5, 2.9999974, 0.0]
[16:03:09.507] Vector3f[-67.5, 2.9499974, 0.0]
[16:03:09.525] Vector3f[-67.5, 2.8999975, 0.0]
[16:03:09.541] Vector3f[-67.5, 2.8499975, 0.0]
[16:03:09.559] Vector3f[-67.5, 2.7999976, 0.0]
[16:03:09.575] Vector3f[-67.5, 2.7499976, 0.0]
[16:03:09.592] Vector3f[-67.5, 2.6999977, 0.0]
[16:03:09.609] Vector3f[-67.5, 2.6499977, 0.0]
[16:03:09.626] Vector3f[-67.5, 2.5999978, 0.0]
[16:03:09.642] Vector3f[-67.5, 2.5499978, 0.0]
[16:03:09.660] Vector3f[-67.5, 2.4999979, 0.0]
[16:03:09.678] Vector3f[-67.5, 2.449998, 0.0]
[16:03:09.694] Vector3f[-67.5, 2.399998, 0.0]
[16:03:09.711] Vector3f[-67.5, 2.349998, 0.0]
[16:03:09.728] Vector3f[-67.5, 2.299998, 0.0]
[16:03:09.745] Vector3f[-67.5, 2.249998, 0.0]
[16:03:09.763] Vector3f[-67.5, 2.1999981, 0.0]
[16:03:09.779] Vector3f[-67.5, 2.1499982, 0.0]
[16:03:09.796] Vector3f[-67.5, 2.0999982, 0.0]
[16:03:09.813] Vector3f[-67.5, 2.0499983, 0.0]
[16:03:09.830] Vector3f[-67.5, 1.9999983, 0.0]
[16:03:09.846] Vector3f[-67.5, 1.9499984, 0.0]
[16:03:09.865] Vector3f[-67.5, 1.8999984, 0.0]
[16:03:09.881] Vector3f[-67.5, 1.8499985, 0.0]
[16:03:09.898] Vector3f[-67.5, 1.7999985, 0.0]
[16:03:09.916] Vector3f[-67.5, 1.7499986, 0.0]
[16:03:09.931] Vector3f[-67.5, 1.6999986, 0.0]
[16:03:09.948] Vector3f[-67.5, 1.6499987, 0.0]
[16:03:09.965] Vector3f[-67.5, 1.5999987, 0.0]
[16:03:09.983] Vector3f[-67.5, 1.5499988, 0.0]
[16:03:09.999] Vector3f[-67.5, 1.4999988, 0.0]
[16:03:10.017] Vector3f[-67.5, 1.4499989, 0.0]
[16:03:10.034] Vector3f[-67.5, 1.3999989, 0.0]
[16:03:10.051] Vector3f[-67.5, 1.349999, 0.0]
[16:03:10.068] Vector3f[-67.5, 1.299999, 0.0]
[16:03:10.085] Vector3f[-67.5, 1.249999, 0.0]
[16:03:10.104] Vector3f[-67.5, 1.1999991, 0.0]
[16:03:10.119] Vector3f[-67.5, 1.1499991, 0.0]
[16:03:10.136] Vector3f[-67.5, 1.0999992, 0.0]
[16:03:10.153] Vector3f[-67.5, 1.0499992, 0.0]
[16:03:10.170] Vector3f[-67.5, 0.9999992, 0.0]
[16:03:10.187] Vector3f[-67.5, 0.9499992, 0.0]
[16:03:10.205] Vector3f[-67.5, 0.8999992, 0.0]
[16:03:10.222] Vector3f[-67.5, 0.8499992, 0.0]
[16:03:10.240] Vector3f[-67.5, 0.7999992, 0.0]
[16:03:10.255] Vector3f[-67.5, 0.74999917, 0.0]
[16:03:10.271] Vector3f[-67.5, 0.69999915, 0.0]
[16:03:10.289] Vector3f[-67.5, 0.64999914, 0.0]
[16:03:10.306] Vector3f[-67.5, 0.5999991, 0.0]
[16:03:10.324] Vector3f[-67.5, 0.5499991, 0.0]
[16:03:10.339] Vector3f[-67.5, 0.4999991, 0.0]
[16:03:10.356] Vector3f[-67.5, 0.4499991, 0.0]
[16:03:10.374] Vector3f[-67.5, 0.39999908, 0.0]
[16:03:10.392] Vector3f[-67.5, 0.34999907, 0.0]
[16:03:10.408] Vector3f[-67.5, 0.29999906, 0.0]
[16:03:10.425] Vector3f[-67.5, 0.24999906, 0.0]
[16:03:10.443] Vector3f[-67.5, 0.19999906, 0.0]
[16:03:10.459] Vector3f[-67.5, 0.14999907, 0.0]
[16:03:10.477] Vector3f[-67.5, 0.09999907, 0.0]
[16:03:10.492] Vector3f[-67.5, 0.04999907, 0.0]
[16:03:10.509] Vector3f[-67.5, -9.313226E-7, 0.0]
[16:03:10.528] Vector3f[-67.5, -0.050000932, 0.0]
[16:03:10.545] Vector3f[-67.5, -0.10000093, 0.0]
[16:03:10.561] Vector3f[-67.5, -0.15000093, 0.0]
[16:03:10.578] Vector3f[-67.5, -0.20000093, 0.0]
[16:03:10.595] Vector3f[-67.5, -0.25000092, 0.0]
[16:03:10.612] Vector3f[-67.5, -0.30000094, 0.0]
[16:03:10.629] Vector3f[-67.5, -0.35000095, 0.0]
[16:03:10.647] Vector3f[-67.5, -0.40000096, 0.0]
[16:03:10.663] Vector3f[-67.5, -0.45000097, 0.0]
[16:03:10.680] Vector3f[-67.5, -0.50000095, 0.0]
[16:03:10.697] Vector3f[-67.5, -0.55000097, 0.0]
[16:03:10.714] Vector3f[-67.5, -0.600001, 0.0]
[16:03:10.731] Vector3f[-67.5, -0.650001, 0.0]
[16:03:10.748] Vector3f[-67.5, -0.700001, 0.0]
[16:03:10.766] Vector3f[-67.5, -0.750001, 0.0]
[16:03:10.782] Vector3f[-67.5, -0.800001, 0.0]
[16:03:10.799] Vector3f[-67.5, -0.85000104, 0.0]
[16:03:10.816] Vector3f[-67.5, -0.90000105, 0.0]
[16:03:10.832] Vector3f[-67.5, -0.95000106, 0.0]
[16:03:10.849] Vector3f[-67.5, -1.0000011, 0.0]
[16:03:10.866] Vector3f[-67.5, -1.050001, 0.0]
[16:03:10.883] Vector3f[-67.5, -1.100001, 0.0]
[16:03:10.900] Vector3f[-67.5, -1.1500009, 0.0]
[16:03:10.917] Vector3f[-67.5, -1.2000009, 0.0]
[16:03:10.935] Vector3f[-67.5, -1.2500008, 0.0]
[16:03:10.953] Vector3f[-67.5, -1.3000008, 0.0]
[16:03:10.970] Vector3f[-67.5, -1.3500007, 0.0]
[16:03:10.987] Vector3f[-67.5, -1.4000007, 0.0]
[16:03:11.004] Vector3f[-67.5, -1.4500006, 0.0]
[16:03:11.021] Vector3f[-67.5, -1.5000006, 0.0]
[16:03:11.037] Vector3f[-67.5, -1.5500005, 0.0]
[16:03:11.054] Vector3f[-67.5, -1.6000005, 0.0]
[16:03:11.071] Vector3f[-67.5, -1.6500005, 0.0]
[16:03:11.089] Vector3f[-67.5, -1.7000004, 0.0]
[16:03:11.106] Vector3f[-67.5, -1.7500004, 0.0]
[16:03:11.122] Vector3f[-67.5, -1.8000003, 0.0]
[16:03:11.139] Vector3f[-67.5, -1.8500003, 0.0]
[16:03:11.156] Vector3f[-67.5, -1.9000002, 0.0]
[16:03:11.173] Vector3f[-67.5, -1.9500002, 0.0]
[16:03:11.191] Vector3f[-67.5, -2.0000002, 0.0]
[16:03:11.208] Vector3f[-67.5, -2.0500002, 0.0]
[16:03:11.224] Vector3f[-67.5, -2.1000001, 0.0]
[16:03:11.241] Vector3f[-67.5, -2.15, 0.0]
[16:03:11.259] Vector3f[-67.5, -2.2, 0.0]
[16:03:11.275] Vector3f[-67.5, -2.25, 0.0]
[16:03:11.292] Vector3f[-67.5, -2.3, 0.0]
[16:03:11.308] Vector3f[-67.5, -2.35, 0.0]
[16:03:11.326] Vector3f[-67.5, -2.3999999, 0.0]
[16:03:11.342] Vector3f[-67.5, -2.4499998, 0.0]
[16:03:11.360] Vector3f[-67.5, -2.4999998, 0.0]
[16:03:11.376] Vector3f[-67.5, -2.5499997, 0.0]
[16:03:11.393] Vector3f[-67.5, -2.5999997, 0.0]
[16:03:11.411] Vector3f[-67.5, -2.6499996, 0.0]
[16:03:11.428] Vector3f[-67.5, -2.6999996, 0.0]
[16:03:11.445] Vector3f[-67.5, -2.7499995, 0.0]
[16:03:11.462] Vector3f[-67.5, -2.7999995, 0.0]
[16:03:11.478] Vector3f[-67.5, -2.8499994, 0.0]
[16:03:11.495] Vector3f[-67.5, -2.8999994, 0.0]
[16:03:11.513] Vector3f[-67.5, -2.9499993, 0.0]
[16:03:11.531] Vector3f[-67.5, -2.9999993, 0.0]
[16:03:11.547] Vector3f[-67.5, -3.0499992, 0.0]
[16:03:11.564] Vector3f[-67.5, -3.0999992, 0.0]
[16:03:11.581] Vector3f[-67.5, -3.1499991, 0.0]
[16:03:11.598] Vector3f[-67.5, -3.199999, 0.0]
[16:03:11.615] Vector3f[-67.5, -3.249999, 0.0]
[16:03:11.633] Vector3f[-67.5, -3.299999, 0.0]
[16:03:11.650] Vector3f[-67.5, -3.349999, 0.0]
[16:03:11.666] Vector3f[-67.5, -3.399999, 0.0]
[16:03:11.683] Vector3f[-67.5, -3.4499989, 0.0]
[16:03:11.701] Vector3f[-67.5, -3.4999988, 0.0]
[16:03:11.718] Vector3f[-67.5, -3.5499988, 0.0]
[16:03:11.733] Vector3f[-67.5, -3.5999987, 0.0]
[16:03:11.751] Vector3f[-67.5, -3.6499987, 0.0]
[16:03:11.768] Vector3f[-67.5, -3.6999986, 0.0]
[16:03:11.785] Vector3f[-67.5, -3.7499986, 0.0]
[16:03:11.802] Vector3f[-67.5, -3.7999985, 0.0]
[16:03:11.819] Vector3f[-67.5, -3.8499985, 0.0]
[16:03:11.835] Vector3f[-67.5, -3.8999984, 0.0]
[16:03:11.853] Vector3f[-67.5, -3.9499984, 0.0]
[16:03:11.869] Vector3f[-67.5, -3.9999983, 0.0]
[16:03:11.887] Vector3f[-67.5, -4.0499983, 0.0]
[16:03:11.904] Vector3f[-67.5, -4.0999985, 0.0]
[16:03:11.921] Vector3f[-67.5, -4.1499987, 0.0]
[16:03:11.938] Vector3f[-67.5, -4.199999, 0.0]
[16:03:11.956] Vector3f[-67.5, -4.249999, 0.0]
[16:03:11.973] Vector3f[-67.5, -4.299999, 0.0]
[16:03:11.989] Vector3f[-67.5, -4.3499994, 0.0]
[16:03:12.006] Vector3f[-67.5, -4.3999996, 0.0]
[16:03:12.023] Vector3f[-67.5, -4.45, 0.0]
[16:03:12.039] Vector3f[-67.5, -4.5, 0.0]
[16:03:12.057] Vector3f[-67.5, -4.55, 0.0]
[16:03:12.075] Vector3f[-67.5, -4.6000004, 0.0]
[16:03:12.090] Vector3f[-67.5, -4.6500006, 0.0]
[16:03:12.108] Vector3f[-67.5, -4.700001, 0.0]
[16:03:12.126] Vector3f[-67.5, -4.750001, 0.0]
[16:03:12.142] Vector3f[-67.5, -4.800001, 0.0]
[16:03:12.159] Vector3f[-67.5, -4.8500013, 0.0]
[16:03:12.175] Vector3f[-67.5, -4.9000015, 0.0]
[16:03:12.192] Vector3f[-67.5, -4.9500017, 0.0]
[16:03:12.210] Vector3f[-67.5, -5.000002, 0.0]
[16:03:12.226] Vector3f[-67.5, -5.050002, 0.0]
[16:03:12.244] Vector3f[-67.5, -5.1000023, 0.0]
[16:03:12.260] Vector3f[-67.5, -5.1500025, 0.0]
[16:03:12.278] Vector3f[-67.5, -5.2000027, 0.0]
[16:03:12.296] Vector3f[-67.5, -5.250003, 0.0]
[16:03:12.312] Vector3f[-67.5, -5.300003, 0.0]
[16:03:12.329] Vector3f[-67.5, -5.3500032, 0.0]
[16:03:12.346] Vector3f[-67.5, -5.4000034, 0.0]
[16:03:12.364] Vector3f[-67.5, -5.0000033, 0.0]
[16:03:12.380] Vector3f[-67.5, -4.1500034, 0.0]
[16:03:12.396] Vector3f[-67.5, -3.3000035, 0.0]
[16:03:12.414] Vector3f[-67.5, -2.4500036, 0.0]
[16:03:12.432] Vector3f[-67.5, -1.6000037, 0.0]
[16:03:12.449] Vector3f[-67.5, -0.75000376, 0.0]
[16:03:12.466] Vector3f[-67.5, 0.09999621, 0.0]
[16:03:12.482] Vector3f[-67.5, 0.9499962, 0.0]
[16:03:12.500] Vector3f[-67.5, 1.7999961, 0.0]
[16:03:12.517] Vector3f[-67.5, 2.649996, 0.0]
[16:03:12.534] Vector3f[-67.5, 3.499996, 0.0]
[16:03:12.550] Vector3f[-67.5, 4.349996, 0.0]
[16:03:12.567] Vector3f[-67.5, 5.199996, 0.0]
[16:03:12.583] Vector3f[-67.5, 6.049996, 0.0]
[16:03:12.600] Vector3f[-67.5, 6.899996, 0.0]
[16:03:12.618] Vector3f[-67.5, 7.7499957, 0.0]
[16:03:12.635] Vector3f[-67.5, 8.599996, 0.0]
[16:03:12.652] Vector3f[-67.5, 9.449996, 0.0]
[16:03:12.669] Vector3f[-67.5, 10.299996, 0.0]
[16:03:12.686] Vector3f[-67.5, 11.149997, 0.0]
[16:03:12.703] Vector3f[-67.5, 11.999997, 0.0]
[16:03:12.721] Vector3f[-67.5, 12.8499975, 0.0]
[16:03:12.738] Vector3f[-67.5, 13.699998, 0.0]
[16:03:12.754] Vector3f[-67.5, 14.549998, 0.0]
[16:03:12.772] Vector3f[-67.5, 15.399999, 0.0]
[16:03:12.788] Vector3f[-67.5, 16.249998, 0.0]
[16:03:12.805] Vector3f[-67.5, 17.099998, 0.0]
[16:03:12.822] Vector3f[-67.5, 17.949999, 0.0]
[16:03:12.839] Vector3f[-67.5, 18.8, 0.0]
[16:03:12.855] Vector3f[-67.5, 19.65, 0.0]
[16:03:12.872] Vector3f[-67.5, 20.5, 0.0]
[16:03:12.890] Vector3f[-67.5, 21.35, 0.0]
[16:03:12.907] Vector3f[-67.5, 22.2, 0.0]
[16:03:12.924] Vector3f[-67.5, 23.050001, 0.0]
[16:03:12.941] Vector3f[-67.5, 23.900002, 0.0]
[16:03:12.958] Vector3f[-67.5, 24.750002, 0.0]
[16:03:12.976] Vector3f[-67.5, 25.600002, 0.0]
[16:03:12.993] Vector3f[-67.5, 26.450003, 0.0]
[16:03:13.009] Vector3f[-67.5, 27.300003, 0.0]
[16:03:13.026] Vector3f[-67.5, 28.150003, 0.0]
[16:03:13.043] Vector3f[-67.5, 29.000004, 0.0]
[16:03:13.060] Vector3f[-67.5, 29.850004, 0.0]
[16:03:13.076] Vector3f[-67.5, 30.700005, 0.0]
[16:03:13.094] Vector3f[-67.5, 31.550005, 0.0]
[16:03:13.110] Vector3f[-67.5, 32.400005, 0.0]
[16:03:13.127] Vector3f[-67.5, 33.250004, 0.0]
[16:03:13.144] Vector3f[-67.5, 34.100002, 0.0]
[16:03:13.162] Vector3f[-67.5, 34.95, 0.0]
[16:03:13.178] Vector3f[-67.5, 35.8, 0.0]
[16:03:13.196] Vector3f[-67.5, 36.649998, 0.0]
[16:03:13.212] Vector3f[-67.5, 37.499996, 0.0]
[16:03:13.229] Vector3f[-67.5, 38.349995, 0.0]
[16:03:13.247] Vector3f[-67.5, 39.199993, 0.0]
[16:03:13.264] Vector3f[-67.5, 40.04999, 0.0]
[16:03:13.281] Vector3f[-67.5, 40.89999, 0.0]
[16:03:13.298] Vector3f[-67.5, 41.74999, 0.0]
[16:03:13.315] Vector3f[-67.5, 42.599987, 0.0]
[16:03:13.332] Vector3f[-67.5, 43.449986, 0.0]
[16:03:13.349] Vector3f[-67.5, 44.299984, 0.0]
[16:03:13.366] Vector3f[-67.5, 45.149982, 0.0]
[16:03:13.382] Vector3f[-67.5, 45.99998, 0.0]
[16:03:13.399] Vector3f[-67.5, 46.84998, 0.0]
[16:03:13.416] Vector3f[-67.5, 47.699978, 0.0]
[16:03:13.435] Vector3f[-67.5, 48.549976, 0.0]
[16:03:13.452] Vector3f[-67.5, 49.399975, 0.0]
[16:03:13.468] Vector3f[-67.5, 50.249973, 0.0]
[16:03:13.486] Vector3f[-67.5, 51.09997, 0.0]
[16:03:13.502] Vector3f[-67.5, 51.94997, 0.0]
[16:03:13.520] Vector3f[-67.5, 52.79997, 0.0]
[16:03:13.535] Vector3f[-67.5, 53.649967, 0.0]
[16:03:13.552] Vector3f[-67.5, 54.499966, 0.0]
[16:03:13.569] Vector3f[-67.5, 55.349964, 0.0]
[16:03:13.586] Vector3f[-67.5, 56.199963, 0.0]
[16:03:13.603] Vector3f[-67.5, 57.04996, 0.0]
[16:03:13.620] Vector3f[-67.5, 57.89996, 0.0]
[16:03:13.637] Vector3f[-67.5, 58.749958, 0.0]
[16:03:13.654] Vector3f[-67.5, 59.599957, 0.0]
[16:03:13.671] Vector3f[-67.5, 60.449955, 0.0]
[16:03:13.689] Vector3f[-67.5, 61.299953, 0.0]
[16:03:13.706] Vector3f[-67.5, 62.149952, 0.0]
[16:03:13.723] Vector3f[-67.5, 62.99995, 0.0]
[16:03:13.740] Vector3f[-67.5, 63.84995, 0.0]
[16:03:13.757] Vector3f[-67.5, 64.69995, 0.0]
[16:03:13.774] Vector3f[-67.5, 65.54995, 0.0]
[16:03:13.791] Vector3f[-67.5, 66.39995, 0.0]
[16:03:13.808] Vector3f[-67.5, 67.24995, 0.0]
[16:03:13.825] Vector3f[-67.5, 68.099945, 0.0]
[16:03:13.842] Vector3f[-67.5, 68.94994, 0.0]
[16:03:13.859] Vector3f[-67.5, 69.79994, 0.0]
[16:03:13.876] Vector3f[-67.5, 70.64994, 0.0]
[16:03:13.893] Vector3f[-67.5, 71.49994, 0.0]
[16:03:13.910] Vector3f[-67.5, 72.34994, 0.0]
[16:03:13.927] Vector3f[-67.5, 73.199936, 0.0]
[16:03:13.944] Vector3f[-67.5, 74.049934, 0.0]
[16:03:13.961] Vector3f[-67.5, 74.89993, 0.0]
[16:03:13.979] Vector3f[-67.5, 75.74993, 0.0]
[16:03:13.995] Vector3f[-67.5, 76.59993, 0.0]
[16:03:14.012] Vector3f[-67.5, 77.44993, 0.0]
[16:03:14.029] Vector3f[-67.5, 78.29993, 0.0]
[16:03:14.046] Vector3f[-67.5, 79.149925, 0.0]
[16:03:14.062] Vector3f[-67.5, 79.99992, 0.0]
[16:03:14.081] Vector3f[-67.5, 80.84992, 0.0]
[16:03:14.097] Vector3f[-67.5, 81.69992, 0.0]
[16:03:14.114] Vector3f[-67.5, 82.54992, 0.0]
[16:03:14.132] Vector3f[-67.5, 83.39992, 0.0]
[16:03:14.148] Vector3f[-67.5, 84.249916, 0.0]
[16:03:14.165] Vector3f[-67.5, 85.099915, 0.0]
[16:03:14.182] Vector3f[-67.5, 85.94991, 0.0]
[16:03:14.199] Vector3f[-67.5, 86.79991, 0.0]
[16:03:14.217] Vector3f[-67.5, 87.64991, 0.0]
[16:03:14.233] Vector3f[-67.5, 88.49991, 0.0]
[16:03:14.252] Vector3f[-67.5, 89.34991, 0.0]
[16:03:14.268] Vector3f[-67.5, 90.199905, 0.0]
[16:03:14.284] Vector3f[-67.5, 91.049904, 0.0]
[16:03:14.301] Vector3f[-67.5, 91.8999, 0.0]
[16:03:14.318] Vector3f[-67.5, 92.7499, 0.0]
[16:03:14.335] Vector3f[-67.5, 93.5999, 0.0]
[16:03:14.351] Vector3f[-67.5, 94.4499, 0.0]
[16:03:14.368] Vector3f[-67.5, 95.2999, 0.0]
[16:03:14.385] Vector3f[-67.5, 96.149895, 0.0]
[16:03:14.403] Vector3f[-67.5, 96.99989, 0.0]
[16:03:14.420] Vector3f[-67.5, 97.84989, 0.0]
[16:03:14.438] Vector3f[-67.5, 98.69989, 0.0]
[16:03:14.454] Vector3f[-67.5, 99.54989, 0.0]
[16:03:14.471] Vector3f[-67.5, 100.39989, 0.0]
[16:03:14.488] Vector3f[-67.5, 101.249886, 0.0]
[16:03:14.506] Vector3f[-67.5, 102.099884, 0.0]
[16:03:14.523] Vector3f[-67.5, 102.94988, 0.0]
[16:03:14.540] Vector3f[-67.5, 103.79988, 0.0]
[16:03:14.556] Vector3f[-67.5, 104.64988, 0.0]
[16:03:14.573] Vector3f[-67.5, 105.49988, 0.0]
[16:03:14.590] Vector3f[-67.5, 106.34988, 0.0]
[16:03:14.607] Vector3f[-67.5, 107.199875, 0.0]
[16:03:14.623] Vector3f[-67.5, 108.04987, 0.0]
[16:03:14.641] Vector3f[-67.5, 108.89987, 0.0]
[16:03:14.657] Vector3f[-67.5, 109.74987, 0.0]
[16:03:14.675] Vector3f[-67.5, 110.59987, 0.0]
[16:03:14.691] Vector3f[-67.5, 111.44987, 0.0]
[16:03:14.709] Vector3f[-67.5, 112.299866, 0.0]
[16:03:14.725] Vector3f[-67.5, 113.149864, 0.0]
[16:03:14.742] Vector3f[-67.5, 113.99986, 0.0]
[16:03:14.759] Vector3f[-67.5, 114.84986, 0.0]
[16:03:14.777] Vector3f[-67.5, 115.69986, 0.0]
[16:03:14.794] Vector3f[-67.5, 116.54986, 0.0]
[16:03:14.811] Vector3f[-67.5, 117.39986, 0.0]
[16:03:14.828] Vector3f[-67.5, 118.249855, 0.0]
[16:03:14.844] Vector3f[-67.5, 119.09985, 0.0]
[16:03:14.861] Vector3f[-67.5, 119.94985, 0.0]
[16:03:14.878] Vector3f[-67.5, 120.79985, 0.0]
[16:03:14.895] Vector3f[-67.5, 121.64985, 0.0]
[16:03:14.913] Vector3f[-67.5, 122.49985, 0.0]
[16:03:14.930] Vector3f[-67.5, 123.349846, 0.0]
[16:03:14.947] Vector3f[-67.5, 124.199844, 0.0]
[16:03:14.964] Vector3f[-67.5, 125.04984, 0.0]
[16:03:14.982] Vector3f[-67.5, 125.89984, 0.0]
[16:03:14.999] Vector3f[-67.5, 126.74984, 0.0]
[16:03:15.015] Vector3f[-67.5, 127.59984, 0.0]
[16:03:15.031] Vector3f[-67.5, 128.44984, 0.0]
[16:03:15.048] Vector3f[-67.5, 129.29985, 0.0]
[16:03:15.067] Vector3f[-67.5, 130.14986, 0.0]
[16:03:15.083] Vector3f[-67.5, 130.99986, 0.0]
[16:03:15.099] Vector3f[-67.5, 131.84987, 0.0]
[16:03:15.117] Vector3f[-67.5, 132.69987, 0.0]
[16:03:15.133] Vector3f[-67.5, 133.54988, 0.0]
[16:03:15.151] Vector3f[-67.5, 134.39989, 0.0]
[16:03:15.169] Vector3f[-67.5, 135.2499, 0.0]
[16:03:15.184] Vector3f[-67.5, 136.0999, 0.0]
[16:03:15.201] Vector3f[-67.5, 136.9499, 0.0]
[16:03:15.219] Vector3f[-67.5, 137.79991, 0.0]
[16:03:15.235] Vector3f[-67.5, 138.64992, 0.0]
[16:03:15.253] Vector3f[-67.5, 139.49992, 0.0]
[16:03:15.270] Vector3f[-67.5, 140.34993, 0.0]
[16:03:15.286] Vector3f[-67.5, 141.19994, 0.0]
[16:03:15.304] Vector3f[-67.5, 142.04994, 0.0]
[16:03:15.320] Vector3f[-67.5, 142.89995, 0.0]
[16:03:15.338] Vector3f[-67.5, 143.74995, 0.0]
[16:03:15.354] Vector3f[-67.5, 144.59996, 0.0]
[16:03:15.371] Vector3f[-67.5, 145.44997, 0.0]
[16:03:15.390] Vector3f[-67.5, 146.29997, 0.0]
[16:03:15.406] Vector3f[-67.5, 147.14998, 0.0]
[16:03:15.424] Vector3f[-67.5, 147.99998, 0.0]
[16:03:15.441] Vector3f[-67.5, 148.84999, 0.0]
[16:03:15.457] Vector3f[-67.5, 149.7, 0.0]
[16:03:15.474] Vector3f[-67.5, 150.55, 0.0]
[16:03:15.490] Vector3f[-67.5, 151.40001, 0.0]
[16:03:15.508] Vector3f[-67.5, 152.25002, 0.0]
[16:03:15.525] Vector3f[-67.5, 153.10002, 0.0]
[16:03:15.542] Vector3f[-67.5, 153.95003, 0.0]
[16:03:15.560] Vector3f[-67.5, 154.80003, 0.0]
[16:03:15.577] Vector3f[-67.5, 155.65004, 0.0]
[16:03:15.594] Vector3f[-67.5, 156.50005, 0.0]
[16:03:15.611] Vector3f[-67.5, 157.35005, 0.0]
[16:03:15.627] Vector3f[-67.5, 158.20006, 0.0]
[16:03:15.645] Vector3f[-67.5, 159.05006, 0.0]
[16:03:15.661] Vector3f[-67.5, 159.90007, 0.0]
[16:03:15.679] Vector3f[-67.5, 160.75008, 0.0]
[16:03:15.695] Vector3f[-67.5, 161.60008, 0.0]
[16:03:15.712] Vector3f[-67.5, 162.45009, 0.0]
[16:03:15.729] Vector3f[-67.5, 163.3001, 0.0]
[16:03:15.746] Vector3f[-67.5, 164.1501, 0.0]
[16:03:15.764] Vector3f[-67.5, 165.0001, 0.0]
[16:03:15.781] Vector3f[-67.5, 165.85011, 0.0]
[16:03:15.796] Vector3f[-67.5, 166.70012, 0.0]
[16:03:15.814] Vector3f[-67.5, 167.55013, 0.0]
[16:03:15.830] Vector3f[-67.5, 168.40013, 0.0]
[16:03:15.847] Vector3f[-67.5, 169.25014, 0.0]
[16:03:15.865] Vector3f[-67.5, 170.10014, 0.0]
[16:03:15.882] Vector3f[-67.5, 170.95015, 0.0]
[16:03:15.899] Vector3f[-67.5, 171.80016, 0.0]
[16:03:15.916] Vector3f[-67.5, 172.65016, 0.0]
[16:03:15.933] Vector3f[-67.5, 173.50017, 0.0]
[16:03:15.951] Vector3f[-67.5, 174.35017, 0.0]
[16:03:15.967] Vector3f[-67.5, 175.20018, 0.0]
[16:03:15.985] Vector3f[-67.5, 176.05019, 0.0]
[16:03:16.001] Vector3f[-67.5, 176.90019, 0.0]
[16:03:16.018] Vector3f[-67.5, 177.7502, 0.0]
[16:03:16.036] Vector3f[-67.5, 178.6002, 0.0]
[16:03:16.052] Vector3f[-67.5, 179.45021, 0.0]
[16:03:16.069] Vector3f[-67.5, 180.30022, 0.0]
[16:03:16.086] Vector3f[-67.5, 181.15022, 0.0]
[16:03:16.103] Vector3f[-67.5, 182.00023, 0.0]
[16:03:16.120] Vector3f[-67.5, 182.85023, 0.0]
[16:03:16.137] Vector3f[-67.5, 183.70024, 0.0]
[16:03:16.154] Vector3f[-67.5, 184.55025, 0.0]
[16:03:16.171] Vector3f[-67.5, 185.40025, 0.0]
[16:03:16.188] Vector3f[-67.5, 186.25026, 0.0]
[16:03:16.204] Vector3f[-67.5, 187.10027, 0.0]
[16:03:16.222] Vector3f[-67.5, 187.95027, 0.0]
[16:03:16.238] Vector3f[-67.5, 188.80028, 0.0]
[16:03:16.255] Vector3f[-67.5, 189.65028, 0.0]
[16:03:16.272] Vector3f[-67.5, 190.50029, 0.0]
