[16:04:07.084] Created Window
[16:04:07.112] Setup Shaders
[16:04:07.461] Setup Player
[16:04:07.707] Setup Scene Graph
[16:04:07.775] Entering Render Loop
[16:04:13.118] Vector3f[-67.5, 5.0, 0.0]
[16:04:13.119] Vector3f[-67.5, 4.9, 0.0]
[16:04:13.120] Vector3f[-67.5, 4.8, 0.0]
[16:04:13.120] Vector3f[-67.5, 4.7000003, 0.0]
[16:04:13.121] Vector3f[-67.5, 4.6000004, 0.0]
[16:04:13.121] Vector3f[-67.5, 4.5000005, 0.0]
[16:04:13.121] Vector3f[-67.5, 4.4000006, 0.0]
[16:04:13.121] Vector3f[-67.5, 4.3000007, 0.0]
[16:04:13.122] Vector3f[-67.5, 4.200001, 0.0]
[16:04:13.122] Vector3f[-67.5, 4.100001, 0.0]
[16:04:13.122] Vector3f[-67.5, 4.000001, 0.0]
[16:04:13.122] Vector3f[-67.5, 3.900001, 0.0]
[16:04:13.124] Vector3f[-67.5, 3.8000011, 0.0]
[16:04:13.124] Vector3f[-67.5, 3.7000012, 0.0]
[16:04:13.124] Vector3f[-67.5, 3.6000013, 0.0]
[16:04:13.125] Vector3f[-67.5, 3.5000014, 0.0]
[16:04:13.125] Vector3f[-67.5, 3.4000015, 0.0]
[16:04:13.125] Vector3f[-67.5, 3.3000016, 0.0]
[16:04:13.125] Vector3f[-67.5, 3.2000017, 0.0]
[16:04:13.125] Vector3f[-67.5, 3.1000018, 0.0]
[16:04:13.125] Vector3f[-67.5, 3.000002, 0.0]
[16:04:13.126] Vector3f[-67.5, 2.900002, 0.0]
[16:04:13.126] Vector3f[-67.5, 2.800002, 0.0]
[16:04:13.126] Vector3f[-67.5, 2.7000022, 0.0]
[16:04:13.126] Vector3f[-67.5, 2.6000023, 0.0]
[16:04:13.126] Vector3f[-67.5, 2.5000024, 0.0]
[16:04:13.127] Vector3f[-67.5, 2.4000025, 0.0]
[16:04:13.127] Vector3f[-67.5, 2.3000026, 0.0]
[16:04:13.127] Vector3f[-67.5, 2.2000027, 0.0]
[16:04:13.127] Vector3f[-67.5, 2.1000028, 0.0]
[16:04:13.127] Vector3f[-67.5, 2.0000029, 0.0]
[16:04:13.127] Vector3f[-67.5, 1.9000028, 0.0]
[16:04:13.128] Vector3f[-67.5, 1.8000028, 0.0]
[16:04:13.128] Vector3f[-67.5, 1.7000028, 0.0]
[16:04:13.128] Vector3f[-67.5, 1.6000028, 0.0]
[16:04:13.128] Vector3f[-67.5, 1.5000027, 0.0]
[16:04:13.128] Vector3f[-67.5, 1.4000027, 0.0]
[16:04:13.128] Vector3f[-67.5, 1.3000027, 0.0]
[16:04:13.129] Vector3f[-67.5, 1.2000027, 0.0]
[16:04:13.129] Vector3f[-67.5, 1.1000026, 0.0]
[16:04:13.129] Vector3f[-67.5, 1.0000026, 0.0]
[16:04:13.129] Vector3f[-67.5, 0.9000026, 0.0]
[16:04:13.129] Vector3f[-67.5, 0.8000026, 0.0]
[16:04:13.129] Vector3f[-67.5, 0.70000255, 0.0]
[16:04:13.130] Vector3f[-67.5, 0.6000025, 0.0]
[16:04:13.130] Vector3f[-67.5, 0.5000025, 0.0]
[16:04:13.130] Vector3f[-67.5, 0.4000025, 0.0]
[16:04:13.130] Vector3f[-67.5, 0.30000252, 0.0]
[16:04:13.130] Vector3f[-67.5, 0.20000252, 0.0]
[16:04:13.130] Vector3f[-67.5, 0.10000252, 0.0]
[16:04:13.131] Vector3f[-67.5, 2.5182962E-6, 0.0]
[16:04:13.131] Vector3f[-67.5, -0.09999748, 0.0]
[16:04:13.132] Vector3f[-67.5, -0.19999748, 0.0]
[16:04:13.132] Vector3f[-67.5, -0.29999748, 0.0]
[16:04:13.132] Vector3f[-67.5, -0.39999747, 0.0]
[16:04:13.132] Vector3f[-67.5, -0.49999747, 0.0]
[16:04:13.133] Vector3f[-67.5, -0.59999746, 0.0]
[16:04:13.133] Vector3f[-67.5, -0.6999975, 0.0]
[16:04:13.133] Vector3f[-67.5, -0.7999975, 0.0]
[16:04:13.134] Vector3f[-67.5, -0.89999753, 0.0]
[16:04:13.134] Vector3f[-67.5, -0.99999756, 0.0]
[16:04:13.134] Vector3f[-67.5, -1.0999975, 0.0]
[16:04:13.134] Vector3f[-67.5, -1.1999975, 0.0]
[16:04:13.134] Vector3f[-67.5, -1.2999976, 0.0]
[16:04:13.134] Vector3f[-67.5, -1.3999976, 0.0]
[16:04:13.135] Vector3f[-67.5, -1.4999976, 0.0]
[16:04:13.135] Vector3f[-67.5, -1.5999976, 0.0]
[16:04:13.135] Vector3f[-67.5, -1.6999977, 0.0]
[16:04:13.135] Vector3f[-67.5, -1.7999977, 0.0]
[16:04:13.135] Vector3f[-67.5, -1.8999977, 0.0]
[16:04:13.135] Vector3f[-67.5, -1.9999977, 0.0]
[16:04:13.135] Vector3f[-67.5, -2.0999978, 0.0]
[16:04:13.136] Vector3f[-67.5, -2.1999977, 0.0]
[16:04:13.136] Vector3f[-67.5, -2.2999976, 0.0]
[16:04:13.136] Vector3f[-67.5, -2.3999975, 0.0]
[16:04:13.136] Vector3f[-67.5, -2.4999974, 0.0]
[16:04:13.139] Vector3f[-67.5, -2.5999973, 0.0]
[16:04:13.140] Vector3f[-67.5, -2.6999972, 0.0]
[16:04:13.140] Vector3f[-67.5, -2.799997, 0.0]
[16:04:13.140] Vector3f[-67.5, -2.899997, 0.0]
[16:04:13.140] Vector3f[-67.5, -2.999997, 0.0]
[16:04:13.140] Vector3f[-67.5, -3.0999968, 0.0]
[16:04:13.141] Vector3f[-67.5, -3.1999967, 0.0]
[16:04:13.143] Vector3f[-67.5, -3.2999966, 0.0]
[16:04:13.143] Vector3f[-67.5, -3.3999965, 0.0]
[16:04:13.143] Vector3f[-67.5, -3.4999964, 0.0]
[16:04:13.144] Vector3f[-67.5, -3.5999963, 0.0]
[16:04:13.144] Vector3f[-67.5, -3.6999962, 0.0]
[16:04:13.144] Vector3f[-67.5, -3.7999961, 0.0]
[16:04:13.144] Vector3f[-67.5, -3.899996, 0.0]
[16:04:13.145] Vector3f[-67.5, -3.999996, 0.0]
[16:04:13.145] Vector3f[-67.5, -4.099996, 0.0]
[16:04:13.145] Vector3f[-67.5, -4.199996, 0.0]
[16:04:13.145] Vector3f[-67.5, -4.299996, 0.0]
[16:04:13.145] Vector3f[-67.5, -4.399996, 0.0]
[16:04:13.146] Vector3f[-67.5, -4.4999957, 0.0]
[16:04:13.146] Vector3f[-67.5, -4.5999956, 0.0]
[16:04:13.146] Vector3f[-67.5, -4.6999955, 0.0]
[16:04:13.146] Vector3f[-67.5, -4.7999954, 0.0]
[16:04:13.146] Vector3f[-67.5, -4.8999953, 0.0]
[16:04:13.147] Vector3f[-67.5, -4.999995, 0.0]
[16:04:13.147] Vector3f[-67.5, -5.099995, 0.0]
[16:04:13.147] Vector3f[-67.5, -5.199995, 0.0]
[16:04:13.147] Vector3f[-67.5, -5.299995, 0.0]
[16:04:13.147] Vector3f[-67.5, -5.399995, 0.0]
[16:04:13.148] Vector3f[-67.5, -5.4999948, 0.0]
[16:04:13.148] Vector3f[-67.5, -5.5999947, 0.0]
[16:04:13.148] Vector3f[-67.5, -5.6999946, 0.0]
[16:04:13.148] Vector3f[-67.5, -5.7999945, 0.0]
[16:04:13.148] Vector3f[-67.5, -5.8999944, 0.0]
[16:04:13.149] Vector3f[-67.5, -5.9999943, 0.0]
[16:04:13.149] Vector3f[-67.5, -6.099994, 0.0]
[16:04:13.149] Vector3f[-67.5, -6.199994, 0.0]
[16:04:13.149] Vector3f[-67.5, -6.299994, 0.0]
[16:04:13.149] Vector3f[-67.5, -6.399994, 0.0]
[16:04:13.149] Vector3f[-67.5, -6.499994, 0.0]
[16:04:13.150] Vector3f[-67.5, -6.5999937, 0.0]
[16:04:13.150] Vector3f[-67.5, -6.6999936, 0.0]
[16:04:13.150] Vector3f[-67.5, -6.7999935, 0.0]
[16:04:13.150] Vector3f[-67.5, -6.8999934, 0.0]
[16:04:13.150] Vector3f[-67.5, -6.9999933, 0.0]
[16:04:13.150] Vector3f[-67.5, -7.099993, 0.0]
[16:04:13.151] Vector3f[-67.5, -7.199993, 0.0]
[16:04:13.151] Vector3f[-67.5, -7.299993, 0.0]
[16:04:13.151] Vector3f[-67.5, -7.399993, 0.0]
[16:04:13.151] Vector3f[-67.5, -7.499993, 0.0]
[16:04:13.151] Vector3f[-67.5, -7.5999928, 0.0]
[16:04:13.152] Vector3f[-67.5, -7.6999927, 0.0]
[16:04:13.152] Vector3f[-67.5, -7.7999926, 0.0]
[16:04:13.152] Vector3f[-67.5, -7.8999925, 0.0]
[16:04:13.152] Vector3f[-67.5, -7.9999924, 0.0]
[16:04:13.152] Vector3f[-67.5, -8.099993, 0.0]
[16:04:13.152] Vector3f[-67.5, -8.199993, 0.0]
[16:04:13.152] Vector3f[-67.5, -8.2999935, 0.0]
[16:04:13.153] Vector3f[-67.5, -8.399994, 0.0]
[16:04:13.153] Vector3f[-67.5, -8.499994, 0.0]
[16:04:13.154] Vector3f[-67.5, -8.599995, 0.0]
[16:04:13.154] Vector3f[-67.5, -8.699995, 0.0]
[16:04:13.154] Vector3f[-67.5, -8.799995, 0.0]
[16:04:13.154] Vector3f[-67.5, -8.899996, 0.0]
[16:04:13.154] Vector3f[-67.5, -8.999996, 0.0]
[16:04:13.154] Vector3f[-67.5, -9.099997, 0.0]
[16:04:13.155] Vector3f[-67.5, -9.199997, 0.0]
[16:04:13.155] Vector3f[-67.5, -9.299997, 0.0]
[16:04:13.155] Vector3f[-67.5, -9.399998, 0.0]
[16:04:13.155] Vector3f[-67.5, -9.499998, 0.0]
[16:04:13.155] Vector3f[-67.5, -9.599998, 0.0]
[16:04:13.155] Vector3f[-67.5, -9.699999, 0.0]
[16:04:13.156] Vector3f[-67.5, -9.799999, 0.0]
[16:04:13.156] Vector3f[-67.5, -9.9, 0.0]
[16:04:13.156] Vector3f[-67.5, -10.0, 0.0]
[16:04:13.156] Vector3f[-67.5, -10.1, 0.0]
[16:04:13.156] Vector3f[-67.5, -10.200001, 0.0]
[16:04:13.157] Vector3f[-67.5, -10.300001, 0.0]
[16:04:13.157] Vector3f[-67.5, -10.400002, 0.0]
[16:04:13.157] Vector3f[-67.5, -10.500002, 0.0]
[16:04:13.158] Vector3f[-67.5, -10.600002, 0.0]
[16:04:13.158] Vector3f[-67.5, -10.700003, 0.0]
[16:04:13.159] Vector3f[-67.5, -10.800003, 0.0]
[16:04:13.159] Vector3f[-67.5, -10.900003, 0.0]
[16:04:13.159] Vector3f[-67.5, -11.000004, 0.0]
[16:04:13.159] Vector3f[-67.5, -11.100004, 0.0]
[16:04:13.159] Vector3f[-67.5, -11.200005, 0.0]
[16:04:13.159] Vector3f[-67.5, -11.300005, 0.0]
[16:04:13.159] Vector3f[-67.5, -11.400005, 0.0]
[16:04:13.160] Vector3f[-67.5, -11.500006, 0.0]
[16:04:13.160] Vector3f[-67.5, -11.600006, 0.0]
[16:04:13.160] Vector3f[-67.5, -11.7000065, 0.0]
[16:04:13.160] Vector3f[-67.5, -11.800007, 0.0]
[16:04:13.160] Vector3f[-67.5, -11.900007, 0.0]
[16:04:13.160] Vector3f[-67.5, -12.000008, 0.0]
[16:04:13.160] Vector3f[-67.5, -12.100008, 0.0]
[16:04:13.160] Vector3f[-67.5, -12.200008, 0.0]
[16:04:13.161] Vector3f[-67.5, -12.300009, 0.0]
[16:04:13.161] Vector3f[-67.5, -12.400009, 0.0]
[16:04:13.161] Vector3f[-67.5, -12.50001, 0.0]
[16:04:13.161] Vector3f[-67.5, -12.60001, 0.0]
[16:04:13.161] Vector3f[-67.5, -12.70001, 0.0]
[16:04:13.161] Vector3f[-67.5, -12.800011, 0.0]
[16:04:13.162] Vector3f[-67.5, -12.900011, 0.0]
[16:04:13.162] Vector3f[-67.5, -13.000011, 0.0]
[16:04:13.162] Vector3f[-67.5, -13.100012, 0.0]
[16:04:13.162] Vector3f[-67.5, -13.200012, 0.0]
[16:04:13.162] Vector3f[-67.5, -13.300013, 0.0]
[16:04:13.162] Vector3f[-67.5, -13.400013, 0.0]
[16:04:13.163] Vector3f[-67.5, -13.500013, 0.0]
[16:04:13.163] Vector3f[-67.5, -13.600014, 0.0]
[16:04:13.163] Vector3f[-67.5, -13.700014, 0.0]
[16:04:13.163] Vector3f[-67.5, -13.8000145, 0.0]
[16:04:13.163] Vector3f[-67.5, -13.900015, 0.0]
[16:04:13.163] Vector3f[-67.5, -14.000015, 0.0]
[16:04:13.164] Vector3f[-67.5, -14.100016, 0.0]
[16:04:13.164] Vector3f[-67.5, -14.200016, 0.0]
[16:04:13.164] Vector3f[-67.5, -14.300016, 0.0]
[16:04:13.164] Vector3f[-67.5, -14.400017, 0.0]
[16:04:13.164] Vector3f[-67.5, -14.500017, 0.0]
[16:04:13.164] Vector3f[-67.5, -14.600018, 0.0]
[16:04:13.164] Vector3f[-67.5, -14.700018, 0.0]
[16:04:13.164] Vector3f[-67.5, -14.800018, 0.0]
[16:04:13.164] Vector3f[-67.5, -14.900019, 0.0]
[16:04:13.164] Vector3f[-67.5, -15.000019, 0.0]
[16:04:13.165] Vector3f[-67.5, -15.100019, 0.0]
[16:04:13.165] Vector3f[-67.5, -15.20002, 0.0]
[16:04:13.165] Vector3f[-67.5, -15.30002, 0.0]
[16:04:13.165] Vector3f[-67.5, -15.400021, 0.0]
[16:04:13.165] Vector3f[-67.5, -15.500021, 0.0]
[16:04:13.165] Vector3f[-67.5, -15.600021, 0.0]
[16:04:13.165] Vector3f[-67.5, -15.700022, 0.0]
[16:04:13.165] Vector3f[-67.5, -15.800022, 0.0]
[16:04:13.166] Vector3f[-67.5, -15.9000225, 0.0]
[16:04:13.166] Vector3f[-67.5, -16.000023, 0.0]
[16:04:13.166] Vector3f[-67.5, -16.100023, 0.0]
[16:04:13.166] Vector3f[-67.5, -16.200024, 0.0]
[16:04:13.166] Vector3f[-67.5, -16.300024, 0.0]
[16:04:13.166] Vector3f[-67.5, -16.400024, 0.0]
[16:04:13.167] Vector3f[-67.5, -16.500025, 0.0]
[16:04:13.167] Vector3f[-67.5, -16.600025, 0.0]
[16:04:13.167] Vector3f[-67.5, -16.700026, 0.0]
[16:04:13.167] Vector3f[-67.5, -16.800026, 0.0]
[16:04:13.167] Vector3f[-67.5, -16.900026, 0.0]
[16:04:13.167] Vector3f[-67.5, -17.000027, 0.0]
[16:04:13.167] Vector3f[-67.5, -17.100027, 0.0]
[16:04:13.168] Vector3f[-67.5, -17.200027, 0.0]
[16:04:13.168] Vector3f[-67.5, -17.300028, 0.0]
[16:04:13.168] Vector3f[-67.5, -17.400028, 0.0]
[16:04:13.168] Vector3f[-67.5, -17.500029, 0.0]
[16:04:13.168] Vector3f[-67.5, -17.600029, 0.0]
[16:04:13.169] Vector3f[-67.5, -17.70003, 0.0]
[16:04:13.169] Vector3f[-67.5, -17.80003, 0.0]
[16:04:13.169] Vector3f[-67.5, -17.90003, 0.0]
[16:04:13.169] Vector3f[-67.5, -18.00003, 0.0]
[16:04:13.170] Vector3f[-67.5, -18.10003, 0.0]
[16:04:13.170] Vector3f[-67.5, -18.200031, 0.0]
[16:04:13.170] Vector3f[-67.5, -18.300032, 0.0]
[16:04:13.170] Vector3f[-67.5, -18.400032, 0.0]
[16:04:13.171] Vector3f[-67.5, -18.500032, 0.0]
[16:04:13.171] Vector3f[-67.5, -18.600033, 0.0]
[16:04:13.171] Vector3f[-67.5, -18.700033, 0.0]
[16:04:13.171] Vector3f[-67.5, -18.800034, 0.0]
[16:04:13.171] Vector3f[-67.5, -18.900034, 0.0]
[16:04:13.172] Vector3f[-67.5, -19.000034, 0.0]
[16:04:13.172] Vector3f[-67.5, -19.100035, 0.0]
[16:04:13.172] Vector3f[-67.5, -19.200035, 0.0]
[16:04:13.172] Vector3f[-67.5, -19.300035, 0.0]
[16:04:13.172] Vector3f[-67.5, -19.400036, 0.0]
[16:04:13.172] Vector3f[-67.5, -19.500036, 0.0]
[16:04:13.172] Vector3f[-67.5, -19.600037, 0.0]
[16:04:13.172] Vector3f[-67.5, -19.700037, 0.0]
[16:04:13.173] Vector3f[-67.5, -19.800037, 0.0]
[16:04:13.173] Vector3f[-67.5, -19.900038, 0.0]
[16:04:13.173] Vector3f[-67.5, -20.000038, 0.0]
[16:04:13.173] Vector3f[-67.5, -20.100039, 0.0]
[16:04:13.173] Vector3f[-67.5, -20.200039, 0.0]
[16:04:13.174] Vector3f[-67.5, -20.30004, 0.0]
[16:04:13.174] Vector3f[-67.5, -20.40004, 0.0]
[16:04:13.176] Vector3f[-67.5, -20.50004, 0.0]
[16:04:13.176] Vector3f[-67.5, -20.60004, 0.0]
[16:04:13.176] Vector3f[-67.5, -20.70004, 0.0]
[16:04:13.177] Vector3f[-67.5, -20.800041, 0.0]
[16:04:13.177] Vector3f[-67.5, -20.900042, 0.0]
[16:04:13.177] Vector3f[-67.5, -21.000042, 0.0]
[16:04:13.177] Vector3f[-67.5, -21.100042, 0.0]
[16:04:13.177] Vector3f[-67.5, -21.200043, 0.0]
[16:04:13.177] Vector3f[-67.5, -21.300043, 0.0]
[16:04:13.177] Vector3f[-67.5, -21.400043, 0.0]
[16:04:13.177] Vector3f[-67.5, -21.500044, 0.0]
[16:04:13.178] Vector3f[-67.5, -21.600044, 0.0]
[16:04:13.178] Vector3f[-67.5, -21.700045, 0.0]
[16:04:13.178] Vector3f[-67.5, -21.800045, 0.0]
[16:04:13.178] Vector3f[-67.5, -21.900045, 0.0]
[16:04:13.178] Vector3f[-67.5, -22.000046, 0.0]
[16:04:13.178] Vector3f[-67.5, -22.100046, 0.0]
[16:04:13.180] Vector3f[-67.5, -22.200047, 0.0]
[16:04:13.181] Vector3f[-67.5, -22.300047, 0.0]
[16:04:13.181] Vector3f[-67.5, -22.400047, 0.0]
[16:04:13.181] Vector3f[-67.5, -22.500048, 0.0]
[16:04:13.181] Vector3f[-67.5, -22.600048, 0.0]
[16:04:13.182] Vector3f[-67.5, -22.700048, 0.0]
[16:04:13.182] Vector3f[-67.5, -22.800049, 0.0]
[16:04:13.182] Vector3f[-67.5, -22.90005, 0.0]
[16:04:13.182] Vector3f[-67.5, -23.00005, 0.0]
[16:04:13.182] Vector3f[-67.5, -23.10005, 0.0]
[16:04:13.182] Vector3f[-67.5, -23.20005, 0.0]
[16:04:13.183] Vector3f[-67.5, -23.30005, 0.0]
[16:04:13.184] Vector3f[-67.5, -23.400051, 0.0]
[16:04:13.184] Vector3f[-67.5, -23.500051, 0.0]
[16:04:13.184] Vector3f[-67.5, -23.600052, 0.0]
[16:04:13.184] Vector3f[-67.5, -23.700052, 0.0]
[16:04:13.184] Vector3f[-67.5, -23.800053, 0.0]
[16:04:13.185] Vector3f[-67.5, -23.900053, 0.0]
[16:04:13.185] Vector3f[-67.5, -24.000053, 0.0]
[16:04:13.185] Vector3f[-67.5, -24.100054, 0.0]
[16:04:13.185] Vector3f[-67.5, -24.200054, 0.0]
[16:04:13.185] Vector3f[-67.5, -24.300055, 0.0]
[16:04:13.185] Vector3f[-67.5, -24.400055, 0.0]
[16:04:13.186] Vector3f[-67.5, -24.500055, 0.0]
[16:04:13.186] Vector3f[-67.5, -24.600056, 0.0]
[16:04:13.186] Vector3f[-67.5, -24.700056, 0.0]
[16:04:13.186] Vector3f[-67.5, -24.800056, 0.0]
[16:04:13.186] Vector3f[-67.5, -24.900057, 0.0]
[16:04:13.186] Vector3f[-67.5, -25.000057, 0.0]
[16:04:13.187] Vector3f[-67.5, -25.100058, 0.0]
[16:04:13.187] Vector3f[-67.5, -25.200058, 0.0]
[16:04:13.187] Vector3f[-67.5, -25.300058, 0.0]
[16:04:13.187] Vector3f[-67.5, -25.400059, 0.0]
[16:04:13.187] Vector3f[-67.5, -25.50006, 0.0]
[16:04:13.187] Vector3f[-67.5, -25.60006, 0.0]
[16:04:13.187] Vector3f[-67.5, -25.70006, 0.0]
[16:04:13.187] Vector3f[-67.5, -25.80006, 0.0]
[16:04:13.187] Vector3f[-67.5, -25.90006, 0.0]
[16:04:13.188] Vector3f[-67.5, -26.000061, 0.0]
[16:04:13.188] Vector3f[-67.5, -26.100061, 0.0]
[16:04:13.188] Vector3f[-67.5, -26.200062, 0.0]
[16:04:13.188] Vector3f[-67.5, -26.300062, 0.0]
[16:04:13.188] Vector3f[-67.5, -26.400063, 0.0]
[16:04:13.189] Vector3f[-67.5, -26.500063, 0.0]
[16:04:13.189] Vector3f[-67.5, -26.600063, 0.0]
[16:04:13.189] Vector3f[-67.5, -26.700064, 0.0]
[16:04:13.189] Vector3f[-67.5, -26.800064, 0.0]
[16:04:13.198] Vector3f[-67.5, -26.900064, 0.0]
[16:04:13.216] Vector3f[-67.5, -27.000065, 0.0]
[16:04:13.232] Vector3f[-67.5, -27.100065, 0.0]
[16:04:13.250] Vector3f[-67.5, -27.200066, 0.0]
[16:04:13.267] Vector3f[-67.5, -27.300066, 0.0]
[16:04:13.284] Vector3f[-67.5, -27.400066, 0.0]
[16:04:13.300] Vector3f[-67.5, -27.500067, 0.0]
[16:04:13.317] Vector3f[-67.5, -27.600067, 0.0]
[16:04:13.334] Vector3f[-67.5, -27.700068, 0.0]
[16:04:13.351] Vector3f[-67.5, -27.800068, 0.0]
[16:04:13.368] Vector3f[-67.5, -27.900068, 0.0]
[16:04:13.386] Vector3f[-67.5, -28.000069, 0.0]
[16:04:13.402] Vector3f[-67.5, -28.100069, 0.0]
[16:04:13.419] Vector3f[-67.5, -28.20007, 0.0]
[16:04:13.436] Vector3f[-67.5, -28.30007, 0.0]
[16:04:13.453] Vector3f[-67.5, -28.40007, 0.0]
[16:04:13.471] Vector3f[-67.5, -28.50007, 0.0]
[16:04:13.487] Vector3f[-67.5, -28.60007, 0.0]
[16:04:13.504] Vector3f[-67.5, -28.700071, 0.0]
[16:04:13.521] Vector3f[-67.5, -28.800072, 0.0]
[16:04:13.538] Vector3f[-67.5, -28.900072, 0.0]
[16:04:13.555] Vector3f[-67.5, -29.000072, 0.0]
[16:04:13.573] Vector3f[-67.5, -29.100073, 0.0]
[16:04:13.590] Vector3f[-67.5, -29.200073, 0.0]
[16:04:13.607] Vector3f[-67.5, -29.300074, 0.0]
[16:04:13.623] Vector3f[-67.5, -29.400074, 0.0]
[16:04:13.640] Vector3f[-67.5, -29.500074, 0.0]
[16:04:13.656] Vector3f[-67.5, -29.600075, 0.0]
[16:04:13.674] Vector3f[-67.5, -29.700075, 0.0]
[16:04:13.692] Vector3f[-67.5, -29.800076, 0.0]
[16:04:13.708] Vector3f[-67.5, -29.900076, 0.0]
[16:04:13.725] Vector3f[-67.5, -30.000076, 0.0]
[16:04:13.742] Vector3f[-67.5, -30.100077, 0.0]
[16:04:13.759] Vector3f[-67.5, -30.200077, 0.0]
[16:04:13.776] Vector3f[-67.5, -30.300077, 0.0]
[16:04:13.794] Vector3f[-67.5, -30.400078, 0.0]
[16:04:13.810] Vector3f[-67.5, -30.500078, 0.0]
[16:04:13.827] Vector3f[-67.5, -30.600079, 0.0]
[16:04:13.845] Vector3f[-67.5, -30.700079, 0.0]
[16:04:13.862] Vector3f[-67.5, -30.80008, 0.0]
[16:04:13.879] Vector3f[-67.5, -30.90008, 0.0]
[16:04:13.895] Vector3f[-67.5, -31.00008, 0.0]
[16:04:13.912] Vector3f[-67.5, -31.10008, 0.0]
[16:04:13.930] Vector3f[-67.5, -31.20008, 0.0]
[16:04:13.947] Vector3f[-67.5, -31.300081, 0.0]
[16:04:13.963] Vector3f[-67.5, -31.400082, 0.0]
[16:04:13.981] Vector3f[-67.5, -31.500082, 0.0]
[16:04:13.997] Vector3f[-67.5, -31.600082, 0.0]
[16:04:14.014] Vector3f[-67.5, -31.700083, 0.0]
[16:04:14.031] Vector3f[-67.5, -31.800083, 0.0]
[16:04:14.048] Vector3f[-67.5, -31.900084, 0.0]
[16:04:14.065] Vector3f[-67.5, -32.000084, 0.0]
[16:04:14.083] Vector3f[-67.5, -32.100082, 0.0]
[16:04:14.099] Vector3f[-67.5, -32.20008, 0.0]
[16:04:14.116] Vector3f[-67.5, -32.30008, 0.0]
[16:04:14.133] Vector3f[-67.5, -32.400078, 0.0]
[16:04:14.151] Vector3f[-67.5, -32.500076, 0.0]
[16:04:14.167] Vector3f[-67.5, -32.600075, 0.0]
[16:04:14.184] Vector3f[-67.5, -32.700073, 0.0]
[16:04:14.202] Vector3f[-67.5, -32.80007, 0.0]
[16:04:14.218] Vector3f[-67.5, -32.90007, 0.0]
[16:04:14.235] Vector3f[-67.5, -33.00007, 0.0]
[16:04:14.253] Vector3f[-67.5, -33.100067, 0.0]
[16:04:14.269] Vector3f[-67.5, -33.200066, 0.0]
[16:04:14.286] Vector3f[-67.5, -33.300064, 0.0]
[16:04:14.303] Vector3f[-67.5, -33.400063, 0.0]
[16:04:14.320] Vector3f[-67.5, -33.50006, 0.0]
[16:04:14.338] Vector3f[-67.5, -33.60006, 0.0]
[16:04:14.354] Vector3f[-67.5, -33.700058, 0.0]
[16:04:14.371] Vector3f[-67.5, -33.800056, 0.0]
[16:04:14.388] Vector3f[-67.5, -33.900055, 0.0]
[16:04:14.405] Vector3f[-67.5, -34.000053, 0.0]
[16:04:14.422] Vector3f[-67.5, -34.10005, 0.0]
[16:04:14.439] Vector3f[-67.5, -34.20005, 0.0]
[16:04:14.456] Vector3f[-67.5, -34.30005, 0.0]
[16:04:14.474] Vector3f[-67.5, -34.400047, 0.0]
[16:04:14.491] Vector3f[-67.5, -34.500046, 0.0]
[16:04:14.508] Vector3f[-67.5, -34.600044, 0.0]
[16:04:14.524] Vector3f[-67.5, -34.700043, 0.0]
[16:04:14.541] Vector3f[-67.5, -34.80004, 0.0]
[16:04:14.558] Vector3f[-67.5, -34.90004, 0.0]
[16:04:14.576] Vector3f[-67.5, -35.00004, 0.0]
[16:04:14.592] Vector3f[-67.5, -35.100037, 0.0]
[16:04:14.609] Vector3f[-67.5, -35.200035, 0.0]
[16:04:14.625] Vector3f[-67.5, -35.300034, 0.0]
[16:04:14.643] Vector3f[-67.5, -35.400032, 0.0]
[16:04:14.660] Vector3f[-67.5, -35.50003, 0.0]
[16:04:14.677] Vector3f[-67.5, -35.60003, 0.0]
[16:04:14.694] Vector3f[-67.5, -35.700027, 0.0]
[16:04:14.711] Vector3f[-67.5, -35.800026, 0.0]
[16:04:14.728] Vector3f[-67.5, -35.900024, 0.0]
[16:04:14.745] Vector3f[-67.5, -36.000023, 0.0]
[16:04:14.762] Vector3f[-67.5, -36.10002, 0.0]
[16:04:14.779] Vector3f[-67.5, -36.20002, 0.0]
[16:04:14.796] Vector3f[-67.5, -36.30002, 0.0]
[16:04:14.813] Vector3f[-67.5, -36.400017, 0.0]
[16:04:14.830] Vector3f[-67.5, -36.500015, 0.0]
[16:04:14.848] Vector3f[-67.5, -36.600014, 0.0]
[16:04:14.865] Vector3f[-67.5, -36.700012, 0.0]
[16:04:14.882] Vector3f[-67.5, -36.80001, 0.0]
[16:04:14.899] Vector3f[-67.5, -36.90001, 0.0]
[16:04:14.916] Vector3f[-67.5, -37.000008, 0.0]
[16:04:14.932] Vector3f[-67.5, -37.100006, 0.0]
[16:04:14.949] Vector3f[-67.5, -37.200005, 0.0]
[16:04:14.966] Vector3f[-67.5, -37.300003, 0.0]
[16:04:14.984] Vector3f[-67.5, -37.4, 0.0]
[16:04:15.001] Vector3f[-67.5, -37.5, 0.0]
[16:04:15.017] Vector3f[-67.5, -37.6, 0.0]
[16:04:15.034] Vector3f[-67.5, -37.699997, 0.0]
[16:04:15.051] Vector3f[-67.5, -37.799995, 0.0]
[16:04:15.068] Vector3f[-67.5, -37.899994, 0.0]
[16:04:15.086] Vector3f[-67.5, -37.999992, 0.0]
[16:04:15.102] Vector3f[-67.5, -38.09999, 0.0]
[16:04:15.119] Vector3f[-67.5, -38.19999, 0.0]
[16:04:15.137] Vector3f[-67.5, -38.299988, 0.0]
[16:04:15.154] Vector3f[-67.5, -38.399986, 0.0]
[16:04:15.170] Vector3f[-67.5, -38.499985, 0.0]
[16:04:15.187] Vector3f[-67.5, -38.599983, 0.0]
[16:04:15.204] Vector3f[-67.5, -38.69998, 0.0]
[16:04:15.222] Vector3f[-67.5, -38.79998, 0.0]
[16:04:15.238] Vector3f[-67.5, -38.89998, 0.0]
[16:04:15.255] Vector3f[-67.5, -38.999977, 0.0]
[16:04:15.272] Vector3f[-67.5, -39.099976, 0.0]
[16:04:15.289] Vector3f[-67.5, -39.199974, 0.0]
[16:04:15.306] Vector3f[-67.5, -39.299973, 0.0]
[16:04:15.324] Vector3f[-67.5, -39.39997, 0.0]
[16:04:15.340] Vector3f[-67.5, -39.49997, 0.0]
[16:04:15.358] Vector3f[-67.5, -39.599968, 0.0]
[16:04:15.376] Vector3f[-67.5, -39.699966, 0.0]
[16:04:15.392] Vector3f[-67.5, -39.799965, 0.0]
[16:04:15.408] Vector3f[-67.5, -39.899963, 0.0]
[16:04:15.426] Vector3f[-67.5, -39.99996, 0.0]
[16:04:15.442] Vector3f[-67.5, -40.09996, 0.0]
[16:04:15.460] Vector3f[-67.5, -40.19996, 0.0]
[16:04:15.477] Vector3f[-67.5, -40.299957, 0.0]
[16:04:15.493] Vector3f[-67.5, -40.399956, 0.0]
[16:04:15.511] Vector3f[-67.5, -40.499954, 0.0]
[16:04:15.527] Vector3f[-67.5, -40.599953, 0.0]
[16:04:15.544] Vector3f[-67.5, -40.69995, 0.0]
[16:04:15.562] Vector3f[-67.5, -40.79995, 0.0]
[16:04:15.578] Vector3f[-67.5, -40.89995, 0.0]
[16:04:15.595] Vector3f[-67.5, -40.999947, 0.0]
[16:04:15.612] Vector3f[-67.5, -41.099945, 0.0]
[16:04:15.629] Vector3f[-67.5, -41.199944, 0.0]
[16:04:15.647] Vector3f[-67.5, -41.299942, 0.0]
[16:04:15.663] Vector3f[-67.5, -41.39994, 0.0]
[16:04:15.680] Vector3f[-67.5, -41.49994, 0.0]
[16:04:15.697] Vector3f[-67.5, -41.599937, 0.0]
[16:04:15.716] Vector3f[-67.5, -41.699936, 0.0]
[16:04:15.733] Vector3f[-67.5, -41.799934, 0.0]
[16:04:15.749] Vector3f[-67.5, -41.899933, 0.0]
[16:04:15.765] Vector3f[-67.5, -41.99993, 0.0]
[16:04:15.782] Vector3f[-67.5, -42.09993, 0.0]
[16:04:15.800] Vector3f[-67.5, -42.19993, 0.0]
[16:04:15.817] Vector3f[-67.5, -42.299927, 0.0]
[16:04:15.833] Vector3f[-67.5, -42.399925, 0.0]
[16:04:15.851] Vector3f[-67.5, -42.499924, 0.0]
[16:04:15.867] Vector3f[-67.5, -42.599922, 0.0]
[16:04:15.884] Vector3f[-67.5, -42.69992, 0.0]
[16:04:15.901] Vector3f[-67.5, -42.79992, 0.0]
[16:04:15.918] Vector3f[-67.5, -42.899918, 0.0]
[16:04:15.935] Vector3f[-67.5, -42.999916, 0.0]
[16:04:15.952] Vector3f[-67.5, -43.099915, 0.0]
[16:04:15.969] Vector3f[-67.5, -43.199913, 0.0]
[16:04:15.987] Vector3f[-67.5, -43.29991, 0.0]
[16:04:16.003] Vector3f[-67.5, -43.39991, 0.0]
[16:04:16.021] Vector3f[-67.5, -43.49991, 0.0]
[16:04:16.038] Vector3f[-67.5, -43.599907, 0.0]
[16:04:16.055] Vector3f[-67.5, -43.699905, 0.0]
[16:04:16.072] Vector3f[-67.5, -43.799904, 0.0]
[16:04:16.088] Vector3f[-67.5, -43.899902, 0.0]
[16:04:16.105] Vector3f[-67.5, -43.9999, 0.0]
[16:04:16.123] Vector3f[-67.5, -44.0999, 0.0]
[16:04:16.140] Vector3f[-67.5, -44.199898, 0.0]
[16:04:16.157] Vector3f[-67.5, -44.299896, 0.0]
[16:04:16.173] Vector3f[-67.5, -44.399895, 0.0]
[16:04:16.190] Vector3f[-67.5, -44.499893, 0.0]
[16:04:16.207] Vector3f[-67.5, -44.59989, 0.0]
[16:04:16.224] Vector3f[-67.5, -44.69989, 0.0]
[16:04:16.241] Vector3f[-67.5, -44.79989, 0.0]
[16:04:16.258] Vector3f[-67.5, -44.899887, 0.0]
[16:04:16.275] Vector3f[-67.5, -44.999886, 0.0]
[16:04:16.293] Vector3f[-67.5, -45.099884, 0.0]
[16:04:16.310] Vector3f[-67.5, -45.199883, 0.0]
[16:04:16.326] Vector3f[-67.5, -45.29988, 0.0]
[16:04:16.344] Vector3f[-67.5, -45.39988, 0.0]
[16:04:16.360] Vector3f[-67.5, -45.499878, 0.0]
[16:04:16.377] Vector3f[-67.5, -45.599876, 0.0]
[16:04:16.394] Vector3f[-67.5, -45.699875, 0.0]
[16:04:16.411] Vector3f[-67.5, -45.799873, 0.0]
[16:04:16.429] Vector3f[-67.5, -45.89987, 0.0]
[16:04:16.445] Vector3f[-67.5, -45.99987, 0.0]
[16:04:16.462] Vector3f[-67.5, -46.09987, 0.0]
[16:04:16.479] Vector3f[-67.5, -46.199867, 0.0]
[16:04:16.496] Vector3f[-67.5, -46.299866, 0.0]
[16:04:16.514] Vector3f[-67.5, -46.399864, 0.0]
[16:04:16.530] Vector3f[-67.5, -46.499863, 0.0]
[16:04:16.548] Vector3f[-67.5, -46.59986, 0.0]
[16:04:16.564] Vector3f[-67.5, -46.69986, 0.0]
[16:04:16.581] Vector3f[-67.5, -46.79986, 0.0]
[16:04:16.598] Vector3f[-67.5, -46.899857, 0.0]
[16:04:16.615] Vector3f[-67.5, -46.999855, 0.0]
[16:04:16.634] Vector3f[-67.5, -47.099854, 0.0]
[16:04:16.649] Vector3f[-67.5, -47.199852, 0.0]
[16:04:16.666] Vector3f[-67.5, -47.29985, 0.0]
[16:04:16.685] Vector3f[-67.5, -47.39985, 0.0]
[16:04:16.700] Vector3f[-67.5, -47.499847, 0.0]
[16:04:16.717] Vector3f[-67.5, -47.599846, 0.0]
[16:04:16.734] Vector3f[-67.5, -47.699844, 0.0]
[16:04:16.751] Vector3f[-67.5, -47.799843, 0.0]
[16:04:16.768] Vector3f[-67.5, -47.89984, 0.0]
[16:04:16.785] Vector3f[-67.5, -47.99984, 0.0]
[16:04:16.801] Vector3f[-67.5, -48.09984, 0.0]
[16:04:16.819] Vector3f[-67.5, -48.199837, 0.0]
[16:04:16.836] Vector3f[-67.5, -48.299835, 0.0]
[16:04:16.854] Vector3f[-67.5, -48.399834, 0.0]
[16:04:16.870] Vector3f[-67.5, -48.499832, 0.0]
[16:04:16.887] Vector3f[-67.5, -48.59983, 0.0]
[16:04:16.904] Vector3f[-67.5, -48.69983, 0.0]
[16:04:16.921] Vector3f[-67.5, -48.799828, 0.0]
[16:04:16.938] Vector3f[-67.5, -48.899826, 0.0]
[16:04:16.955] Vector3f[-67.5, -48.999825, 0.0]
[16:04:16.972] Vector3f[-67.5, -49.099823, 0.0]
[16:04:16.989] Vector3f[-67.5, -49.19982, 0.0]
[16:04:17.006] Vector3f[-67.5, -49.29982, 0.0]
[16:04:17.023] Vector3f[-67.5, -49.39982, 0.0]
[16:04:17.040] Vector3f[-67.5, -49.499817, 0.0]
[16:04:17.057] Vector3f[-67.5, -49.599815, 0.0]
[16:04:17.074] Vector3f[-67.5, -49.699814, 0.0]
[16:04:17.091] Vector3f[-67.5, -49.799812, 0.0]
[16:04:17.108] Vector3f[-67.5, -49.89981, 0.0]
[16:04:26.966] Vector3f[-67.5, -49.99981, 0.0]
[16:04:26.966] Vector3f[-67.5, -49.69981, 0.0]
[16:04:26.966] Vector3f[-67.5, -49.39981, 0.0]
[16:04:26.966] Vector3f[-67.5, -49.09981, 0.0]
[16:04:26.966] Vector3f[-67.5, -48.799812, 0.0]
[16:04:26.966] Vector3f[-67.5, -48.499813, 0.0]
[16:04:26.967] Vector3f[-67.5, -48.199814, 0.0]
[16:04:26.967] Vector3f[-67.5, -47.899815, 0.0]
[16:04:26.967] Vector3f[-67.5, -47.599815, 0.0]
[16:04:26.967] Vector3f[-67.5, -47.299816, 0.0]
[16:04:26.967] Vector3f[-67.5, -46.999817, 0.0]
[16:04:26.967] Vector3f[-67.5, -46.699818, 0.0]
[16:04:26.967] Vector3f[-67.5, -46.39982, 0.0]
[16:04:26.967] Vector3f[-67.5, -46.09982, 0.0]
[16:04:26.967] Vector3f[-67.5, -45.79982, 0.0]
[16:04:26.967] Vector3f[-67.5, -45.49982, 0.0]
[16:04:26.967] Vector3f[-67.5, -45.19982, 0.0]
[16:04:26.967] Vector3f[-67.5, -44.899822, 0.0]
[16:04:26.967] Vector3f[-67.5, -44.599823, 0.0]
[16:04:26.968] Vector3f[-67.5, -44.299824, 0.0]
[16:04:26.968] Vector3f[-67.5, -43.999825, 0.0]
[16:04:26.969] Vector3f[-67.5, -43.699825, 0.0]
[16:04:26.969] Vector3f[-67.5, -43.399826, 0.0]
[16:04:26.969] Vector3f[-67.5, -43.099827, 0.0]
[16:04:26.969] Vector3f[-67.5, -42.799828, 0.0]
[16:04:26.969] Vector3f[-67.5, -42.49983, 0.0]
[16:04:26.969] Vector3f[-67.5, -42.19983, 0.0]
[16:04:26.969] Vector3f[-67.5, -41.89983, 0.0]
[16:04:26.969] Vector3f[-67.5, -41.59983, 0.0]
[16:04:26.969] Vector3f[-67.5, -41.29983, 0.0]
[16:04:26.969] Vector3f[-67.5, -40.999832, 0.0]
[16:04:26.970] Vector3f[-67.5, -40.699833, 0.0]
[16:04:26.970] Vector3f[-67.5, -40.399834, 0.0]
[16:04:26.970] Vector3f[-67.5, -40.099834, 0.0]
[16:04:26.970] Vector3f[-67.5, -39.799835, 0.0]
[16:04:26.970] Vector3f[-67.5, -39.499836, 0.0]
[16:04:26.970] Vector3f[-67.5, -39.199837, 0.0]
[16:04:26.970] Vector3f[-67.5, -38.899837, 0.0]
[16:04:26.970] Vector3f[-67.5, -38.59984, 0.0]
[16:04:26.970] Vector3f[-67.5, -38.29984, 0.0]
[16:04:26.970] Vector3f[-67.5, -37.99984, 0.0]
[16:04:26.970] Vector3f[-67.5, -37.69984, 0.0]
[16:04:26.970] Vector3f[-67.5, -37.39984, 0.0]
[16:04:26.970] Vector3f[-67.5, -37.099842, 0.0]
[16:04:26.970] Vector3f[-67.5, -36.799843, 0.0]
[16:04:26.970] Vector3f[-67.5, -36.499844, 0.0]
[16:04:26.971] Vector3f[-67.5, -36.199844, 0.0]
[16:04:26.971] Vector3f[-67.5, -35.899845, 0.0]
[16:04:26.971] Vector3f[-67.5, -35.599846, 0.0]
[16:04:26.971] Vector3f[-67.5, -35.299847, 0.0]
[16:04:26.971] Vector3f[-67.5, -34.999847, 0.0]
[16:04:26.971] Vector3f[-67.5, -34.69985, 0.0]
[16:04:26.971] Vector3f[-67.5, -34.39985, 0.0]
[16:04:26.971] Vector3f[-67.5, -34.09985, 0.0]
[16:04:26.971] Vector3f[-67.5, -33.79985, 0.0]
[16:04:26.971] Vector3f[-67.5, -33.49985, 0.0]
[16:04:26.972] Vector3f[-67.5, -33.199852, 0.0]
[16:04:26.972] Vector3f[-67.5, -32.899853, 0.0]
[16:04:26.972] Vector3f[-67.5, -32.599854, 0.0]
[16:04:26.972] Vector3f[-67.5, -32.299854, 0.0]
[16:04:26.972] Vector3f[-67.5, -31.999855, 0.0]
[16:04:26.972] Vector3f[-67.5, -31.699856, 0.0]
[16:04:26.972] Vector3f[-67.5, -31.399857, 0.0]
[16:04:26.972] Vector3f[-67.5, -31.099857, 0.0]
[16:04:26.972] Vector3f[-67.5, -30.799858, 0.0]
[16:04:26.972] Vector3f[-67.5, -30.499859, 0.0]
[16:04:26.972] Vector3f[-67.5, -30.19986, 0.0]
[16:04:26.972] Vector3f[-67.5, -29.89986, 0.0]
[16:04:26.972] Vector3f[-67.5, -29.599861, 0.0]
[16:04:26.972] Vector3f[-67.5, -29.299862, 0.0]
[16:04:26.973] Vector3f[-67.5, -28.999863, 0.0]
[16:04:26.973] Vector3f[-67.5, -28.699863, 0.0]
[16:04:26.973] Vector3f[-67.5, -28.399864, 0.0]
[16:04:26.973] Vector3f[-67.5, -28.099865, 0.0]
[16:04:26.973] Vector3f[-67.5, -27.799866, 0.0]
[16:04:26.973] Vector3f[-67.5, -27.499866, 0.0]
[16:04:26.973] Vector3f[-67.5, -27.199867, 0.0]
[16:04:26.973] Vector3f[-67.5, -26.899868, 0.0]
[16:04:26.973] Vector3f[-67.5, -26.599869, 0.0]
[16:04:26.973] Vector3f[-67.5, -26.29987, 0.0]
[16:04:26.973] Vector3f[-67.5, -25.99987, 0.0]
[16:04:26.973] Vector3f[-67.5, -25.699871, 0.0]
[16:04:26.973] Vector3f[-67.5, -25.399872, 0.0]
[16:04:26.973] Vector3f[-67.5, -25.099873, 0.0]
[16:04:26.973] Vector3f[-67.5, -24.799873, 0.0]
[16:04:26.974] Vector3f[-67.5, -24.499874, 0.0]
[16:04:26.974] Vector3f[-67.5, -24.199875, 0.0]
[16:04:26.974] Vector3f[-67.5, -23.899876, 0.0]
[16:04:26.974] Vector3f[-67.5, -23.599876, 0.0]
[16:04:26.975] Vector3f[-67.5, -23.299877, 0.0]
[16:04:26.975] Vector3f[-67.5, -22.999878, 0.0]
[16:04:26.975] Vector3f[-67.5, -22.699879, 0.0]
[16:04:26.975] Vector3f[-67.5, -22.39988, 0.0]
[16:04:26.975] Vector3f[-67.5, -22.09988, 0.0]
[16:04:26.975] Vector3f[-67.5, -21.799881, 0.0]
[16:04:26.975] Vector3f[-67.5, -21.499882, 0.0]
[16:04:26.975] Vector3f[-67.5, -21.199883, 0.0]
[16:04:26.975] Vector3f[-67.5, -20.899883, 0.0]
[16:04:26.975] Vector3f[-67.5, -20.599884, 0.0]
[16:04:26.975] Vector3f[-67.5, -20.299885, 0.0]
[16:04:26.976] Vector3f[-67.5, -19.999886, 0.0]
[16:04:26.976] Vector3f[-67.5, -19.699886, 0.0]
[16:04:26.976] Vector3f[-67.5, -19.399887, 0.0]
[16:04:26.976] Vector3f[-67.5, -19.099888, 0.0]
[16:04:26.976] Vector3f[-67.5, -18.799889, 0.0]
[16:04:26.976] Vector3f[-67.5, -18.49989, 0.0]
[16:04:26.976] Vector3f[-67.5, -18.19989, 0.0]
[16:04:26.976] Vector3f[-67.5, -17.89989, 0.0]
[16:04:26.977] Vector3f[-67.5, -17.599892, 0.0]
[16:04:26.977] Vector3f[-67.5, -17.299892, 0.0]
[16:04:26.977] Vector3f[-67.5, -16.999893, 0.0]
[16:04:26.977] Vector3f[-67.5, -16.699894, 0.0]
[16:04:26.977] Vector3f[-67.5, -16.399895, 0.0]
[16:04:26.977] Vector3f[-67.5, -16.099895, 0.0]
[16:04:26.977] Vector3f[-67.5, -15.799895, 0.0]
[16:04:26.977] Vector3f[-67.5, -15.499895, 0.0]
[16:04:26.977] Vector3f[-67.5, -15.199895, 0.0]
[16:04:26.977] Vector3f[-67.5, -14.899895, 0.0]
[16:04:26.978] Vector3f[-67.5, -14.599895, 0.0]
[16:04:26.978] Vector3f[-67.5, -14.299894, 0.0]
[16:04:26.978] Vector3f[-67.5, -13.999894, 0.0]
[16:04:26.978] Vector3f[-67.5, -13.699894, 0.0]
[16:04:26.978] Vector3f[-67.5, -13.399894, 0.0]
[16:04:26.978] Vector3f[-67.5, -13.099894, 0.0]
[16:04:26.978] Vector3f[-67.5, -12.799893, 0.0]
[16:04:26.979] Vector3f[-67.5, -12.499893, 0.0]
[16:04:26.979] Vector3f[-67.5, -12.199893, 0.0]
[16:04:26.979] Vector3f[-67.5, -11.899893, 0.0]
[16:04:26.979] Vector3f[-67.5, -11.599893, 0.0]
[16:04:26.979] Vector3f[-67.5, -11.299892, 0.0]
[16:04:26.979] Vector3f[-67.5, -10.999892, 0.0]
[16:04:26.979] Vector3f[-67.5, -10.699892, 0.0]
[16:04:26.979] Vector3f[-67.5, -10.399892, 0.0]
[16:04:26.979] Vector3f[-67.5, -10.099892, 0.0]
[16:04:26.979] Vector3f[-67.5, -9.799891, 0.0]
[16:04:26.980] Vector3f[-67.5, -9.499891, 0.0]
[16:04:26.980] Vector3f[-67.5, -9.199891, 0.0]
[16:04:26.980] Vector3f[-67.5, -8.899891, 0.0]
[16:04:26.980] Vector3f[-67.5, -8.599891, 0.0]
[16:04:26.980] Vector3f[-67.5, -8.2998905, 0.0]
[16:04:26.980] Vector3f[-67.5, -7.9998903, 0.0]
[16:04:26.980] Vector3f[-67.5, -7.69989, 0.0]
[16:04:26.980] Vector3f[-67.5, -7.39989, 0.0]
[16:04:26.981] Vector3f[-67.5, -7.0998898, 0.0]
[16:04:26.981] Vector3f[-67.5, -6.7998896, 0.0]
[16:04:26.981] Vector3f[-67.5, -6.4998894, 0.0]
[16:04:26.981] Vector3f[-67.5, -6.199889, 0.0]
[16:04:26.981] Vector3f[-67.5, -5.899889, 0.0]
[16:04:26.981] Vector3f[-67.5, -5.599889, 0.0]
[16:04:26.981] Vector3f[-67.5, -5.2998886, 0.0]
[16:04:26.981] Vector3f[-67.5, -4.9998884, 0.0]
[16:04:26.981] Vector3f[-67.5, -4.699888, 0.0]
[16:04:26.981] Vector3f[-67.5, -4.399888, 0.0]
[16:04:26.982] Vector3f[-67.5, -4.099888, 0.0]
[16:04:26.982] Vector3f[-67.5, -3.799888, 0.0]
[16:04:26.982] Vector3f[-67.5, -3.499888, 0.0]
[16:04:26.982] Vector3f[-67.5, -3.199888, 0.0]
[16:04:26.982] Vector3f[-67.5, -2.899888, 0.0]
[16:04:26.982] Vector3f[-67.5, -2.599888, 0.0]
[16:04:26.982] Vector3f[-67.5, -2.2998881, 0.0]
[16:04:26.982] Vector3f[-67.5, -1.9998882, 0.0]
[16:04:26.982] Vector3f[-67.5, -1.6998882, 0.0]
[16:04:26.982] Vector3f[-67.5, -1.3998883, 0.0]
[16:04:26.982] Vector3f[-67.5, -1.0998883, 0.0]
[16:04:26.982] Vector3f[-67.5, -0.7998883, 0.0]
[16:04:26.982] Vector3f[-67.5, -0.4998883, 0.0]
[16:04:26.983] Vector3f[-67.5, -0.19988829, 0.0]
[16:04:26.983] Vector3f[-67.5, 0.10011172, 0.0]
[16:04:26.983] Vector3f[-67.5, 0.40011173, 0.0]
[16:04:26.983] Vector3f[-67.5, 0.70011175, 0.0]
[16:04:26.983] Vector3f[-67.5, 1.0001118, 0.0]
[16:04:26.983] Vector3f[-67.5, 1.3001118, 0.0]
[16:04:26.983] Vector3f[-67.5, 1.6001117, 0.0]
[16:04:26.983] Vector3f[-67.5, 1.9001117, 0.0]
[16:04:26.983] Vector3f[-67.5, 2.2001116, 0.0]
[16:04:26.983] Vector3f[-67.5, 2.5001116, 0.0]
[16:04:26.983] Vector3f[-67.5, 2.8001115, 0.0]
[16:04:26.983] Vector3f[-67.5, 3.1001115, 0.0]
[16:04:26.983] Vector3f[-67.5, 3.4001114, 0.0]
[16:04:26.983] Vector3f[-67.5, 3.7001114, 0.0]
[16:04:26.983] Vector3f[-67.5, 4.0001116, 0.0]
[16:04:26.983] Vector3f[-67.5, 4.300112, 0.0]
[16:04:26.983] Vector3f[-67.5, 4.600112, 0.0]
[16:04:26.984] Vector3f[-67.5, 4.900112, 0.0]
[16:04:26.984] Vector3f[-67.5, 5.2001123, 0.0]
[16:04:26.984] Vector3f[-67.5, 5.5001125, 0.0]
[16:04:26.984] Vector3f[-67.5, 5.8001127, 0.0]
[16:04:26.984] Vector3f[-67.5, 6.100113, 0.0]
[16:04:26.984] Vector3f[-67.5, 6.400113, 0.0]
[16:04:26.984] Vector3f[-67.5, 6.7001133, 0.0]
[16:04:26.984] Vector3f[-67.5, 7.0001135, 0.0]
[16:04:26.984] Vector3f[-67.5, 7.3001137, 0.0]
[16:04:26.984] Vector3f[-67.5, 7.600114, 0.0]
[16:04:26.984] Vector3f[-67.5, 7.900114, 0.0]
[16:04:26.984] Vector3f[-67.5, 8.200114, 0.0]
[16:04:26.984] Vector3f[-67.5, 8.500114, 0.0]
[16:04:26.984] Vector3f[-67.5, 8.800115, 0.0]
[16:04:26.984] Vector3f[-67.5, 9.100115, 0.0]
[16:04:26.984] Vector3f[-67.5, 9.400115, 0.0]
[16:04:26.984] Vector3f[-67.5, 9.700115, 0.0]
[16:04:26.985] Vector3f[-67.5, 10.000115, 0.0]
[16:04:26.985] Vector3f[-67.5, 10.300116, 0.0]
[16:04:26.985] Vector3f[-67.5, 10.600116, 0.0]
[16:04:26.985] Vector3f[-67.5, 10.900116, 0.0]
[16:04:26.985] Vector3f[-67.5, 11.200116, 0.0]
[16:04:26.985] Vector3f[-67.5, 11.500116, 0.0]
[16:04:26.985] Vector3f[-67.5, 11.800117, 0.0]
[16:04:26.985] Vector3f[-67.5, 12.100117, 0.0]
[16:04:26.985] Vector3f[-67.5, 12.400117, 0.0]
[16:04:26.985] Vector3f[-67.5, 12.700117, 0.0]
[16:04:26.985] Vector3f[-67.5, 13.000117, 0.0]
[16:04:26.985] Vector3f[-67.5, 13.3001175, 0.0]
[16:04:26.985] Vector3f[-67.5, 13.600118, 0.0]
[16:04:26.985] Vector3f[-67.5, 13.900118, 0.0]
[16:04:26.985] Vector3f[-67.5, 14.200118, 0.0]
[16:04:26.985] Vector3f[-67.5, 14.500118, 0.0]
[16:04:26.986] Vector3f[-67.5, 14.800118, 0.0]
[16:04:26.986] Vector3f[-67.5, 15.100119, 0.0]
[16:04:26.986] Vector3f[-67.5, 15.400119, 0.0]
[16:04:26.986] Vector3f[-67.5, 15.700119, 0.0]
[16:04:26.986] Vector3f[-67.5, 16.000118, 0.0]
[16:04:26.986] Vector3f[-67.5, 16.300117, 0.0]
[16:04:26.986] Vector3f[-67.5, 16.600117, 0.0]
[16:04:26.986] Vector3f[-67.5, 16.900116, 0.0]
[16:04:26.986] Vector3f[-67.5, 17.200115, 0.0]
[16:04:26.986] Vector3f[-67.5, 17.500114, 0.0]
[16:04:26.986] Vector3f[-67.5, 17.800114, 0.0]
[16:04:26.986] Vector3f[-67.5, 18.100113, 0.0]
[16:04:26.986] Vector3f[-67.5, 18.400112, 0.0]
[16:04:26.986] Vector3f[-67.5, 18.700111, 0.0]
[16:04:26.986] Vector3f[-67.5, 19.00011, 0.0]
[16:04:26.987] Vector3f[-67.5, 19.30011, 0.0]
[16:04:26.987] Vector3f[-67.5, 19.60011, 0.0]
[16:04:26.987] Vector3f[-67.5, 19.900108, 0.0]
[16:04:26.987] Vector3f[-67.5, 20.200108, 0.0]
[16:04:26.987] Vector3f[-67.5, 20.500107, 0.0]
[16:04:26.987] Vector3f[-67.5, 20.800106, 0.0]
[16:04:26.987] Vector3f[-67.5, 21.100105, 0.0]
[16:04:26.987] Vector3f[-67.5, 21.400105, 0.0]
[16:04:26.987] Vector3f[-67.5, 21.700104, 0.0]
[16:04:26.987] Vector3f[-67.5, 22.000103, 0.0]
[16:04:26.987] Vector3f[-67.5, 22.300102, 0.0]
[16:04:26.987] Vector3f[-67.5, 22.600101, 0.0]
[16:04:26.987] Vector3f[-67.5, 22.9001, 0.0]
[16:04:26.987] Vector3f[-67.5, 23.2001, 0.0]
[16:04:26.987] Vector3f[-67.5, 23.5001, 0.0]
[16:04:26.988] Vector3f[-67.5, 23.800098, 0.0]
[16:04:26.988] Vector3f[-67.5, 24.100098, 0.0]
[16:04:26.988] Vector3f[-67.5, 24.400097, 0.0]
[16:04:26.988] Vector3f[-67.5, 24.700096, 0.0]
[16:04:26.988] Vector3f[-67.5, 25.000095, 0.0]
[16:04:26.988] Vector3f[-67.5, 25.300095, 0.0]
[16:04:26.988] Vector3f[-67.5, 25.600094, 0.0]
[16:04:26.988] Vector3f[-67.5, 25.900093, 0.0]
[16:04:26.988] Vector3f[-67.5, 26.200092, 0.0]
[16:04:26.988] Vector3f[-67.5, 26.500092, 0.0]
[16:04:26.988] Vector3f[-67.5, 26.80009, 0.0]
[16:04:26.988] Vector3f[-67.5, 27.10009, 0.0]
[16:04:26.988] Vector3f[-67.5, 27.40009, 0.0]
[16:04:26.988] Vector3f[-67.5, 27.700089, 0.0]
[16:04:26.988] Vector3f[-67.5, 28.000088, 0.0]
[16:04:26.988] Vector3f[-67.5, 28.300087, 0.0]
[16:04:26.989] Vector3f[-67.5, 28.600086, 0.0]
[16:04:26.989] Vector3f[-67.5, 28.900085, 0.0]
[16:04:26.989] Vector3f[-67.5, 29.200085, 0.0]
[16:04:26.989] Vector3f[-67.5, 29.500084, 0.0]
[16:04:26.989] Vector3f[-67.5, 29.800083, 0.0]
[16:04:26.989] Vector3f[-67.5, 30.100082, 0.0]
[16:04:26.989] Vector3f[-67.5, 30.400082, 0.0]
[16:04:26.989] Vector3f[-67.5, 30.70008, 0.0]
[16:04:26.989] Vector3f[-67.5, 31.00008, 0.0]
[16:04:26.989] Vector3f[-67.5, 31.30008, 0.0]
[16:04:26.989] Vector3f[-67.5, 31.600079, 0.0]
[16:04:26.989] Vector3f[-67.5, 31.900078, 0.0]
[16:04:26.989] Vector3f[-67.5, 32.200077, 0.0]
[16:04:26.989] Vector3f[-67.5, 32.500076, 0.0]
[16:04:26.989] Vector3f[-67.5, 32.800076, 0.0]
[16:04:26.989] Vector3f[-67.5, 33.100075, 0.0]
[16:04:26.989] Vector3f[-67.5, 33.400074, 0.0]
[16:04:26.989] Vector3f[-67.5, 33.700073, 0.0]
[16:04:26.989] Vector3f[-67.5, 34.000072, 0.0]
[16:04:26.990] Vector3f[-67.5, 34.30007, 0.0]
[16:04:26.990] Vector3f[-67.5, 34.60007, 0.0]
[16:04:26.990] Vector3f[-67.5, 34.90007, 0.0]
[16:04:26.990] Vector3f[-67.5, 35.20007, 0.0]
[16:04:26.990] Vector3f[-67.5, 35.50007, 0.0]
[16:04:26.990] Vector3f[-67.5, 35.800068, 0.0]
[16:04:26.990] Vector3f[-67.5, 36.100067, 0.0]
[16:04:26.990] Vector3f[-67.5, 36.400066, 0.0]
[16:04:26.990] Vector3f[-67.5, 36.700066, 0.0]
[16:04:26.990] Vector3f[-67.5, 37.000065, 0.0]
[16:04:26.990] Vector3f[-67.5, 37.300064, 0.0]
[16:04:26.990] Vector3f[-67.5, 37.600063, 0.0]
[16:04:26.990] Vector3f[-67.5, 37.900063, 0.0]
[16:04:26.990] Vector3f[-67.5, 38.20006, 0.0]
[16:04:26.990] Vector3f[-67.5, 38.50006, 0.0]
[16:04:26.990] Vector3f[-67.5, 38.80006, 0.0]
[16:04:26.990] Vector3f[-67.5, 39.10006, 0.0]
[16:04:26.990] Vector3f[-67.5, 39.40006, 0.0]
[16:04:26.991] Vector3f[-67.5, 39.700058, 0.0]
[16:04:26.991] Vector3f[-67.5, 40.000057, 0.0]
[16:04:26.991] Vector3f[-67.5, 40.300056, 0.0]
[16:04:26.991] Vector3f[-67.5, 40.600056, 0.0]
[16:04:26.991] Vector3f[-67.5, 40.900055, 0.0]
[16:04:26.991] Vector3f[-67.5, 41.200054, 0.0]
[16:04:26.991] Vector3f[-67.5, 41.500053, 0.0]
[16:04:26.991] Vector3f[-67.5, 41.800053, 0.0]
[16:04:26.991] Vector3f[-67.5, 42.10005, 0.0]
[16:04:26.991] Vector3f[-67.5, 42.40005, 0.0]
[16:04:26.991] Vector3f[-67.5, 42.70005, 0.0]
[16:04:26.991] Vector3f[-67.5, 43.00005, 0.0]
[16:04:26.991] Vector3f[-67.5, 43.30005, 0.0]
[16:04:26.991] Vector3f[-67.5, 43.600048, 0.0]
[16:04:26.991] Vector3f[-67.5, 43.900047, 0.0]
[16:04:26.991] Vector3f[-67.5, 44.200047, 0.0]
[16:04:26.991] Vector3f[-67.5, 44.500046, 0.0]
[16:04:26.991] Vector3f[-67.5, 44.800045, 0.0]
[16:04:26.991] Vector3f[-67.5, 45.100044, 0.0]
[16:04:26.991] Vector3f[-67.5, 45.400043, 0.0]
[16:04:26.991] Vector3f[-67.5, 45.700043, 0.0]
[16:04:26.991] Vector3f[-67.5, 46.000042, 0.0]
[16:04:26.992] Vector3f[-67.5, 46.30004, 0.0]
[16:04:26.992] Vector3f[-67.5, 46.60004, 0.0]
[16:04:26.992] Vector3f[-67.5, 46.90004, 0.0]
[16:04:26.992] Vector3f[-67.5, 47.20004, 0.0]
[16:04:26.992] Vector3f[-67.5, 47.50004, 0.0]
[16:04:26.992] Vector3f[-67.5, 47.800037, 0.0]
[16:04:26.992] Vector3f[-67.5, 48.100037, 0.0]
[16:04:26.992] Vector3f[-67.5, 48.400036, 0.0]
[16:04:26.992] Vector3f[-67.5, 48.700035, 0.0]
[16:04:26.992] Vector3f[-67.5, 49.000034, 0.0]
[16:04:26.992] Vector3f[-67.5, 49.300034, 0.0]
[16:04:26.992] Vector3f[-67.5, 49.600033, 0.0]
[16:04:26.992] Vector3f[-67.5, 49.900032, 0.0]
[16:04:26.992] Vector3f[-67.5, 50.20003, 0.0]
[16:04:26.992] Vector3f[-67.5, 50.50003, 0.0]
[16:04:26.992] Vector3f[-67.5, 50.80003, 0.0]
[16:04:26.992] Vector3f[-67.5, 51.10003, 0.0]
[16:04:26.992] Vector3f[-67.5, 51.40003, 0.0]
[16:04:26.992] Vector3f[-67.5, 51.700027, 0.0]
[16:04:26.992] Vector3f[-67.5, 52.000027, 0.0]
[16:04:26.992] Vector3f[-67.5, 52.300026, 0.0]
[16:04:26.992] Vector3f[-67.5, 52.600025, 0.0]
[16:04:26.993] Vector3f[-67.5, 52.900024, 0.0]
[16:04:26.993] Vector3f[-67.5, 53.200024, 0.0]
[16:04:26.993] Vector3f[-67.5, 53.500023, 0.0]
[16:04:26.993] Vector3f[-67.5, 53.800022, 0.0]
[16:04:26.993] Vector3f[-67.5, 54.10002, 0.0]
[16:04:26.993] Vector3f[-67.5, 54.40002, 0.0]
[16:04:26.993] Vector3f[-67.5, 54.70002, 0.0]
[16:04:26.993] Vector3f[-67.5, 55.00002, 0.0]
[16:04:26.993] Vector3f[-67.5, 55.30002, 0.0]
[16:04:26.993] Vector3f[-67.5, 55.600018, 0.0]
[16:04:26.993] Vector3f[-67.5, 55.900017, 0.0]
[16:04:26.993] Vector3f[-67.5, 56.200016, 0.0]
[16:04:26.993] Vector3f[-67.5, 56.500015, 0.0]
[16:04:26.994] Vector3f[-67.5, 56.800014, 0.0]
[16:04:26.994] Vector3f[-67.5, 57.100014, 0.0]
[16:04:26.994] Vector3f[-67.5, 57.400013, 0.0]
[16:04:26.994] Vector3f[-67.5, 57.700012, 0.0]
[16:04:26.994] Vector3f[-67.5, 58.00001, 0.0]
[16:04:26.994] Vector3f[-67.5, 58.30001, 0.0]
[16:04:26.994] Vector3f[-67.5, 58.60001, 0.0]
[16:04:26.994] Vector3f[-67.5, 58.90001, 0.0]
[16:04:26.994] Vector3f[-67.5, 59.20001, 0.0]
[16:04:26.995] Vector3f[-67.5, 59.500008, 0.0]
[16:04:26.995] Vector3f[-67.5, 59.800007, 0.0]
[16:04:26.995] Vector3f[-67.5, 60.100006, 0.0]
[16:04:26.995] Vector3f[-67.5, 60.400005, 0.0]
[16:04:26.995] Vector3f[-67.5, 60.700005, 0.0]
[16:04:26.995] Vector3f[-67.5, 61.000004, 0.0]
[16:04:26.995] Vector3f[-67.5, 61.300003, 0.0]
[16:04:26.995] Vector3f[-67.5, 61.600002, 0.0]
[16:04:26.996] Vector3f[-67.5, 61.9, 0.0]
[16:04:26.996] Vector3f[-67.5, 62.2, 0.0]
[16:04:26.996] Vector3f[-67.5, 62.5, 0.0]
[16:04:26.996] Vector3f[-67.5, 62.8, 0.0]
[16:04:26.996] Vector3f[-67.5, 63.1, 0.0]
[16:04:26.996] Vector3f[-67.5, 63.399998, 0.0]
[16:04:26.996] Vector3f[-67.5, 63.699997, 0.0]
[16:04:26.996] Vector3f[-67.5, 63.999996, 0.0]
[16:04:26.996] Vector3f[-67.5, 64.299995, 0.0]
[16:04:26.996] Vector3f[-67.5, 64.6, 0.0]
[16:04:26.996] Vector3f[-67.5, 64.9, 0.0]
[16:04:26.996] Vector3f[-67.5, 65.200005, 0.0]
[16:04:26.996] Vector3f[-67.5, 65.50001, 0.0]
[16:04:26.996] Vector3f[-67.5, 65.80001, 0.0]
[16:04:26.996] Vector3f[-67.5, 66.10001, 0.0]
[16:04:26.996] Vector3f[-67.5, 66.40002, 0.0]
[16:04:26.996] Vector3f[-67.5, 66.70002, 0.0]
[16:04:26.997] Vector3f[-67.5, 67.00002, 0.0]
[16:04:26.997] Vector3f[-67.5, 67.300026, 0.0]
[16:04:26.997] Vector3f[-67.5, 67.60003, 0.0]
[16:04:26.997] Vector3f[-67.5, 67.90003, 0.0]
[16:04:26.997] Vector3f[-67.5, 68.200035, 0.0]
[16:04:26.997] Vector3f[-67.5, 68.50004, 0.0]
[16:04:26.997] Vector3f[-67.5, 68.80004, 0.0]
[16:04:26.997] Vector3f[-67.5, 69.100044, 0.0]
[16:04:26.997] Vector3f[-67.5, 69.40005, 0.0]
[16:04:26.997] Vector3f[-67.5, 69.70005, 0.0]
[16:04:26.997] Vector3f[-67.5, 70.00005, 0.0]
[16:04:26.997] Vector3f[-67.5, 70.30006, 0.0]
[16:04:26.997] Vector3f[-67.5, 70.60006, 0.0]
[16:04:26.997] Vector3f[-67.5, 70.90006, 0.0]
[16:04:26.997] Vector3f[-67.5, 71.200066, 0.0]
[16:04:26.998] Vector3f[-67.5, 71.50007, 0.0]
[16:04:26.998] Vector3f[-67.5, 71.80007, 0.0]
[16:04:26.998] Vector3f[-67.5, 72.100075, 0.0]
[16:04:26.998] Vector3f[-67.5, 72.40008, 0.0]
[16:04:26.998] Vector3f[-67.5, 72.70008, 0.0]
[16:04:26.998] Vector3f[-67.5, 73.000084, 0.0]
[16:04:26.998] Vector3f[-67.5, 73.30009, 0.0]
[16:04:26.998] Vector3f[-67.5, 73.60009, 0.0]
[16:04:26.998] Vector3f[-67.5, 73.90009, 0.0]
[16:04:26.998] Vector3f[-67.5, 74.200096, 0.0]
[16:04:26.998] Vector3f[-67.5, 74.5001, 0.0]
[16:04:26.998] Vector3f[-67.5, 74.8001, 0.0]
[16:04:26.998] Vector3f[-67.5, 75.100105, 0.0]
[16:04:26.998] Vector3f[-67.5, 75.40011, 0.0]
[16:04:26.998] Vector3f[-67.5, 75.70011, 0.0]
[16:04:26.998] Vector3f[-67.5, 76.000114, 0.0]
[16:04:26.998] Vector3f[-67.5, 76.30012, 0.0]
[16:04:26.998] Vector3f[-67.5, 76.60012, 0.0]
[16:04:26.999] Vector3f[-67.5, 76.90012, 0.0]
[16:04:26.999] Vector3f[-67.5, 77.20013, 0.0]
[16:04:26.999] Vector3f[-67.5, 77.50013, 0.0]
[16:04:26.999] Vector3f[-67.5, 77.80013, 0.0]
[16:04:26.999] Vector3f[-67.5, 78.100136, 0.0]
[16:04:26.999] Vector3f[-67.5, 78.40014, 0.0]
[16:04:26.999] Vector3f[-67.5, 78.70014, 0.0]
[16:04:26.999] Vector3f[-67.5, 79.000145, 0.0]
[16:04:26.999] Vector3f[-67.5, 79.30015, 0.0]
[16:04:26.999] Vector3f[-67.5, 79.60015, 0.0]
[16:04:26.999] Vector3f[-67.5, 79.900154, 0.0]
[16:04:26.999] Vector3f[-67.5, 80.20016, 0.0]
[16:04:26.999] Vector3f[-67.5, 80.50016, 0.0]
[16:04:26.999] Vector3f[-67.5, 80.80016, 0.0]
[16:04:26.999] Vector3f[-67.5, 81.10017, 0.0]
[16:04:26.999] Vector3f[-67.5, 81.40017, 0.0]
[16:04:26.999] Vector3f[-67.5, 81.70017, 0.0]
[16:04:26.999] Vector3f[-67.5, 82.000175, 0.0]
[16:04:26.999] Vector3f[-67.5, 82.30018, 0.0]
[16:04:26.999] Vector3f[-67.5, 82.60018, 0.0]
[16:04:26.999] Vector3f[-67.5, 82.900185, 0.0]
[16:04:27] Vector3f[-67.5, 83.20019, 0.0]
[16:04:27] Vector3f[-67.5, 83.50019, 0.0]
[16:04:27] Vector3f[-67.5, 83.80019, 0.0]
[16:04:27] Vector3f[-67.5, 84.1002, 0.0]
[16:04:27] Vector3f[-67.5, 84.4002, 0.0]
[16:04:27] Vector3f[-67.5, 84.7002, 0.0]
[16:04:27] Vector3f[-67.5, 85.000206, 0.0]
[16:04:27] Vector3f[-67.5, 85.30021, 0.0]
[16:04:27] Vector3f[-67.5, 85.60021, 0.0]
[16:04:27] Vector3f[-67.5, 85.900215, 0.0]
[16:04:27] Vector3f[-67.5, 86.20022, 0.0]
[16:04:27] Vector3f[-67.5, 86.50022, 0.0]
[16:04:27] Vector3f[-67.5, 86.800224, 0.0]
[16:04:27] Vector3f[-67.5, 87.10023, 0.0]
[16:04:27] Vector3f[-67.5, 87.40023, 0.0]
[16:04:27] Vector3f[-67.5, 87.70023, 0.0]
[16:04:27] Vector3f[-67.5, 88.00024, 0.0]
[16:04:27] Vector3f[-67.5, 88.30024, 0.0]
[16:04:27] Vector3f[-67.5, 88.60024, 0.0]
[16:04:27] Vector3f[-67.5, 88.900246, 0.0]
[16:04:27] Vector3f[-67.5, 89.20025, 0.0]
[16:04:27] Vector3f[-67.5, 89.50025, 0.0]
[16:04:27] Vector3f[-67.5, 89.800255, 0.0]
[16:04:27] Vector3f[-67.5, 90.10026, 0.0]
[16:04:27] Vector3f[-67.5, 90.40026, 0.0]
[16:04:27] Vector3f[-67.5, 90.700264, 0.0]
[16:04:27.001] Vector3f[-67.5, 91.00027, 0.0]
[16:04:27.001] Vector3f[-67.5, 91.30027, 0.0]
[16:04:27.001] Vector3f[-67.5, 91.60027, 0.0]
[16:04:27.001] Vector3f[-67.5, 91.900276, 0.0]
[16:04:27.001] Vector3f[-67.5, 92.20028, 0.0]
[16:04:27.001] Vector3f[-67.5, 92.50028, 0.0]
[16:04:27.001] Vector3f[-67.5, 92.800285, 0.0]
[16:04:27.001] Vector3f[-67.5, 93.10029, 0.0]
[16:04:27.001] Vector3f[-67.5, 93.40029, 0.0]
[16:04:27.001] Vector3f[-67.5, 93.700294, 0.0]
[16:04:27.001] Vector3f[-67.5, 94.0003, 0.0]
[16:04:27.001] Vector3f[-67.5, 94.3003, 0.0]
[16:04:27.001] Vector3f[-67.5, 94.6003, 0.0]
[16:04:27.001] Vector3f[-67.5, 94.90031, 0.0]
[16:04:27.001] Vector3f[-67.5, 95.20031, 0.0]
[16:04:27.001] Vector3f[-67.5, 95.50031, 0.0]
[16:04:27.001] Vector3f[-67.5, 95.800316, 0.0]
[16:04:27.001] Vector3f[-67.5, 96.10032, 0.0]
[16:04:27.001] Vector3f[-67.5, 96.40032, 0.0]
[16:04:27.001] Vector3f[-67.5, 96.700325, 0.0]
[16:04:27.001] Vector3f[-67.5, 97.00033, 0.0]
[16:04:27.001] Vector3f[-67.5, 97.30033, 0.0]
[16:04:27.001] Vector3f[-67.5, 97.600334, 0.0]
[16:04:27.002] Vector3f[-67.5, 97.90034, 0.0]
[16:04:27.002] Vector3f[-67.5, 98.20034, 0.0]
[16:04:27.002] Vector3f[-67.5, 98.50034, 0.0]
[16:04:27.002] Vector3f[-67.5, 98.80035, 0.0]
[16:04:27.002] Vector3f[-67.5, 99.10035, 0.0]
[16:04:27.002] Vector3f[-67.5, 99.40035, 0.0]
[16:04:27.002] Vector3f[-67.5, 99.700356, 0.0]
[16:04:27.002] Vector3f[-67.5, 100.00036, 0.0]
[16:04:27.002] Vector3f[-67.5, 100.30036, 0.0]
[16:04:27.002] Vector3f[-67.5, 100.600365, 0.0]
[16:04:27.002] Vector3f[-67.5, 100.90037, 0.0]
[16:04:27.002] Vector3f[-67.5, 101.20037, 0.0]
[16:04:27.002] Vector3f[-67.5, 101.500374, 0.0]
[16:04:27.002] Vector3f[-67.5, 101.80038, 0.0]
[16:04:27.002] Vector3f[-67.5, 102.10038, 0.0]
[16:04:27.002] Vector3f[-67.5, 102.40038, 0.0]
[16:04:27.002] Vector3f[-67.5, 102.700386, 0.0]
[16:04:27.002] Vector3f[-67.5, 103.00039, 0.0]
[16:04:27.002] Vector3f[-67.5, 103.30039, 0.0]
[16:04:27.002] Vector3f[-67.5, 103.600395, 0.0]
[16:04:27.002] Vector3f[-67.5, 103.9004, 0.0]
[16:04:27.002] Vector3f[-67.5, 104.2004, 0.0]
[16:04:27.002] Vector3f[-67.5, 104.500404, 0.0]
[16:04:27.002] Vector3f[-67.5, 104.80041, 0.0]
[16:04:27.003] Vector3f[-67.5, 105.10041, 0.0]
[16:04:27.003] Vector3f[-67.5, 105.40041, 0.0]
[16:04:27.003] Vector3f[-67.5, 105.70042, 0.0]
[16:04:27.003] Vector3f[-67.5, 106.00042, 0.0]
[16:04:27.003] Vector3f[-67.5, 106.30042, 0.0]
[16:04:27.003] Vector3f[-67.5, 106.600426, 0.0]
[16:04:27.003] Vector3f[-67.5, 106.90043, 0.0]
[16:04:27.003] Vector3f[-67.5, 107.20043, 0.0]
[16:04:27.003] Vector3f[-67.5, 107.500435, 0.0]
[16:04:27.003] Vector3f[-67.5, 107.80044, 0.0]
[16:04:27.003] Vector3f[-67.5, 108.10044, 0.0]
[16:04:27.003] Vector3f[-67.5, 108.400444, 0.0]
[16:04:27.003] Vector3f[-67.5, 108.70045, 0.0]
[16:04:27.003] Vector3f[-67.5, 109.00045, 0.0]
[16:04:27.003] Vector3f[-67.5, 109.30045, 0.0]
[16:04:27.003] Vector3f[-67.5, 109.60046, 0.0]
[16:04:27.004] Vector3f[-67.5, 109.90046, 0.0]
[16:04:27.004] Vector3f[-67.5, 110.20046, 0.0]
[16:04:27.004] Vector3f[-67.5, 110.500465, 0.0]
[16:04:27.004] Vector3f[-67.5, 110.80047, 0.0]
[16:04:27.004] Vector3f[-67.5, 111.10047, 0.0]
[16:04:27.004] Vector3f[-67.5, 111.400475, 0.0]
[16:04:27.004] Vector3f[-67.5, 111.70048, 0.0]
[16:04:27.004] Vector3f[-67.5, 112.00048, 0.0]
[16:04:27.004] Vector3f[-67.5, 112.30048, 0.0]
[16:04:27.004] Vector3f[-67.5, 112.60049, 0.0]
[16:04:27.004] Vector3f[-67.5, 112.90049, 0.0]
[16:04:27.004] Vector3f[-67.5, 113.20049, 0.0]
[16:04:27.004] Vector3f[-67.5, 113.500496, 0.0]
[16:04:27.004] Vector3f[-67.5, 113.8005, 0.0]
[16:04:27.004] Vector3f[-67.5, 114.1005, 0.0]
[16:04:27.004] Vector3f[-67.5, 114.400505, 0.0]
[16:04:27.005] Vector3f[-67.5, 114.70051, 0.0]
[16:04:27.005] Vector3f[-67.5, 115.00051, 0.0]
[16:04:27.005] Vector3f[-67.5, 115.300514, 0.0]
[16:04:27.005] Vector3f[-67.5, 115.60052, 0.0]
[16:04:27.005] Vector3f[-67.5, 115.90052, 0.0]
[16:04:27.005] Vector3f[-67.5, 116.20052, 0.0]
[16:04:27.005] Vector3f[-67.5, 116.50053, 0.0]
[16:04:27.005] Vector3f[-67.5, 116.80053, 0.0]
[16:04:27.005] Vector3f[-67.5, 117.10053, 0.0]
[16:04:27.005] Vector3f[-67.5, 117.400536, 0.0]
[16:04:27.005] Vector3f[-67.5, 117.70054, 0.0]
[16:04:27.005] Vector3f[-67.5, 118.00054, 0.0]
[16:04:27.005] Vector3f[-67.5, 118.300545, 0.0]
[16:04:27.005] Vector3f[-67.5, 118.60055, 0.0]
[16:04:27.005] Vector3f[-67.5, 118.90055, 0.0]
[16:04:27.005] Vector3f[-67.5, 119.200554, 0.0]
[16:04:27.005] Vector3f[-67.5, 119.50056, 0.0]
[16:04:27.006] Vector3f[-67.5, 119.80056, 0.0]
[16:04:27.006] Vector3f[-67.5, 120.10056, 0.0]
[16:04:27.006] Vector3f[-67.5, 120.400566, 0.0]
[16:04:27.006] Vector3f[-67.5, 120.70057, 0.0]
[16:04:27.006] Vector3f[-67.5, 121.00057, 0.0]
[16:04:27.006] Vector3f[-67.5, 121.300575, 0.0]
[16:04:27.006] Vector3f[-67.5, 121.60058, 0.0]
[16:04:27.006] Vector3f[-67.5, 121.90058, 0.0]
[16:04:27.006] Vector3f[-67.5, 122.200584, 0.0]
[16:04:27.006] Vector3f[-67.5, 122.50059, 0.0]
[16:04:27.006] Vector3f[-67.5, 122.80059, 0.0]
[16:04:27.006] Vector3f[-67.5, 123.10059, 0.0]
[16:04:27.006] Vector3f[-67.5, 123.4006, 0.0]
[16:04:27.006] Vector3f[-67.5, 123.7006, 0.0]
[16:04:27.006] Vector3f[-67.5, 124.0006, 0.0]
[16:04:27.006] Vector3f[-67.5, 124.300606, 0.0]
[16:04:27.019] Vector3f[-67.5, 124.60061, 0.0]
[16:04:27.037] Vector3f[-67.5, 124.90061, 0.0]
[16:04:27.053] Vector3f[-67.5, 125.200615, 0.0]
[16:04:27.070] Vector3f[-67.5, 125.50062, 0.0]
[16:04:27.087] Vector3f[-67.5, 125.80062, 0.0]
[16:04:27.104] Vector3f[-67.5, 126.100624, 0.0]
[16:04:27.122] Vector3f[-67.5, 126.40063, 0.0]
[16:04:27.139] Vector3f[-67.5, 126.70063, 0.0]
[16:04:27.155] Vector3f[-67.5, 127.00063, 0.0]
[16:04:27.173] Vector3f[-67.5, 127.30064, 0.0]
[16:04:27.188] Vector3f[-67.5, 127.60064, 0.0]
[16:04:27.206] Vector3f[-67.5, 127.90064, 0.0]
[16:04:27.224] Vector3f[-67.5, 128.20064, 0.0]
[16:04:27.240] Vector3f[-67.5, 128.50064, 0.0]
[16:04:27.257] Vector3f[-67.5, 128.80064, 0.0]
[16:04:27.274] Vector3f[-67.5, 129.10065, 0.0]
[16:04:27.291] Vector3f[-67.5, 129.40065, 0.0]
[16:04:27.309] Vector3f[-67.5, 129.70065, 0.0]
[16:04:27.325] Vector3f[-67.5, 130.00066, 0.0]
[16:04:27.343] Vector3f[-67.5, 130.30066, 0.0]
[16:04:27.359] Vector3f[-67.5, 130.60066, 0.0]
[16:04:27.376] Vector3f[-67.5, 130.90067, 0.0]
[16:04:27.393] Vector3f[-67.5, 131.20067, 0.0]
[16:04:27.410] Vector3f[-67.5, 131.50067, 0.0]
[16:04:27.427] Vector3f[-67.5, 131.80067, 0.0]
[16:04:27.445] Vector3f[-67.5, 132.10068, 0.0]
[16:04:27.462] Vector3f[-67.5, 132.40068, 0.0]
[16:04:27.478] Vector3f[-67.5, 132.70068, 0.0]
[16:04:27.495] Vector3f[-67.5, 133.00069, 0.0]
[16:04:27.513] Vector3f[-67.5, 133.30069, 0.0]
[16:04:27.529] Vector3f[-67.5, 133.6007, 0.0]
[16:04:27.547] Vector3f[-67.5, 133.9007, 0.0]
[16:04:27.563] Vector3f[-67.5, 134.2007, 0.0]
[16:04:27.580] Vector3f[-67.5, 134.5007, 0.0]
[16:04:27.597] Vector3f[-67.5, 134.8007, 0.0]
[16:04:27.615] Vector3f[-67.5, 135.10071, 0.0]
[16:04:27.631] Vector3f[-67.5, 135.40071, 0.0]
[16:04:27.649] Vector3f[-67.5, 135.70071, 0.0]
[16:04:27.665] Vector3f[-67.5, 136.00072, 0.0]
[16:04:27.683] Vector3f[-67.5, 136.30072, 0.0]
[16:04:27.699] Vector3f[-67.5, 136.60072, 0.0]
[16:04:27.716] Vector3f[-67.5, 136.90073, 0.0]
[16:04:27.734] Vector3f[-67.5, 137.20073, 0.0]
[16:04:27.750] Vector3f[-67.5, 137.50073, 0.0]
[16:04:27.767] Vector3f[-67.5, 137.80074, 0.0]
[16:04:27.784] Vector3f[-67.5, 138.10074, 0.0]
[16:04:27.801] Vector3f[-67.5, 138.40074, 0.0]
[16:04:27.818] Vector3f[-67.5, 138.70074, 0.0]
[16:04:27.835] Vector3f[-67.5, 139.00075, 0.0]
[16:04:27.852] Vector3f[-67.5, 139.30075, 0.0]
[16:04:27.869] Vector3f[-67.5, 139.60075, 0.0]
[16:04:27.886] Vector3f[-67.5, 139.90076, 0.0]
[16:04:27.903] Vector3f[-67.5, 140.20076, 0.0]
[16:04:27.920] Vector3f[-67.5, 140.50076, 0.0]
[16:04:27.937] Vector3f[-67.5, 140.80077, 0.0]
[16:04:27.954] Vector3f[-67.5, 141.10077, 0.0]
[16:04:27.972] Vector3f[-67.5, 141.40077, 0.0]
[16:04:27.989] Vector3f[-67.5, 141.70078, 0.0]
[16:04:28.005] Vector3f[-67.5, 142.00078, 0.0]
[16:04:28.023] Vector3f[-67.5, 142.30078, 0.0]
[16:04:28.038] Vector3f[-67.5, 142.60078, 0.0]
[16:04:28.056] Vector3f[-67.5, 142.90079, 0.0]
[16:04:28.073] Vector3f[-67.5, 143.20079, 0.0]
[16:04:28.090] Vector3f[-67.5, 143.5008, 0.0]
[16:04:28.107] Vector3f[-67.5, 143.8008, 0.0]
[16:04:28.127] Vector3f[-67.5, 144.1008, 0.0]
[16:04:28.141] Vector3f[-67.5, 144.4008, 0.0]
[16:04:28.159] Vector3f[-67.5, 144.7008, 0.0]
[16:04:28.175] Vector3f[-67.5, 145.00081, 0.0]
[16:04:28.192] Vector3f[-67.5, 145.30081, 0.0]
[16:04:28.210] Vector3f[-67.5, 145.60081, 0.0]
[16:04:28.226] Vector3f[-67.5, 145.90082, 0.0]
[16:04:28.243] Vector3f[-67.5, 146.20082, 0.0]
[16:04:28.260] Vector3f[-67.5, 146.50082, 0.0]
[16:04:28.278] Vector3f[-67.5, 146.80083, 0.0]
[16:04:28.294] Vector3f[-67.5, 147.10083, 0.0]
[16:04:28.312] Vector3f[-67.5, 147.40083, 0.0]
[16:04:28.328] Vector3f[-67.5, 147.70084, 0.0]
[16:04:28.346] Vector3f[-67.5, 148.00084, 0.0]
[16:04:28.362] Vector3f[-67.5, 148.30084, 0.0]
[16:04:28.379] Vector3f[-67.5, 148.60085, 0.0]
[16:04:28.397] Vector3f[-67.5, 148.90085, 0.0]
[16:04:28.414] Vector3f[-67.5, 149.20085, 0.0]
[16:04:28.431] Vector3f[-67.5, 149.50085, 0.0]
[16:04:28.447] Vector3f[-67.5, 149.80086, 0.0]
[16:04:28.464] Vector3f[-67.5, 150.10086, 0.0]
[16:04:28.481] Vector3f[-67.5, 150.40086, 0.0]
[16:04:28.499] Vector3f[-67.5, 150.70087, 0.0]
[16:04:28.515] Vector3f[-67.5, 151.00087, 0.0]
[16:04:28.533] Vector3f[-67.5, 151.30087, 0.0]
[16:04:28.549] Vector3f[-67.5, 151.60088, 0.0]
[16:04:28.567] Vector3f[-67.5, 151.90088, 0.0]
[16:04:28.583] Vector3f[-67.5, 152.20088, 0.0]
[16:04:28.601] Vector3f[-67.5, 152.50089, 0.0]
[16:04:28.617] Vector3f[-67.5, 152.80089, 0.0]
[16:04:28.634] Vector3f[-67.5, 153.10089, 0.0]
[16:04:28.651] Vector3f[-67.5, 153.4009, 0.0]
[16:04:28.669] Vector3f[-67.5, 153.7009, 0.0]
[16:04:28.685] Vector3f[-67.5, 154.0009, 0.0]
[16:04:28.704] Vector3f[-67.5, 154.3009, 0.0]
[16:04:28.720] Vector3f[-67.5, 154.6009, 0.0]
[16:04:28.736] Vector3f[-67.5, 154.90091, 0.0]
[16:04:28.754] Vector3f[-67.5, 155.20091, 0.0]
[16:04:28.770] Vector3f[-67.5, 155.50092, 0.0]
[16:04:28.787] Vector3f[-67.5, 155.80092, 0.0]
[16:04:28.804] Vector3f[-67.5, 156.10092, 0.0]
[16:04:28.821] Vector3f[-67.5, 156.40092, 0.0]
[16:04:28.839] Vector3f[-67.5, 156.70093, 0.0]
[16:04:28.856] Vector3f[-67.5, 157.00093, 0.0]
[16:04:28.872] Vector3f[-67.5, 157.30093, 0.0]
[16:04:28.889] Vector3f[-67.5, 157.60094, 0.0]
[16:04:28.906] Vector3f[-67.5, 157.90094, 0.0]
[16:04:28.923] Vector3f[-67.5, 158.20094, 0.0]
[16:04:28.940] Vector3f[-67.5, 158.50095, 0.0]
[16:04:28.957] Vector3f[-67.5, 158.80095, 0.0]
[16:04:28.974] Vector3f[-67.5, 159.10095, 0.0]
[16:04:28.991] Vector3f[-67.5, 159.40096, 0.0]
[16:04:29.009] Vector3f[-67.5, 159.70096, 0.0]
[16:04:29.025] Vector3f[-67.5, 160.00096, 0.0]
[16:04:29.042] Vector3f[-67.5, 160.30096, 0.0]
[16:04:29.059] Vector3f[-67.5, 160.60097, 0.0]
[16:04:29.077] Vector3f[-67.5, 160.90097, 0.0]
[16:04:29.093] Vector3f[-67.5, 161.20097, 0.0]
[16:04:29.110] Vector3f[-67.5, 161.50098, 0.0]
[16:04:29.127] Vector3f[-67.5, 161.80098, 0.0]
[16:04:29.144] Vector3f[-67.5, 162.10098, 0.0]
[16:04:29.161] Vector3f[-67.5, 162.40099, 0.0]
[16:04:29.179] Vector3f[-67.5, 162.70099, 0.0]
[16:04:29.196] Vector3f[-67.5, 163.00099, 0.0]
[16:04:29.213] Vector3f[-67.5, 163.301, 0.0]
[16:04:29.229] Vector3f[-67.5, 163.601, 0.0]
[16:04:29.247] Vector3f[-67.5, 163.901, 0.0]
[16:04:29.263] Vector3f[-67.5, 164.201, 0.0]
[16:04:29.281] Vector3f[-67.5, 164.501, 0.0]
[16:04:29.297] Vector3f[-67.5, 164.80101, 0.0]
[16:04:29.315] Vector3f[-67.5, 165.10101, 0.0]
[16:04:29.331] Vector3f[-67.5, 165.40102, 0.0]
[16:04:29.349] Vector3f[-67.5, 165.70102, 0.0]
[16:04:29.365] Vector3f[-67.5, 166.00102, 0.0]
[16:04:29.382] Vector3f[-67.5, 166.30103, 0.0]
[16:04:29.400] Vector3f[-67.5, 166.60103, 0.0]
[16:04:29.416] Vector3f[-67.5, 166.90103, 0.0]
[16:04:29.434] Vector3f[-67.5, 167.20103, 0.0]
[16:04:29.451] Vector3f[-67.5, 167.50104, 0.0]
[16:04:29.467] Vector3f[-67.5, 167.80104, 0.0]
[16:04:29.484] Vector3f[-67.5, 168.10104, 0.0]
[16:04:29.501] Vector3f[-67.5, 168.40105, 0.0]
[16:04:29.519] Vector3f[-67.5, 168.70105, 0.0]
[16:04:29.537] Vector3f[-67.5, 169.00105, 0.0]
[16:04:29.553] Vector3f[-67.5, 169.30106, 0.0]
[16:04:29.569] Vector3f[-67.5, 169.60106, 0.0]
[16:04:29.587] Vector3f[-67.5, 169.90106, 0.0]
[16:04:29.603] Vector3f[-67.5, 170.20107, 0.0]
[16:04:29.620] Vector3f[-67.5, 170.50107, 0.0]
[16:04:29.637] Vector3f[-67.5, 170.80107, 0.0]
[16:04:29.655] Vector3f[-67.5, 171.10107, 0.0]
[16:04:29.672] Vector3f[-67.5, 171.40108, 0.0]
[16:04:29.688] Vector3f[-67.5, 171.70108, 0.0]
[16:04:29.705] Vector3f[-67.5, 172.00108, 0.0]
[16:04:29.723] Vector3f[-67.5, 172.30109, 0.0]
[16:04:29.740] Vector3f[-67.5, 172.60109, 0.0]
[16:04:29.757] Vector3f[-67.5, 172.9011, 0.0]
[16:04:29.774] Vector3f[-67.5, 173.2011, 0.0]
[16:04:29.790] Vector3f[-67.5, 173.5011, 0.0]
[16:04:29.807] Vector3f[-67.5, 173.8011, 0.0]
[16:04:29.825] Vector3f[-67.5, 174.1011, 0.0]
[16:04:29.841] Vector3f[-67.5, 174.40111, 0.0]
[16:04:29.858] Vector3f[-67.5, 174.70111, 0.0]
[16:04:29.876] Vector3f[-67.5, 175.00111, 0.0]
[16:04:29.893] Vector3f[-67.5, 175.30112, 0.0]
[16:04:29.910] Vector3f[-67.5, 175.60112, 0.0]
[16:04:29.927] Vector3f[-67.5, 175.90112, 0.0]
[16:04:29.943] Vector3f[-67.5, 176.20113, 0.0]
[16:04:29.960] Vector3f[-67.5, 176.50113, 0.0]
[16:04:29.977] Vector3f[-67.5, 176.80113, 0.0]
[16:04:29.995] Vector3f[-67.5, 177.10114, 0.0]
[16:04:30.011] Vector3f[-67.5, 177.40114, 0.0]
[16:04:30.028] Vector3f[-67.5, 177.70114, 0.0]
[16:04:30.045] Vector3f[-67.5, 178.00114, 0.0]
[16:04:30.062] Vector3f[-67.5, 178.30115, 0.0]
