[16:05:10.586] Created Window
[16:05:10.647] Setup Shaders
[16:05:11.298] Setup Player
[16:05:11.542] Setup Scene Graph
[16:05:11.551] Entering Render Loop
[16:05:11.551] Vector3f[-67.5, 5.0, 0.0]
[16:05:11.567] Vector3f[-67.5, 4.9, 0.0]
[16:05:11.585] Vector3f[-67.5, 4.7000003, 0.0]
[16:05:11.602] Vector3f[-67.5, 4.4, 0.0]
[16:05:11.620] Vector3f[-67.5, 4.0, 0.0]
[16:05:11.636] Vector3f[-67.5, 3.5, 0.0]
[16:05:11.653] Vector3f[-67.5, 2.9, 0.0]
[16:05:11.669] Vector3f[-67.5, 2.2, 0.0]
[16:05:11.688] Vector3f[-67.5, 1.4, 0.0]
[16:05:11.703] Vector3f[-67.5, 0.49999988, 0.0]
[16:05:11.721] Vector3f[-67.5, -0.50000024, 0.0]
[16:05:11.738] Vector3f[-67.5, -1.6000004, 0.0]
[16:05:11.755] Vector3f[-67.5, -2.8000007, 0.0]
[16:05:11.772] Vector3f[-67.5, -4.100001, 0.0]
[16:05:11.789] Vector3f[-67.5, -5.500001, 0.0]
[16:05:11.807] Vector3f[-67.5, -7.000001, 0.0]
[16:05:11.824] Vector3f[-67.5, -8.600001, 0.0]
[16:05:11.841] Vector3f[-67.5, -10.300001, 0.0]
[16:05:11.858] Vector3f[-67.5, -12.100001, 0.0]
[16:05:11.876] Vector3f[-67.5, -14.000002, 0.0]
[16:05:11.891] Vector3f[-67.5, -16.000002, 0.0]
[16:05:11.909] Vector3f[-67.5, -18.100002, 0.0]
[16:05:11.925] Vector3f[-67.5, -20.300003, 0.0]
[16:05:11.943] Vector3f[-67.5, -22.600002, 0.0]
[16:05:11.959] Vector3f[-67.5, -25.000002, 0.0]
[16:05:11.976] Vector3f[-67.5, -27.500002, 0.0]
[16:05:11.993] Vector3f[-67.5, -30.100002, 0.0]
[16:05:12.010] Vector3f[-67.5, -32.800003, 0.0]
[16:05:12.029] Vector3f[-67.5, -35.600002, 0.0]
[16:05:12.045] Vector3f[-67.5, -38.5, 0.0]
[16:05:12.062] Vector3f[-67.5, -41.5, 0.0]
[16:05:12.079] Vector3f[-67.5, -44.6, 0.0]
[16:05:12.095] Vector3f[-67.5, -47.8, 0.0]
[16:05:12.112] Vector3f[-67.5, -51.1, 0.0]
[16:05:12.129] Vector3f[-67.5, -54.499996, 0.0]
[16:05:12.146] Vector3f[-67.5, -57.999996, 0.0]
[16:05:12.163] Vector3f[-67.5, -61.599995, 0.0]
[16:05:12.180] Vector3f[-67.5, -65.299995, 0.0]
[16:05:12.197] Vector3f[-67.5, -69.09999, 0.0]
[16:05:12.214] Vector3f[-67.5, -72.99999, 0.0]
[16:05:12.231] Vector3f[-67.5, -76.99999, 0.0]
[16:05:12.248] Vector3f[-67.5, -81.09999, 0.0]
[16:05:12.265] Vector3f[-67.5, -85.29999, 0.0]
[16:05:12.282] Vector3f[-67.5, -89.59998, 0.0]
[16:05:12.300] Vector3f[-67.5, -93.999985, 0.0]
[16:05:12.317] Vector3f[-67.5, -98.499985, 0.0]
[16:05:12.333] Vector3f[-67.5, -103.09998, 0.0]
[16:05:12.351] Vector3f[-67.5, -107.79998, 0.0]
[16:05:12.367] Vector3f[-67.5, -112.599976, 0.0]
[16:05:12.384] Vector3f[-67.5, -117.49997, 0.0]
[16:05:12.401] Vector3f[-67.5, -122.49997, 0.0]
[16:05:12.418] Vector3f[-67.5, -127.59997, 0.0]
[16:05:12.436] Vector3f[-67.5, -132.79997, 0.0]
[16:05:12.452] Vector3f[-67.5, -138.09998, 0.0]
[16:05:12.470] Vector3f[-67.5, -143.49997, 0.0]
[16:05:12.487] Vector3f[-67.5, -148.99997, 0.0]
[16:05:12.503] Vector3f[-67.5, -154.59996, 0.0]
[16:05:12.520] Vector3f[-67.5, -160.29996, 0.0]
[16:05:12.537] Vector3f[-67.5, -166.09996, 0.0]
[16:05:12.554] Vector3f[-67.5, -171.99995, 0.0]
[16:05:12.571] Vector3f[-67.5, -177.99995, 0.0]
[16:05:12.588] Vector3f[-67.5, -184.09995, 0.0]
[16:05:12.605] Vector3f[-67.5, -190.29994, 0.0]
[16:05:12.622] Vector3f[-67.5, -196.59995, 0.0]
[16:05:12.640] Vector3f[-67.5, -202.99994, 0.0]
[16:05:12.656] Vector3f[-67.5, -209.49994, 0.0]
[16:05:12.674] Vector3f[-67.5, -216.09993, 0.0]
[16:05:12.690] Vector3f[-67.5, -222.79993, 0.0]
[16:05:12.707] Vector3f[-67.5, -229.59993, 0.0]
[16:05:12.724] Vector3f[-67.5, -236.49992, 0.0]
[16:05:12.741] Vector3f[-67.5, -243.49992, 0.0]
[16:05:12.758] Vector3f[-67.5, -250.59991, 0.0]
[16:05:12.775] Vector3f[-67.5, -257.7999, 0.0]
[16:05:12.793] Vector3f[-67.5, -265.09988, 0.0]
[16:05:12.809] Vector3f[-67.5, -272.49988, 0.0]
[16:05:12.826] Vector3f[-67.5, -279.99988, 0.0]
[16:05:12.845] Vector3f[-67.5, -287.59988, 0.0]
[16:05:12.860] Vector3f[-67.5, -295.29987, 0.0]
[16:05:12.877] Vector3f[-67.5, -303.09985, 0.0]
[16:05:12.895] Vector3f[-67.5, -310.99985, 0.0]
[16:05:12.911] Vector3f[-67.5, -318.99985, 0.0]
[16:05:12.928] Vector3f[-67.5, -327.09985, 0.0]
[16:05:12.945] Vector3f[-67.5, -335.29984, 0.0]
[16:05:12.962] Vector3f[-67.5, -343.59982, 0.0]
[16:05:12.980] Vector3f[-67.5, -351.99982, 0.0]
[16:05:12.997] Vector3f[-67.5, -360.49982, 0.0]
[16:05:13.014] Vector3f[-67.5, -369.09982, 0.0]
[16:05:13.032] Vector3f[-67.5, -377.7998, 0.0]
[16:05:13.047] Vector3f[-67.5, -386.5998, 0.0]
[16:05:13.065] Vector3f[-67.5, -395.4998, 0.0]
[16:05:13.081] Vector3f[-67.5, -404.4998, 0.0]
[16:05:13.098] Vector3f[-67.5, -413.5998, 0.0]
[16:05:13.115] Vector3f[-67.5, -422.7998, 0.0]
[16:05:13.132] Vector3f[-67.5, -432.0998, 0.0]
[16:05:13.150] Vector3f[-67.5, -441.4998, 0.0]
[16:05:13.167] Vector3f[-67.5, -450.9998, 0.0]
[16:05:13.185] Vector3f[-67.5, -460.5998, 0.0]
[16:05:13.200] Vector3f[-67.5, -470.2998, 0.0]
[16:05:13.218] Vector3f[-67.5, -480.0998, 0.0]
[16:05:13.234] Vector3f[-67.5, -489.9998, 0.0]
[16:05:13.251] Vector3f[-67.5, -499.9998, 0.0]
[16:05:13.268] Vector3f[-67.5, -510.0998, 0.0]
[16:05:13.285] Vector3f[-67.5, -520.2998, 0.0]
[16:05:13.302] Vector3f[-67.5, -530.5998, 0.0]
[16:05:13.319] Vector3f[-67.5, -540.9998, 0.0]
[16:05:13.337] Vector3f[-67.5, -551.4998, 0.0]
[16:05:13.353] Vector3f[-67.5, -562.0998, 0.0]
[16:05:13.370] Vector3f[-67.5, -572.7998, 0.0]
[16:05:13.388] Vector3f[-67.5, -583.5998, 0.0]
[16:05:13.404] Vector3f[-67.5, -594.4998, 0.0]
[16:05:13.421] Vector3f[-67.5, -605.4998, 0.0]
[16:05:13.439] Vector3f[-67.5, -616.59985, 0.0]
[16:05:13.455] Vector3f[-67.5, -627.79987, 0.0]
[16:05:13.472] Vector3f[-67.5, -639.09985, 0.0]
[16:05:13.489] Vector3f[-67.5, -650.4999, 0.0]
[16:05:13.506] Vector3f[-67.5, -661.9999, 0.0]
[16:05:13.523] Vector3f[-67.5, -673.5999, 0.0]
[16:05:13.542] Vector3f[-67.5, -685.2999, 0.0]
[16:05:13.559] Vector3f[-67.5, -697.0999, 0.0]
[16:05:13.575] Vector3f[-67.5, -708.99994, 0.0]
[16:05:13.591] Vector3f[-67.5, -720.99994, 0.0]
[16:05:13.610] Vector3f[-67.5, -733.1, 0.0]
[16:05:13.625] Vector3f[-67.5, -745.3, 0.0]
[16:05:13.643] Vector3f[-67.5, -757.6, 0.0]
[16:05:13.660] Vector3f[-67.5, -770.0, 0.0]
