[16:07:12.191] Created Window
[16:07:12.225] Setup Shaders
[16:07:12.904] Setup Player
[16:07:13.206] Setup Scene Graph
[16:07:13.216] Vector3f[-67.5, 5.0, 0.0]
[16:07:13.216] Entering Render Loop
[16:07:13.232] Vector3f[-67.5, 4.99, 0.0]
[16:07:13.250] Vector3f[-67.5, 4.97, 0.0]
[16:07:13.266] Vector3f[-67.5, 4.9399996, 0.0]
[16:07:13.283] Vector3f[-67.5, 4.8999996, 0.0]
[16:07:13.300] Vector3f[-67.5, 4.8499994, 0.0]
[16:07:13.317] Vector3f[-67.5, 4.7899995, 0.0]
[16:07:13.335] Vector3f[-67.5, 4.7199993, 0.0]
[16:07:13.352] Vector3f[-67.5, 4.6399994, 0.0]
[16:07:13.368] Vector3f[-67.5, 4.549999, 0.0]
[16:07:13.385] Vector3f[-67.5, 4.4499993, 0.0]
[16:07:13.402] Vector3f[-67.5, 4.339999, 0.0]
[16:07:13.484] Vector3f[-67.5, 4.2199993, 0.0]
[16:07:13.485] Vector3f[-67.5, 4.089999, 0.0]
[16:07:13.485] Vector3f[-67.5, 3.949999, 0.0]
[16:07:13.485] Vector3f[-67.5, 3.799999, 0.0]
[16:07:13.487] Vector3f[-67.5, 3.639999, 0.0]
[16:07:13.504] Vector3f[-67.5, 3.4699988, 0.0]
[16:07:13.521] Vector3f[-67.5, 3.2899988, 0.0]
[16:07:13.538] Vector3f[-67.5, 3.0999987, 0.0]
[16:07:13.555] Vector3f[-67.5, 2.8999987, 0.0]
[16:07:13.572] Vector3f[-67.5, 2.6899986, 0.0]
[16:07:13.590] Vector3f[-67.5, 2.4699986, 0.0]
[16:07:13.607] Vector3f[-67.5, 2.2399986, 0.0]
[16:07:13.624] Vector3f[-67.5, 1.9999986, 0.0]
[16:07:13.641] Vector3f[-67.5, 1.7499986, 0.0]
[16:07:13.658] Vector3f[-67.5, 1.4899986, 0.0]
[16:07:13.678] Vector3f[-67.5, 1.2199986, 0.0]
[16:07:13.692] Vector3f[-67.5, 0.93999857, 0.0]
[16:07:13.709] Vector3f[-67.5, 0.64999855, 0.0]
[16:07:13.726] Vector3f[-67.5, 0.34999853, 0.0]
[16:07:13.743] Vector3f[-67.5, 0.03999853, 0.0]
[16:07:13.760] Vector3f[-67.5, -0.28000146, 0.0]
[16:07:13.778] Vector3f[-67.5, -0.61000144, 0.0]
[16:07:13.794] Vector3f[-67.5, -0.9500014, 0.0]
[16:07:13.811] Vector3f[-67.5, -1.3000014, 0.0]
[16:07:13.829] Vector3f[-67.5, -1.6600013, 0.0]
[16:07:13.845] Vector3f[-67.5, -2.0300012, 0.0]
[16:07:13.862] Vector3f[-67.5, -2.410001, 0.0]
[16:07:13.878] Vector3f[-67.5, -2.800001, 0.0]
[16:07:13.896] Vector3f[-67.5, -3.2000008, 0.0]
[16:07:13.913] Vector3f[-67.5, -3.6100006, 0.0]
[16:07:13.930] Vector3f[-67.5, -4.0300007, 0.0]
[16:07:13.947] Vector3f[-67.5, -4.4600005, 0.0]
[16:07:13.964] Vector3f[-67.5, -4.9000006, 0.0]
[16:07:13.980] Vector3f[-67.5, -5.3500004, 0.0]
[16:07:13.998] Vector3f[-67.5, -5.8100004, 0.0]
[16:07:14.016] Vector3f[-67.5, -6.28, 0.0]
[16:07:14.032] Vector3f[-67.5, -6.76, 0.0]
[16:07:14.050] Vector3f[-67.5, -7.25, 0.0]
[16:07:14.066] Vector3f[-67.5, -7.75, 0.0]
[16:07:14.086] Vector3f[-67.5, -8.26, 0.0]
[16:07:14.100] Vector3f[-67.5, -8.78, 0.0]
[16:07:14.118] Vector3f[-67.5, -9.309999, 0.0]
[16:07:14.134] Vector3f[-67.5, -9.849999, 0.0]
[16:07:14.151] Vector3f[-67.5, -10.4, 0.0]
[16:07:14.168] Vector3f[-67.5, -10.959999, 0.0]
[16:07:14.185] Vector3f[-67.5, -11.529999, 0.0]
[16:07:14.202] Vector3f[-67.5, -12.109999, 0.0]
[16:07:14.219] Vector3f[-67.5, -12.699999, 0.0]
[16:07:14.238] Vector3f[-67.5, -13.299998, 0.0]
[16:07:14.258] Vector3f[-67.5, -13.909998, 0.0]
[16:07:14.270] Vector3f[-67.5, -14.529998, 0.0]
[16:07:14.287] Vector3f[-67.5, -15.159998, 0.0]
[16:07:14.304] Vector3f[-67.5, -15.799997, 0.0]
[16:07:14.322] Vector3f[-67.5, -16.449997, 0.0]
[16:07:14.338] Vector3f[-67.5, -17.109997, 0.0]
[16:07:14.355] Vector3f[-67.5, -17.779997, 0.0]
[16:07:14.372] Vector3f[-67.5, -18.459997, 0.0]
[16:07:14.389] Vector3f[-67.5, -19.149998, 0.0]
[16:07:14.407] Vector3f[-67.5, -19.849997, 0.0]
[16:07:14.423] Vector3f[-67.5, -20.559996, 0.0]
[16:07:14.439] Vector3f[-67.5, -20.559996, 0.0]
[16:07:14.456] Vector3f[-67.5, -20.559996, 0.0]
[16:07:14.473] Vector3f[-67.5, -20.559996, 0.0]
[16:07:14.490] Vector3f[-67.5, -20.559996, 0.0]
[16:07:14.508] Vector3f[-67.5, -20.559996, 0.0]
[16:07:14.524] Vector3f[-67.5, -20.559996, 0.0]
[16:07:14.541] Vector3f[-67.5, -20.559996, 0.0]
[16:07:14.558] Vector3f[-67.5, -20.559996, 0.0]
[16:07:14.576] Vector3f[-67.5, -20.559996, 0.0]
[16:07:14.593] Vector3f[-67.5, -20.559996, 0.0]
[16:07:14.609] Vector3f[-67.5, -20.559996, 0.0]
[16:07:14.626] Vector3f[-67.5, -20.559996, 0.0]
[16:07:14.644] Vector3f[-67.5, -20.559996, 0.0]
[16:07:14.660] Vector3f[-67.5, -20.559996, 0.0]
[16:07:14.677] Vector3f[-67.5, -20.559996, 0.0]
[16:07:14.696] Vector3f[-67.5, -20.559996, 0.0]
[16:07:14.712] Vector3f[-67.5, -20.559996, 0.0]
[16:07:14.729] Vector3f[-67.5, -20.559996, 0.0]
[16:07:14.746] Vector3f[-67.5, -20.559996, 0.0]
[16:07:14.764] Vector3f[-67.5, -20.559996, 0.0]
[16:07:14.780] Vector3f[-67.5, -20.559996, 0.0]
[16:07:14.797] Vector3f[-67.5, -20.559996, 0.0]
[16:07:14.814] Vector3f[-67.5, -20.559996, 0.0]
[16:07:14.831] Vector3f[-67.5, -20.559996, 0.0]
[16:07:14.849] Vector3f[-67.5, -20.559996, 0.0]
[16:07:14.866] Vector3f[-67.5, -20.559996, 0.0]
[16:07:14.882] Vector3f[-67.5, -20.559996, 0.0]
[16:07:14.899] Vector3f[-67.5, -20.559996, 0.0]
[16:07:14.916] Vector3f[-67.5, -20.559996, 0.0]
[16:07:14.934] Vector3f[-67.5, -20.559996, 0.0]
[16:07:14.950] Vector3f[-67.5, -20.559996, 0.0]
[16:07:14.967] Vector3f[-67.5, -20.559996, 0.0]
[16:07:14.987] Vector3f[-67.5, -20.559996, 0.0]
[16:07:15.001] Vector3f[-67.5, -20.559996, 0.0]
[16:07:15.018] Vector3f[-67.5, -20.559996, 0.0]
[16:07:15.034] Vector3f[-67.5, -20.559996, 0.0]
[16:07:15.052] Vector3f[-67.5, -20.559996, 0.0]
[16:07:15.070] Vector3f[-67.5, -20.559996, 0.0]
[16:07:15.086] Vector3f[-67.5, -20.559996, 0.0]
[16:07:15.103] Vector3f[-67.5, -20.559996, 0.0]
[16:07:15.120] Vector3f[-67.5, -20.559996, 0.0]
[16:07:15.137] Vector3f[-67.5, -20.559996, 0.0]
[16:07:15.154] Vector3f[-67.5, -20.559996, 0.0]
[16:07:15.170] Vector3f[-67.5, -20.559996, 0.0]
[16:07:15.187] Vector3f[-67.5, -20.559996, 0.0]
[16:07:15.205] Vector3f[-67.5, -20.559996, 0.0]
[16:07:15.222] Vector3f[-67.5, -20.559996, 0.0]
[16:07:15.238] Vector3f[-67.5, -20.559996, 0.0]
[16:07:15.256] Vector3f[-67.5, -20.559996, 0.0]
[16:07:15.272] Vector3f[-67.5, -20.559996, 0.0]
[16:07:15.289] Vector3f[-67.5, -20.559996, 0.0]
[16:07:15.306] Vector3f[-67.5, -20.559996, 0.0]
[16:07:15.323] Vector3f[-67.5, -20.559996, 0.0]
[16:07:15.340] Vector3f[-67.5, -20.559996, 0.0]
[16:07:15.360] Vector3f[-67.5, -20.559996, 0.0]
[16:07:15.374] Vector3f[-67.5, -20.559996, 0.0]
[16:07:15.391] Vector3f[-67.5, -20.559996, 0.0]
[16:07:15.410] Vector3f[-67.5, -20.559996, 0.0]
[16:07:15.426] Vector3f[-67.5, -20.559996, 0.0]
[16:07:15.443] Vector3f[-67.5, -20.559996, 0.0]
[16:07:15.460] Vector3f[-67.5, -20.559996, 0.0]
[16:07:15.477] Vector3f[-67.5, -20.559996, 0.0]
[16:07:15.494] Vector3f[-67.5, -20.559996, 0.0]
[16:07:15.511] Vector3f[-67.5, -20.559996, 0.0]
[16:07:15.528] Vector3f[-67.5, -20.559996, 0.0]
[16:07:15.545] Vector3f[-67.5, -20.559996, 0.0]
[16:07:15.562] Vector3f[-67.5, -20.559996, 0.0]
[16:07:15.579] Vector3f[-67.5, -20.559996, 0.0]
[16:07:15.597] Vector3f[-67.5, -20.559996, 0.0]
[16:07:15.613] Vector3f[-67.5, -20.559996, 0.0]
[16:07:15.630] Vector3f[-67.5, -20.559996, 0.0]
[16:07:15.647] Vector3f[-67.5, -20.559996, 0.0]
[16:07:15.664] Vector3f[-67.5, -20.559996, 0.0]
[16:07:15.681] Vector3f[-67.5, -20.559996, 0.0]
[16:07:15.698] Vector3f[-67.5, -20.559996, 0.0]
[16:07:15.715] Vector3f[-67.5, -20.559996, 0.0]
[16:07:15.732] Vector3f[-67.5, -20.559996, 0.0]
[16:07:15.749] Vector3f[-67.5, -20.559996, 0.0]
[16:07:15.766] Vector3f[-67.5, -20.559996, 0.0]
[16:07:15.782] Vector3f[-67.5, -20.559996, 0.0]
[16:07:15.801] Vector3f[-67.5, -20.559996, 0.0]
[16:07:15.817] Vector3f[-67.5, -20.559996, 0.0]
[16:07:15.834] Vector3f[-67.5, -20.559996, 0.0]
[16:07:15.851] Vector3f[-67.5, -20.559996, 0.0]
[16:07:15.868] Vector3f[-67.5, -20.559996, 0.0]
[16:07:15.885] Vector3f[-67.5, -20.559996, 0.0]
[16:07:15.902] Vector3f[-67.5, -20.559996, 0.0]
[16:07:15.918] Vector3f[-67.5, -20.559996, 0.0]
[16:07:15.936] Vector3f[-67.5, -20.559996, 0.0]
[16:07:15.953] Vector3f[-67.5, -20.559996, 0.0]
[16:07:15.971] Vector3f[-67.5, -20.559996, 0.0]
[16:07:15.987] Vector3f[-67.5, -20.559996, 0.0]
[16:07:16.004] Vector3f[-67.5, -20.559996, 0.0]
[16:07:16.020] Vector3f[-67.5, -20.559996, 0.0]
[16:07:16.037] Vector3f[-67.5, -20.559996, 0.0]
[16:07:16.053] Vector3f[-67.5, -20.559996, 0.0]
[16:07:16.071] Vector3f[-67.5, -20.559996, 0.0]
[16:07:16.087] Vector3f[-67.5, -20.559996, 0.0]
[16:07:16.105] Vector3f[-67.5, -20.559996, 0.0]
[16:07:16.122] Vector3f[-67.5, -20.559996, 0.0]
[16:07:16.139] Vector3f[-67.5, -20.559996, 0.0]
[16:07:16.156] Vector3f[-67.5, -20.559996, 0.0]
[16:07:16.173] Vector3f[-67.5, -20.559996, 0.0]
[16:07:16.190] Vector3f[-67.5, -20.559996, 0.0]
[16:07:16.207] Vector3f[-67.5, -20.559996, 0.0]
[16:07:16.224] Vector3f[-67.5, -20.559996, 0.0]
[16:07:16.242] Vector3f[-67.5, -20.559996, 0.0]
[16:07:16.259] Vector3f[-67.5, -20.559996, 0.0]
[16:07:16.276] Vector3f[-67.5, -20.559996, 0.0]
[16:07:16.293] Vector3f[-67.5, -20.559996, 0.0]
[16:07:16.310] Vector3f[-67.5, -20.559996, 0.0]
[16:07:16.327] Vector3f[-67.5, -20.559996, 0.0]
[16:07:16.346] Vector3f[-67.5, -20.559996, 0.0]
[16:07:16.362] Vector3f[-67.5, -20.559996, 0.0]
[16:07:16.378] Vector3f[-67.5, -20.559996, 0.0]
[16:07:16.395] Vector3f[-67.5, -20.559996, 0.0]
[16:07:16.412] Vector3f[-67.5, -20.559996, 0.0]
[16:07:16.429] Vector3f[-67.5, -20.559996, 0.0]
[16:07:16.446] Vector3f[-67.5, -20.559996, 0.0]
[16:07:16.463] Vector3f[-67.5, -20.559996, 0.0]
[16:07:16.480] Vector3f[-67.5, -20.559996, 0.0]
[16:07:16.497] Vector3f[-67.5, -20.559996, 0.0]
[16:07:16.514] Vector3f[-67.5, -20.559996, 0.0]
[16:07:16.531] Vector3f[-67.5, -20.559996, 0.0]
[16:07:16.549] Vector3f[-67.5, -20.559996, 0.0]
[16:07:16.565] Vector3f[-67.5, -20.559996, 0.0]
[16:07:16.582] Vector3f[-67.5, -20.559996, 0.0]
[16:07:16.599] Vector3f[-67.5, -20.559996, 0.0]
[16:07:16.616] Vector3f[-67.5, -20.559996, 0.0]
[16:07:16.633] Vector3f[-67.5, -20.559996, 0.0]
[16:07:16.650] Vector3f[-67.5, -20.559996, 0.0]
[16:07:16.667] Vector3f[-67.5, -20.559996, 0.0]
[16:07:16.684] Vector3f[-67.5, -20.559996, 0.0]
[16:07:16.701] Vector3f[-67.5, -20.559996, 0.0]
[16:07:16.718] Vector3f[-67.5, -20.559996, 0.0]
[16:07:16.735] Vector3f[-67.5, -20.559996, 0.0]
[16:07:16.752] Vector3f[-67.5, -20.559996, 0.0]
[16:07:16.769] Vector3f[-67.5, -20.559996, 0.0]
[16:07:16.786] Vector3f[-67.5, -20.559996, 0.0]
[16:07:16.803] Vector3f[-67.5, -20.559996, 0.0]
[16:07:16.820] Vector3f[-67.5, -20.559996, 0.0]
[16:07:16.837] Vector3f[-67.5, -20.559996, 0.0]
[16:07:16.854] Vector3f[-67.5, -20.559996, 0.0]
[16:07:16.871] Vector3f[-67.5, -20.559996, 0.0]
[16:07:16.889] Vector3f[-67.5, -20.559996, 0.0]
[16:07:16.905] Vector3f[-67.5, -20.559996, 0.0]
[16:07:16.922] Vector3f[-67.5, -20.559996, 0.0]
[16:07:16.939] Vector3f[-67.5, -20.559996, 0.0]
[16:07:16.956] Vector3f[-67.5, -20.559996, 0.0]
[16:07:16.973] Vector3f[-67.5, -20.559996, 0.0]
[16:07:16.990] Vector3f[-67.5, -20.559996, 0.0]
[16:07:17.007] Vector3f[-67.5, -20.559996, 0.0]
[16:07:17.024] Vector3f[-67.5, -20.559996, 0.0]
[16:07:17.040] Vector3f[-67.5, -20.559996, 0.0]
[16:07:17.058] Vector3f[-67.5, -20.559996, 0.0]
[16:07:17.075] Vector3f[-67.5, -20.559996, 0.0]
[16:07:17.091] Vector3f[-67.5, -20.559996, 0.0]
[16:07:17.108] Vector3f[-67.5, -20.559996, 0.0]
[16:07:17.125] Vector3f[-67.5, -20.559996, 0.0]
[16:07:17.143] Vector3f[-67.5, -20.559996, 0.0]
[16:07:17.159] Vector3f[-67.5, -20.559996, 0.0]
[16:07:17.177] Vector3f[-67.5, -20.559996, 0.0]
[16:07:17.193] Vector3f[-67.5, -20.559996, 0.0]
[16:07:17.210] Vector3f[-67.5, -20.559996, 0.0]
[16:07:17.227] Vector3f[-67.5, -20.559996, 0.0]
[16:07:17.244] Vector3f[-67.5, -20.559996, 0.0]
[16:07:17.261] Vector3f[-67.5, -20.559996, 0.0]
[16:07:17.278] Vector3f[-67.5, -20.559996, 0.0]
[16:07:17.296] Vector3f[-67.5, -20.559996, 0.0]
[16:07:17.312] Vector3f[-67.5, -20.559996, 0.0]
[16:07:17.329] Vector3f[-67.5, -20.559996, 0.0]
[16:07:17.346] Vector3f[-67.5, -20.559996, 0.0]
[16:07:17.364] Vector3f[-67.5, -20.559996, 0.0]
[16:07:17.380] Vector3f[-67.5, -20.559996, 0.0]
[16:07:17.398] Vector3f[-67.5, -20.559996, 0.0]
[16:07:17.415] Vector3f[-67.5, -20.559996, 0.0]
[16:07:17.431] Vector3f[-67.5, -20.559996, 0.0]
[16:07:17.449] Vector3f[-67.5, -20.559996, 0.0]
[16:07:17.466] Vector3f[-67.5, -20.559996, 0.0]
[16:07:17.483] Vector3f[-67.5, -20.559996, 0.0]
[16:07:17.501] Vector3f[-67.5, -20.559996, 0.0]
[16:07:17.517] Vector3f[-67.5, -20.559996, 0.0]
[16:07:17.534] Vector3f[-67.5, -20.559996, 0.0]
[16:07:17.551] Vector3f[-67.5, -20.559996, 0.0]
[16:07:17.569] Vector3f[-67.5, -20.559996, 0.0]
[16:07:17.585] Vector3f[-67.5, -20.559996, 0.0]
[16:07:17.602] Vector3f[-67.5, -20.559996, 0.0]
[16:07:17.619] Vector3f[-67.5, -20.559996, 0.0]
[16:07:17.636] Vector3f[-67.5, -20.559996, 0.0]
[16:07:17.653] Vector3f[-67.5, -20.559996, 0.0]
[16:07:17.670] Vector3f[-67.5, -20.559996, 0.0]
[16:07:17.687] Vector3f[-67.5, -20.559996, 0.0]
[16:07:17.705] Vector3f[-67.5, -20.559996, 0.0]
[16:07:17.721] Vector3f[-67.5, -20.559996, 0.0]
[16:07:17.738] Vector3f[-67.5, -20.559996, 0.0]
[16:07:17.756] Vector3f[-67.5, -20.559996, 0.0]
[16:07:17.772] Vector3f[-67.5, -20.559996, 0.0]
[16:07:17.788] Vector3f[-67.5, -20.559996, 0.0]
[16:07:17.806] Vector3f[-67.5, -20.559996, 0.0]
[16:07:17.823] Vector3f[-67.5, -20.559996, 0.0]
[16:07:17.840] Vector3f[-67.5, -20.559996, 0.0]
[16:07:17.857] Vector3f[-67.5, -20.559996, 0.0]
[16:07:17.874] Vector3f[-67.5, -20.559996, 0.0]
[16:07:17.891] Vector3f[-67.5, -20.559996, 0.0]
[16:07:17.908] Vector3f[-67.5, -20.559996, 0.0]
[16:07:17.925] Vector3f[-67.5, -20.559996, 0.0]
[16:07:17.942] Vector3f[-67.5, -20.559996, 0.0]
[16:07:17.958] Vector3f[-67.5, -20.559996, 0.0]
[16:07:17.976] Vector3f[-67.5, -20.559996, 0.0]
[16:07:17.994] Vector3f[-67.5, -20.559996, 0.0]
[16:07:18.010] Vector3f[-67.5, -20.559996, 0.0]
[16:07:18.027] Vector3f[-67.5, -20.559996, 0.0]
[16:07:18.044] Vector3f[-67.5, -20.559996, 0.0]
[16:07:18.061] Vector3f[-67.5, -20.559996, 0.0]
[16:07:18.078] Vector3f[-67.5, -20.559996, 0.0]
[16:07:18.096] Vector3f[-67.5, -20.559996, 0.0]
[16:07:18.112] Vector3f[-67.5, -20.559996, 0.0]
[16:07:18.129] Vector3f[-67.5, -20.559996, 0.0]
[16:07:18.145] Vector3f[-67.5, -20.559996, 0.0]
[16:07:18.163] Vector3f[-67.5, -20.559996, 0.0]
[16:07:18.179] Vector3f[-67.5, -20.559996, 0.0]
[16:07:18.196] Vector3f[-67.5, -20.559996, 0.0]
[16:07:18.215] Vector3f[-67.5, -20.559996, 0.0]
[16:07:18.230] Vector3f[-67.5, -20.559996, 0.0]
[16:07:18.247] Vector3f[-67.5, -20.559996, 0.0]
[16:07:18.264] Vector3f[-67.5, -20.559996, 0.0]
[16:07:18.281] Vector3f[-67.5, -20.559996, 0.0]
[16:07:18.298] Vector3f[-67.5, -20.559996, 0.0]
[16:07:18.315] Vector3f[-67.5, -20.559996, 0.0]
[16:07:18.332] Vector3f[-67.5, -20.559996, 0.0]
[16:07:18.349] Vector3f[-67.5, -20.559996, 0.0]
[16:07:18.366] Vector3f[-67.5, -20.559996, 0.0]
[16:07:18.383] Vector3f[-67.5, -20.559996, 0.0]
[16:07:18.400] Vector3f[-67.5, -20.559996, 0.0]
[16:07:18.417] Vector3f[-67.5, -20.559996, 0.0]
[16:07:18.435] Vector3f[-67.5, -20.559996, 0.0]
[16:07:18.451] Vector3f[-67.5, -20.559996, 0.0]
[16:07:18.469] Vector3f[-67.5, -20.559996, 0.0]
[16:07:18.486] Vector3f[-67.5, -20.559996, 0.0]
[16:07:18.503] Vector3f[-67.5, -20.559996, 0.0]
[16:07:18.519] Vector3f[-67.5, -20.559996, 0.0]
[16:07:18.536] Vector3f[-67.5, -20.559996, 0.0]
