[16:04:39.947] Created Window
[16:04:39.988] Setup Shaders
[16:04:40.587] Setup Player
[16:04:40.836] Setup Scene Graph
[16:04:40.857] Entering Render Loop
[16:04:40.857] Vector3f[-67.5, 5.0, 0.0]
[16:04:40.874] Vector3f[-67.5, 4.9, 0.0]
[16:04:40.891] Vector3f[-67.5, 4.8, 0.0]
[16:04:40.908] Vector3f[-67.5, 4.7000003, 0.0]
[16:04:40.939] Vector3f[-67.5, 4.6000004, 0.0]
[16:04:40.942] Vector3f[-67.5, 4.5000005, 0.0]
[16:04:40.959] Vector3f[-67.5, 4.4000006, 0.0]
[16:04:40.999] Vector3f[-67.5, 4.3000007, 0.0]
[16:04:41] Vector3f[-67.5, 4.200001, 0.0]
[16:04:41.010] Vector3f[-67.5, 4.100001, 0.0]
[16:04:41.027] Vector3f[-67.5, 4.000001, 0.0]
[16:04:41.044] Vector3f[-67.5, 3.900001, 0.0]
[16:04:41.061] Vector3f[-67.5, 3.8000011, 0.0]
[16:04:41.078] Vector3f[-67.5, 3.7000012, 0.0]
[16:04:41.095] Vector3f[-67.5, 3.6000013, 0.0]
[16:04:41.112] Vector3f[-67.5, 3.5000014, 0.0]
[16:04:41.129] Vector3f[-67.5, 3.4000015, 0.0]
[16:04:41.146] Vector3f[-67.5, 3.3000016, 0.0]
[16:04:41.163] Vector3f[-67.5, 3.2000017, 0.0]
[16:04:41.181] Vector3f[-67.5, 3.1000018, 0.0]
[16:04:41.197] Vector3f[-67.5, 3.000002, 0.0]
[16:04:41.215] Vector3f[-67.5, 2.900002, 0.0]
[16:04:41.231] Vector3f[-67.5, 2.800002, 0.0]
[16:04:41.249] Vector3f[-67.5, 2.7000022, 0.0]
[16:04:41.265] Vector3f[-67.5, 2.6000023, 0.0]
[16:04:41.286] Vector3f[-67.5, 2.5000024, 0.0]
[16:04:41.300] Vector3f[-67.5, 2.4000025, 0.0]
[16:04:41.317] Vector3f[-67.5, 2.3000026, 0.0]
[16:04:41.333] Vector3f[-67.5, 2.2000027, 0.0]
[16:04:41.350] Vector3f[-67.5, 2.1000028, 0.0]
[16:04:41.367] Vector3f[-67.5, 2.0000029, 0.0]
[16:04:41.385] Vector3f[-67.5, 1.9000028, 0.0]
[16:04:41.402] Vector3f[-67.5, 1.8000028, 0.0]
[16:04:41.418] Vector3f[-67.5, 1.7000028, 0.0]
[16:04:41.435] Vector3f[-67.5, 1.6000028, 0.0]
[16:04:41.453] Vector3f[-67.5, 1.5000027, 0.0]
[16:04:41.469] Vector3f[-67.5, 1.4000027, 0.0]
[16:04:41.486] Vector3f[-67.5, 1.3000027, 0.0]
[16:04:41.503] Vector3f[-67.5, 1.2000027, 0.0]
[16:04:41.521] Vector3f[-67.5, 1.1000026, 0.0]
[16:04:41.537] Vector3f[-67.5, 1.0000026, 0.0]
[16:04:41.555] Vector3f[-67.5, 0.9000026, 0.0]
[16:04:41.572] Vector3f[-67.5, 0.8000026, 0.0]
[16:04:41.588] Vector3f[-67.5, 0.70000255, 0.0]
[16:04:41.605] Vector3f[-67.5, 0.6000025, 0.0]
[16:04:41.622] Vector3f[-67.5, 0.5000025, 0.0]
[16:04:41.639] Vector3f[-67.5, 0.4000025, 0.0]
[16:04:41.660] Vector3f[-67.5, 0.30000252, 0.0]
[16:04:41.675] Vector3f[-67.5, 0.20000252, 0.0]
[16:04:41.691] Vector3f[-67.5, 0.10000252, 0.0]
[16:04:41.707] Vector3f[-67.5, 2.5182962E-6, 0.0]
[16:04:41.724] Vector3f[-67.5, -0.09999748, 0.0]
[16:04:41.741] Vector3f[-67.5, -0.19999748, 0.0]
[16:04:41.758] Vector3f[-67.5, 0.10000253, 0.0]
[16:04:41.775] Vector3f[-67.5, 0.40000254, 0.0]
[16:04:41.792] Vector3f[-67.5, 0.70000255, 0.0]
[16:04:41.809] Vector3f[-67.5, 1.0000026, 0.0]
[16:04:41.827] Vector3f[-67.5, 1.3000026, 0.0]
[16:04:41.843] Vector3f[-67.5, 1.6000025, 0.0]
[16:04:41.860] Vector3f[-67.5, 1.9000025, 0.0]
[16:04:41.877] Vector3f[-67.5, 2.2000024, 0.0]
[16:04:41.895] Vector3f[-67.5, 2.5000024, 0.0]
[16:04:41.911] Vector3f[-67.5, 2.8000023, 0.0]
[16:04:41.929] Vector3f[-67.5, 3.1000023, 0.0]
[16:04:41.949] Vector3f[-67.5, 3.4000022, 0.0]
[16:04:41.962] Vector3f[-67.5, 3.7000022, 0.0]
[16:04:41.979] Vector3f[-67.5, 4.0000024, 0.0]
[16:04:41.997] Vector3f[-67.5, 4.3000026, 0.0]
[16:04:42.014] Vector3f[-67.5, 4.600003, 0.0]
[16:04:42.031] Vector3f[-67.5, 4.900003, 0.0]
[16:04:42.048] Vector3f[-67.5, 5.200003, 0.0]
[16:04:42.065] Vector3f[-67.5, 5.5000033, 0.0]
[16:04:42.081] Vector3f[-67.5, 5.8000035, 0.0]
[16:04:42.098] Vector3f[-67.5, 6.1000037, 0.0]
[16:04:42.115] Vector3f[-67.5, 6.400004, 0.0]
[16:04:42.132] Vector3f[-67.5, 6.700004, 0.0]
[16:04:42.154] Vector3f[-67.5, 7.0000043, 0.0]
[16:04:42.166] Vector3f[-67.5, 7.3000045, 0.0]
[16:04:42.184] Vector3f[-67.5, 7.6000047, 0.0]
[16:04:42.201] Vector3f[-67.5, 7.900005, 0.0]
[16:04:42.218] Vector3f[-67.5, 8.200005, 0.0]
[16:04:42.234] Vector3f[-67.5, 8.500005, 0.0]
[16:04:42.251] Vector3f[-67.5, 8.800005, 0.0]
[16:04:42.268] Vector3f[-67.5, 9.100005, 0.0]
[16:04:42.288] Vector3f[-67.5, 9.400005, 0.0]
[16:04:42.303] Vector3f[-67.5, 9.700006, 0.0]
[16:04:42.318] Vector3f[-67.5, 10.000006, 0.0]
[16:04:42.336] Vector3f[-67.5, 10.300006, 0.0]
[16:04:42.353] Vector3f[-67.5, 10.600006, 0.0]
[16:04:42.370] Vector3f[-67.5, 10.900006, 0.0]
[16:04:42.386] Vector3f[-67.5, 11.2000065, 0.0]
[16:04:42.405] Vector3f[-67.5, 11.500007, 0.0]
[16:04:42.421] Vector3f[-67.5, 11.800007, 0.0]
[16:04:42.438] Vector3f[-67.5, 12.100007, 0.0]
[16:04:42.455] Vector3f[-67.5, 12.400007, 0.0]
[16:04:42.472] Vector3f[-67.5, 12.700007, 0.0]
[16:04:42.489] Vector3f[-67.5, 13.000008, 0.0]
[16:04:42.506] Vector3f[-67.5, 13.300008, 0.0]
[16:04:42.523] Vector3f[-67.5, 13.600008, 0.0]
[16:04:42.540] Vector3f[-67.5, 13.900008, 0.0]
[16:04:42.557] Vector3f[-67.5, 14.200008, 0.0]
[16:04:42.574] Vector3f[-67.5, 14.500009, 0.0]
[16:04:42.591] Vector3f[-67.5, 14.800009, 0.0]
[16:04:42.608] Vector3f[-67.5, 15.100009, 0.0]
[16:04:42.625] Vector3f[-67.5, 15.400009, 0.0]
[16:04:42.642] Vector3f[-67.5, 15.700009, 0.0]
[16:04:42.660] Vector3f[-67.5, 16.00001, 0.0]
[16:04:42.676] Vector3f[-67.5, 16.300009, 0.0]
[16:04:42.693] Vector3f[-67.5, 16.600008, 0.0]
[16:04:42.709] Vector3f[-67.5, 16.900007, 0.0]
[16:04:42.727] Vector3f[-67.5, 17.200006, 0.0]
[16:04:42.744] Vector3f[-67.5, 17.500006, 0.0]
[16:04:42.762] Vector3f[-67.5, 17.800005, 0.0]
[16:04:42.778] Vector3f[-67.5, 18.100004, 0.0]
[16:04:42.795] Vector3f[-67.5, 18.400003, 0.0]
[16:04:42.812] Vector3f[-67.5, 18.700003, 0.0]
[16:04:42.829] Vector3f[-67.5, 19.000002, 0.0]
[16:04:42.847] Vector3f[-67.5, 19.300001, 0.0]
[16:04:42.863] Vector3f[-67.5, 19.6, 0.0]
[16:04:42.880] Vector3f[-67.5, 19.9, 0.0]
[16:04:42.897] Vector3f[-67.5, 20.199999, 0.0]
[16:04:42.914] Vector3f[-67.5, 20.499998, 0.0]
[16:04:42.932] Vector3f[-67.5, 20.799997, 0.0]
[16:04:42.949] Vector3f[-67.5, 21.099997, 0.0]
[16:04:42.965] Vector3f[-67.5, 21.399996, 0.0]
[16:04:42.982] Vector3f[-67.5, 21.699995, 0.0]
[16:04:43] Vector3f[-67.5, 21.999994, 0.0]
[16:04:43.016] Vector3f[-67.5, 22.299994, 0.0]
[16:04:43.034] Vector3f[-67.5, 22.599993, 0.0]
[16:04:43.050] Vector3f[-67.5, 22.899992, 0.0]
[16:04:43.068] Vector3f[-67.5, 23.199991, 0.0]
[16:04:43.084] Vector3f[-67.5, 23.49999, 0.0]
[16:04:43.102] Vector3f[-67.5, 23.79999, 0.0]
[16:04:43.118] Vector3f[-67.5, 24.099989, 0.0]
[16:04:43.135] Vector3f[-67.5, 24.399988, 0.0]
[16:04:43.152] Vector3f[-67.5, 24.699987, 0.0]
[16:04:43.169] Vector3f[-67.5, 24.999987, 0.0]
[16:04:43.186] Vector3f[-67.5, 25.299986, 0.0]
[16:04:43.203] Vector3f[-67.5, 25.599985, 0.0]
[16:04:43.221] Vector3f[-67.5, 25.899984, 0.0]
[16:04:43.238] Vector3f[-67.5, 26.199984, 0.0]
[16:04:43.254] Vector3f[-67.5, 26.499983, 0.0]
[16:04:43.271] Vector3f[-67.5, 26.799982, 0.0]
[16:04:43.288] Vector3f[-67.5, 27.099981, 0.0]
[16:04:43.305] Vector3f[-67.5, 27.39998, 0.0]
[16:04:43.322] Vector3f[-67.5, 27.69998, 0.0]
[16:04:43.339] Vector3f[-67.5, 27.999979, 0.0]
[16:04:43.356] Vector3f[-67.5, 28.299978, 0.0]
[16:04:43.373] Vector3f[-67.5, 28.599977, 0.0]
[16:04:43.390] Vector3f[-67.5, 28.899977, 0.0]
[16:04:43.407] Vector3f[-67.5, 29.199976, 0.0]
[16:04:43.425] Vector3f[-67.5, 29.499975, 0.0]
[16:04:43.441] Vector3f[-67.5, 29.799974, 0.0]
[16:04:43.459] Vector3f[-67.5, 30.099974, 0.0]
[16:04:43.475] Vector3f[-67.5, 30.399973, 0.0]
[16:04:43.492] Vector3f[-67.5, 30.699972, 0.0]
[16:04:43.510] Vector3f[-67.5, 30.999971, 0.0]
[16:04:43.526] Vector3f[-67.5, 31.29997, 0.0]
[16:04:43.543] Vector3f[-67.5, 31.59997, 0.0]
[16:04:43.560] Vector3f[-67.5, 31.89997, 0.0]
[16:04:43.578] Vector3f[-67.5, 32.19997, 0.0]
[16:04:43.595] Vector3f[-67.5, 32.49997, 0.0]
[16:04:43.611] Vector3f[-67.5, 32.79997, 0.0]
[16:04:43.628] Vector3f[-67.5, 33.099968, 0.0]
[16:04:43.645] Vector3f[-67.5, 33.399967, 0.0]
[16:04:43.663] Vector3f[-67.5, 33.699966, 0.0]
[16:04:43.680] Vector3f[-67.5, 33.999966, 0.0]
[16:04:43.696] Vector3f[-67.5, 34.299965, 0.0]
[16:04:43.713] Vector3f[-67.5, 34.599964, 0.0]
[16:04:43.730] Vector3f[-67.5, 34.899963, 0.0]
[16:04:43.747] Vector3f[-67.5, 35.199963, 0.0]
[16:04:43.764] Vector3f[-67.5, 35.49996, 0.0]
[16:04:43.782] Vector3f[-67.5, 35.79996, 0.0]
[16:04:43.799] Vector3f[-67.5, 36.09996, 0.0]
[16:04:43.815] Vector3f[-67.5, 36.39996, 0.0]
[16:04:43.833] Vector3f[-67.5, 36.69996, 0.0]
[16:04:43.851] Vector3f[-67.5, 36.999958, 0.0]
[16:04:43.866] Vector3f[-67.5, 37.299957, 0.0]
[16:04:43.884] Vector3f[-67.5, 37.599957, 0.0]
[16:04:43.900] Vector3f[-67.5, 37.899956, 0.0]
[16:04:43.917] Vector3f[-67.5, 38.199955, 0.0]
[16:04:43.934] Vector3f[-67.5, 38.499954, 0.0]
[16:04:43.952] Vector3f[-67.5, 38.799953, 0.0]
[16:04:43.968] Vector3f[-67.5, 39.099953, 0.0]
[16:04:43.985] Vector3f[-67.5, 39.399952, 0.0]
[16:04:44.002] Vector3f[-67.5, 39.69995, 0.0]
[16:04:44.020] Vector3f[-67.5, 39.99995, 0.0]
[16:04:44.037] Vector3f[-67.5, 40.29995, 0.0]
[16:04:44.053] Vector3f[-67.5, 40.59995, 0.0]
[16:04:44.070] Vector3f[-67.5, 40.89995, 0.0]
[16:04:44.087] Vector3f[-67.5, 41.199947, 0.0]
[16:04:44.104] Vector3f[-67.5, 41.499947, 0.0]
[16:04:44.122] Vector3f[-67.5, 41.799946, 0.0]
[16:04:44.139] Vector3f[-67.5, 42.099945, 0.0]
[16:04:44.155] Vector3f[-67.5, 42.399944, 0.0]
[16:04:44.173] Vector3f[-67.5, 42.699944, 0.0]
[16:04:44.189] Vector3f[-67.5, 42.999943, 0.0]
[16:04:44.206] Vector3f[-67.5, 43.299942, 0.0]
[16:04:44.223] Vector3f[-67.5, 43.59994, 0.0]
[16:04:44.240] Vector3f[-67.5, 43.89994, 0.0]
[16:04:44.258] Vector3f[-67.5, 44.19994, 0.0]
[16:04:44.274] Vector3f[-67.5, 44.49994, 0.0]
[16:04:44.291] Vector3f[-67.5, 44.79994, 0.0]
[16:04:44.308] Vector3f[-67.5, 45.099937, 0.0]
[16:04:44.326] Vector3f[-67.5, 45.399937, 0.0]
[16:04:44.342] Vector3f[-67.5, 45.699936, 0.0]
[16:04:44.359] Vector3f[-67.5, 45.999935, 0.0]
[16:04:44.376] Vector3f[-67.5, 46.299934, 0.0]
[16:04:44.393] Vector3f[-67.5, 46.599934, 0.0]
[16:04:44.410] Vector3f[-67.5, 46.899933, 0.0]
[16:04:44.427] Vector3f[-67.5, 47.199932, 0.0]
[16:04:44.445] Vector3f[-67.5, 47.49993, 0.0]
[16:04:44.461] Vector3f[-67.5, 47.79993, 0.0]
[16:04:44.479] Vector3f[-67.5, 48.09993, 0.0]
[16:04:44.495] Vector3f[-67.5, 48.39993, 0.0]
[16:04:44.513] Vector3f[-67.5, 48.69993, 0.0]
[16:04:44.529] Vector3f[-67.5, 48.999928, 0.0]
[16:04:44.546] Vector3f[-67.5, 49.299927, 0.0]
[16:04:44.563] Vector3f[-67.5, 49.599926, 0.0]
[16:04:44.580] Vector3f[-67.5, 49.899925, 0.0]
[16:04:44.597] Vector3f[-67.5, 50.199924, 0.0]
[16:04:44.614] Vector3f[-67.5, 50.499924, 0.0]
[16:04:44.631] Vector3f[-67.5, 50.799923, 0.0]
[16:04:44.648] Vector3f[-67.5, 51.099922, 0.0]
[16:04:44.666] Vector3f[-67.5, 51.39992, 0.0]
[16:04:44.683] Vector3f[-67.5, 51.69992, 0.0]
[16:04:44.699] Vector3f[-67.5, 51.99992, 0.0]
[16:04:44.716] Vector3f[-67.5, 52.29992, 0.0]
[16:04:44.733] Vector3f[-67.5, 52.59992, 0.0]
[16:04:44.750] Vector3f[-67.5, 52.899918, 0.0]
[16:04:44.768] Vector3f[-67.5, 53.199917, 0.0]
[16:04:44.784] Vector3f[-67.5, 53.499916, 0.0]
[16:04:44.801] Vector3f[-67.5, 53.799915, 0.0]
[16:04:44.818] Vector3f[-67.5, 54.099915, 0.0]
[16:04:44.836] Vector3f[-67.5, 54.399914, 0.0]
[16:04:44.853] Vector3f[-67.5, 54.699913, 0.0]
[16:04:44.870] Vector3f[-67.5, 54.999912, 0.0]
[16:04:44.898] Vector3f[-67.5, 55.29991, 0.0]
[16:04:44.903] Vector3f[-67.5, 55.59991, 0.0]
[16:04:44.920] Vector3f[-67.5, 55.89991, 0.0]
[16:04:44.937] Vector3f[-67.5, 56.19991, 0.0]
[16:04:44.954] Vector3f[-67.5, 56.49991, 0.0]
[16:04:44.971] Vector3f[-67.5, 56.799908, 0.0]
[16:04:44.989] Vector3f[-67.5, 57.099907, 0.0]
[16:04:45.005] Vector3f[-67.5, 57.399906, 0.0]
[16:04:45.022] Vector3f[-67.5, 57.699905, 0.0]
[16:04:45.039] Vector3f[-67.5, 57.999905, 0.0]
[16:04:45.056] Vector3f[-67.5, 58.299904, 0.0]
[16:04:45.073] Vector3f[-67.5, 58.599903, 0.0]
[16:04:45.090] Vector3f[-67.5, 58.899902, 0.0]
[16:04:45.108] Vector3f[-67.5, 59.1999, 0.0]
[16:04:45.125] Vector3f[-67.5, 59.4999, 0.0]
[16:04:45.141] Vector3f[-67.5, 59.7999, 0.0]
[16:04:45.158] Vector3f[-67.5, 60.0999, 0.0]
[16:04:45.175] Vector3f[-67.5, 60.3999, 0.0]
[16:04:45.193] Vector3f[-67.5, 60.699898, 0.0]
[16:04:45.210] Vector3f[-67.5, 60.999897, 0.0]
[16:04:45.226] Vector3f[-67.5, 61.299896, 0.0]
[16:04:45.243] Vector3f[-67.5, 61.599895, 0.0]
[16:04:45.260] Vector3f[-67.5, 61.899895, 0.0]
[16:04:45.277] Vector3f[-67.5, 62.199894, 0.0]
[16:04:45.295] Vector3f[-67.5, 62.499893, 0.0]
[16:04:45.312] Vector3f[-67.5, 62.799892, 0.0]
[16:04:45.329] Vector3f[-67.5, 63.09989, 0.0]
[16:04:45.346] Vector3f[-67.5, 63.39989, 0.0]
[16:04:45.362] Vector3f[-67.5, 63.69989, 0.0]
[16:04:45.379] Vector3f[-67.5, 63.99989, 0.0]
[16:04:45.397] Vector3f[-67.5, 64.29989, 0.0]
[16:04:45.413] Vector3f[-67.5, 64.59989, 0.0]
[16:04:45.430] Vector3f[-67.5, 64.899895, 0.0]
[16:04:45.447] Vector3f[-67.5, 65.1999, 0.0]
[16:04:45.465] Vector3f[-67.5, 65.4999, 0.0]
[16:04:45.481] Vector3f[-67.5, 65.799904, 0.0]
[16:04:45.498] Vector3f[-67.5, 66.09991, 0.0]
[16:04:45.515] Vector3f[-67.5, 66.39991, 0.0]
[16:04:45.532] Vector3f[-67.5, 66.69991, 0.0]
[16:04:45.549] Vector3f[-67.5, 66.999916, 0.0]
[16:04:45.567] Vector3f[-67.5, 67.29992, 0.0]
[16:04:45.583] Vector3f[-67.5, 67.59992, 0.0]
[16:04:45.601] Vector3f[-67.5, 67.899925, 0.0]
[16:04:45.617] Vector3f[-67.5, 68.19993, 0.0]
[16:04:45.634] Vector3f[-67.5, 68.49993, 0.0]
[16:04:45.651] Vector3f[-67.5, 68.799934, 0.0]
[16:04:45.668] Vector3f[-67.5, 69.09994, 0.0]
[16:04:45.685] Vector3f[-67.5, 69.39994, 0.0]
[16:04:45.702] Vector3f[-67.5, 69.69994, 0.0]
[16:04:45.719] Vector3f[-67.5, 69.99995, 0.0]
[16:04:45.736] Vector3f[-67.5, 70.29995, 0.0]
[16:04:45.753] Vector3f[-67.5, 70.59995, 0.0]
[16:04:45.771] Vector3f[-67.5, 70.899956, 0.0]
[16:04:45.787] Vector3f[-67.5, 71.19996, 0.0]
[16:04:45.804] Vector3f[-67.5, 71.49996, 0.0]
[16:04:45.821] Vector3f[-67.5, 71.799965, 0.0]
[16:04:45.838] Vector3f[-67.5, 72.09997, 0.0]
[16:04:45.855] Vector3f[-67.5, 72.39997, 0.0]
[16:04:45.872] Vector3f[-67.5, 72.699974, 0.0]
[16:04:45.890] Vector3f[-67.5, 72.99998, 0.0]
[16:04:45.906] Vector3f[-67.5, 73.29998, 0.0]
[16:04:45.924] Vector3f[-67.5, 73.59998, 0.0]
[16:04:45.940] Vector3f[-67.5, 73.89999, 0.0]
[16:04:45.957] Vector3f[-67.5, 74.19999, 0.0]
[16:04:45.974] Vector3f[-67.5, 74.49999, 0.0]
[16:04:45.992] Vector3f[-67.5, 74.799995, 0.0]
[16:04:46.008] Vector3f[-67.5, 75.1, 0.0]
[16:04:46.025] Vector3f[-67.5, 75.4, 0.0]
[16:04:46.042] Vector3f[-67.5, 75.700005, 0.0]
[16:04:46.059] Vector3f[-67.5, 76.00001, 0.0]
[16:04:46.076] Vector3f[-67.5, 76.30001, 0.0]
[16:04:46.093] Vector3f[-67.5, 76.60001, 0.0]
[16:04:46.110] Vector3f[-67.5, 76.90002, 0.0]
[16:04:46.128] Vector3f[-67.5, 77.20002, 0.0]
[16:04:46.144] Vector3f[-67.5, 77.50002, 0.0]
[16:04:46.161] Vector3f[-67.5, 77.800026, 0.0]
[16:04:46.178] Vector3f[-67.5, 78.10003, 0.0]
[16:04:46.195] Vector3f[-67.5, 78.40003, 0.0]
[16:04:46.212] Vector3f[-67.5, 78.700035, 0.0]
[16:04:46.229] Vector3f[-67.5, 79.00004, 0.0]
[16:04:46.246] Vector3f[-67.5, 79.30004, 0.0]
[16:04:46.263] Vector3f[-67.5, 79.600044, 0.0]
[16:04:46.280] Vector3f[-67.5, 79.90005, 0.0]
[16:04:46.297] Vector3f[-67.5, 80.20005, 0.0]
[16:04:46.314] Vector3f[-67.5, 80.50005, 0.0]
[16:04:46.332] Vector3f[-67.5, 80.80006, 0.0]
[16:04:46.349] Vector3f[-67.5, 81.10006, 0.0]
[16:04:46.365] Vector3f[-67.5, 81.40006, 0.0]
[16:04:46.382] Vector3f[-67.5, 81.700066, 0.0]
[16:04:46.399] Vector3f[-67.5, 82.00007, 0.0]
[16:04:46.416] Vector3f[-67.5, 82.30007, 0.0]
[16:04:46.433] Vector3f[-67.5, 82.600075, 0.0]
[16:04:46.450] Vector3f[-67.5, 82.90008, 0.0]
[16:04:46.467] Vector3f[-67.5, 83.20008, 0.0]
[16:04:46.484] Vector3f[-67.5, 83.500084, 0.0]
[16:04:46.501] Vector3f[-67.5, 83.80009, 0.0]
[16:04:46.518] Vector3f[-67.5, 84.10009, 0.0]
[16:04:46.535] Vector3f[-67.5, 84.40009, 0.0]
[16:04:46.552] Vector3f[-67.5, 84.700096, 0.0]
[16:04:46.569] Vector3f[-67.5, 85.0001, 0.0]
[16:04:46.586] Vector3f[-67.5, 85.3001, 0.0]
[16:04:46.603] Vector3f[-67.5, 85.600105, 0.0]
[16:04:46.620] Vector3f[-67.5, 85.90011, 0.0]
[16:04:46.638] Vector3f[-67.5, 86.20011, 0.0]
[16:04:46.654] Vector3f[-67.5, 86.500114, 0.0]
[16:04:46.672] Vector3f[-67.5, 86.80012, 0.0]
[16:04:46.688] Vector3f[-67.5, 87.10012, 0.0]
[16:04:46.705] Vector3f[-67.5, 87.40012, 0.0]
[16:04:46.723] Vector3f[-67.5, 87.70013, 0.0]
[16:04:46.739] Vector3f[-67.5, 88.00013, 0.0]
[16:04:46.756] Vector3f[-67.5, 88.30013, 0.0]
[16:04:46.773] Vector3f[-67.5, 88.600136, 0.0]
[16:04:46.790] Vector3f[-67.5, 88.90014, 0.0]
[16:04:46.808] Vector3f[-67.5, 89.20014, 0.0]
[16:04:46.824] Vector3f[-67.5, 89.500145, 0.0]
[16:04:46.841] Vector3f[-67.5, 89.80015, 0.0]
[16:04:46.858] Vector3f[-67.5, 90.10015, 0.0]
[16:04:46.875] Vector3f[-67.5, 90.400154, 0.0]
[16:04:46.893] Vector3f[-67.5, 90.70016, 0.0]
[16:04:46.909] Vector3f[-67.5, 91.00016, 0.0]
[16:04:46.926] Vector3f[-67.5, 91.30016, 0.0]
[16:04:46.944] Vector3f[-67.5, 91.60017, 0.0]
[16:04:46.961] Vector3f[-67.5, 91.90017, 0.0]
[16:04:46.977] Vector3f[-67.5, 92.20017, 0.0]
[16:04:46.994] Vector3f[-67.5, 92.500175, 0.0]
[16:04:47.011] Vector3f[-67.5, 92.80018, 0.0]
[16:04:47.029] Vector3f[-67.5, 93.10018, 0.0]
[16:04:47.046] Vector3f[-67.5, 93.400185, 0.0]
[16:04:47.062] Vector3f[-67.5, 93.70019, 0.0]
[16:04:47.079] Vector3f[-67.5, 94.00019, 0.0]
[16:04:47.096] Vector3f[-67.5, 94.30019, 0.0]
[16:04:47.113] Vector3f[-67.5, 94.6002, 0.0]
[16:04:47.131] Vector3f[-67.5, 94.9002, 0.0]
[16:04:47.147] Vector3f[-67.5, 95.2002, 0.0]
[16:04:47.164] Vector3f[-67.5, 95.500206, 0.0]
[16:04:47.182] Vector3f[-67.5, 95.80021, 0.0]
[16:04:47.198] Vector3f[-67.5, 96.10021, 0.0]
[16:04:47.215] Vector3f[-67.5, 96.400215, 0.0]
[16:04:47.232] Vector3f[-67.5, 96.70022, 0.0]
[16:04:47.249] Vector3f[-67.5, 97.00022, 0.0]
[16:04:47.266] Vector3f[-67.5, 97.300224, 0.0]
[16:04:47.284] Vector3f[-67.5, 97.60023, 0.0]
[16:04:47.301] Vector3f[-67.5, 97.90023, 0.0]
[16:04:47.317] Vector3f[-67.5, 98.20023, 0.0]
[16:04:47.335] Vector3f[-67.5, 98.50024, 0.0]
[16:04:47.352] Vector3f[-67.5, 98.80024, 0.0]
[16:04:47.368] Vector3f[-67.5, 99.10024, 0.0]
[16:04:47.385] Vector3f[-67.5, 99.400246, 0.0]
[16:04:47.403] Vector3f[-67.5, 99.70025, 0.0]
[16:04:47.419] Vector3f[-67.5, 100.00025, 0.0]
[16:04:47.436] Vector3f[-67.5, 100.300255, 0.0]
[16:04:47.454] Vector3f[-67.5, 100.60026, 0.0]
[16:04:47.471] Vector3f[-67.5, 100.90026, 0.0]
[16:04:47.487] Vector3f[-67.5, 101.200264, 0.0]
[16:04:47.504] Vector3f[-67.5, 101.50027, 0.0]
[16:04:47.521] Vector3f[-67.5, 101.80027, 0.0]
[16:04:47.538] Vector3f[-67.5, 102.10027, 0.0]
[16:04:47.556] Vector3f[-67.5, 102.400276, 0.0]
[16:04:47.572] Vector3f[-67.5, 102.70028, 0.0]
[16:04:47.590] Vector3f[-67.5, 103.00028, 0.0]
[16:04:47.605] Vector3f[-67.5, 103.300285, 0.0]
[16:04:47.623] Vector3f[-67.5, 103.60029, 0.0]
[16:04:47.640] Vector3f[-67.5, 103.90029, 0.0]
[16:04:47.658] Vector3f[-67.5, 104.200294, 0.0]
[16:04:47.675] Vector3f[-67.5, 104.5003, 0.0]
[16:04:47.692] Vector3f[-67.5, 104.8003, 0.0]
[16:04:47.709] Vector3f[-67.5, 105.1003, 0.0]
[16:04:47.726] Vector3f[-67.5, 105.40031, 0.0]
[16:04:47.743] Vector3f[-67.5, 105.70031, 0.0]
[16:04:47.760] Vector3f[-67.5, 106.00031, 0.0]
[16:04:47.776] Vector3f[-67.5, 106.300316, 0.0]
[16:04:47.794] Vector3f[-67.5, 106.60032, 0.0]
[16:04:47.810] Vector3f[-67.5, 106.90032, 0.0]
[16:04:47.827] Vector3f[-67.5, 107.200325, 0.0]
[16:04:47.846] Vector3f[-67.5, 107.50033, 0.0]
[16:04:47.861] Vector3f[-67.5, 107.80033, 0.0]
[16:04:47.878] Vector3f[-67.5, 108.100334, 0.0]
[16:04:47.895] Vector3f[-67.5, 108.40034, 0.0]
[16:04:47.913] Vector3f[-67.5, 108.70034, 0.0]
[16:04:47.929] Vector3f[-67.5, 109.00034, 0.0]
[16:04:47.946] Vector3f[-67.5, 109.30035, 0.0]
[16:04:47.963] Vector3f[-67.5, 109.60035, 0.0]
[16:04:47.981] Vector3f[-67.5, 109.90035, 0.0]
[16:04:47.998] Vector3f[-67.5, 110.200356, 0.0]
[16:04:48.014] Vector3f[-67.5, 110.50036, 0.0]
[16:04:48.031] Vector3f[-67.5, 110.80036, 0.0]
[16:04:48.048] Vector3f[-67.5, 111.100365, 0.0]
[16:04:48.065] Vector3f[-67.5, 111.40037, 0.0]
[16:04:48.083] Vector3f[-67.5, 111.70037, 0.0]
[16:04:48.099] Vector3f[-67.5, 112.000374, 0.0]
[16:04:48.116] Vector3f[-67.5, 112.30038, 0.0]
[16:04:48.134] Vector3f[-67.5, 112.60038, 0.0]
[16:04:48.150] Vector3f[-67.5, 112.90038, 0.0]
[16:04:48.168] Vector3f[-67.5, 113.200386, 0.0]
[16:04:48.185] Vector3f[-67.5, 113.50039, 0.0]
[16:04:48.202] Vector3f[-67.5, 113.80039, 0.0]
[16:04:48.218] Vector3f[-67.5, 114.100395, 0.0]
[16:04:48.235] Vector3f[-67.5, 114.4004, 0.0]
[16:04:48.252] Vector3f[-67.5, 114.7004, 0.0]
[16:04:48.270] Vector3f[-67.5, 115.000404, 0.0]
[16:04:48.286] Vector3f[-67.5, 115.30041, 0.0]
[16:04:48.304] Vector3f[-67.5, 115.60041, 0.0]
[16:04:48.320] Vector3f[-67.5, 115.90041, 0.0]
[16:04:48.338] Vector3f[-67.5, 116.20042, 0.0]
[16:04:48.355] Vector3f[-67.5, 116.50042, 0.0]
[16:04:48.372] Vector3f[-67.5, 116.80042, 0.0]
[16:04:48.388] Vector3f[-67.5, 117.100426, 0.0]
[16:04:48.406] Vector3f[-67.5, 117.40043, 0.0]
[16:04:48.423] Vector3f[-67.5, 117.70043, 0.0]
[16:04:48.440] Vector3f[-67.5, 118.000435, 0.0]
[16:04:48.456] Vector3f[-67.5, 118.30044, 0.0]
[16:04:48.474] Vector3f[-67.5, 118.60044, 0.0]
[16:04:48.490] Vector3f[-67.5, 118.900444, 0.0]
[16:04:48.507] Vector3f[-67.5, 119.20045, 0.0]
[16:04:48.525] Vector3f[-67.5, 119.50045, 0.0]
[16:04:48.541] Vector3f[-67.5, 119.80045, 0.0]
[16:04:48.558] Vector3f[-67.5, 120.10046, 0.0]
[16:04:48.574] Vector3f[-67.5, 120.40046, 0.0]
[16:04:48.592] Vector3f[-67.5, 120.70046, 0.0]
[16:04:48.609] Vector3f[-67.5, 121.000465, 0.0]
[16:04:48.627] Vector3f[-67.5, 121.30047, 0.0]
[16:04:48.643] Vector3f[-67.5, 121.60047, 0.0]
[16:04:48.661] Vector3f[-67.5, 121.900475, 0.0]
[16:04:48.678] Vector3f[-67.5, 122.20048, 0.0]
[16:04:48.694] Vector3f[-67.5, 122.50048, 0.0]
[16:04:48.711] Vector3f[-67.5, 122.80048, 0.0]
[16:04:48.727] Vector3f[-67.5, 123.10049, 0.0]
[16:04:48.746] Vector3f[-67.5, 123.40049, 0.0]
[16:04:48.762] Vector3f[-67.5, 123.70049, 0.0]
[16:04:48.779] Vector3f[-67.5, 124.000496, 0.0]
[16:04:48.796] Vector3f[-67.5, 124.3005, 0.0]
[16:04:48.813] Vector3f[-67.5, 124.6005, 0.0]
[16:04:48.831] Vector3f[-67.5, 124.900505, 0.0]
[16:04:48.848] Vector3f[-67.5, 125.20051, 0.0]
[16:04:48.864] Vector3f[-67.5, 125.50051, 0.0]
[16:04:48.881] Vector3f[-67.5, 125.800514, 0.0]
[16:04:48.898] Vector3f[-67.5, 126.10052, 0.0]
[16:04:48.915] Vector3f[-67.5, 126.40052, 0.0]
[16:04:48.933] Vector3f[-67.5, 126.70052, 0.0]
[16:04:48.950] Vector3f[-67.5, 127.00053, 0.0]
[16:04:48.966] Vector3f[-67.5, 127.30053, 0.0]
[16:04:48.984] Vector3f[-67.5, 127.60053, 0.0]
[16:04:49.001] Vector3f[-67.5, 127.900536, 0.0]
[16:04:49.018] Vector3f[-67.5, 128.20053, 0.0]
[16:04:49.034] Vector3f[-67.5, 128.50053, 0.0]
[16:04:49.051] Vector3f[-67.5, 128.80054, 0.0]
[16:04:49.068] Vector3f[-67.5, 129.10054, 0.0]
[16:04:49.086] Vector3f[-67.5, 129.40054, 0.0]
[16:04:49.102] Vector3f[-67.5, 129.70055, 0.0]
[16:04:49.119] Vector3f[-67.5, 130.00055, 0.0]
[16:04:49.136] Vector3f[-67.5, 130.30055, 0.0]
[16:04:49.153] Vector3f[-67.5, 130.60056, 0.0]
[16:04:49.170] Vector3f[-67.5, 130.90056, 0.0]
[16:04:49.188] Vector3f[-67.5, 131.20056, 0.0]
[16:04:49.204] Vector3f[-67.5, 131.50056, 0.0]
[16:04:49.221] Vector3f[-67.5, 131.80057, 0.0]
[16:04:49.238] Vector3f[-67.5, 132.10057, 0.0]
[16:04:49.255] Vector3f[-67.5, 132.40057, 0.0]
[16:04:49.272] Vector3f[-67.5, 132.70058, 0.0]
[16:04:49.289] Vector3f[-67.5, 133.00058, 0.0]
[16:04:49.307] Vector3f[-67.5, 133.30058, 0.0]
[16:04:49.325] Vector3f[-67.5, 133.60059, 0.0]
[16:04:49.341] Vector3f[-67.5, 133.90059, 0.0]
[16:04:49.357] Vector3f[-67.5, 134.20059, 0.0]
[16:04:49.375] Vector3f[-67.5, 134.5006, 0.0]
[16:04:49.391] Vector3f[-67.5, 134.8006, 0.0]
[16:04:49.408] Vector3f[-67.5, 135.1006, 0.0]
[16:04:49.425] Vector3f[-67.5, 135.4006, 0.0]
[16:04:49.443] Vector3f[-67.5, 135.7006, 0.0]
[16:04:49.459] Vector3f[-67.5, 136.00061, 0.0]
[16:04:49.476] Vector3f[-67.5, 136.30061, 0.0]
[16:04:49.492] Vector3f[-67.5, 136.60062, 0.0]
[16:04:49.510] Vector3f[-67.5, 136.90062, 0.0]
[16:04:49.527] Vector3f[-67.5, 137.20062, 0.0]
[16:04:49.543] Vector3f[-67.5, 137.50063, 0.0]
[16:04:49.561] Vector3f[-67.5, 137.80063, 0.0]
[16:04:49.578] Vector3f[-67.5, 138.10063, 0.0]
[16:04:49.594] Vector3f[-67.5, 138.40063, 0.0]
[16:04:49.612] Vector3f[-67.5, 138.70064, 0.0]
[16:04:49.629] Vector3f[-67.5, 139.00064, 0.0]
[16:04:49.646] Vector3f[-67.5, 139.30064, 0.0]
[16:04:49.664] Vector3f[-67.5, 139.60065, 0.0]
[16:04:49.680] Vector3f[-67.5, 139.90065, 0.0]
[16:04:49.698] Vector3f[-67.5, 140.20065, 0.0]
[16:04:49.715] Vector3f[-67.5, 140.50066, 0.0]
[16:04:49.731] Vector3f[-67.5, 140.80066, 0.0]
[16:04:49.749] Vector3f[-67.5, 141.10066, 0.0]
[16:04:49.766] Vector3f[-67.5, 141.40067, 0.0]
[16:04:49.783] Vector3f[-67.5, 141.70067, 0.0]
[16:04:49.799] Vector3f[-67.5, 142.00067, 0.0]
[16:04:49.816] Vector3f[-67.5, 142.30067, 0.0]
[16:04:49.833] Vector3f[-67.5, 142.60068, 0.0]
[16:04:49.850] Vector3f[-67.5, 142.90068, 0.0]
[16:04:49.867] Vector3f[-67.5, 143.20068, 0.0]
[16:04:49.885] Vector3f[-67.5, 143.50069, 0.0]
[16:04:49.901] Vector3f[-67.5, 143.80069, 0.0]
[16:04:49.918] Vector3f[-67.5, 144.1007, 0.0]
[16:04:49.935] Vector3f[-67.5, 144.4007, 0.0]
[16:04:49.953] Vector3f[-67.5, 144.7007, 0.0]
[16:04:49.969] Vector3f[-67.5, 145.0007, 0.0]
[16:04:49.987] Vector3f[-67.5, 145.3007, 0.0]
[16:04:50.003] Vector3f[-67.5, 145.60071, 0.0]
[16:04:50.020] Vector3f[-67.5, 145.90071, 0.0]
[16:04:50.037] Vector3f[-67.5, 146.20071, 0.0]
[16:04:50.054] Vector3f[-67.5, 146.50072, 0.0]
[16:04:50.072] Vector3f[-67.5, 146.80072, 0.0]
[16:04:50.088] Vector3f[-67.5, 147.10072, 0.0]
[16:04:50.105] Vector3f[-67.5, 147.40073, 0.0]
[16:04:50.122] Vector3f[-67.5, 147.70073, 0.0]
[16:04:50.139] Vector3f[-67.5, 148.00073, 0.0]
[16:04:50.157] Vector3f[-67.5, 148.30074, 0.0]
[16:04:50.173] Vector3f[-67.5, 148.60074, 0.0]
[16:04:50.191] Vector3f[-67.5, 148.90074, 0.0]
[16:04:50.207] Vector3f[-67.5, 149.20074, 0.0]
[16:04:50.224] Vector3f[-67.5, 149.50075, 0.0]
[16:04:50.241] Vector3f[-67.5, 149.80075, 0.0]
[16:04:50.258] Vector3f[-67.5, 150.10075, 0.0]
[16:04:50.275] Vector3f[-67.5, 150.40076, 0.0]
[16:04:50.292] Vector3f[-67.5, 150.70076, 0.0]
[16:04:50.309] Vector3f[-67.5, 151.00076, 0.0]
[16:04:50.326] Vector3f[-67.5, 151.30077, 0.0]
[16:04:50.344] Vector3f[-67.5, 151.60077, 0.0]
[16:04:50.360] Vector3f[-67.5, 151.90077, 0.0]
[16:04:50.378] Vector3f[-67.5, 152.20078, 0.0]
[16:04:50.394] Vector3f[-67.5, 152.50078, 0.0]
[16:04:50.412] Vector3f[-67.5, 152.80078, 0.0]
[16:04:50.428] Vector3f[-67.5, 153.10078, 0.0]
[16:04:50.446] Vector3f[-67.5, 153.40079, 0.0]
[16:04:50.462] Vector3f[-67.5, 153.70079, 0.0]
[16:04:50.480] Vector3f[-67.5, 154.0008, 0.0]
[16:04:50.497] Vector3f[-67.5, 154.3008, 0.0]
[16:04:50.513] Vector3f[-67.5, 154.6008, 0.0]
[16:04:50.530] Vector3f[-67.5, 154.9008, 0.0]
[16:04:50.547] Vector3f[-67.5, 155.2008, 0.0]
[16:04:50.564] Vector3f[-67.5, 155.50081, 0.0]
[16:04:50.581] Vector3f[-67.5, 155.80081, 0.0]
[16:04:50.598] Vector3f[-67.5, 156.10081, 0.0]
[16:04:50.616] Vector3f[-67.5, 156.40082, 0.0]
[16:04:50.632] Vector3f[-67.5, 156.70082, 0.0]
[16:04:50.649] Vector3f[-67.5, 157.00082, 0.0]
[16:04:50.666] Vector3f[-67.5, 157.30083, 0.0]
[16:04:50.684] Vector3f[-67.5, 157.60083, 0.0]
[16:04:50.701] Vector3f[-67.5, 157.90083, 0.0]
[16:04:50.717] Vector3f[-67.5, 158.20084, 0.0]
[16:04:50.734] Vector3f[-67.5, 158.50084, 0.0]
[16:04:50.752] Vector3f[-67.5, 158.80084, 0.0]
[16:04:50.768] Vector3f[-67.5, 159.10085, 0.0]
[16:04:50.785] Vector3f[-67.5, 159.40085, 0.0]
[16:04:50.803] Vector3f[-67.5, 159.70085, 0.0]
[16:04:50.819] Vector3f[-67.5, 160.00085, 0.0]
[16:04:50.836] Vector3f[-67.5, 160.30086, 0.0]
[16:04:50.854] Vector3f[-67.5, 160.60086, 0.0]
[16:04:50.870] Vector3f[-67.5, 160.90086, 0.0]
[16:04:50.887] Vector3f[-67.5, 161.20087, 0.0]
[16:04:50.904] Vector3f[-67.5, 161.50087, 0.0]
[16:04:50.922] Vector3f[-67.5, 161.80087, 0.0]
[16:04:50.938] Vector3f[-67.5, 162.10088, 0.0]
[16:04:50.956] Vector3f[-67.5, 162.40088, 0.0]
[16:04:50.972] Vector3f[-67.5, 162.70088, 0.0]
[16:04:50.989] Vector3f[-67.5, 163.00089, 0.0]
[16:04:51.007] Vector3f[-67.5, 163.30089, 0.0]
[16:04:51.024] Vector3f[-67.5, 163.60089, 0.0]
[16:04:51.040] Vector3f[-67.5, 163.9009, 0.0]
[16:04:51.057] Vector3f[-67.5, 164.2009, 0.0]
[16:04:51.075] Vector3f[-67.5, 164.5009, 0.0]
[16:04:51.092] Vector3f[-67.5, 164.8009, 0.0]
[16:04:51.108] Vector3f[-67.5, 165.1009, 0.0]
[16:04:51.125] Vector3f[-67.5, 165.40091, 0.0]
[16:04:51.142] Vector3f[-67.5, 165.70091, 0.0]
[16:04:51.159] Vector3f[-67.5, 166.00092, 0.0]
[16:04:51.176] Vector3f[-67.5, 166.30092, 0.0]
[16:04:51.193] Vector3f[-67.5, 166.60092, 0.0]
[16:04:51.209] Vector3f[-67.5, 166.90092, 0.0]
[16:04:51.227] Vector3f[-67.5, 167.20093, 0.0]
[16:04:51.245] Vector3f[-67.5, 167.50093, 0.0]
[16:04:51.261] Vector3f[-67.5, 167.80093, 0.0]
[16:04:51.278] Vector3f[-67.5, 168.10094, 0.0]
[16:04:51.295] Vector3f[-67.5, 168.40094, 0.0]
[16:04:51.313] Vector3f[-67.5, 168.70094, 0.0]
[16:04:51.329] Vector3f[-67.5, 169.00095, 0.0]
[16:04:51.346] Vector3f[-67.5, 169.30095, 0.0]
[16:04:51.364] Vector3f[-67.5, 169.60095, 0.0]
[16:04:51.380] Vector3f[-67.5, 169.90096, 0.0]
[16:04:51.397] Vector3f[-67.5, 170.20096, 0.0]
[16:04:51.415] Vector3f[-67.5, 170.50096, 0.0]
[16:04:51.431] Vector3f[-67.5, 170.80096, 0.0]
[16:04:51.448] Vector3f[-67.5, 171.10097, 0.0]
[16:04:51.466] Vector3f[-67.5, 171.40097, 0.0]
[16:04:51.482] Vector3f[-67.5, 171.70097, 0.0]
[16:04:51.499] Vector3f[-67.5, 172.00098, 0.0]
[16:04:51.516] Vector3f[-67.5, 172.30098, 0.0]
[16:04:51.533] Vector3f[-67.5, 172.60098, 0.0]
[16:04:51.550] Vector3f[-67.5, 172.90099, 0.0]
[16:04:51.568] Vector3f[-67.5, 173.20099, 0.0]
[16:04:51.585] Vector3f[-67.5, 173.50099, 0.0]
[16:04:51.601] Vector3f[-67.5, 173.801, 0.0]
[16:04:51.618] Vector3f[-67.5, 174.101, 0.0]
[16:04:51.635] Vector3f[-67.5, 174.401, 0.0]
[16:04:51.653] Vector3f[-67.5, 174.701, 0.0]
[16:04:51.669] Vector3f[-67.5, 175.001, 0.0]
[16:04:51.687] Vector3f[-67.5, 175.30101, 0.0]
[16:04:51.703] Vector3f[-67.5, 175.60101, 0.0]
[16:04:51.720] Vector3f[-67.5, 175.90102, 0.0]
[16:04:51.737] Vector3f[-67.5, 176.20102, 0.0]
[16:04:51.754] Vector3f[-67.5, 176.50102, 0.0]
[16:04:51.771] Vector3f[-67.5, 176.80103, 0.0]
[16:04:51.788] Vector3f[-67.5, 177.10103, 0.0]
[16:04:51.805] Vector3f[-67.5, 177.40103, 0.0]
[16:04:51.822] Vector3f[-67.5, 177.70103, 0.0]
[16:04:51.839] Vector3f[-67.5, 178.00104, 0.0]
[16:04:51.856] Vector3f[-67.5, 178.30104, 0.0]
[16:04:51.874] Vector3f[-67.5, 178.60104, 0.0]
[16:04:51.890] Vector3f[-67.5, 178.90105, 0.0]
[16:04:51.907] Vector3f[-67.5, 179.20105, 0.0]
[16:04:51.924] Vector3f[-67.5, 179.50105, 0.0]
[16:04:51.941] Vector3f[-67.5, 179.80106, 0.0]
[16:04:51.958] Vector3f[-67.5, 180.10106, 0.0]
[16:04:51.975] Vector3f[-67.5, 180.40106, 0.0]
[16:04:51.992] Vector3f[-67.5, 180.70107, 0.0]
[16:04:52.010] Vector3f[-67.5, 181.00107, 0.0]
[16:04:52.026] Vector3f[-67.5, 181.30107, 0.0]
[16:04:52.043] Vector3f[-67.5, 181.60107, 0.0]
[16:04:52.061] Vector3f[-67.5, 181.90108, 0.0]
[16:04:52.077] Vector3f[-67.5, 182.20108, 0.0]
[16:04:52.095] Vector3f[-67.5, 182.50108, 0.0]
[16:04:52.111] Vector3f[-67.5, 182.80109, 0.0]
[16:04:52.128] Vector3f[-67.5, 183.10109, 0.0]
[16:04:52.145] Vector3f[-67.5, 183.4011, 0.0]
[16:04:52.163] Vector3f[-67.5, 183.7011, 0.0]
[16:04:52.180] Vector3f[-67.5, 184.0011, 0.0]
[16:04:52.195] Vector3f[-67.5, 184.3011, 0.0]
[16:04:52.213] Vector3f[-67.5, 184.6011, 0.0]
[16:04:52.230] Vector3f[-67.5, 184.90111, 0.0]
[16:04:52.246] Vector3f[-67.5, 185.20111, 0.0]
[16:04:52.265] Vector3f[-67.5, 185.50111, 0.0]
[16:04:52.281] Vector3f[-67.5, 185.80112, 0.0]
[16:04:52.298] Vector3f[-67.5, 186.10112, 0.0]
[16:04:52.315] Vector3f[-67.5, 186.40112, 0.0]
[16:04:52.333] Vector3f[-67.5, 186.70113, 0.0]
[16:04:52.349] Vector3f[-67.5, 187.00113, 0.0]
[16:04:52.366] Vector3f[-67.5, 187.30113, 0.0]
[16:04:52.383] Vector3f[-67.5, 187.60114, 0.0]
[16:04:52.401] Vector3f[-67.5, 187.90114, 0.0]
[16:04:52.417] Vector3f[-67.5, 188.20114, 0.0]
[16:04:52.434] Vector3f[-67.5, 188.50114, 0.0]
[16:04:52.452] Vector3f[-67.5, 188.80115, 0.0]
[16:04:52.469] Vector3f[-67.5, 189.10115, 0.0]
[16:04:52.485] Vector3f[-67.5, 189.40115, 0.0]
[16:04:52.502] Vector3f[-67.5, 189.70116, 0.0]
[16:04:52.519] Vector3f[-67.5, 190.00116, 0.0]
[16:04:52.537] Vector3f[-67.5, 190.30116, 0.0]
[16:04:52.553] Vector3f[-67.5, 190.60117, 0.0]
[16:04:52.570] Vector3f[-67.5, 190.90117, 0.0]
[16:04:52.587] Vector3f[-67.5, 191.20117, 0.0]
[16:04:52.604] Vector3f[-67.5, 191.50117, 0.0]
[16:04:52.621] Vector3f[-67.5, 191.80118, 0.0]
[16:04:52.638] Vector3f[-67.5, 192.10118, 0.0]
[16:04:52.655] Vector3f[-67.5, 192.40118, 0.0]
[16:04:52.673] Vector3f[-67.5, 192.70119, 0.0]
[16:04:52.690] Vector3f[-67.5, 193.00119, 0.0]
[16:04:52.707] Vector3f[-67.5, 193.3012, 0.0]
[16:04:52.724] Vector3f[-67.5, 193.6012, 0.0]
[16:04:52.740] Vector3f[-67.5, 193.9012, 0.0]
[16:04:52.758] Vector3f[-67.5, 194.2012, 0.0]
[16:04:52.774] Vector3f[-67.5, 194.5012, 0.0]
[16:04:52.791] Vector3f[-67.5, 194.80121, 0.0]
[16:04:52.808] Vector3f[-67.5, 195.10121, 0.0]
[16:04:52.887] Vector3f[-67.5, 195.40121, 0.0]
[16:04:52.887] Vector3f[-67.5, 195.70122, 0.0]
[16:04:52.887] Vector3f[-67.5, 196.00122, 0.0]
[16:04:52.887] Vector3f[-67.5, 196.30122, 0.0]
[16:04:52.893] Vector3f[-67.5, 196.60123, 0.0]
[16:04:52.911] Vector3f[-67.5, 196.90123, 0.0]
[16:04:52.927] Vector3f[-67.5, 197.20123, 0.0]
[16:04:52.944] Vector3f[-67.5, 197.50124, 0.0]
[16:04:52.961] Vector3f[-67.5, 197.80124, 0.0]
[16:04:52.979] Vector3f[-67.5, 198.10124, 0.0]
[16:04:52.996] Vector3f[-67.5, 198.40125, 0.0]
[16:04:53.013] Vector3f[-67.5, 198.70125, 0.0]
[16:04:53.030] Vector3f[-67.5, 199.00125, 0.0]
[16:04:53.047] Vector3f[-67.5, 199.30125, 0.0]
[16:04:53.063] Vector3f[-67.5, 199.60126, 0.0]
[16:04:53.080] Vector3f[-67.5, 199.90126, 0.0]
[16:04:53.098] Vector3f[-67.5, 200.20126, 0.0]
[16:04:53.114] Vector3f[-67.5, 200.50127, 0.0]
[16:04:53.131] Vector3f[-67.5, 200.80127, 0.0]
[16:04:53.148] Vector3f[-67.5, 201.10127, 0.0]
[16:04:53.165] Vector3f[-67.5, 201.40128, 0.0]
[16:04:53.182] Vector3f[-67.5, 201.70128, 0.0]
[16:04:53.199] Vector3f[-67.5, 202.00128, 0.0]
[16:04:53.217] Vector3f[-67.5, 202.30128, 0.0]
[16:04:53.233] Vector3f[-67.5, 202.60129, 0.0]
[16:04:53.251] Vector3f[-67.5, 202.90129, 0.0]
[16:04:53.267] Vector3f[-67.5, 203.2013, 0.0]
[16:04:53.284] Vector3f[-67.5, 203.5013, 0.0]
[16:04:53.302] Vector3f[-67.5, 203.8013, 0.0]
[16:04:53.318] Vector3f[-67.5, 204.1013, 0.0]
[16:04:53.336] Vector3f[-67.5, 204.4013, 0.0]
[16:04:53.352] Vector3f[-67.5, 204.70131, 0.0]
[16:04:53.369] Vector3f[-67.5, 205.00131, 0.0]
[16:04:53.386] Vector3f[-67.5, 205.30132, 0.0]
[16:04:53.404] Vector3f[-67.5, 205.60132, 0.0]
[16:04:53.420] Vector3f[-67.5, 205.90132, 0.0]
[16:04:53.437] Vector3f[-67.5, 206.20132, 0.0]
[16:04:53.454] Vector3f[-67.5, 206.50133, 0.0]
[16:04:53.472] Vector3f[-67.5, 206.80133, 0.0]
[16:04:53.489] Vector3f[-67.5, 207.10133, 0.0]
[16:04:53.505] Vector3f[-67.5, 207.40134, 0.0]
[16:04:53.522] Vector3f[-67.5, 207.70134, 0.0]
[16:04:53.539] Vector3f[-67.5, 208.00134, 0.0]
[16:04:53.557] Vector3f[-67.5, 208.30135, 0.0]
[16:04:53.573] Vector3f[-67.5, 208.60135, 0.0]
[16:04:53.590] Vector3f[-67.5, 208.90135, 0.0]
[16:04:53.607] Vector3f[-67.5, 209.20135, 0.0]
[16:04:53.624] Vector3f[-67.5, 209.50136, 0.0]
[16:04:53.641] Vector3f[-67.5, 209.80136, 0.0]
[16:04:53.658] Vector3f[-67.5, 210.10136, 0.0]
[16:04:53.675] Vector3f[-67.5, 210.40137, 0.0]
[16:04:53.692] Vector3f[-67.5, 210.70137, 0.0]
[16:04:53.709] Vector3f[-67.5, 211.00137, 0.0]
[16:04:53.726] Vector3f[-67.5, 211.30138, 0.0]
[16:04:53.743] Vector3f[-67.5, 211.60138, 0.0]
[16:04:53.761] Vector3f[-67.5, 211.90138, 0.0]
[16:04:53.777] Vector3f[-67.5, 212.20139, 0.0]
[16:04:53.794] Vector3f[-67.5, 212.50139, 0.0]
[16:04:53.811] Vector3f[-67.5, 212.80139, 0.0]
[16:04:53.829] Vector3f[-67.5, 213.1014, 0.0]
[16:04:53.846] Vector3f[-67.5, 213.4014, 0.0]
[16:04:53.863] Vector3f[-67.5, 213.7014, 0.0]
[16:04:53.879] Vector3f[-67.5, 214.0014, 0.0]
[16:04:53.897] Vector3f[-67.5, 214.3014, 0.0]
[16:04:53.913] Vector3f[-67.5, 214.60141, 0.0]
[16:04:53.930] Vector3f[-67.5, 214.90141, 0.0]
[16:04:53.947] Vector3f[-67.5, 215.20142, 0.0]
[16:04:53.965] Vector3f[-67.5, 215.50142, 0.0]
[16:04:53.981] Vector3f[-67.5, 215.80142, 0.0]
[16:04:53.999] Vector3f[-67.5, 216.10143, 0.0]
[16:04:54.015] Vector3f[-67.5, 216.40143, 0.0]
[16:04:54.032] Vector3f[-67.5, 216.70143, 0.0]
[16:04:54.049] Vector3f[-67.5, 217.00143, 0.0]
[16:04:54.066] Vector3f[-67.5, 217.30144, 0.0]
[16:04:54.083] Vector3f[-67.5, 217.60144, 0.0]
[16:04:54.100] Vector3f[-67.5, 217.90144, 0.0]
[16:04:54.117] Vector3f[-67.5, 218.20145, 0.0]
[16:04:54.134] Vector3f[-67.5, 218.50145, 0.0]
[16:04:54.152] Vector3f[-67.5, 218.80145, 0.0]
[16:04:54.168] Vector3f[-67.5, 219.10146, 0.0]
[16:04:54.185] Vector3f[-67.5, 219.40146, 0.0]
[16:04:54.202] Vector3f[-67.5, 219.70146, 0.0]
[16:04:54.219] Vector3f[-67.5, 220.00146, 0.0]
[16:04:54.237] Vector3f[-67.5, 220.30147, 0.0]
[16:04:54.254] Vector3f[-67.5, 220.60147, 0.0]
[16:04:54.270] Vector3f[-67.5, 220.90147, 0.0]
[16:04:54.287] Vector3f[-67.5, 221.20148, 0.0]
[16:04:54.304] Vector3f[-67.5, 221.50148, 0.0]
[16:04:54.322] Vector3f[-67.5, 221.80148, 0.0]
[16:04:54.338] Vector3f[-67.5, 222.10149, 0.0]
[16:04:54.356] Vector3f[-67.5, 222.40149, 0.0]
