[16:07:56.624] Created Window
[16:07:56.659] Setup Shaders
[16:07:57.305] Setup Player
[16:07:57.856] Setup Scene Graph
[16:07:57.865] Entering Render Loop
[16:07:57.865] Vector3f[-67.5, 5.0, 0.0]
[16:07:57.881] Vector3f[-67.5, 4.99, 0.0]
[16:07:57.898] Vector3f[-67.5, 4.97, 0.0]
[16:07:57.915] Vector3f[-67.5, 4.9399996, 0.0]
[16:07:57.932] Vector3f[-67.5, 4.8999996, 0.0]
[16:07:57.949] Vector3f[-67.5, 4.8499994, 0.0]
[16:07:57.966] Vector3f[-67.5, 4.7899995, 0.0]
[16:07:57.983] Vector3f[-67.5, 4.7199993, 0.0]
[16:07:58] Vector3f[-67.5, 4.6399994, 0.0]
[16:07:58.017] Vector3f[-67.5, 4.549999, 0.0]
[16:07:58.034] Vector3f[-67.5, 4.4499993, 0.0]
[16:07:58.051] Vector3f[-67.5, 4.339999, 0.0]
[16:07:58.068] Vector3f[-67.5, 4.2199993, 0.0]
[16:07:58.086] Vector3f[-67.5, 4.089999, 0.0]
[16:07:58.102] Vector3f[-67.5, 3.949999, 0.0]
[16:07:58.120] Vector3f[-67.5, 3.799999, 0.0]
[16:07:58.136] Vector3f[-67.5, 3.639999, 0.0]
[16:07:58.153] Vector3f[-67.5, 3.4699988, 0.0]
[16:07:58.170] Vector3f[-67.5, 3.2899988, 0.0]
[16:07:58.187] Vector3f[-67.5, 3.0999987, 0.0]
[16:07:58.204] Vector3f[-67.5, 2.8999987, 0.0]
[16:07:58.221] Vector3f[-67.5, 2.6899986, 0.0]
[16:07:58.238] Vector3f[-67.5, 2.4699986, 0.0]
[16:07:58.255] Vector3f[-67.5, 2.2399986, 0.0]
[16:07:58.272] Vector3f[-67.5, 1.9999986, 0.0]
[16:07:58.289] Vector3f[-67.5, 1.7499986, 0.0]
[16:07:58.306] Vector3f[-67.5, 1.4899986, 0.0]
[16:07:58.324] Vector3f[-67.5, 1.2199986, 0.0]
[16:07:58.340] Vector3f[-67.5, 0.93999857, 0.0]
[16:07:58.357] Vector3f[-67.5, 0.64999855, 0.0]
[16:07:58.374] Vector3f[-67.5, 0.34999853, 0.0]
[16:07:58.391] Vector3f[-67.5, 0.03999853, 0.0]
[16:07:58.408] Vector3f[-67.5, -0.28000146, 0.0]
[16:07:58.425] Vector3f[-67.5, -0.61000144, 0.0]
[16:07:58.442] Vector3f[-67.5, -0.9500014, 0.0]
[16:07:58.459] Vector3f[-67.5, -1.3000014, 0.0]
[16:07:58.476] Vector3f[-67.5, -1.6600013, 0.0]
[16:07:58.494] Vector3f[-67.5, -2.0300012, 0.0]
[16:07:58.511] Vector3f[-67.5, -2.410001, 0.0]
[16:07:58.527] Vector3f[-67.5, -2.800001, 0.0]
[16:07:58.544] Vector3f[-67.5, -3.2000008, 0.0]
[16:07:58.561] Vector3f[-67.5, -3.6100006, 0.0]
[16:07:58.579] Vector3f[-67.5, -4.0300007, 0.0]
[16:07:58.595] Vector3f[-67.5, -4.4600005, 0.0]
[16:07:58.612] Vector3f[-67.5, -4.9000006, 0.0]
[16:07:58.629] Vector3f[-67.5, -5.3500004, 0.0]
[16:07:58.646] Vector3f[-67.5, -5.8100004, 0.0]
[16:07:58.663] Vector3f[-67.5, -6.28, 0.0]
[16:07:58.680] Vector3f[-67.5, -6.76, 0.0]
[16:07:58.697] Vector3f[-67.5, -7.25, 0.0]
[16:07:58.714] Vector3f[-67.5, -7.75, 0.0]
[16:07:58.733] Vector3f[-67.5, -8.26, 0.0]
[16:07:58.748] Vector3f[-67.5, -8.78, 0.0]
[16:07:58.766] Vector3f[-67.5, -9.309999, 0.0]
[16:07:58.782] Vector3f[-67.5, -9.849999, 0.0]
[16:07:58.800] Vector3f[-67.5, -10.4, 0.0]
[16:07:58.816] Vector3f[-67.5, -10.959999, 0.0]
[16:07:58.833] Vector3f[-67.5, -11.529999, 0.0]
[16:07:58.849] Vector3f[-67.5, -12.109999, 0.0]
[16:07:58.868] Vector3f[-67.5, -12.699999, 0.0]
[16:07:58.885] Vector3f[-67.5, -13.299998, 0.0]
[16:07:58.901] Vector3f[-67.5, -13.909998, 0.0]
[16:07:58.918] Vector3f[-67.5, -14.529998, 0.0]
[16:07:58.935] Vector3f[-67.5, -15.159998, 0.0]
[16:07:58.952] Vector3f[-67.5, -15.799997, 0.0]
[16:07:58.969] Vector3f[-67.5, -16.449997, 0.0]
[16:07:58.986] Vector3f[-67.5, -17.109997, 0.0]
[16:07:59.003] Vector3f[-67.5, -17.779997, 0.0]
[16:07:59.020] Vector3f[-67.5, -18.459997, 0.0]
[16:07:59.037] Vector3f[-67.5, -19.149998, 0.0]
[16:07:59.055] Vector3f[-67.5, -19.849997, 0.0]
[16:07:59.071] Vector3f[-67.5, -20.559996, 0.0]
[16:07:59.088] Vector3f[-67.5, -20.559996, 0.0]
[16:07:59.105] Vector3f[-67.5, -20.559996, 0.0]
[16:07:59.122] Vector3f[-67.5, -20.559996, 0.0]
[16:07:59.140] Vector3f[-67.5, -20.559996, 0.0]
[16:07:59.156] Vector3f[-67.5, -20.559996, 0.0]
[16:07:59.172] Vector3f[-67.5, -20.559996, 0.0]
[16:07:59.191] Vector3f[-67.5, -20.559996, 0.0]
[16:07:59.207] Vector3f[-67.5, -20.559996, 0.0]
[16:07:59.223] Vector3f[-67.5, -20.559996, 0.0]
[16:07:59.240] Vector3f[-67.5, -20.559996, 0.0]
[16:07:59.258] Vector3f[-67.5, -20.559996, 0.0]
[16:07:59.274] Vector3f[-67.5, -20.559996, 0.0]
[16:07:59.292] Vector3f[-67.5, -20.559996, 0.0]
[16:07:59.308] Vector3f[-67.5, -20.559996, 0.0]
[16:07:59.325] Vector3f[-67.5, -20.559996, 0.0]
[16:07:59.342] Vector3f[-67.5, -20.559996, 0.0]
[16:07:59.361] Vector3f[-67.5, -20.559996, 0.0]
[16:07:59.376] Vector3f[-67.5, -20.559996, 0.0]
[16:07:59.393] Vector3f[-67.5, -20.559996, 0.0]
[16:07:59.410] Vector3f[-67.5, -20.559996, 0.0]
[16:07:59.427] Vector3f[-67.5, -20.559996, 0.0]
[16:07:59.444] Vector3f[-67.5, -20.559996, 0.0]
[16:07:59.462] Vector3f[-67.5, -20.559996, 0.0]
[16:07:59.478] Vector3f[-67.5, -20.559996, 0.0]
[16:07:59.495] Vector3f[-67.5, -20.559996, 0.0]
[16:07:59.512] Vector3f[-67.5, -20.559996, 0.0]
[16:07:59.529] Vector3f[-67.5, -20.559996, 0.0]
[16:07:59.546] Vector3f[-67.5, -20.559996, 0.0]
[16:07:59.563] Vector3f[-67.5, -20.559996, 0.0]
[16:07:59.580] Vector3f[-67.5, -20.559996, 0.0]
[16:07:59.597] Vector3f[-67.5, -20.559996, 0.0]
[16:07:59.614] Vector3f[-67.5, -20.559996, 0.0]
[16:07:59.631] Vector3f[-67.5, -20.559996, 0.0]
[16:07:59.648] Vector3f[-67.5, -20.559996, 0.0]
[16:07:59.666] Vector3f[-67.5, -20.559996, 0.0]
[16:07:59.683] Vector3f[-67.5, -20.559996, 0.0]
[16:07:59.699] Vector3f[-67.5, -20.559996, 0.0]
[16:07:59.716] Vector3f[-67.5, -20.559996, 0.0]
[16:07:59.733] Vector3f[-67.5, -20.559996, 0.0]
[16:07:59.751] Vector3f[-67.5, -20.559996, 0.0]
[16:07:59.767] Vector3f[-67.5, -20.559996, 0.0]
[16:07:59.784] Vector3f[-67.5, -20.559996, 0.0]
[16:07:59.802] Vector3f[-67.5, -20.559996, 0.0]
[16:07:59.819] Vector3f[-67.5, -20.559996, 0.0]
[16:07:59.836] Vector3f[-67.5, -20.559996, 0.0]
[16:07:59.853] Vector3f[-67.5, -20.559996, 0.0]
[16:07:59.869] Vector3f[-67.5, -20.559996, 0.0]
[16:07:59.888] Vector3f[-67.5, -20.559996, 0.0]
[16:07:59.903] Vector3f[-67.5, -20.559996, 0.0]
[16:07:59.921] Vector3f[-67.5, -20.559996, 0.0]
[16:07:59.937] Vector3f[-67.5, -20.559996, 0.0]
[16:07:59.954] Vector3f[-67.5, -20.559996, 0.0]
[16:07:59.972] Vector3f[-67.5, -20.559996, 0.0]
[16:07:59.990] Vector3f[-67.5, -20.559996, 0.0]
[16:08:00.007] Vector3f[-67.5, -20.559996, 0.0]
[16:08:00.023] Vector3f[-67.5, -20.559996, 0.0]
[16:08:00.040] Vector3f[-67.5, -20.559996, 0.0]
[16:08:00.057] Vector3f[-67.5, -20.559996, 0.0]
[16:08:00.074] Vector3f[-67.5, -20.559996, 0.0]
[16:08:00.090] Vector3f[-67.5, -20.559996, 0.0]
[16:08:00.107] Vector3f[-67.5, -20.559996, 0.0]
[16:08:00.124] Vector3f[-67.5, -20.559996, 0.0]
[16:08:00.141] Vector3f[-67.5, -20.559996, 0.0]
[16:08:00.158] Vector3f[-67.5, -20.559996, 0.0]
[16:08:00.175] Vector3f[-67.5, -20.559996, 0.0]
[16:08:00.192] Vector3f[-67.5, -20.559996, 0.0]
[16:08:00.209] Vector3f[-67.5, -20.559996, 0.0]
[16:08:00.226] Vector3f[-67.5, -20.559996, 0.0]
[16:08:00.244] Vector3f[-67.5, -20.559996, 0.0]
[16:08:00.260] Vector3f[-67.5, -20.559996, 0.0]
[16:08:00.277] Vector3f[-67.5, -20.559996, 0.0]
[16:08:00.294] Vector3f[-67.5, -20.559996, 0.0]
[16:08:00.311] Vector3f[-67.5, -20.559996, 0.0]
[16:08:00.328] Vector3f[-67.5, -20.559996, 0.0]
[16:08:00.345] Vector3f[-67.5, -20.559996, 0.0]
[16:08:00.362] Vector3f[-67.5, -20.559996, 0.0]
[16:08:00.379] Vector3f[-67.5, -20.559996, 0.0]
[16:08:00.396] Vector3f[-67.5, -20.559996, 0.0]
[16:08:00.413] Vector3f[-67.5, -20.559996, 0.0]
[16:08:00.429] Vector3f[-67.5, -20.559996, 0.0]
[16:08:00.447] Vector3f[-67.5, -20.559996, 0.0]
[16:08:00.464] Vector3f[-67.5, -20.559996, 0.0]
[16:08:00.481] Vector3f[-67.5, -20.559996, 0.0]
[16:08:00.498] Vector3f[-67.5, -20.559996, 0.0]
[16:08:00.516] Vector3f[-67.5, -20.559996, 0.0]
[16:08:00.532] Vector3f[-67.5, -20.559996, 0.0]
[16:08:00.549] Vector3f[-67.5, -20.559996, 0.0]
[16:08:00.566] Vector3f[-67.5, -20.559996, 0.0]
[16:08:00.583] Vector3f[-67.5, -20.559996, 0.0]
[16:08:00.600] Vector3f[-67.5, -20.559996, 0.0]
[16:08:00.618] Vector3f[-67.5, -20.559996, 0.0]
[16:08:00.636] Vector3f[-67.5, -20.559996, 0.0]
[16:08:00.652] Vector3f[-67.5, -20.559996, 0.0]
[16:08:00.670] Vector3f[-67.5, -20.559996, 0.0]
[16:08:00.686] Vector3f[-67.5, -20.559996, 0.0]
[16:08:00.703] Vector3f[-67.5, -20.559996, 0.0]
[16:08:00.721] Vector3f[-67.5, -20.559996, 0.0]
[16:08:00.738] Vector3f[-67.5, -20.559996, 0.0]
[16:08:00.754] Vector3f[-67.5, -20.559996, 0.0]
[16:08:00.771] Vector3f[-67.5, -20.559996, 0.0]
[16:08:00.788] Vector3f[-67.5, -20.559996, 0.0]
[16:08:00.805] Vector3f[-67.5, -20.559996, 0.0]
[16:08:00.821] Vector3f[-67.5, -20.559996, 0.0]
[16:08:00.839] Vector3f[-67.5, -20.559996, 0.0]
[16:08:00.855] Vector3f[-67.5, -20.559996, 0.0]
[16:08:00.872] Vector3f[-67.5, -20.559996, 0.0]
[16:08:00.889] Vector3f[-67.5, -20.559996, 0.0]
[16:08:00.906] Vector3f[-67.5, -20.559996, 0.0]
[16:08:00.923] Vector3f[-67.5, -20.559996, 0.0]
[16:08:00.940] Vector3f[-67.5, -20.559996, 0.0]
[16:08:00.957] Vector3f[-67.5, -20.559996, 0.0]
[16:08:00.974] Vector3f[-67.5, -20.559996, 0.0]
[16:08:00.991] Vector3f[-67.5, -20.559996, 0.0]
[16:08:01.008] Vector3f[-67.5, -20.559996, 0.0]
[16:08:01.025] Vector3f[-67.5, -20.559996, 0.0]
[16:08:01.042] Vector3f[-67.5, -20.559996, 0.0]
[16:08:01.059] Vector3f[-67.5, -20.559996, 0.0]
[16:08:01.076] Vector3f[-67.5, -20.559996, 0.0]
[16:08:01.093] Vector3f[-67.5, -20.559996, 0.0]
[16:08:01.111] Vector3f[-67.5, -20.559996, 0.0]
[16:08:01.127] Vector3f[-67.5, -20.559996, 0.0]
[16:08:01.146] Vector3f[-67.5, -20.559996, 0.0]
[16:08:01.162] Vector3f[-67.5, -20.559996, 0.0]
[16:08:01.178] Vector3f[-67.5, -20.559996, 0.0]
[16:08:01.196] Vector3f[-67.5, -20.559996, 0.0]
[16:08:01.213] Vector3f[-67.5, -20.559996, 0.0]
[16:08:01.230] Vector3f[-67.5, -20.559996, 0.0]
[16:08:01.247] Vector3f[-67.5, -20.559996, 0.0]
[16:08:01.263] Vector3f[-67.5, -20.559996, 0.0]
[16:08:01.280] Vector3f[-67.5, -20.559996, 0.0]
[16:08:01.298] Vector3f[-67.5, -20.559996, 0.0]
[16:08:01.315] Vector3f[-67.5, -20.559996, 0.0]
[16:08:01.332] Vector3f[-67.5, -20.559996, 0.0]
[16:08:01.349] Vector3f[-67.5, -20.559996, 0.0]
[16:08:01.367] Vector3f[-67.5, -20.559996, 0.0]
[16:08:01.383] Vector3f[-67.5, -20.559996, 0.0]
[16:08:01.399] Vector3f[-67.5, -20.559996, 0.0]
[16:08:01.416] Vector3f[-67.5, -20.559996, 0.0]
[16:08:01.433] Vector3f[-67.5, -20.559996, 0.0]
[16:08:01.450] Vector3f[-67.5, -20.559996, 0.0]
[16:08:01.467] Vector3f[-67.5, -20.559996, 0.0]
[16:08:01.484] Vector3f[-67.5, -20.559996, 0.0]
[16:08:01.501] Vector3f[-67.5, -20.559996, 0.0]
[16:08:01.518] Vector3f[-67.5, -20.559996, 0.0]
[16:08:01.535] Vector3f[-67.5, -20.559996, 0.0]
[16:08:01.553] Vector3f[-67.5, -20.559996, 0.0]
[16:08:01.569] Vector3f[-67.5, -20.559996, 0.0]
[16:08:01.586] Vector3f[-67.5, -20.559996, 0.0]
[16:08:01.603] Vector3f[-67.5, -20.559996, 0.0]
[16:08:01.620] Vector3f[-67.5, -20.559996, 0.0]
[16:08:01.637] Vector3f[-67.5, -20.559996, 0.0]
[16:08:01.654] Vector3f[-67.5, -20.559996, 0.0]
[16:08:01.672] Vector3f[-67.5, -20.559996, 0.0]
