[18:15:28.272] Created Window
[18:15:28.306] Setup Shaders
[18:15:28.810] Setup Player
[18:15:28.813] Setup Scene Graph
[18:15:28.826] Entering Render Loop
Exception in thread "main" java.lang.NullPointerException
	at me.simpleplatformer.OpenGL.Model.render(Model.java:67)
	at me.simpleplatformer.Player.render(Player.java:35)
	at me.simpleplatformer.Node.lambda$renderSubNodes$0(Node.java:27)
	at me.simpleplatformer.Node$$Lambda$9/1644443712.accept(Unknown Source)
	at java.util.ArrayList.forEach(ArrayList.java:1249)
	at me.simpleplatformer.Node.renderSubNodes(Node.java:25)
	at me.simpleplatformer.RootNode.renderSubNodes(RootNode.java:44)
	at me.simpleplatformer.Main.<init>(Main.java:239)
	at me.simpleplatformer.Main.main(Main.java:35)
	at sun.reflect.NativeMethodAccessorImpl.invoke0(Native Method)
	at sun.reflect.NativeMethodAccessorImpl.invoke(NativeMethodAccessorImpl.java:62)
	at sun.reflect.DelegatingMethodAccessorImpl.invoke(DelegatingMethodAccessorImpl.java:43)
	at java.lang.reflect.Method.invoke(Method.java:497)
	at com.intellij.rt.execution.application.AppMain.main(AppMain.java:134)
