[20:42:21.249] Created Window
[20:42:21.270] Setup Shaders
[20:42:21.776] Setup Player
[20:42:21.792] Setup Scene Graph
[20:42:21.799] Vector3f[0.0, 0.0, 0.0]
[20:42:21.800] Entering Render Loop
[20:42:21.816] Vector3f[0.0, 0.0, 0.0]
[20:42:21.833] Vector3f[0.0, 0.0, 0.0]
[20:42:21.850] Vector3f[0.0, 0.0, 0.0]
[20:42:21.867] Vector3f[0.0, 0.0, 0.0]
[20:42:21.884] Vector3f[0.0, 0.0, 0.0]
[20:42:21.902] Vector3f[0.0, 0.0, 0.0]
[20:42:21.918] Vector3f[0.0, 0.0, 0.0]
[20:42:21.936] Vector3f[0.0, 0.0, 0.0]
[20:42:21.953] Vector3f[0.0, 0.0, 0.0]
[20:42:21.970] Vector3f[0.0, 0.0, 0.0]
[20:42:21.990] Vector3f[0.0, 0.0, 0.0]
[20:42:22.003] Vector3f[0.0, 0.0, 0.0]
[20:42:22.020] Vector3f[0.0, 0.0, 0.0]
[20:42:22.037] Vector3f[0.0, 0.0, 0.0]
[20:42:22.055] Vector3f[0.0, 0.0, 0.0]
[20:42:22.075] Vector3f[0.0, 0.0, 0.0]
[20:42:22.089] Vector3f[0.0, 0.0, 0.0]
[20:42:22.106] Vector3f[0.0, 0.0, 0.0]
[20:42:22.124] Vector3f[0.0, 0.0, 0.0]
[20:42:22.139] Vector3f[0.0, 0.0, 0.0]
[20:42:22.156] Vector3f[0.0, 0.0, 0.0]
[20:42:22.173] Vector3f[0.0, 0.0, 0.0]
[20:42:22.190] Vector3f[0.0, 0.0, 0.0]
[20:42:22.207] Vector3f[0.0, 0.0, 0.0]
[20:42:22.224] Vector3f[0.0, 0.0, 0.0]
[20:42:22.241] Vector3f[0.0, 0.0, 0.0]
[20:42:22.258] Vector3f[0.0, 0.0, 0.0]
[20:42:22.275] Vector3f[0.0, 0.0, 0.0]
[20:42:22.292] Vector3f[0.0, 0.0, 0.0]
[20:42:22.309] Vector3f[0.0, 0.0, 0.0]
[20:42:22.327] Vector3f[0.0, 0.0, 0.0]
[20:42:22.343] Vector3f[0.0, 0.0, 0.0]
[20:42:22.360] Vector3f[0.0, 0.0, 0.0]
[20:42:22.377] Vector3f[0.0, 0.0, 0.0]
[20:42:22.394] Vector3f[0.0, 0.0, 0.0]
[20:42:22.411] Vector3f[0.0, 0.0, 0.0]
[20:42:22.428] Vector3f[0.0, 0.0, 0.0]
[20:42:22.445] Vector3f[0.0, 0.0, 0.0]
[20:42:22.463] Vector3f[0.0, 0.0, 0.0]
[20:42:22.479] Vector3f[0.0, 0.0, 0.0]
[20:42:22.496] Vector3f[0.0, 0.0, 0.0]
[20:42:22.514] Vector3f[0.0, 0.0, 0.0]
[20:42:22.531] Vector3f[0.0, 0.0, 0.0]
[20:42:22.547] Vector3f[0.0, 0.0, 0.0]
[20:42:22.564] Vector3f[0.0, 0.0, 0.0]
[20:42:22.582] Vector3f[0.0, 0.0, 0.0]
[20:42:22.598] Vector3f[0.0, 0.0, 0.0]
[20:42:22.614] Vector3f[0.0, 0.0, 0.0]
[20:42:22.632] Vector3f[0.0, 0.0, 0.0]
[20:42:22.650] Vector3f[0.0, 0.0, 0.0]
[20:42:22.666] Vector3f[0.0, 0.0, 0.0]
[20:42:22.683] Vector3f[0.0, 0.0, 0.0]
[20:42:22.700] Vector3f[0.0, 0.0, 0.0]
[20:42:22.718] Vector3f[0.0, 0.0, 0.0]
[20:42:22.734] Vector3f[0.0, 0.0, 0.0]
[20:42:22.751] Vector3f[0.0, 0.0, 0.0]
[20:42:22.768] Vector3f[0.0, 0.0, 0.0]
[20:42:22.785] Vector3f[0.0, 0.0, 0.0]
[20:42:22.802] Vector3f[0.0, 0.0, 0.0]
[20:42:22.819] Vector3f[0.0, 0.0, 0.0]
[20:42:22.836] Vector3f[0.0, 0.0, 0.0]
[20:42:22.853] Vector3f[0.0, 0.0, 0.0]
[20:42:22.870] Vector3f[0.0, 0.0, 0.0]
[20:42:22.887] Vector3f[0.0, 0.0, 0.0]
[20:42:22.904] Vector3f[0.0, 0.0, 0.0]
[20:42:22.921] Vector3f[0.0, 0.0, 0.0]
[20:42:22.938] Vector3f[0.0, 0.0, 0.0]
[20:42:22.955] Vector3f[0.0, 0.0, 0.0]
[20:42:22.972] Vector3f[0.0, 0.0, 0.0]
[20:42:22.989] Vector3f[0.0, 0.0, 0.0]
[20:42:23.006] Vector3f[0.0, 0.0, 0.0]
[20:42:23.023] Vector3f[0.0, 0.0, 0.0]
[20:42:23.040] Vector3f[0.0, 0.0, 0.0]
[20:42:23.057] Vector3f[0.1, 0.0, 0.0]
[20:42:23.074] Vector3f[0.110000014, 0.0, 0.0]
[20:42:23.091] Vector3f[0.11100001, 0.0, 0.0]
[20:42:23.108] Vector3f[0.11110001, 0.0, 0.0]
[20:42:23.125] Vector3f[0.111109994, 0.0, 0.0]
[20:42:23.143] Vector3f[0.111111, 0.0, 0.0]
[20:42:23.160] Vector3f[0.11111111, 0.0, 0.0]
[20:42:23.176] Vector3f[0.11111113, 0.0, 0.0]
[20:42:23.193] Vector3f[0.011111113, 0.0, 0.0]
[20:42:23.210] Vector3f[0.0011111114, 0.0, 0.0]
[20:42:23.229] Vector3f[1.11111134E-4, 0.0, 0.0]
[20:42:23.243] Vector3f[1.1111114E-5, 0.0, 0.0]
[20:42:23.262] Vector3f[1.1111115E-6, 0.0, 0.0]
[20:42:23.279] Vector3f[1.11111156E-7, 0.0, 0.0]
[20:42:23.295] Vector3f[1.11111165E-8, 0.0, 0.0]
[20:42:23.312] Vector3f[1.1111118E-9, 0.0, 0.0]
[20:42:23.329] Vector3f[1.1111118E-10, 0.0, 0.0]
[20:42:23.346] Vector3f[1.1111119E-11, 0.0, 0.0]
[20:42:23.363] Vector3f[1.111112E-12, 0.0, 0.0]
[20:42:23.380] Vector3f[1.111112E-13, 0.0, 0.0]
[20:42:23.397] Vector3f[1.111112E-14, 0.0, 0.0]
[20:42:23.415] Vector3f[1.111112E-15, 0.0, 0.0]
[20:42:23.431] Vector3f[1.111112E-16, 0.0, 0.0]
[20:42:23.449] Vector3f[1.111112E-17, 0.0, 0.0]
[20:42:23.465] Vector3f[1.111112E-18, 0.0, 0.0]
[20:42:23.482] Vector3f[1.111112E-19, 0.0, 0.0]
[20:42:23.500] Vector3f[1.1111121E-20, 0.0, 0.0]
[20:42:23.516] Vector3f[1.1111122E-21, 0.0, 0.0]
[20:42:23.534] Vector3f[1.1111122E-22, 0.0, 0.0]
[20:42:23.550] Vector3f[1.1111123E-23, 0.0, 0.0]
[20:42:23.567] Vector3f[1.1111124E-24, 0.0, 0.0]
[20:42:23.584] Vector3f[0.1, 0.0, 0.0]
[20:42:23.601] Vector3f[0.110000014, 0.0, 0.0]
[20:42:23.618] Vector3f[0.11100001, 0.0, 0.0]
[20:42:23.635] Vector3f[0.11110001, 0.0, 0.0]
[20:42:23.652] Vector3f[0.111109994, 0.0, 0.0]
[20:42:23.669] Vector3f[0.111111, 0.0, 0.0]
[20:42:23.686] Vector3f[0.11111111, 0.0, 0.0]
[20:42:23.703] Vector3f[0.11111113, 0.0, 0.0]
[20:42:23.720] Vector3f[0.11111113, 0.0, 0.0]
[20:42:23.738] Vector3f[0.11111113, 0.0, 0.0]
[20:42:23.754] Vector3f[0.11111113, 0.0, 0.0]
[20:42:23.772] Vector3f[0.11111113, 0.0, 0.0]
[20:42:23.788] Vector3f[0.11111113, 0.0, 0.0]
[20:42:23.805] Vector3f[0.11111113, 0.0, 0.0]
[20:42:23.822] Vector3f[0.11111113, 0.0, 0.0]
[20:42:23.839] Vector3f[0.11111113, 0.0, 0.0]
[20:42:23.857] Vector3f[0.11111113, 0.0, 0.0]
[20:42:23.873] Vector3f[0.11111113, 0.0, 0.0]
[20:42:23.890] Vector3f[0.11111113, 0.0, 0.0]
[20:42:23.907] Vector3f[0.11111113, 0.0, 0.0]
[20:42:23.925] Vector3f[0.11111113, 0.0, 0.0]
[20:42:23.941] Vector3f[0.11111113, 0.0, 0.0]
[20:42:23.959] Vector3f[0.11111113, 0.0, 0.0]
[20:42:23.975] Vector3f[0.11111113, 0.0, 0.0]
[20:42:23.992] Vector3f[0.11111113, 0.0, 0.0]
[20:42:24.009] Vector3f[0.11111113, 0.0, 0.0]
[20:42:24.026] Vector3f[0.11111113, 0.0, 0.0]
[20:42:24.043] Vector3f[0.11111113, 0.0, 0.0]
[20:42:24.061] Vector3f[0.11111113, 0.0, 0.0]
[20:42:24.078] Vector3f[0.11111113, 0.0, 0.0]
[20:42:24.094] Vector3f[0.11111113, 0.0, 0.0]
[20:42:24.113] Vector3f[0.11111113, 0.0, 0.0]
[20:42:24.129] Vector3f[0.11111113, 0.0, 0.0]
[20:42:24.145] Vector3f[0.11111113, 0.0, 0.0]
[20:42:24.162] Vector3f[0.11111113, 0.0, 0.0]
[20:42:24.183] Vector3f[0.11111113, 0.0, 0.0]
[20:42:24.196] Vector3f[0.11111113, 0.0, 0.0]
[20:42:24.213] Vector3f[0.11111113, 0.0, 0.0]
[20:42:24.231] Vector3f[0.11111113, 0.0, 0.0]
[20:42:24.247] Vector3f[0.11111113, 0.0, 0.0]
[20:42:24.263] Vector3f[0.11111113, 0.0, 0.0]
[20:42:24.281] Vector3f[0.11111113, 0.0, 0.0]
[20:42:24.298] Vector3f[0.11111113, 0.0, 0.0]
[20:42:24.315] Vector3f[0.11111113, 0.0, 0.0]
[20:42:24.332] Vector3f[0.11111113, 0.0, 0.0]
[20:42:24.349] Vector3f[0.11111113, 0.0, 0.0]
[20:42:24.366] Vector3f[0.11111113, 0.0, 0.0]
[20:42:24.383] Vector3f[0.11111113, 0.0, 0.0]
[20:42:24.400] Vector3f[0.11111113, 0.0, 0.0]
[20:42:24.417] Vector3f[0.11111113, 0.0, 0.0]
[20:42:24.435] Vector3f[0.11111113, 0.0, 0.0]
[20:42:24.452] Vector3f[0.11111113, 0.0, 0.0]
[20:42:24.468] Vector3f[0.11111113, 0.0, 0.0]
[20:42:24.485] Vector3f[0.11111113, 0.0, 0.0]
[20:42:24.503] Vector3f[0.11111113, 0.0, 0.0]
[20:42:24.519] Vector3f[0.11111113, 0.0, 0.0]
[20:42:24.536] Vector3f[0.11111113, 0.0, 0.0]
[20:42:24.554] Vector3f[0.11111113, 0.0, 0.0]
[20:42:24.570] Vector3f[0.11111113, 0.0, 0.0]
[20:42:24.587] Vector3f[0.11111113, 0.0, 0.0]
[20:42:24.604] Vector3f[0.11111113, 0.0, 0.0]
[20:42:24.621] Vector3f[0.11111113, 0.0, 0.0]
[20:42:24.638] Vector3f[0.11111113, 0.0, 0.0]
[20:42:24.655] Vector3f[0.11111113, 0.0, 0.0]
[20:42:24.673] Vector3f[0.11111113, 0.0, 0.0]
[20:42:24.690] Vector3f[0.11111113, 0.0, 0.0]
[20:42:24.706] Vector3f[0.11111113, 0.0, 0.0]
[20:42:24.724] Vector3f[0.11111113, 0.0, 0.0]
[20:42:24.740] Vector3f[0.11111113, 0.0, 0.0]
[20:42:24.767] Vector3f[0.11111113, 0.0, 0.0]
[20:42:24.774] Vector3f[0.11111113, 0.0, 0.0]
[20:42:24.791] Vector3f[0.11111113, 0.0, 0.0]
[20:42:24.808] Vector3f[0.11111113, 0.0, 0.0]
[20:42:24.825] Vector3f[0.11111113, 0.0, 0.0]
[20:42:24.843] Vector3f[0.11111113, 0.0, 0.0]
[20:42:24.860] Vector3f[0.011111113, 0.0, 0.0]
[20:42:24.876] Vector3f[0.0011111114, 0.0, 0.0]
[20:42:24.893] Vector3f[1.11111134E-4, 0.0, 0.0]
[20:42:24.911] Vector3f[1.1111114E-5, 0.0, 0.0]
[20:42:24.927] Vector3f[1.1111115E-6, 0.0, 0.0]
[20:42:24.945] Vector3f[1.11111156E-7, 0.0, 0.0]
[20:42:24.962] Vector3f[1.11111165E-8, 0.0, 0.0]
[20:42:24.979] Vector3f[1.1111118E-9, 0.0, 0.0]
[20:42:24.995] Vector3f[1.1111118E-10, 0.0, 0.0]
[20:42:25.012] Vector3f[1.1111119E-11, 0.0, 0.0]
[20:42:25.029] Vector3f[1.111112E-12, 0.0, 0.0]
[20:42:25.047] Vector3f[1.111112E-13, 0.0, 0.0]
[20:42:25.064] Vector3f[1.111112E-14, 0.0, 0.0]
[20:42:25.080] Vector3f[1.111112E-15, 0.0, 0.0]
[20:42:25.098] Vector3f[1.111112E-16, 0.0, 0.0]
[20:42:25.114] Vector3f[1.111112E-17, 0.0, 0.0]
[20:42:25.131] Vector3f[1.111112E-18, 0.0, 0.0]
[20:42:25.149] Vector3f[1.111112E-19, 0.0, 0.0]
[20:42:25.165] Vector3f[1.1111121E-20, 0.0, 0.0]
[20:42:25.182] Vector3f[1.1111122E-21, 0.0, 0.0]
[20:42:25.199] Vector3f[1.1111122E-22, 0.0, 0.0]
[20:42:25.216] Vector3f[1.1111123E-23, 0.0, 0.0]
[20:42:25.233] Vector3f[1.1111124E-24, 0.0, 0.0]
[20:42:25.250] Vector3f[1.1111124E-25, 0.0, 0.0]
[20:42:25.268] Vector3f[1.1111124E-26, 0.0, 0.0]
[20:42:25.285] Vector3f[1.1111125E-27, 0.0, 0.0]
[20:42:25.301] Vector3f[1.1111126E-28, 0.0, 0.0]
[20:42:25.319] Vector3f[1.1111126E-29, 0.0, 0.0]
[20:42:25.335] Vector3f[1.1111127E-30, 0.0, 0.0]
[20:42:25.353] Vector3f[1.1111128E-31, 0.0, 0.0]
[20:42:25.369] Vector3f[0.1, 0.0, 0.0]
[20:42:25.386] Vector3f[0.110000014, 0.0, 0.0]
[20:42:25.403] Vector3f[0.11100001, 0.0, 0.0]
[20:42:25.420] Vector3f[0.11110001, 0.0, 0.0]
[20:42:25.437] Vector3f[0.111109994, 0.0, 0.0]
[20:42:25.454] Vector3f[0.111111, 0.0, 0.0]
[20:42:25.471] Vector3f[0.11111111, 0.0, 0.0]
[20:42:25.488] Vector3f[0.11111113, 0.0, 0.0]
[20:42:25.505] Vector3f[0.11111113, 0.0, 0.0]
[20:42:25.522] Vector3f[0.11111113, 0.0, 0.0]
[20:42:25.540] Vector3f[0.11111113, 0.0, 0.0]
[20:42:25.556] Vector3f[0.11111113, 0.0, 0.0]
[20:42:25.574] Vector3f[0.11111113, 0.0, 0.0]
[20:42:25.591] Vector3f[0.11111113, 0.0, 0.0]
[20:42:25.607] Vector3f[0.11111113, 0.0, 0.0]
[20:42:25.624] Vector3f[0.11111113, 0.0, 0.0]
[20:42:25.641] Vector3f[0.11111113, 0.0, 0.0]
[20:42:25.658] Vector3f[0.11111113, 0.0, 0.0]
[20:42:25.675] Vector3f[0.11111113, 0.0, 0.0]
[20:42:25.692] Vector3f[0.11111113, 0.0, 0.0]
[20:42:25.709] Vector3f[0.11111113, 0.0, 0.0]
[20:42:25.727] Vector3f[0.11111113, 0.0, 0.0]
[20:42:25.744] Vector3f[0.11111113, 0.0, 0.0]
[20:42:25.760] Vector3f[0.11111113, 0.0, 0.0]
[20:42:25.776] Vector3f[0.11111113, 0.0, 0.0]
[20:42:25.795] Vector3f[0.11111113, 0.0, 0.0]
[20:42:25.811] Vector3f[0.11111113, 0.0, 0.0]
[20:42:25.827] Vector3f[0.11111113, 0.0, 0.0]
[20:42:25.845] Vector3f[0.11111113, 0.0, 0.0]
[20:42:25.862] Vector3f[0.11111113, 0.0, 0.0]
[20:42:25.879] Vector3f[0.11111113, 0.0, 0.0]
[20:42:25.897] Vector3f[0.11111113, 0.0, 0.0]
[20:42:25.913] Vector3f[0.11111113, 0.0, 0.0]
[20:42:25.930] Vector3f[0.11111113, 0.0, 0.0]
[20:42:25.948] Vector3f[0.011111113, 0.0, 0.0]
[20:42:25.964] Vector3f[0.0011111114, 0.0, 0.0]
[20:42:25.981] Vector3f[1.11111134E-4, 0.0, 0.0]
[20:42:25.999] Vector3f[1.1111114E-5, 0.0, 0.0]
[20:42:26.016] Vector3f[1.1111115E-6, 0.0, 0.0]
[20:42:26.032] Vector3f[1.11111156E-7, 0.0, 0.0]
[20:42:26.049] Vector3f[1.11111165E-8, 0.0, 0.0]
[20:42:26.067] Vector3f[1.1111118E-9, 0.0, 0.0]
[20:42:26.083] Vector3f[1.1111118E-10, 0.0, 0.0]
[20:42:26.100] Vector3f[1.1111119E-11, 0.0, 0.0]
[20:42:26.118] Vector3f[1.111112E-12, 0.0, 0.0]
[20:42:26.135] Vector3f[1.111112E-13, 0.0, 0.0]
[20:42:26.151] Vector3f[1.111112E-14, 0.0, 0.0]
[20:42:26.168] Vector3f[1.111112E-15, 0.0, 0.0]
[20:42:26.185] Vector3f[1.111112E-16, 0.0, 0.0]
[20:42:26.202] Vector3f[1.111112E-17, 0.0, 0.0]
[20:42:26.220] Vector3f[1.111112E-18, 0.0, 0.0]
[20:42:26.236] Vector3f[1.111112E-19, 0.0, 0.0]
[20:42:26.253] Vector3f[1.1111121E-20, 0.0, 0.0]
[20:42:26.270] Vector3f[1.1111122E-21, 0.0, 0.0]
[20:42:26.288] Vector3f[1.1111122E-22, 0.0, 0.0]
[20:42:26.304] Vector3f[1.1111123E-23, 0.0, 0.0]
[20:42:26.332] Vector3f[1.1111124E-24, 0.0, 0.0]
[20:42:26.339] Vector3f[1.1111124E-25, 0.0, 0.0]
[20:42:26.355] Vector3f[1.1111124E-26, 0.0, 0.0]
[20:42:26.373] Vector3f[1.1111125E-27, 0.0, 0.0]
[20:42:26.390] Vector3f[1.1111126E-28, 0.0, 0.0]
[20:42:26.407] Vector3f[1.1111126E-29, 0.0, 0.0]
[20:42:26.423] Vector3f[1.1111127E-30, 0.0, 0.0]
[20:42:26.440] Vector3f[1.1111128E-31, 0.0, 0.0]
[20:42:26.457] Vector3f[1.1111128E-32, 0.0, 0.0]
[20:42:26.474] Vector3f[1.1111129E-33, 0.0, 0.0]
[20:42:26.491] Vector3f[1.111113E-34, 0.0, 0.0]
[20:42:26.508] Vector3f[1.111113E-35, 0.0, 0.0]
[20:42:26.527] Vector3f[1.1111131E-36, 0.0, 0.0]
[20:42:26.543] Vector3f[1.1111133E-37, 0.0, 0.0]
[20:42:26.559] Vector3f[1.1111176E-38, 0.0, 0.0]
[20:42:26.577] Vector3f[1.11109E-39, 0.0, 0.0]
[20:42:26.594] Vector3f[1.11123E-40, 0.0, 0.0]
[20:42:26.610] Vector3f[1.107E-41, 0.0, 0.0]
[20:42:26.628] Vector3f[1.121E-42, 0.0, 0.0]
[20:42:26.645] Vector3f[1.4E-43, 0.0, 0.0]
[20:42:26.661] Vector3f[0.0, 0.0, 0.0]
[20:42:26.679] Vector3f[0.0, 0.0, 0.0]
[20:42:26.696] Vector3f[0.0, 0.0, 0.0]
[20:42:26.712] Vector3f[0.0, 0.0, 0.0]
[20:42:26.730] Vector3f[0.0, 0.0, 0.0]
[20:42:26.746] Vector3f[0.0, 0.0, 0.0]
[20:42:26.763] Vector3f[0.0, 0.0, 0.0]
[20:42:26.780] Vector3f[0.0, 0.0, 0.0]
[20:42:26.798] Vector3f[0.0, 0.0, 0.0]
[20:42:26.815] Vector3f[0.0, 0.0, 0.0]
[20:42:26.831] Vector3f[0.0, 0.0, 0.0]
[20:42:26.848] Vector3f[0.0, 0.0, 0.0]
[20:42:26.865] Vector3f[0.0, 0.0, 0.0]
[20:42:26.882] Vector3f[0.0, 0.0, 0.0]
[20:42:26.899] Vector3f[0.0, 0.0, 0.0]
[20:42:26.917] Vector3f[0.0, 0.0, 0.0]
[20:42:26.934] Vector3f[0.0, 0.0, 0.0]
[20:42:26.950] Vector3f[0.0, 0.0, 0.0]
[20:42:26.967] Vector3f[0.0, 0.0, 0.0]
[20:42:26.985] Vector3f[0.0, 0.0, 0.0]
[20:42:27.001] Vector3f[0.0, 0.0, 0.0]
[20:42:27.018] Vector3f[0.0, 0.0, 0.0]
[20:42:27.035] Vector3f[0.0, 0.0, 0.0]
[20:42:27.052] Vector3f[0.0, 0.0, 0.0]
[20:42:27.069] Vector3f[0.0, 0.0, 0.0]
[20:42:27.086] Vector3f[0.0, 0.0, 0.0]
[20:42:27.104] Vector3f[0.0, 0.0, 0.0]
[20:42:27.120] Vector3f[0.0, 0.0, 0.0]
[20:42:27.138] Vector3f[0.0, 0.0, 0.0]
[20:42:27.155] Vector3f[0.0, 0.0, 0.0]
[20:42:27.171] Vector3f[0.0, 0.0, 0.0]
[20:42:27.198] Vector3f[0.0, 0.0, 0.0]
[20:42:27.209] Vector3f[0.0, 0.0, 0.0]
[20:42:27.222] Vector3f[0.0, 0.0, 0.0]
