[20:42:45.613] Created Window
[20:42:45.640] Setup Shaders
[20:42:46.066] Setup Player
[20:42:46.077] Setup Scene Graph
[20:42:46.082] Vector3f[0.0, 0.0, 0.0]
[20:42:46.082] Entering Render Loop
[20:42:46.099] Vector3f[0.0, 0.0, 0.0]
[20:42:46.115] Vector3f[0.0, 0.0, 0.0]
[20:42:46.133] Vector3f[0.0, 0.0, 0.0]
[20:42:46.149] Vector3f[0.0, 0.0, 0.0]
[20:42:46.166] Vector3f[0.0, 0.0, 0.0]
[20:42:46.183] Vector3f[0.0, 0.0, 0.0]
[20:42:46.200] Vector3f[0.0, 0.0, 0.0]
[20:42:46.218] Vector3f[0.0, 0.0, 0.0]
[20:42:46.234] Vector3f[0.0, 0.0, 0.0]
[20:42:46.251] Vector3f[0.0, 0.0, 0.0]
[20:42:46.268] Vector3f[0.0, 0.0, 0.0]
[20:42:46.285] Vector3f[0.0, 0.0, 0.0]
[20:42:46.302] Vector3f[0.0, 0.0, 0.0]
[20:42:46.319] Vector3f[0.0, 0.0, 0.0]
[20:42:46.336] Vector3f[0.0, 0.0, 0.0]
[20:42:46.353] Vector3f[0.0, 0.0, 0.0]
[20:42:46.370] Vector3f[0.0, 0.0, 0.0]
[20:42:46.388] Vector3f[0.0, 0.0, 0.0]
[20:42:46.405] Vector3f[0.0, 0.0, 0.0]
[20:42:46.423] Vector3f[0.0, 0.0, 0.0]
[20:42:46.440] Vector3f[0.0, 0.0, 0.0]
[20:42:46.457] Vector3f[0.0, 0.0, 0.0]
[20:42:46.473] Vector3f[0.0, 0.0, 0.0]
[20:42:46.490] Vector3f[0.0, 0.0, 0.0]
[20:42:46.507] Vector3f[0.0, 0.0, 0.0]
[20:42:46.524] Vector3f[0.0, 0.0, 0.0]
[20:42:46.542] Vector3f[0.0, 0.0, 0.0]
[20:42:46.558] Vector3f[0.0, 0.0, 0.0]
[20:42:46.575] Vector3f[0.0, 0.0, 0.0]
[20:42:46.593] Vector3f[0.0, 0.0, 0.0]
[20:42:46.609] Vector3f[0.0, 0.0, 0.0]
[20:42:46.626] Vector3f[0.0, 0.0, 0.0]
[20:42:46.643] Vector3f[0.0, 0.0, 0.0]
[20:42:46.660] Vector3f[0.0, 0.0, 0.0]
[20:42:46.677] Vector3f[0.0, 0.0, 0.0]
[20:42:46.697] Vector3f[0.0, 0.0, 0.0]
[20:42:46.711] Vector3f[0.0, 0.0, 0.0]
[20:42:46.728] Vector3f[0.0, 0.0, 0.0]
[20:42:46.744] Vector3f[0.0, 0.0, 0.0]
[20:42:46.761] Vector3f[0.0, 0.0, 0.0]
[20:42:46.780] Vector3f[0.0, 0.0, 0.0]
[20:42:46.795] Vector3f[0.0, 0.0, 0.0]
[20:42:46.812] Vector3f[0.0, 0.0, 0.0]
[20:42:46.829] Vector3f[0.0, 0.0, 0.0]
[20:42:46.847] Vector3f[0.0, 0.0, 0.0]
[20:42:46.864] Vector3f[0.0, 0.0, 0.0]
[20:42:46.882] Vector3f[0.0, 0.0, 0.0]
[20:42:46.898] Vector3f[0.0, 0.0, 0.0]
[20:42:46.916] Vector3f[0.0, 0.0, 0.0]
[20:42:46.932] Vector3f[0.0, 0.0, 0.0]
[20:42:46.949] Vector3f[0.0, 0.0, 0.0]
[20:42:46.965] Vector3f[0.0, 0.0, 0.0]
[20:42:46.983] Vector3f[0.0, 0.0, 0.0]
[20:42:47] Vector3f[0.0, 0.0, 0.0]
[20:42:47.017] Vector3f[0.0, 0.0, 0.0]
[20:42:47.035] Vector3f[0.0, 0.0, 0.0]
[20:42:47.050] Vector3f[0.0, 0.0, 0.0]
[20:42:47.068] Vector3f[0.0, 0.0, 0.0]
[20:42:47.085] Vector3f[0.0, 0.0, 0.0]
[20:42:47.102] Vector3f[0.0, 0.0, 0.0]
[20:42:47.119] Vector3f[0.0, 0.0, 0.0]
[20:42:47.136] Vector3f[0.0, 0.0, 0.0]
[20:42:47.154] Vector3f[0.0, 0.0, 0.0]
[20:42:47.170] Vector3f[0.0, 0.0, 0.0]
[20:42:47.187] Vector3f[0.0, 0.0, 0.0]
[20:42:47.215] Vector3f[0.0, 0.0, 0.0]
[20:42:47.221] Vector3f[0.0, 0.0, 0.0]
[20:42:47.238] Vector3f[0.0, 0.0, 0.0]
[20:42:47.254] Vector3f[0.0, 0.0, 0.0]
[20:42:47.273] Vector3f[0.0, 0.0, 0.0]
[20:42:47.288] Vector3f[0.0, 0.0, 0.0]
[20:42:47.306] Vector3f[0.0, 0.0, 0.0]
[20:42:47.322] Vector3f[0.0, 0.0, 0.0]
[20:42:47.340] Vector3f[0.0, 0.0, 0.0]
[20:42:47.357] Vector3f[0.0, 0.0, 0.0]
[20:42:47.375] Vector3f[0.0, 0.0, 0.0]
[20:42:47.392] Vector3f[0.0, 0.0, 0.0]
[20:42:47.408] Vector3f[0.0, 0.0, 0.0]
[20:42:47.426] Vector3f[0.0, 0.0, 0.0]
[20:42:47.443] Vector3f[0.0, 0.0, 0.0]
[20:42:47.460] Vector3f[0.0, 0.0, 0.0]
[20:42:47.475] Vector3f[0.0, 0.0, 0.0]
[20:42:47.492] Vector3f[0.0, 0.0, 0.0]
[20:42:47.509] Vector3f[0.0, 0.0, 0.0]
[20:42:47.527] Vector3f[0.0, 0.0, 0.0]
[20:42:47.545] Vector3f[0.0, 0.0, 0.0]
[20:42:47.562] Vector3f[0.0, 0.0, 0.0]
[20:42:47.579] Vector3f[0.0, 0.0, 0.0]
[20:42:47.595] Vector3f[0.0, 0.0, 0.0]
[20:42:47.613] Vector3f[0.0, 0.0, 0.0]
[20:42:47.630] Vector3f[0.0, 0.0, 0.0]
[20:42:47.646] Vector3f[0.0, 0.0, 0.0]
[20:42:47.662] Vector3f[0.0, 0.0, 0.0]
[20:42:47.679] Vector3f[0.0, 0.0, 0.0]
[20:42:47.696] Vector3f[0.0, 0.0, 0.0]
[20:42:47.715] Vector3f[0.0, 0.0, 0.0]
[20:42:47.731] Vector3f[0.0, 0.0, 0.0]
[20:42:47.748] Vector3f[0.0, 0.0, 0.0]
[20:42:47.765] Vector3f[0.0, 0.0, 0.0]
[20:42:47.781] Vector3f[0.0, 0.0, 0.0]
[20:42:47.799] Vector3f[0.0, 0.0, 0.0]
[20:42:47.815] Vector3f[0.0, 0.0, 0.0]
[20:42:47.832] Vector3f[0.0, 0.0, 0.0]
[20:42:47.849] Vector3f[0.0, 0.0, 0.0]
[20:42:47.866] Vector3f[0.0, 0.0, 0.0]
[20:42:47.885] Vector3f[0.0, 0.0, 0.0]
[20:42:47.902] Vector3f[0.0, 0.0, 0.0]
[20:42:47.918] Vector3f[0.0, 0.0, 0.0]
[20:42:47.934] Vector3f[0.0, 0.0, 0.0]
[20:42:47.952] Vector3f[0.0, 0.0, 0.0]
[20:42:47.968] Vector3f[0.0, 0.0, 0.0]
[20:42:47.985] Vector3f[0.0, 0.0, 0.0]
[20:42:48.003] Vector3f[0.0, 0.0, 0.0]
[20:42:48.019] Vector3f[0.0, 0.0, 0.0]
[20:42:48.037] Vector3f[0.0, 0.0, 0.0]
[20:42:48.054] Vector3f[0.0, 0.0, 0.0]
[20:42:48.071] Vector3f[0.0, 0.0, 0.0]
[20:42:48.088] Vector3f[0.0, 0.0, 0.0]
[20:42:48.105] Vector3f[0.0, 0.0, 0.0]
[20:42:48.122] Vector3f[0.0, 0.0, 0.0]
[20:42:48.138] Vector3f[0.0, 0.0, 0.0]
[20:42:48.156] Vector3f[0.0, 0.0, 0.0]
[20:42:48.175] Vector3f[0.0, 0.0, 0.0]
[20:42:48.190] Vector3f[0.0, 0.0, 0.0]
[20:42:48.207] Vector3f[0.0, 0.0, 0.0]
[20:42:48.227] Vector3f[0.0, 0.0, 0.0]
[20:42:48.245] Vector3f[0.0, 0.0, 0.0]
[20:42:48.258] Vector3f[0.0, 0.0, 0.0]
[20:42:48.274] Vector3f[0.0, 0.0, 0.0]
[20:42:48.291] Vector3f[0.0, 0.0, 0.0]
[20:42:48.308] Vector3f[0.0, 0.0, 0.0]
[20:42:48.325] Vector3f[0.0, 0.0, 0.0]
[20:42:48.343] Vector3f[0.0, 0.0, 0.0]
[20:42:48.359] Vector3f[0.0, 0.0, 0.0]
[20:42:48.376] Vector3f[0.0, 0.0, 0.0]
[20:42:48.394] Vector3f[0.0, 0.0, 0.0]
[20:42:48.410] Vector3f[0.0, 0.0, 0.0]
[20:42:48.428] Vector3f[0.0, 0.0, 0.0]
[20:42:48.446] Vector3f[0.0, 0.0, 0.0]
[20:42:48.467] Vector3f[0.0, 0.0, 0.0]
[20:42:48.479] Vector3f[0.0, 0.0, 0.0]
[20:42:48.496] Vector3f[0.0, 0.0, 0.0]
[20:42:48.513] Vector3f[0.0, 0.0, 0.0]
[20:42:48.530] Vector3f[0.0, 0.0, 0.0]
[20:42:48.547] Vector3f[0.0, 0.0, 0.0]
[20:42:48.565] Vector3f[0.0, 0.0, 0.0]
[20:42:48.581] Vector3f[0.0, 0.0, 0.0]
[20:42:48.598] Vector3f[0.0, 0.0, 0.0]
[20:42:48.615] Vector3f[0.0, 0.0, 0.0]
[20:42:48.633] Vector3f[0.0, 0.0, 0.0]
[20:42:48.650] Vector3f[0.0, 0.0, 0.0]
[20:42:48.666] Vector3f[0.0, 0.0, 0.0]
[20:42:48.683] Vector3f[0.0, 0.0, 0.0]
[20:42:48.704] Vector3f[0.0, 0.0, 0.0]
[20:42:48.718] Vector3f[0.0, 0.0, 0.0]
[20:42:48.734] Vector3f[0.0, 0.0, 0.0]
[20:42:48.751] Vector3f[0.0, 0.0, 0.0]
[20:42:48.768] Vector3f[0.0, 0.0, 0.0]
[20:42:48.785] Vector3f[0.0, 0.0, 0.0]
[20:42:48.801] Vector3f[0.0, 0.0, 0.0]
[20:42:48.820] Vector3f[0.0, 0.0, 0.0]
[20:42:48.837] Vector3f[0.0, 0.0, 0.0]
[20:42:48.854] Vector3f[0.0, 0.0, 0.0]
[20:42:48.871] Vector3f[0.0, 0.0, 0.0]
[20:42:48.887] Vector3f[0.0, 0.0, 0.0]
[20:42:48.905] Vector3f[0.0, 0.0, 0.0]
[20:42:48.921] Vector3f[0.0, 0.0, 0.0]
[20:42:48.938] Vector3f[0.0, 0.0, 0.0]
[20:42:48.955] Vector3f[0.0, 0.0, 0.0]
[20:42:48.972] Vector3f[0.0, 0.0, 0.0]
[20:42:48.989] Vector3f[0.0, 0.0, 0.0]
[20:42:49.006] Vector3f[0.0, 0.0, 0.0]
[20:42:49.022] Vector3f[0.0, 0.0, 0.0]
[20:42:49.041] Vector3f[0.0, 0.0, 0.0]
[20:42:49.056] Vector3f[0.0, 0.0, 0.0]
[20:42:49.074] Vector3f[0.0, 0.0, 0.0]
[20:42:49.090] Vector3f[0.0, 0.0, 0.0]
[20:42:49.108] Vector3f[0.0, 0.0, 0.0]
[20:42:49.124] Vector3f[0.0, 0.0, 0.0]
[20:42:49.141] Vector3f[0.0, 0.0, 0.0]
[20:42:49.159] Vector3f[0.0, 0.0, 0.0]
[20:42:49.175] Vector3f[0.0, 0.0, 0.0]
[20:42:49.197] Vector3f[0.0, 0.0, 0.0]
[20:42:49.210] Vector3f[0.0, 0.0, 0.0]
[20:42:49.227] Vector3f[0.0, 0.0, 0.0]
[20:42:49.245] Vector3f[0.1, 0.0, 0.0]
[20:42:49.261] Vector3f[0.110000014, 0.0, 0.0]
[20:42:49.278] Vector3f[0.11100001, 0.0, 0.0]
[20:42:49.295] Vector3f[0.11110001, 0.0, 0.0]
[20:42:49.313] Vector3f[0.111109994, 0.0, 0.0]
[20:42:49.328] Vector3f[0.111111, 0.0, 0.0]
[20:42:49.346] Vector3f[0.11111111, 0.0, 0.0]
[20:42:49.362] Vector3f[0.11111113, 0.0, 0.0]
[20:42:49.379] Vector3f[0.11111113, 0.0, 0.0]
[20:42:49.396] Vector3f[0.11111113, 0.0, 0.0]
[20:42:49.413] Vector3f[0.11111113, 0.0, 0.0]
[20:42:49.431] Vector3f[0.11111113, 0.0, 0.0]
[20:42:49.448] Vector3f[0.11111113, 0.0, 0.0]
[20:42:49.465] Vector3f[0.11111113, 0.0, 0.0]
[20:42:49.481] Vector3f[0.11111113, 0.0, 0.0]
[20:42:49.498] Vector3f[0.11111113, 0.0, 0.0]
[20:42:49.516] Vector3f[0.11111113, 0.0, 0.0]
[20:42:49.534] Vector3f[0.11111113, 0.0, 0.0]
[20:42:49.551] Vector3f[0.11111113, 0.0, 0.0]
[20:42:49.567] Vector3f[0.11111113, 0.0, 0.0]
[20:42:49.585] Vector3f[0.11111113, 0.0, 0.0]
[20:42:49.601] Vector3f[0.11111113, 0.0, 0.0]
[20:42:49.618] Vector3f[0.11111113, 0.0, 0.0]
[20:42:49.635] Vector3f[0.11111113, 0.0, 0.0]
[20:42:49.652] Vector3f[0.11111113, 0.0, 0.0]
[20:42:49.669] Vector3f[0.11111113, 0.0, 0.0]
[20:42:49.687] Vector3f[0.11111113, 0.0, 0.0]
[20:42:49.703] Vector3f[0.11111113, 0.0, 0.0]
[20:42:49.719] Vector3f[0.11111113, 0.0, 0.0]
[20:42:49.738] Vector3f[0.11111113, 0.0, 0.0]
[20:42:49.754] Vector3f[0.11111113, 0.0, 0.0]
[20:42:49.771] Vector3f[0.11111113, 0.0, 0.0]
[20:42:49.787] Vector3f[0.11111113, 0.0, 0.0]
[20:42:49.805] Vector3f[0.11111113, 0.0, 0.0]
[20:42:49.822] Vector3f[0.11111113, 0.0, 0.0]
[20:42:49.839] Vector3f[0.11111113, 0.0, 0.0]
[20:42:49.856] Vector3f[0.11111113, 0.0, 0.0]
[20:42:49.873] Vector3f[0.11111113, 0.0, 0.0]
[20:42:49.891] Vector3f[0.11111113, 0.0, 0.0]
[20:42:49.908] Vector3f[0.11111113, 0.0, 0.0]
[20:42:49.924] Vector3f[0.11111113, 0.0, 0.0]
[20:42:49.942] Vector3f[0.11111113, 0.0, 0.0]
[20:42:49.958] Vector3f[0.11111113, 0.0, 0.0]
[20:42:49.976] Vector3f[0.11111113, 0.0, 0.0]
[20:42:49.992] Vector3f[0.11111113, 0.0, 0.0]
[20:42:50.008] Vector3f[0.11111113, 0.0, 0.0]
[20:42:50.025] Vector3f[0.11111113, 0.0, 0.0]
[20:42:50.043] Vector3f[0.11111113, 0.0, 0.0]
[20:42:50.060] Vector3f[0.11111113, 0.0, 0.0]
[20:42:50.076] Vector3f[0.11111113, 0.0, 0.0]
[20:42:50.093] Vector3f[0.11111113, 0.0, 0.0]
[20:42:50.110] Vector3f[0.11111113, 0.0, 0.0]
[20:42:50.127] Vector3f[0.11111113, 0.0, 0.0]
[20:42:50.145] Vector3f[0.11111113, 0.0, 0.0]
[20:42:50.162] Vector3f[0.11111113, 0.0, 0.0]
[20:42:50.179] Vector3f[0.11111113, 0.0, 0.0]
[20:42:50.197] Vector3f[0.11111113, 0.0, 0.0]
[20:42:50.213] Vector3f[0.11111113, 0.0, 0.0]
[20:42:50.229] Vector3f[0.11111113, 0.0, 0.0]
[20:42:50.247] Vector3f[0.11111113, 0.0, 0.0]
[20:42:50.264] Vector3f[0.11111113, 0.0, 0.0]
[20:42:50.281] Vector3f[0.11111113, 0.0, 0.0]
[20:42:50.299] Vector3f[0.11111113, 0.0, 0.0]
[20:42:50.315] Vector3f[0.11111113, 0.0, 0.0]
[20:42:50.332] Vector3f[0.11111113, 0.0, 0.0]
[20:42:50.350] Vector3f[0.11111113, 0.0, 0.0]
[20:42:50.366] Vector3f[0.11111113, 0.0, 0.0]
[20:42:50.382] Vector3f[0.11111113, 0.0, 0.0]
[20:42:50.400] Vector3f[0.11111113, 0.0, 0.0]
[20:42:50.417] Vector3f[0.11111113, 0.0, 0.0]
[20:42:50.434] Vector3f[0.11111113, 0.0, 0.0]
[20:42:50.452] Vector3f[0.11111113, 0.0, 0.0]
[20:42:50.468] Vector3f[0.11111113, 0.0, 0.0]
[20:42:50.485] Vector3f[0.11111113, 0.0, 0.0]
[20:42:50.503] Vector3f[0.11111113, 0.0, 0.0]
[20:42:50.520] Vector3f[0.11111113, 0.0, 0.0]
[20:42:50.536] Vector3f[0.11111113, 0.0, 0.0]
[20:42:50.553] Vector3f[0.11111113, 0.0, 0.0]
[20:42:50.571] Vector3f[0.11111113, 0.0, 0.0]
[20:42:50.587] Vector3f[0.11111113, 0.0, 0.0]
[20:42:50.603] Vector3f[0.11111113, 0.0, 0.0]
[20:42:50.620] Vector3f[0.11111113, 0.0, 0.0]
[20:42:50.637] Vector3f[0.11111113, 0.0, 0.0]
[20:42:50.655] Vector3f[0.11111113, 0.0, 0.0]
[20:42:50.672] Vector3f[0.11111113, 0.0, 0.0]
[20:42:50.689] Vector3f[0.11111113, 0.0, 0.0]
[20:42:50.706] Vector3f[0.11111113, 0.0, 0.0]
[20:42:50.723] Vector3f[0.11111113, 0.0, 0.0]
[20:42:50.740] Vector3f[0.11111113, 0.0, 0.0]
[20:42:50.756] Vector3f[0.11111113, 0.0, 0.0]
[20:42:50.773] Vector3f[0.11111113, 0.0, 0.0]
[20:42:50.791] Vector3f[0.11111113, 0.0, 0.0]
[20:42:50.808] Vector3f[0.11111113, 0.0, 0.0]
[20:42:50.825] Vector3f[0.11111113, 0.0, 0.0]
[20:42:50.841] Vector3f[0.11111113, 0.0, 0.0]
[20:42:50.860] Vector3f[0.11111113, 0.0, 0.0]
[20:42:50.875] Vector3f[0.11111113, 0.0, 0.0]
[20:42:50.893] Vector3f[0.11111113, 0.0, 0.0]
[20:42:50.910] Vector3f[0.11111113, 0.0, 0.0]
[20:42:50.926] Vector3f[0.11111113, 0.0, 0.0]
[20:42:50.945] Vector3f[0.11111113, 0.0, 0.0]
[20:42:50.961] Vector3f[0.11111113, 0.0, 0.0]
[20:42:50.978] Vector3f[0.11111113, 0.0, 0.0]
[20:42:50.995] Vector3f[0.11111113, 0.0, 0.0]
[20:42:51.011] Vector3f[0.11111113, 0.0, 0.0]
[20:42:51.029] Vector3f[0.11111113, 0.0, 0.0]
[20:42:51.047] Vector3f[0.11111113, 0.0, 0.0]
[20:42:51.063] Vector3f[0.11111113, 0.0, 0.0]
[20:42:51.079] Vector3f[0.11111113, 0.0, 0.0]
[20:42:51.096] Vector3f[0.11111113, 0.0, 0.0]
[20:42:51.114] Vector3f[0.11111113, 0.0, 0.0]
[20:42:51.131] Vector3f[0.11111113, 0.0, 0.0]
[20:42:51.147] Vector3f[0.11111113, 0.0, 0.0]
[20:42:51.165] Vector3f[0.11111113, 0.0, 0.0]
[20:42:51.182] Vector3f[0.11111113, 0.0, 0.0]
[20:42:51.198] Vector3f[0.11111113, 0.0, 0.0]
[20:42:51.215] Vector3f[0.11111113, 0.0, 0.0]
[20:42:51.233] Vector3f[0.11111113, 0.0, 0.0]
[20:42:51.250] Vector3f[0.11111113, 0.0, 0.0]
[20:42:51.268] Vector3f[0.11111113, 0.0, 0.0]
[20:42:51.285] Vector3f[0.11111113, 0.0, 0.0]
[20:42:51.301] Vector3f[0.11111113, 0.0, 0.0]
[20:42:51.319] Vector3f[0.11111113, 0.0, 0.0]
[20:42:51.335] Vector3f[0.11111113, 0.0, 0.0]
[20:42:51.352] Vector3f[0.11111113, 0.0, 0.0]
[20:42:51.369] Vector3f[0.11111113, 0.0, 0.0]
[20:42:51.385] Vector3f[0.11111113, 0.0, 0.0]
[20:42:51.404] Vector3f[0.11111113, 0.0, 0.0]
[20:42:51.421] Vector3f[0.11111113, 0.0, 0.0]
[20:42:51.436] Vector3f[0.11111113, 0.0, 0.0]
[20:42:51.454] Vector3f[0.11111113, 0.0, 0.0]
[20:42:51.472] Vector3f[0.11111113, 0.0, 0.0]
[20:42:51.488] Vector3f[0.11111113, 0.0, 0.0]
[20:42:51.506] Vector3f[0.11111113, 0.0, 0.0]
[20:42:51.522] Vector3f[0.11111113, 0.0, 0.0]
[20:42:51.538] Vector3f[0.11111113, 0.0, 0.0]
[20:42:51.555] Vector3f[0.11111113, 0.0, 0.0]
[20:42:51.573] Vector3f[0.11111113, 0.0, 0.0]
[20:42:51.590] Vector3f[0.11111113, 0.0, 0.0]
[20:42:51.607] Vector3f[0.11111113, 0.0, 0.0]
[20:42:51.624] Vector3f[0.11111113, 0.0, 0.0]
[20:42:51.641] Vector3f[0.11111113, 0.0, 0.0]
[20:42:51.658] Vector3f[0.11111113, 0.0, 0.0]
[20:42:51.674] Vector3f[0.11111113, 0.0, 0.0]
[20:42:51.692] Vector3f[0.11111113, 0.0, 0.0]
[20:42:51.709] Vector3f[0.11111113, 0.0, 0.0]
[20:42:51.725] Vector3f[0.11111113, 0.0, 0.0]
[20:42:51.743] Vector3f[0.11111113, 0.0, 0.0]
[20:42:51.761] Vector3f[0.11111113, 0.0, 0.0]
[20:42:51.777] Vector3f[0.11111113, 0.0, 0.0]
[20:42:51.794] Vector3f[0.11111113, 0.0, 0.0]
[20:42:51.811] Vector3f[0.11111113, 0.0, 0.0]
[20:42:51.828] Vector3f[0.11111113, 0.0, 0.0]
[20:42:51.845] Vector3f[0.11111113, 0.0, 0.0]
[20:42:51.862] Vector3f[0.11111113, 0.0, 0.0]
[20:42:51.878] Vector3f[0.11111113, 0.0, 0.0]
[20:42:51.896] Vector3f[0.11111113, 0.0, 0.0]
[20:42:51.912] Vector3f[0.11111113, 0.0, 0.0]
[20:42:51.930] Vector3f[0.11111113, 0.0, 0.0]
[20:42:51.946] Vector3f[0.11111113, 0.0, 0.0]
[20:42:51.963] Vector3f[0.11111113, 0.0, 0.0]
[20:42:51.981] Vector3f[0.11111113, 0.0, 0.0]
[20:42:51.998] Vector3f[0.11111113, 0.0, 0.0]
[20:42:52.015] Vector3f[0.11111113, 0.0, 0.0]
[20:42:52.031] Vector3f[0.11111113, 0.0, 0.0]
[20:42:52.050] Vector3f[0.11111113, 0.0, 0.0]
[20:42:52.066] Vector3f[0.11111113, 0.0, 0.0]
[20:42:52.082] Vector3f[0.11111113, 0.0, 0.0]
[20:42:52.099] Vector3f[0.11111113, 0.0, 0.0]
[20:42:52.116] Vector3f[0.11111113, 0.0, 0.0]
[20:42:52.134] Vector3f[0.11111113, 0.0, 0.0]
[20:42:52.151] Vector3f[0.11111113, 0.0, 0.0]
[20:42:52.169] Vector3f[0.11111113, 0.0, 0.0]
[20:42:52.185] Vector3f[0.11111113, 0.0, 0.0]
[20:42:52.201] Vector3f[0.11111113, 0.0, 0.0]
[20:42:52.219] Vector3f[0.11111113, 0.0, 0.0]
[20:42:52.236] Vector3f[0.11111113, 0.0, 0.0]
[20:42:52.254] Vector3f[0.11111113, 0.0, 0.0]
[20:42:52.270] Vector3f[0.11111113, 0.0, 0.0]
[20:42:52.288] Vector3f[0.11111113, 0.0, 0.0]
[20:42:52.305] Vector3f[0.11111113, 0.0, 0.0]
[20:42:52.320] Vector3f[0.011111113, 0.0, 0.0]
[20:42:52.338] Vector3f[0.0011111114, 0.0, 0.0]
[20:42:52.355] Vector3f[1.11111134E-4, 0.0, 0.0]
[20:42:52.372] Vector3f[1.1111114E-5, 0.0, 0.0]
[20:42:52.389] Vector3f[1.1111115E-6, 0.0, 0.0]
[20:42:52.407] Vector3f[1.11111156E-7, 0.0, 0.0]
[20:42:52.423] Vector3f[1.11111165E-8, 0.0, 0.0]
[20:42:52.440] Vector3f[1.1111118E-9, 0.0, 0.0]
[20:42:52.456] Vector3f[1.1111118E-10, 0.0, 0.0]
[20:42:52.473] Vector3f[1.1111119E-11, 0.0, 0.0]
[20:42:52.490] Vector3f[1.111112E-12, 0.0, 0.0]
[20:42:52.508] Vector3f[1.111112E-13, 0.0, 0.0]
[20:42:52.525] Vector3f[1.111112E-14, 0.0, 0.0]
[20:42:52.543] Vector3f[1.111112E-15, 0.0, 0.0]
[20:42:52.559] Vector3f[1.111112E-16, 0.0, 0.0]
[20:42:52.575] Vector3f[1.111112E-17, 0.0, 0.0]
[20:42:52.592] Vector3f[1.111112E-18, 0.0, 0.0]
[20:42:52.610] Vector3f[1.111112E-19, 0.0, 0.0]
[20:42:52.627] Vector3f[1.1111121E-20, 0.0, 0.0]
[20:42:52.644] Vector3f[1.1111122E-21, 0.0, 0.0]
[20:42:52.661] Vector3f[1.1111122E-22, 0.0, 0.0]
[20:42:52.678] Vector3f[1.1111123E-23, 0.0, 0.0]
[20:42:52.695] Vector3f[1.1111124E-24, 0.0, 0.0]
[20:42:52.713] Vector3f[1.1111124E-25, 0.0, 0.0]
[20:42:52.728] Vector3f[1.1111124E-26, 0.0, 0.0]
[20:42:52.747] Vector3f[1.1111125E-27, 0.0, 0.0]
[20:42:52.764] Vector3f[1.1111126E-28, 0.0, 0.0]
[20:42:52.780] Vector3f[1.1111126E-29, 0.0, 0.0]
[20:42:52.798] Vector3f[1.1111127E-30, 0.0, 0.0]
[20:42:52.813] Vector3f[1.1111128E-31, 0.0, 0.0]
[20:42:52.830] Vector3f[1.1111128E-32, 0.0, 0.0]
[20:42:52.848] Vector3f[1.1111129E-33, 0.0, 0.0]
[20:42:52.864] Vector3f[1.111113E-34, 0.0, 0.0]
[20:42:52.883] Vector3f[1.111113E-35, 0.0, 0.0]
[20:42:52.898] Vector3f[1.1111131E-36, 0.0, 0.0]
[20:42:52.916] Vector3f[1.1111133E-37, 0.0, 0.0]
[20:42:52.934] Vector3f[1.1111176E-38, 0.0, 0.0]
[20:42:52.950] Vector3f[1.11109E-39, 0.0, 0.0]
[20:42:52.967] Vector3f[1.11123E-40, 0.0, 0.0]
[20:42:52.985] Vector3f[1.107E-41, 0.0, 0.0]
[20:42:53.001] Vector3f[1.121E-42, 0.0, 0.0]
[20:42:53.018] Vector3f[1.4E-43, 0.0, 0.0]
[20:42:53.035] Vector3f[0.0, 0.0, 0.0]
[20:42:53.051] Vector3f[0.0, 0.0, 0.0]
[20:42:53.068] Vector3f[0.0, 0.0, 0.0]
[20:42:53.085] Vector3f[0.0, 0.0, 0.0]
[20:42:53.103] Vector3f[0.0, 0.0, 0.0]
[20:42:53.119] Vector3f[0.0, 0.0, 0.0]
[20:42:53.136] Vector3f[0.0, 0.0, 0.0]
[20:42:53.154] Vector3f[0.0, 0.0, 0.0]
[20:42:53.171] Vector3f[0.0, 0.0, 0.0]
[20:42:53.187] Vector3f[0.0, 0.0, 0.0]
[20:42:53.204] Vector3f[0.0, 0.0, 0.0]
[20:42:53.221] Vector3f[0.0, 0.0, 0.0]
[20:42:53.239] Vector3f[0.0, 0.0, 0.0]
[20:42:53.255] Vector3f[0.0, 0.0, 0.0]
[20:42:53.272] Vector3f[0.0, 0.0, 0.0]
[20:42:53.290] Vector3f[0.0, 0.0, 0.0]
[20:42:53.307] Vector3f[0.0, 0.0, 0.0]
[20:42:53.324] Vector3f[0.0, 0.0, 0.0]
[20:42:53.341] Vector3f[0.0, 0.0, 0.0]
[20:42:53.357] Vector3f[0.0, 0.0, 0.0]
[20:42:53.374] Vector3f[0.0, 0.0, 0.0]
[20:42:53.391] Vector3f[0.0, 0.0, 0.0]
[20:42:53.408] Vector3f[0.0, 0.0, 0.0]
[20:42:53.426] Vector3f[0.0, 0.0, 0.0]
[20:42:53.444] Vector3f[0.0, 0.0, 0.0]
[20:42:53.460] Vector3f[0.0, 0.0, 0.0]
[20:42:53.477] Vector3f[0.0, 0.0, 0.0]
[20:42:53.494] Vector3f[0.0, 0.0, 0.0]
[20:42:53.510] Vector3f[0.0, 0.0, 0.0]
[20:42:53.527] Vector3f[0.0, 0.0, 0.0]
[20:42:53.544] Vector3f[0.0, 0.0, 0.0]
[20:42:53.562] Vector3f[0.0, 0.0, 0.0]
[20:42:53.578] Vector3f[0.0, 0.0, 0.0]
[20:42:53.596] Vector3f[0.0, 0.0, 0.0]
[20:42:53.614] Vector3f[0.0, 0.0, 0.0]
[20:42:53.630] Vector3f[0.0, 0.0, 0.0]
[20:42:53.648] Vector3f[0.0, 0.0, 0.0]
[20:42:53.665] Vector3f[0.0, 0.0, 0.0]
[20:42:53.681] Vector3f[0.0, 0.0, 0.0]
[20:42:53.698] Vector3f[0.0, 0.0, 0.0]
[20:42:53.715] Vector3f[0.0, 0.0, 0.0]
[20:42:53.732] Vector3f[0.0, 0.0, 0.0]
[20:42:53.750] Vector3f[0.0, 0.0, 0.0]
[20:42:53.766] Vector3f[0.0, 0.0, 0.0]
[20:42:53.783] Vector3f[0.0, 0.0, 0.0]
[20:42:53.800] Vector3f[0.0, 0.0, 0.0]
[20:42:53.817] Vector3f[0.0, 0.0, 0.0]
[20:42:53.834] Vector3f[0.0, 0.0, 0.0]
[20:42:53.851] Vector3f[0.0, 0.0, 0.0]
[20:42:53.868] Vector3f[0.0, 0.0, 0.0]
[20:42:53.886] Vector3f[0.0, 0.0, 0.0]
[20:42:53.901] Vector3f[0.0, 0.0, 0.0]
[20:42:53.918] Vector3f[0.0, 0.0, 0.0]
[20:42:53.935] Vector3f[0.0, 0.0, 0.0]
[20:42:53.952] Vector3f[0.0, 0.0, 0.0]
[20:42:53.970] Vector3f[0.0, 0.0, 0.0]
[20:42:53.986] Vector3f[0.0, 0.0, 0.0]
[20:42:54.004] Vector3f[0.0, 0.0, 0.0]
[20:42:54.021] Vector3f[0.0, 0.0, 0.0]
[20:42:54.038] Vector3f[0.0, 0.0, 0.0]
[20:42:54.055] Vector3f[0.0, 0.0, 0.0]
[20:42:54.073] Vector3f[0.0, 0.0, 0.0]
[20:42:54.090] Vector3f[0.0, 0.0, 0.0]
[20:42:54.106] Vector3f[0.0, 0.0, 0.0]
[20:42:54.124] Vector3f[0.0, 0.0, 0.0]
[20:42:54.140] Vector3f[0.0, 0.0, 0.0]
[20:42:54.157] Vector3f[0.0, 0.0, 0.0]
[20:42:54.174] Vector3f[0.0, 0.0, 0.0]
[20:42:54.191] Vector3f[0.0, 0.0, 0.0]
[20:42:54.208] Vector3f[0.0, 0.0, 0.0]
[20:42:54.225] Vector3f[0.0, 0.0, 0.0]
[20:42:54.244] Vector3f[0.0, 0.0, 0.0]
[20:42:54.260] Vector3f[0.0, 0.0, 0.0]
[20:42:54.275] Vector3f[0.0, 0.0, 0.0]
[20:42:54.292] Vector3f[0.0, 0.0, 0.0]
[20:42:54.310] Vector3f[0.0, 0.0, 0.0]
[20:42:54.326] Vector3f[0.0, 0.0, 0.0]
[20:42:54.343] Vector3f[0.0, 0.0, 0.0]
