[21:13:24.721] Created Window
[21:13:24.834] Setup Shaders
[21:13:25.215] Setup Player
[21:13:25.230] Setup Scene Graph
[21:13:25.236] Vector3f[0.0, 0.0, 0.0]
[21:13:25.236] Vector3f[0.0, 0.0, 0.0]
[21:13:25.239] Entering Render Loop
[21:13:25.253] Vector3f[0.0, 0.0, 0.0]
[21:13:25.270] Vector3f[0.0, 0.0, 0.0]
[21:13:25.287] Vector3f[0.0, 0.0, 0.0]
[21:13:25.304] Vector3f[0.0, 0.0, 0.0]
[21:13:25.321] Vector3f[0.0, 0.0, 0.0]
[21:13:25.338] Vector3f[0.0, 0.0, 0.0]
[21:13:25.355] Vector3f[0.0, 0.0, 0.0]
[21:13:25.372] Vector3f[0.0, 0.0, 0.0]
[21:13:25.390] Vector3f[0.0, 0.0, 0.0]
[21:13:25.406] Vector3f[0.0, 0.0, 0.0]
[21:13:25.435] Vector3f[0.0, 0.0, 0.0]
[21:13:25.440] Vector3f[0.0, 0.0, 0.0]
[21:13:25.457] Vector3f[0.0, 0.0, 0.0]
[21:13:25.477] Vector3f[0.0, 0.0, 0.0]
[21:13:25.491] Vector3f[0.0, 0.0, 0.0]
[21:13:25.508] Vector3f[0.0, 0.0, 0.0]
[21:13:25.525] Vector3f[0.0, 0.0, 0.0]
[21:13:25.542] Vector3f[0.0, 0.0, 0.0]
[21:13:25.559] Vector3f[0.0, 0.0, 0.0]
[21:13:25.576] Vector3f[0.0, 0.0, 0.0]
[21:13:25.594] Vector3f[0.0, 0.0, 0.0]
[21:13:25.611] Vector3f[0.0, 0.0, 0.0]
[21:13:25.627] Vector3f[0.0, 0.0, 0.0]
[21:13:25.646] Vector3f[0.0, 0.0, 0.0]
[21:13:25.661] Vector3f[0.0, 0.0, 0.0]
[21:13:25.678] Vector3f[0.0, 0.0, 0.0]
[21:13:25.695] Vector3f[0.0, 0.0, 0.0]
[21:13:25.712] Vector3f[0.0, 0.0, 0.0]
[21:13:25.729] Vector3f[0.0, 0.0, 0.0]
[21:13:25.746] Vector3f[0.0, 0.0, 0.0]
[21:13:25.763] Vector3f[0.0, 0.0, 0.0]
[21:13:25.781] Vector3f[0.0, 0.0, 0.0]
[21:13:25.797] Vector3f[0.0, 0.0, 0.0]
[21:13:25.814] Vector3f[0.0, 0.0, 0.0]
[21:13:25.831] Vector3f[0.0, 0.0, 0.0]
[21:13:25.849] Vector3f[0.0, 0.0, 0.0]
[21:13:25.866] Vector3f[0.0, 0.0, 0.0]
[21:13:25.883] Vector3f[0.0, 0.0, 0.0]
[21:13:25.900] Vector3f[0.0, 0.0, 0.0]
[21:13:25.917] Vector3f[0.0, 0.0, 0.0]
[21:13:25.934] Vector3f[0.0, 0.0, 0.0]
[21:13:25.950] Vector3f[0.0, 0.0, 0.0]
[21:13:25.969] Vector3f[0.0, 0.0, 0.0]
[21:13:25.985] Vector3f[0.0, 0.0, 0.0]
[21:13:26.001] Vector3f[0.0, 0.0, 0.0]
[21:13:26.019] Vector3f[0.0, 0.0, 0.0]
[21:13:26.035] Vector3f[0.0, 0.0, 0.0]
