[21:13:06.591] Created Window
[21:13:06.618] Setup Shaders
[21:13:07.119] Setup Player
[21:13:07.151] Setup Scene Graph
[21:13:07.157] Vector3f[0.0, 0.0, 0.0]
[21:13:07.157] Vector3f[0.0, 0.0, 0.0]
[21:13:07.157] Entering Render Loop
[21:13:07.174] Vector3f[0.0, 0.0, 0.0]
[21:13:07.174] Vector3f[67.5, -5.0, 0.0]
[21:13:07.191] Vector3f[0.0, 0.0, 0.0]
[21:13:07.191] Vector3f[135.0, -10.0, 0.0]
[21:13:07.208] Vector3f[0.0, 0.0, 0.0]
[21:13:07.208] Vector3f[202.5, -15.0, 0.0]
[21:13:07.225] Vector3f[0.0, 0.0, 0.0]
[21:13:07.225] Vector3f[270.0, -20.0, 0.0]
[21:13:07.242] Vector3f[0.0, 0.0, 0.0]
[21:13:07.242] Vector3f[337.5, -25.0, 0.0]
[21:13:07.259] Vector3f[0.0, 0.0, 0.0]
[21:13:07.273] Vector3f[405.0, -30.0, 0.0]
[21:13:07.276] Vector3f[0.0, 0.0, 0.0]
[21:13:07.276] Vector3f[472.5, -35.0, 0.0]
[21:13:07.301] Vector3f[0.0, 0.0, 0.0]
[21:13:07.301] Vector3f[540.0, -40.0, 0.0]
[21:13:07.310] Vector3f[0.0, 0.0, 0.0]
[21:13:07.310] Vector3f[607.5, -45.0, 0.0]
[21:13:07.327] Vector3f[0.0, 0.0, 0.0]
[21:13:07.327] Vector3f[675.0, -50.0, 0.0]
[21:13:07.344] Vector3f[0.0, 0.0, 0.0]
[21:13:07.344] Vector3f[742.5, -55.0, 0.0]
[21:13:07.361] Vector3f[0.0, 0.0, 0.0]
[21:13:07.361] Vector3f[810.0, -60.0, 0.0]
[21:13:07.378] Vector3f[0.0, 0.0, 0.0]
[21:13:07.379] Vector3f[877.5, -65.0, 0.0]
[21:13:07.395] Vector3f[0.0, 0.0, 0.0]
[21:13:07.395] Vector3f[945.0, -70.0, 0.0]
[21:13:07.412] Vector3f[0.0, 0.0, 0.0]
[21:13:07.412] Vector3f[1012.5, -75.0, 0.0]
[21:13:07.428] Vector3f[0.0, 0.0, 0.0]
[21:13:07.428] Vector3f[1080.0, -80.0, 0.0]
[21:13:07.447] Vector3f[0.0, 0.0, 0.0]
[21:13:07.447] Vector3f[1147.5, -85.0, 0.0]
[21:13:07.464] Vector3f[0.0, 0.0, 0.0]
[21:13:07.464] Vector3f[1215.0, -90.0, 0.0]
[21:13:07.480] Vector3f[0.0, 0.0, 0.0]
[21:13:07.480] Vector3f[1282.5, -95.0, 0.0]
[21:13:07.497] Vector3f[0.0, 0.0, 0.0]
[21:13:07.498] Vector3f[1350.0, -100.0, 0.0]
[21:13:07.514] Vector3f[0.0, 0.0, 0.0]
[21:13:07.514] Vector3f[1417.5, -105.0, 0.0]
[21:13:07.531] Vector3f[0.0, 0.0, 0.0]
[21:13:07.531] Vector3f[1485.0, -110.0, 0.0]
[21:13:07.548] Vector3f[0.0, 0.0, 0.0]
[21:13:07.548] Vector3f[1552.5, -115.0, 0.0]
[21:13:07.565] Vector3f[0.0, 0.0, 0.0]
[21:13:07.565] Vector3f[1620.0, -120.0, 0.0]
[21:13:07.582] Vector3f[0.0, 0.0, 0.0]
[21:13:07.582] Vector3f[1687.5, -125.0, 0.0]
[21:13:07.599] Vector3f[0.0, 0.0, 0.0]
[21:13:07.599] Vector3f[1755.0, -130.0, 0.0]
[21:13:07.616] Vector3f[0.0, 0.0, 0.0]
[21:13:07.616] Vector3f[1822.5, -135.0, 0.0]
[21:13:07.633] Vector3f[0.0, 0.0, 0.0]
[21:13:07.633] Vector3f[1890.0, -140.0, 0.0]
[21:13:07.650] Vector3f[0.0, 0.0, 0.0]
[21:13:07.650] Vector3f[1957.5, -145.0, 0.0]
[21:13:07.668] Vector3f[0.0, 0.0, 0.0]
[21:13:07.668] Vector3f[2025.0, -150.0, 0.0]
[21:13:07.684] Vector3f[0.0, 0.0, 0.0]
[21:13:07.684] Vector3f[2092.5, -155.0, 0.0]
[21:13:07.701] Vector3f[0.0, 0.0, 0.0]
[21:13:07.701] Vector3f[2160.0, -160.0, 0.0]
[21:13:07.718] Vector3f[0.0, 0.0, 0.0]
[21:13:07.718] Vector3f[2227.5, -165.0, 0.0]
[21:13:07.735] Vector3f[0.0, 0.0, 0.0]
[21:13:07.735] Vector3f[2295.0, -170.0, 0.0]
[21:13:07.752] Vector3f[0.0, 0.0, 0.0]
[21:13:07.752] Vector3f[2362.5, -175.0, 0.0]
[21:13:07.769] Vector3f[0.0, 0.0, 0.0]
[21:13:07.769] Vector3f[2430.0, -180.0, 0.0]
[21:13:07.786] Vector3f[0.0, 0.0, 0.0]
[21:13:07.786] Vector3f[2497.5, -185.0, 0.0]
[21:13:07.803] Vector3f[0.0, 0.0, 0.0]
[21:13:07.803] Vector3f[2565.0, -190.0, 0.0]
[21:13:07.821] Vector3f[0.0, 0.0, 0.0]
[21:13:07.821] Vector3f[2632.5, -195.0, 0.0]
[21:13:07.837] Vector3f[0.0, 0.0, 0.0]
[21:13:07.837] Vector3f[2700.0, -200.0, 0.0]
[21:13:07.854] Vector3f[0.0, 0.0, 0.0]
[21:13:07.854] Vector3f[2767.5, -205.0, 0.0]
[21:13:07.873] Vector3f[0.0, 0.0, 0.0]
[21:13:07.873] Vector3f[2835.0, -210.0, 0.0]
[21:13:07.888] Vector3f[0.0, 0.0, 0.0]
[21:13:07.888] Vector3f[2902.5, -215.0, 0.0]
[21:13:07.905] Vector3f[0.0, 0.0, 0.0]
[21:13:07.905] Vector3f[2970.0, -220.0, 0.0]
[21:13:07.922] Vector3f[0.0, 0.0, 0.0]
[21:13:07.922] Vector3f[3037.5, -225.0, 0.0]
[21:13:07.939] Vector3f[0.0, 0.0, 0.0]
[21:13:07.939] Vector3f[3105.0, -230.0, 0.0]
[21:13:07.956] Vector3f[0.0, 0.0, 0.0]
[21:13:07.956] Vector3f[3172.5, -235.0, 0.0]
[21:13:07.973] Vector3f[0.0, 0.0, 0.0]
[21:13:07.973] Vector3f[3240.0, -240.0, 0.0]
[21:13:07.991] Vector3f[0.0, 0.0, 0.0]
[21:13:07.991] Vector3f[3307.5, -245.0, 0.0]
[21:13:08.007] Vector3f[0.0, 0.0, 0.0]
[21:13:08.007] Vector3f[3375.0, -250.0, 0.0]
[21:13:08.025] Vector3f[0.0, 0.0, 0.0]
[21:13:08.025] Vector3f[3442.5, -255.0, 0.0]
[21:13:08.042] Vector3f[0.0, 0.0, 0.0]
[21:13:08.042] Vector3f[3510.0, -260.0, 0.0]
[21:13:08.059] Vector3f[0.0, 0.0, 0.0]
[21:13:08.059] Vector3f[3577.5, -265.0, 0.0]
[21:13:08.075] Vector3f[0.0, 0.0, 0.0]
[21:13:08.075] Vector3f[3645.0, -270.0, 0.0]
[21:13:08.092] Vector3f[0.0, 0.0, 0.0]
[21:13:08.092] Vector3f[3712.5, -275.0, 0.0]
[21:13:08.109] Vector3f[0.0, 0.0, 0.0]
[21:13:08.109] Vector3f[3780.0, -280.0, 0.0]
[21:13:08.126] Vector3f[0.0, 0.0, 0.0]
[21:13:08.126] Vector3f[3847.5, -285.0, 0.0]
[21:13:08.144] Vector3f[0.0, 0.0, 0.0]
[21:13:08.144] Vector3f[3915.0, -290.0, 0.0]
[21:13:08.160] Vector3f[0.0, 0.0, 0.0]
[21:13:08.160] Vector3f[3982.5, -295.0, 0.0]
[21:13:08.177] Vector3f[0.0, 0.0, 0.0]
[21:13:08.177] Vector3f[4050.0, -300.0, 0.0]
[21:13:08.194] Vector3f[0.0, 0.0, 0.0]
[21:13:08.194] Vector3f[4117.5, -305.0, 0.0]
[21:13:08.211] Vector3f[0.0, 0.0, 0.0]
[21:13:08.211] Vector3f[4185.0, -310.0, 0.0]
[21:13:08.229] Vector3f[0.0, 0.0, 0.0]
[21:13:08.229] Vector3f[4252.5, -315.0, 0.0]
[21:13:08.246] Vector3f[0.0, 0.0, 0.0]
[21:13:08.246] Vector3f[4320.0, -320.0, 0.0]
[21:13:08.262] Vector3f[0.0, 0.0, 0.0]
[21:13:08.262] Vector3f[4387.5, -325.0, 0.0]
[21:13:08.279] Vector3f[0.0, 0.0, 0.0]
[21:13:08.279] Vector3f[4455.0, -330.0, 0.0]
[21:13:08.296] Vector3f[0.0, 0.0, 0.0]
[21:13:08.296] Vector3f[4522.5, -335.0, 0.0]
[21:13:08.313] Vector3f[0.0, 0.0, 0.0]
[21:13:08.313] Vector3f[4590.0, -340.0, 0.0]
[21:13:08.330] Vector3f[0.0, 0.0, 0.0]
[21:13:08.330] Vector3f[4657.5, -345.0, 0.0]
[21:13:08.348] Vector3f[0.0, 0.0, 0.0]
[21:13:08.348] Vector3f[4725.0, -350.0, 0.0]
[21:13:08.365] Vector3f[0.0, 0.0, 0.0]
[21:13:08.365] Vector3f[4792.5, -355.0, 0.0]
[21:13:08.382] Vector3f[0.0, 0.0, 0.0]
[21:13:08.382] Vector3f[4860.0, -360.0, 0.0]
[21:13:08.399] Vector3f[0.0, 0.0, 0.0]
[21:13:08.399] Vector3f[4927.5, -365.0, 0.0]
[21:13:08.415] Vector3f[0.0, 0.0, 0.0]
[21:13:08.415] Vector3f[4995.0, -370.0, 0.0]
[21:13:08.432] Vector3f[0.0, 0.0, 0.0]
[21:13:08.432] Vector3f[5062.5, -375.0, 0.0]
[21:13:08.449] Vector3f[0.0, 0.0, 0.0]
[21:13:08.449] Vector3f[5130.0, -380.0, 0.0]
[21:13:08.466] Vector3f[0.0, 0.0, 0.0]
[21:13:08.466] Vector3f[5197.5, -385.0, 0.0]
[21:13:08.483] Vector3f[0.0, 0.0, 0.0]
[21:13:08.483] Vector3f[5265.0, -390.0, 0.0]
[21:13:08.500] Vector3f[0.0, 0.0, 0.0]
[21:13:08.500] Vector3f[5332.5, -395.0, 0.0]
[21:13:08.518] Vector3f[0.0, 0.0, 0.0]
[21:13:08.518] Vector3f[5400.0, -400.0, 0.0]
[21:13:08.534] Vector3f[0.0, 0.0, 0.0]
[21:13:08.534] Vector3f[5467.5, -405.0, 0.0]
[21:13:08.551] Vector3f[0.0, 0.0, 0.0]
[21:13:08.552] Vector3f[5535.0, -410.0, 0.0]
[21:13:08.569] Vector3f[0.0, 0.0, 0.0]
[21:13:08.569] Vector3f[5602.5, -415.0, 0.0]
