[21:37:30.357] Created Window
[21:37:30.382] Setup Shaders
[21:37:30.765] Setup Player
[21:37:30.834] Setup Scene Graph
[21:37:30.851] Entering Render Loop
Exception in thread "main" java.lang.NullPointerException
	at me.simpleplatformer.OpenGL.Model.render(Model.java:56)
	at me.simpleplatformer.Platform.render(Platform.java:29)
	at me.simpleplatformer.Node.lambda$renderSubNodes$0(Node.java:27)
	at me.simpleplatformer.Node$$Lambda$7/610984013.accept(Unknown Source)
	at java.util.ArrayList.forEach(ArrayList.java:1249)
	at me.simpleplatformer.Node.renderSubNodes(Node.java:25)
	at me.simpleplatformer.RootNode.renderSubNodes(RootNode.java:44)
	at me.simpleplatformer.Main.<init>(Main.java:158)
	at me.simpleplatformer.Main.main(Main.java:36)
	at sun.reflect.NativeMethodAccessorImpl.invoke0(Native Method)
	at sun.reflect.NativeMethodAccessorImpl.invoke(NativeMethodAccessorImpl.java:62)
	at sun.reflect.DelegatingMethodAccessorImpl.invoke(DelegatingMethodAccessorImpl.java:43)
	at java.lang.reflect.Method.invoke(Method.java:497)
	at com.intellij.rt.execution.application.AppMain.main(AppMain.java:134)
